[ 2017-11-08T09:07:01+08:00 ] 127.0.0.1 /ecservice/getProductDetail
INFO: [ app_init ] --START--
INFO: Run Behavior\BuildLiteBehavior [ RunTime:0.000000s ]
INFO: [ app_init ] --END-- [ RunTime:0.000000s ]
INFO: [ app_begin ] --START--
INFO: Run Behavior\ReadHtmlCacheBehavior [ RunTime:0.000000s ]
INFO: [ app_begin ] --END-- [ RunTime:0.000000s ]
NOTIC: [8] Undefined variable: appkey D:\phpStudy\WWW\ecservice\Application\GetProductDetail\Controller\IndexController.class.php 第 33 行.
SQL: SHOW COLUMNS FROM `ecs_goods` [ RunTime:0.0060s ]
NOTIC: [8] Use of undefined constant eq - assumed 'eq' D:\phpStudy\WWW\ecservice\Application\GetProductDetail\Controller\IndexController.class.php 第 45 行.
NOTIC: [8] Undefined variable: Category D:\phpStudy\WWW\ecservice\Application\GetProductDetail\Controller\IndexController.class.php 第 46 行.

[ 2017-11-08T09:08:55+08:00 ] 127.0.0.1 /ecservice/getProductDetail
INFO: [ app_init ] --START--
INFO: Run Behavior\BuildLiteBehavior [ RunTime:0.000000s ]
INFO: [ app_init ] --END-- [ RunTime:0.001000s ]
INFO: [ app_begin ] --START--
INFO: Run Behavior\ReadHtmlCacheBehavior [ RunTime:0.001000s ]
INFO: [ app_begin ] --END-- [ RunTime:0.001000s ]
NOTIC: [8] Undefined variable: appkey D:\phpStudy\WWW\ecservice\Application\GetProductDetail\Controller\IndexController.class.php 第 33 行.
SQL: SHOW COLUMNS FROM `ecs_goods` [ RunTime:0.0050s ]
NOTIC: [8] Use of undefined constant eq - assumed 'eq' D:\phpStudy\WWW\ecservice\Application\GetProductDetail\Controller\IndexController.class.php 第 45 行.
NOTIC: [8] Undefined variable: Category D:\phpStudy\WWW\ecservice\Application\GetProductDetail\Controller\IndexController.class.php 第 46 行.

[ 2017-11-08T09:09:24+08:00 ] 127.0.0.1 /ecservice/getProductDetail
INFO: [ app_init ] --START--
INFO: Run Behavior\BuildLiteBehavior [ RunTime:0.000000s ]
INFO: [ app_init ] --END-- [ RunTime:0.000000s ]
INFO: [ app_begin ] --START--
INFO: Run Behavior\ReadHtmlCacheBehavior [ RunTime:0.000000s ]
INFO: [ app_begin ] --END-- [ RunTime:0.000000s ]
NOTIC: [8] Undefined variable: appkey D:\phpStudy\WWW\ecservice\Application\GetProductDetail\Controller\IndexController.class.php 第 33 行.
SQL: SHOW COLUMNS FROM `ecs_goods` [ RunTime:0.0060s ]
NOTIC: [8] Use of undefined constant eq - assumed 'eq' D:\phpStudy\WWW\ecservice\Application\GetProductDetail\Controller\IndexController.class.php 第 45 行.
SQL: SELECT * FROM `ecs_goods` WHERE `goods_id` = '6'  [ RunTime:0.0000s ]
INFO: [ app_end ] --START--
INFO: Run Behavior\ShowPageTraceBehavior [ RunTime:0.001000s ]
INFO: [ app_end ] --END-- [ RunTime:0.001000s ]

[ 2017-11-08T09:55:11+08:00 ] 127.0.0.1 /ecservice/getProductDetail
INFO: [ app_init ] --START--
INFO: Run Behavior\BuildLiteBehavior [ RunTime:0.000000s ]
INFO: [ app_init ] --END-- [ RunTime:0.000000s ]
INFO: [ app_begin ] --START--
INFO: Run Behavior\ReadHtmlCacheBehavior [ RunTime:0.000000s ]
INFO: [ app_begin ] --END-- [ RunTime:0.000000s ]
NOTIC: [8] Undefined variable: appkey D:\phpStudy\WWW\ecservice\Application\GetProductDetail\Controller\IndexController.class.php 第 33 行.
SQL: SHOW COLUMNS FROM `ecs_goods` [ RunTime:0.0060s ]
NOTIC: [8] Use of undefined constant eq - assumed 'eq' D:\phpStudy\WWW\ecservice\Application\GetProductDetail\Controller\IndexController.class.php 第 45 行.
SQL: SELECT * FROM `ecs_goods` WHERE `goods_id` = '6'  [ RunTime:0.0010s ]
SQL: SELECT * FROM `ecs_goods` INNER JOIN ecs_category on ecs_goods.cat_id = ecs_category.cat_id  WHERE `goods_id` = '6'  [ RunTime:0.0010s ]
INFO: [ app_end ] --START--
INFO: Run Behavior\ShowPageTraceBehavior [ RunTime:0.001000s ]
INFO: [ app_end ] --END-- [ RunTime:0.001000s ]

[ 2017-11-08T09:55:12+08:00 ] 127.0.0.1 /ecservice/getProductDetail
INFO: [ app_init ] --START--
INFO: Run Behavior\BuildLiteBehavior [ RunTime:0.000000s ]
INFO: [ app_init ] --END-- [ RunTime:0.000000s ]
INFO: [ app_begin ] --START--
INFO: Run Behavior\ReadHtmlCacheBehavior [ RunTime:0.000000s ]
INFO: [ app_begin ] --END-- [ RunTime:0.000000s ]
NOTIC: [8] Undefined variable: appkey D:\phpStudy\WWW\ecservice\Application\GetProductDetail\Controller\IndexController.class.php 第 33 行.
SQL: SHOW COLUMNS FROM `ecs_goods` [ RunTime:0.0070s ]
NOTIC: [8] Use of undefined constant eq - assumed 'eq' D:\phpStudy\WWW\ecservice\Application\GetProductDetail\Controller\IndexController.class.php 第 45 行.
SQL: SELECT * FROM `ecs_goods` WHERE `goods_id` = '6'  [ RunTime:0.0010s ]
SQL: SELECT * FROM `ecs_goods` INNER JOIN ecs_category on ecs_goods.cat_id = ecs_category.cat_id  WHERE `goods_id` = '6'  [ RunTime:0.0000s ]
INFO: [ app_end ] --START--
INFO: Run Behavior\ShowPageTraceBehavior [ RunTime:0.000000s ]
INFO: [ app_end ] --END-- [ RunTime:0.000000s ]

[ 2017-11-08T09:59:24+08:00 ] 127.0.0.1 /ecservice/getProductDetail
INFO: [ app_init ] --START--
INFO: Run Behavior\BuildLiteBehavior [ RunTime:0.000000s ]
INFO: [ app_init ] --END-- [ RunTime:0.001000s ]
INFO: [ app_begin ] --START--
INFO: Run Behavior\ReadHtmlCacheBehavior [ RunTime:0.001000s ]
INFO: [ app_begin ] --END-- [ RunTime:0.001000s ]
NOTIC: [8] Undefined variable: appkey D:\phpStudy\WWW\ecservice\Application\GetProductDetail\Controller\IndexController.class.php 第 33 行.
SQL: SHOW COLUMNS FROM `ecs_goods` [ RunTime:0.0060s ]
NOTIC: [8] Use of undefined constant eq - assumed 'eq' D:\phpStudy\WWW\ecservice\Application\GetProductDetail\Controller\IndexController.class.php 第 45 行.
SQL: SELECT * FROM `ecs_goods` WHERE `goods_id` = '6'  [ RunTime:0.0010s ]
SQL: SHOW COLUMNS FROM `ecs_category` [ RunTime:0.0050s ]
SQL: SELECT `categoryId` FROM `ecs_category` INNER JOIN ecs_goods on ecs_category.cat_id = ecs_goods.cat_id  WHERE `goods_id` = '6'  [ RunTime:0.0000s ]
INFO: [ app_end ] --START--
INFO: Run Behavior\ShowPageTraceBehavior [ RunTime:0.001000s ]
INFO: [ app_end ] --END-- [ RunTime:0.002000s ]

[ 2017-11-08T10:10:56+08:00 ] 127.0.0.1 /ecservice/getProductDetail
INFO: [ app_init ] --START--
INFO: Run Behavior\BuildLiteBehavior [ RunTime:0.000000s ]
INFO: [ app_init ] --END-- [ RunTime:0.001000s ]
INFO: [ app_begin ] --START--
INFO: Run Behavior\ReadHtmlCacheBehavior [ RunTime:0.001000s ]
INFO: [ app_begin ] --END-- [ RunTime:0.001000s ]
NOTIC: [8] Undefined variable: appkey D:\phpStudy\WWW\ecservice\Application\GetProductDetail\Controller\IndexController.class.php 第 33 行.
SQL: SHOW COLUMNS FROM `ecs_goods` [ RunTime:0.0070s ]
NOTIC: [8] Use of undefined constant eq - assumed 'eq' D:\phpStudy\WWW\ecservice\Application\GetProductDetail\Controller\IndexController.class.php 第 45 行.
SQL: SELECT * FROM `ecs_goods` WHERE `goods_id` = '6'  [ RunTime:0.0010s ]
SQL: SHOW COLUMNS FROM `ecs_category` [ RunTime:0.0060s ]
SQL: SELECT `categoryId` FROM `ecs_category` INNER JOIN ecs_goods on ecs_category.cat_id = ecs_goods.cat_id  WHERE `goods_id` = '6'  [ RunTime:0.0010s ]
SQL: SHOW COLUMNS FROM `ecs_brand` [ RunTime:0.0070s ]
SQL: SELECT `brand_name` FROM `ecs_brand`  [ RunTime:0.0180s ]
INFO: [ app_end ] --START--
INFO: Run Behavior\ShowPageTraceBehavior [ RunTime:0.001000s ]
INFO: [ app_end ] --END-- [ RunTime:0.001000s ]

[ 2017-11-08T10:13:38+08:00 ] 127.0.0.1 /ecservice/getProductDetail
INFO: [ app_init ] --START--
INFO: Run Behavior\BuildLiteBehavior [ RunTime:0.001000s ]
INFO: [ app_init ] --END-- [ RunTime:0.001000s ]
INFO: [ app_begin ] --START--
INFO: Run Behavior\ReadHtmlCacheBehavior [ RunTime:0.001000s ]
INFO: [ app_begin ] --END-- [ RunTime:0.001000s ]
NOTIC: [8] Undefined variable: appkey D:\phpStudy\WWW\ecservice\Application\GetProductDetail\Controller\IndexController.class.php 第 33 行.
SQL: SHOW COLUMNS FROM `ecs_goods` [ RunTime:0.0060s ]
NOTIC: [8] Use of undefined constant eq - assumed 'eq' D:\phpStudy\WWW\ecservice\Application\GetProductDetail\Controller\IndexController.class.php 第 45 行.
SQL: SELECT * FROM `ecs_goods` WHERE `goods_id` = '6'  [ RunTime:0.0010s ]
SQL: SHOW COLUMNS FROM `ecs_category` [ RunTime:0.0060s ]
SQL: SELECT `categoryId` FROM `ecs_category` INNER JOIN ecs_goods on ecs_category.cat_id = ecs_goods.cat_id  WHERE `goods_id` = '6'  [ RunTime:0.0000s ]
NOTIC: [8] Use of undefined constant eq - assumed 'eq' D:\phpStudy\WWW\ecservice\Application\GetProductDetail\Controller\IndexController.class.php 第 55 行.
SQL: SHOW COLUMNS FROM `ecs_brand` [ RunTime:0.0050s ]
SQL: SELECT `brand_name` FROM `ecs_brand` WHERE `brand_id` = '114'  [ RunTime:0.0010s ]
INFO: [ app_end ] --START--
INFO: Run Behavior\ShowPageTraceBehavior [ RunTime:0.001000s ]
INFO: [ app_end ] --END-- [ RunTime:0.001000s ]

[ 2017-11-08T10:23:03+08:00 ] 127.0.0.1 /ecservice/getProductDetail
INFO: [ app_init ] --START--
INFO: Run Behavior\BuildLiteBehavior [ RunTime:0.000000s ]
INFO: [ app_init ] --END-- [ RunTime:0.000000s ]
INFO: [ app_begin ] --START--
INFO: Run Behavior\ReadHtmlCacheBehavior [ RunTime:0.000000s ]
INFO: [ app_begin ] --END-- [ RunTime:0.000000s ]
NOTIC: [8] Undefined variable: appkey D:\phpStudy\WWW\ecservice\Application\GetProductDetail\Controller\IndexController.class.php 第 33 行.
SQL: SHOW COLUMNS FROM `ecs_goods` [ RunTime:0.0070s ]
NOTIC: [8] Use of undefined constant eq - assumed 'eq' D:\phpStudy\WWW\ecservice\Application\GetProductDetail\Controller\IndexController.class.php 第 44 行.
SQL: SELECT * FROM `ecs_goods` WHERE `goods_id` = '6'  [ RunTime:0.0010s ]
SQL: SHOW COLUMNS FROM `ecs_category` [ RunTime:0.0060s ]
SQL: SELECT `categoryId` FROM `ecs_category` INNER JOIN ecs_goods on ecs_category.cat_id = ecs_goods.cat_id  WHERE `goods_id` = '6'  [ RunTime:0.0000s ]
NOTIC: [8] Use of undefined constant eq - assumed 'eq' D:\phpStudy\WWW\ecservice\Application\GetProductDetail\Controller\IndexController.class.php 第 53 行.
SQL: SHOW COLUMNS FROM `ecs_brand` [ RunTime:0.0050s ]
SQL: SELECT `brand_name` FROM `ecs_brand` WHERE `brand_id` = '114'  [ RunTime:0.0000s ]
INFO: [ app_end ] --START--
INFO: Run Behavior\ShowPageTraceBehavior [ RunTime:0.001000s ]
INFO: [ app_end ] --END-- [ RunTime:0.001000s ]

[ 2017-11-08T10:23:26+08:00 ] 127.0.0.1 /ecservice/getProductDetail
INFO: [ app_init ] --START--
INFO: Run Behavior\BuildLiteBehavior [ RunTime:0.000000s ]
INFO: [ app_init ] --END-- [ RunTime:0.001000s ]
INFO: [ app_begin ] --START--
INFO: Run Behavior\ReadHtmlCacheBehavior [ RunTime:0.001000s ]
INFO: [ app_begin ] --END-- [ RunTime:0.001000s ]
NOTIC: [8] Undefined variable: appkey D:\phpStudy\WWW\ecservice\Application\GetProductDetail\Controller\IndexController.class.php 第 33 行.
SQL: SHOW COLUMNS FROM `ecs_goods` [ RunTime:0.0070s ]
NOTIC: [8] Use of undefined constant eq - assumed 'eq' D:\phpStudy\WWW\ecservice\Application\GetProductDetail\Controller\IndexController.class.php 第 44 行.
SQL: SELECT * FROM `ecs_goods` WHERE `goods_id` = '6'  [ RunTime:0.0010s ]
SQL: SHOW COLUMNS FROM `ecs_category` [ RunTime:0.0070s ]
SQL: SELECT `categoryId` FROM `ecs_category` INNER JOIN ecs_goods on ecs_category.cat_id = ecs_goods.cat_id  WHERE `goods_id` = '6'  [ RunTime:0.0000s ]
NOTIC: [8] Use of undefined constant eq - assumed 'eq' D:\phpStudy\WWW\ecservice\Application\GetProductDetail\Controller\IndexController.class.php 第 53 行.
SQL: SHOW COLUMNS FROM `ecs_brand` [ RunTime:0.0050s ]
SQL: SELECT `brand_name` FROM `ecs_brand` WHERE `brand_id` = '114'  [ RunTime:0.0010s ]
INFO: [ app_end ] --START--
INFO: Run Behavior\ShowPageTraceBehavior [ RunTime:0.001000s ]
INFO: [ app_end ] --END-- [ RunTime:0.001000s ]

[ 2017-11-08T10:55:14+08:00 ] 127.0.0.1 /ecservice/getProductDetail
INFO: [ app_init ] --START--
INFO: Run Behavior\BuildLiteBehavior [ RunTime:0.000000s ]
INFO: [ app_init ] --END-- [ RunTime:0.000000s ]
INFO: [ app_begin ] --START--
INFO: Run Behavior\ReadHtmlCacheBehavior [ RunTime:0.001000s ]
INFO: [ app_begin ] --END-- [ RunTime:0.001000s ]
NOTIC: [8] Undefined variable: appkey D:\phpStudy\WWW\ecservice\Application\GetProductDetail\Controller\IndexController.class.php 第 33 行.
SQL: SHOW COLUMNS FROM `ecs_goods` [ RunTime:0.0060s ]
NOTIC: [8] Use of undefined constant eq - assumed 'eq' D:\phpStudy\WWW\ecservice\Application\GetProductDetail\Controller\IndexController.class.php 第 44 行.
SQL: SELECT * FROM `ecs_goods` WHERE `goods_id` = '6'  [ RunTime:0.0010s ]
SQL: SHOW COLUMNS FROM `ecs_category` [ RunTime:0.0050s ]
SQL: SELECT `categoryId` FROM `ecs_category` INNER JOIN ecs_goods on ecs_category.cat_id = ecs_goods.cat_id  WHERE `goods_id` = '6'  [ RunTime:0.0010s ]
NOTIC: [8] Use of undefined constant eq - assumed 'eq' D:\phpStudy\WWW\ecservice\Application\GetProductDetail\Controller\IndexController.class.php 第 53 行.
SQL: SHOW COLUMNS FROM `ecs_brand` [ RunTime:0.0060s ]
SQL: SELECT `brand_name` FROM `ecs_brand` WHERE `brand_id` = '114'  [ RunTime:0.0010s ]

[ 2017-11-08T11:07:08+08:00 ] 127.0.0.1 /ecservice/getProductDetail
INFO: [ app_init ] --START--
INFO: Run Behavior\BuildLiteBehavior [ RunTime:0.000000s ]
INFO: [ app_init ] --END-- [ RunTime:0.001000s ]
INFO: [ app_begin ] --START--
INFO: Run Behavior\ReadHtmlCacheBehavior [ RunTime:0.001000s ]
INFO: [ app_begin ] --END-- [ RunTime:0.001000s ]
NOTIC: [8] Undefined variable: appkey D:\phpStudy\WWW\ecservice\Application\GetProductDetail\Controller\IndexController.class.php 第 33 行.
SQL: SHOW COLUMNS FROM `ecs_goods` [ RunTime:0.0060s ]
NOTIC: [8] Use of undefined constant eq - assumed 'eq' D:\phpStudy\WWW\ecservice\Application\GetProductDetail\Controller\IndexController.class.php 第 44 行.
SQL: SELECT * FROM `ecs_goods` WHERE `goods_id` = '6'  [ RunTime:0.0010s ]
SQL: SHOW COLUMNS FROM `ecs_category` [ RunTime:0.0050s ]
SQL: SELECT `categoryId` FROM `ecs_category` INNER JOIN ecs_goods on ecs_category.cat_id = ecs_goods.cat_id  WHERE `goods_id` = '6'  [ RunTime:0.0000s ]
NOTIC: [8] Use of undefined constant eq - assumed 'eq' D:\phpStudy\WWW\ecservice\Application\GetProductDetail\Controller\IndexController.class.php 第 53 行.
SQL: SHOW COLUMNS FROM `ecs_brand` [ RunTime:0.0050s ]
SQL: SELECT `brand_name` FROM `ecs_brand` WHERE `brand_id` = '114'  [ RunTime:0.0010s ]
INFO: [ app_end ] --START--
INFO: Run Behavior\ShowPageTraceBehavior [ RunTime:0.001000s ]
INFO: [ app_end ] --END-- [ RunTime:0.001000s ]

[ 2017-11-08T11:30:33+08:00 ] 127.0.0.1 /ecservice/getProductDetail
INFO: [ app_init ] --START--
INFO: Run Behavior\BuildLiteBehavior [ RunTime:0.000000s ]
INFO: [ app_init ] --END-- [ RunTime:0.000000s ]
INFO: [ app_begin ] --START--
INFO: Run Behavior\ReadHtmlCacheBehavior [ RunTime:0.001000s ]
INFO: [ app_begin ] --END-- [ RunTime:0.001000s ]
NOTIC: [8] Undefined variable: appkey D:\phpStudy\WWW\ecservice\Application\GetProductDetail\Controller\IndexController.class.php 第 33 行.
SQL: SHOW COLUMNS FROM `ecs_goods` [ RunTime:0.0060s ]
NOTIC: [8] Use of undefined constant eq - assumed 'eq' D:\phpStudy\WWW\ecservice\Application\GetProductDetail\Controller\IndexController.class.php 第 44 行.
SQL: SELECT * FROM `ecs_goods` WHERE `goods_id` = '6'  [ RunTime:0.0010s ]
SQL: SHOW COLUMNS FROM `ecs_category` [ RunTime:0.0060s ]
SQL: SELECT `categoryId` FROM `ecs_category` INNER JOIN ecs_goods on ecs_category.cat_id = ecs_goods.cat_id  WHERE `goods_id` = '6'  [ RunTime:0.0010s ]
NOTIC: [8] Use of undefined constant eq - assumed 'eq' D:\phpStudy\WWW\ecservice\Application\GetProductDetail\Controller\IndexController.class.php 第 53 行.
SQL: SHOW COLUMNS FROM `ecs_brand` [ RunTime:0.0050s ]
SQL: SELECT `brand_name` FROM `ecs_brand` WHERE `brand_id` = '114'  [ RunTime:0.0000s ]

[ 2017-11-08T11:46:12+08:00 ] 127.0.0.1 /ecservice/getProductDetail
INFO: [ app_init ] --START--
INFO: Run Behavior\BuildLiteBehavior [ RunTime:0.000000s ]
INFO: [ app_init ] --END-- [ RunTime:0.000000s ]
INFO: [ app_begin ] --START--
INFO: Run Behavior\ReadHtmlCacheBehavior [ RunTime:0.000000s ]
INFO: [ app_begin ] --END-- [ RunTime:0.000000s ]
NOTIC: [8] Undefined variable: appkey D:\phpStudy\WWW\ecservice\Application\GetProductDetail\Controller\IndexController.class.php 第 33 行.
SQL: SHOW COLUMNS FROM `ecs_goods` [ RunTime:0.0060s ]
NOTIC: [8] Use of undefined constant eq - assumed 'eq' D:\phpStudy\WWW\ecservice\Application\GetProductDetail\Controller\IndexController.class.php 第 44 行.
SQL: SELECT * FROM `ecs_goods` WHERE `goods_id` = '6'  [ RunTime:0.0010s ]
SQL: SHOW COLUMNS FROM `ecs_category` [ RunTime:0.0060s ]
SQL: SELECT `categoryId` FROM `ecs_category` INNER JOIN ecs_goods on ecs_category.cat_id = ecs_goods.cat_id  WHERE `goods_id` = '6'  [ RunTime:0.0000s ]
NOTIC: [8] Use of undefined constant eq - assumed 'eq' D:\phpStudy\WWW\ecservice\Application\GetProductDetail\Controller\IndexController.class.php 第 53 行.
SQL: SHOW COLUMNS FROM `ecs_brand` [ RunTime:0.0050s ]
SQL: SELECT `brand_name` FROM `ecs_brand` WHERE `brand_id` = '114'  [ RunTime:0.0000s ]
INFO: [ app_end ] --START--
INFO: Run Behavior\ShowPageTraceBehavior [ RunTime:0.001000s ]
INFO: [ app_end ] --END-- [ RunTime:0.001000s ]

[ 2017-11-08T11:47:13+08:00 ] 127.0.0.1 /ecservice/getProductDetail
INFO: [ app_init ] --START--
INFO: Run Behavior\BuildLiteBehavior [ RunTime:0.000000s ]
INFO: [ app_init ] --END-- [ RunTime:0.001000s ]
INFO: [ app_begin ] --START--
INFO: Run Behavior\ReadHtmlCacheBehavior [ RunTime:0.001000s ]
INFO: [ app_begin ] --END-- [ RunTime:0.001000s ]
NOTIC: [8] Undefined variable: appkey D:\phpStudy\WWW\ecservice\Application\GetProductDetail\Controller\IndexController.class.php 第 33 行.
SQL: SHOW COLUMNS FROM `ecs_goods` [ RunTime:0.0060s ]
NOTIC: [8] Use of undefined constant eq - assumed 'eq' D:\phpStudy\WWW\ecservice\Application\GetProductDetail\Controller\IndexController.class.php 第 44 行.
SQL: SELECT * FROM `ecs_goods` WHERE `goods_id` = '6'  [ RunTime:0.0010s ]
SQL: SHOW COLUMNS FROM `ecs_category` [ RunTime:0.0050s ]
SQL: SELECT `categoryId` FROM `ecs_category` INNER JOIN ecs_goods on ecs_category.cat_id = ecs_goods.cat_id  WHERE `goods_id` = '6'  [ RunTime:0.0000s ]
NOTIC: [8] Use of undefined constant eq - assumed 'eq' D:\phpStudy\WWW\ecservice\Application\GetProductDetail\Controller\IndexController.class.php 第 53 行.
SQL: SHOW COLUMNS FROM `ecs_brand` [ RunTime:0.0050s ]
SQL: SELECT `brand_name` FROM `ecs_brand` WHERE `brand_id` = '114'  [ RunTime:0.0000s ]
INFO: [ app_end ] --START--
INFO: Run Behavior\ShowPageTraceBehavior [ RunTime:0.000000s ]
INFO: [ app_end ] --END-- [ RunTime:0.000000s ]

[ 2017-11-08T12:11:21+08:00 ] 127.0.0.1 /ecservice/getProductDetail
INFO: [ app_init ] --START--
INFO: Run Behavior\BuildLiteBehavior [ RunTime:0.000000s ]
INFO: [ app_init ] --END-- [ RunTime:0.001000s ]
INFO: [ app_begin ] --START--
INFO: Run Behavior\ReadHtmlCacheBehavior [ RunTime:0.001000s ]
INFO: [ app_begin ] --END-- [ RunTime:0.001000s ]

[ 2017-11-08T12:13:29+08:00 ] 127.0.0.1 /ecservice/getProductDetail
INFO: [ app_init ] --START--
INFO: Run Behavior\BuildLiteBehavior [ RunTime:0.000000s ]
INFO: [ app_init ] --END-- [ RunTime:0.001000s ]
INFO: [ app_begin ] --START--
INFO: Run Behavior\ReadHtmlCacheBehavior [ RunTime:0.001000s ]
INFO: [ app_begin ] --END-- [ RunTime:0.001000s ]
NOTIC: [8] Undefined variable: appkey D:\phpStudy\WWW\ecservice\Application\GetProductDetail\Controller\IndexController.class.php 第 33 行.
SQL: SHOW COLUMNS FROM `ecs_goods` [ RunTime:0.0060s ]
NOTIC: [8] Use of undefined constant eq - assumed 'eq' D:\phpStudy\WWW\ecservice\Application\GetProductDetail\Controller\IndexController.class.php 第 44 行.
SQL: SELECT * FROM `ecs_goods` WHERE `goods_id` = '6'  [ RunTime:0.0010s ]
SQL: SHOW COLUMNS FROM `ecs_category` [ RunTime:0.0050s ]
SQL: SELECT `categoryId` FROM `ecs_category` INNER JOIN ecs_goods on ecs_category.cat_id = ecs_goods.cat_id  WHERE `goods_id` = '6'  [ RunTime:0.0000s ]
NOTIC: [8] Use of undefined constant eq - assumed 'eq' D:\phpStudy\WWW\ecservice\Application\GetProductDetail\Controller\IndexController.class.php 第 53 行.
SQL: SHOW COLUMNS FROM `ecs_brand` [ RunTime:0.0070s ]
SQL: SELECT `brand_name` FROM `ecs_brand` WHERE `brand_id` = '114'  [ RunTime:0.0000s ]
INFO: [ app_end ] --START--
INFO: Run Behavior\ShowPageTraceBehavior [ RunTime:0.001000s ]
INFO: [ app_end ] --END-- [ RunTime:0.001000s ]

[ 2017-11-08T12:23:12+08:00 ] 127.0.0.1 /ecservice/getProductDetail
INFO: [ app_init ] --START--
INFO: Run Behavior\BuildLiteBehavior [ RunTime:0.000000s ]
INFO: [ app_init ] --END-- [ RunTime:0.000000s ]
INFO: [ app_begin ] --START--
INFO: Run Behavior\ReadHtmlCacheBehavior [ RunTime:0.001000s ]
INFO: [ app_begin ] --END-- [ RunTime:0.001000s ]
NOTIC: [8] Undefined variable: appkey D:\phpStudy\WWW\ecservice\Application\GetProductDetail\Controller\IndexController.class.php 第 33 行.
SQL: SHOW COLUMNS FROM `ecs_goods` [ RunTime:0.0060s ]
NOTIC: [8] Use of undefined constant eq - assumed 'eq' D:\phpStudy\WWW\ecservice\Application\GetProductDetail\Controller\IndexController.class.php 第 44 行.
SQL: SELECT * FROM `ecs_goods` WHERE `goods_id` = '6'  [ RunTime:0.0010s ]
SQL: SHOW COLUMNS FROM `ecs_category` [ RunTime:0.0050s ]
SQL: SELECT `categoryId` FROM `ecs_category` INNER JOIN ecs_goods on ecs_category.cat_id = ecs_goods.cat_id  WHERE `goods_id` = '6'  [ RunTime:0.0000s ]
NOTIC: [8] Use of undefined constant eq - assumed 'eq' D:\phpStudy\WWW\ecservice\Application\GetProductDetail\Controller\IndexController.class.php 第 53 行.
SQL: SHOW COLUMNS FROM `ecs_brand` [ RunTime:0.0060s ]
SQL: SELECT `brand_name` FROM `ecs_brand` WHERE `brand_id` = '114'  [ RunTime:0.0010s ]
INFO: [ app_end ] --START--
INFO: Run Behavior\ShowPageTraceBehavior [ RunTime:0.001000s ]
INFO: [ app_end ] --END-- [ RunTime:0.001000s ]

[ 2017-11-08T14:19:11+08:00 ] 127.0.0.1 /ecservice/getProductDetail
INFO: [ app_init ] --START--
INFO: Run Behavior\BuildLiteBehavior [ RunTime:0.000000s ]
INFO: [ app_init ] --END-- [ RunTime:0.000000s ]
INFO: [ app_begin ] --START--
INFO: Run Behavior\ReadHtmlCacheBehavior [ RunTime:0.000000s ]
INFO: [ app_begin ] --END-- [ RunTime:0.000000s ]
NOTIC: [8] Undefined variable: appkey D:\phpStudy\WWW\ecservice\Application\GetProductDetail\Controller\IndexController.class.php 第 33 行.
SQL: SHOW COLUMNS FROM `ecs_goods` [ RunTime:0.0060s ]
NOTIC: [8] Use of undefined constant eq - assumed 'eq' D:\phpStudy\WWW\ecservice\Application\GetProductDetail\Controller\IndexController.class.php 第 44 行.
SQL: SELECT * FROM `ecs_goods` WHERE `goods_id` = '6'  [ RunTime:0.0020s ]
SQL: SHOW COLUMNS FROM `ecs_category` [ RunTime:0.0060s ]
SQL: SELECT `categoryId` FROM `ecs_category` INNER JOIN ecs_goods on ecs_category.cat_id = ecs_goods.cat_id  WHERE `goods_id` = '6'  [ RunTime:0.0000s ]
NOTIC: [8] Use of undefined constant eq - assumed 'eq' D:\phpStudy\WWW\ecservice\Application\GetProductDetail\Controller\IndexController.class.php 第 53 行.
SQL: SHOW COLUMNS FROM `ecs_brand` [ RunTime:0.0060s ]
SQL: SELECT `brand_name` FROM `ecs_brand` WHERE `brand_id` = '114'  [ RunTime:0.0000s ]
INFO: [ app_end ] --START--
INFO: Run Behavior\ShowPageTraceBehavior [ RunTime:0.001000s ]
INFO: [ app_end ] --END-- [ RunTime:0.001000s ]

[ 2017-11-08T14:22:53+08:00 ] 127.0.0.1 /ecservice/getProductDetail
INFO: [ app_init ] --START--
INFO: Run Behavior\BuildLiteBehavior [ RunTime:0.000000s ]
INFO: [ app_init ] --END-- [ RunTime:0.000000s ]
INFO: [ app_begin ] --START--
INFO: Run Behavior\ReadHtmlCacheBehavior [ RunTime:0.001000s ]
INFO: [ app_begin ] --END-- [ RunTime:0.001000s ]
NOTIC: [8] Undefined variable: appkey D:\phpStudy\WWW\ecservice\Application\GetProductDetail\Controller\IndexController.class.php 第 33 行.
SQL: SHOW COLUMNS FROM `ecs_goods` [ RunTime:0.0060s ]
NOTIC: [8] Use of undefined constant eq - assumed 'eq' D:\phpStudy\WWW\ecservice\Application\GetProductDetail\Controller\IndexController.class.php 第 44 行.
SQL: SELECT * FROM `ecs_goods` WHERE `goods_id` = '6'  [ RunTime:0.0010s ]
SQL: SHOW COLUMNS FROM `ecs_category` [ RunTime:0.0050s ]
SQL: SELECT `categoryId` FROM `ecs_category` INNER JOIN ecs_goods on ecs_category.cat_id = ecs_goods.cat_id  WHERE `goods_id` = '6'  [ RunTime:0.0000s ]
NOTIC: [8] Use of undefined constant eq - assumed 'eq' D:\phpStudy\WWW\ecservice\Application\GetProductDetail\Controller\IndexController.class.php 第 53 行.
SQL: SHOW COLUMNS FROM `ecs_brand` [ RunTime:0.0070s ]
SQL: SELECT `brand_name` FROM `ecs_brand` WHERE `brand_id` = '114'  [ RunTime:0.0000s ]
INFO: [ app_end ] --START--
INFO: Run Behavior\ShowPageTraceBehavior [ RunTime:0.001000s ]
INFO: [ app_end ] --END-- [ RunTime:0.001000s ]

[ 2017-11-08T14:23:39+08:00 ] 127.0.0.1 /ecservice/getProductDetail
INFO: [ app_init ] --START--
INFO: Run Behavior\BuildLiteBehavior [ RunTime:0.000000s ]
INFO: [ app_init ] --END-- [ RunTime:0.000000s ]
INFO: [ app_begin ] --START--
INFO: Run Behavior\ReadHtmlCacheBehavior [ RunTime:0.000000s ]
INFO: [ app_begin ] --END-- [ RunTime:0.001000s ]
NOTIC: [8] Undefined variable: appkey D:\phpStudy\WWW\ecservice\Application\GetProductDetail\Controller\IndexController.class.php 第 33 行.
SQL: SHOW COLUMNS FROM `ecs_goods` [ RunTime:0.0060s ]
NOTIC: [8] Use of undefined constant eq - assumed 'eq' D:\phpStudy\WWW\ecservice\Application\GetProductDetail\Controller\IndexController.class.php 第 44 行.
SQL: SELECT * FROM `ecs_goods` WHERE `goods_id` = '6'  [ RunTime:0.0000s ]
SQL: SHOW COLUMNS FROM `ecs_category` [ RunTime:0.0050s ]
SQL: SELECT `categoryId` FROM `ecs_category` INNER JOIN ecs_goods on ecs_category.cat_id = ecs_goods.cat_id  WHERE `goods_id` = '6'  [ RunTime:0.0000s ]
NOTIC: [8] Use of undefined constant eq - assumed 'eq' D:\phpStudy\WWW\ecservice\Application\GetProductDetail\Controller\IndexController.class.php 第 53 行.
SQL: SHOW COLUMNS FROM `ecs_brand` [ RunTime:0.0050s ]
SQL: SELECT `brand_name` FROM `ecs_brand` WHERE `brand_id` = '114'  [ RunTime:0.0010s ]

[ 2017-11-08T14:31:52+08:00 ] 127.0.0.1 /ecservice/getProductDetail
INFO: [ app_init ] --START--
INFO: Run Behavior\BuildLiteBehavior [ RunTime:0.000000s ]
INFO: [ app_init ] --END-- [ RunTime:0.001000s ]
INFO: [ app_begin ] --START--
INFO: Run Behavior\ReadHtmlCacheBehavior [ RunTime:0.001000s ]
INFO: [ app_begin ] --END-- [ RunTime:0.001000s ]
NOTIC: [8] Undefined variable: appkey D:\phpStudy\WWW\ecservice\Application\GetProductDetail\Controller\IndexController.class.php 第 33 行.
SQL: SHOW COLUMNS FROM `ecs_goods` [ RunTime:0.0060s ]
NOTIC: [8] Use of undefined constant eq - assumed 'eq' D:\phpStudy\WWW\ecservice\Application\GetProductDetail\Controller\IndexController.class.php 第 44 行.
SQL: SELECT * FROM `ecs_goods` WHERE `goods_id` = '6'  [ RunTime:0.0010s ]
SQL: SHOW COLUMNS FROM `ecs_category` [ RunTime:0.0060s ]
SQL: SELECT `categoryId` FROM `ecs_category` INNER JOIN ecs_goods on ecs_category.cat_id = ecs_goods.cat_id  WHERE `goods_id` = '6'  [ RunTime:0.0010s ]
NOTIC: [8] Use of undefined constant eq - assumed 'eq' D:\phpStudy\WWW\ecservice\Application\GetProductDetail\Controller\IndexController.class.php 第 53 行.
SQL: SHOW COLUMNS FROM `ecs_brand` [ RunTime:0.0050s ]
SQL: SELECT `brand_name` FROM `ecs_brand` WHERE `brand_id` = '114'  [ RunTime:0.0000s ]
INFO: [ app_end ] --START--
INFO: Run Behavior\ShowPageTraceBehavior [ RunTime:0.001000s ]
INFO: [ app_end ] --END-- [ RunTime:0.001000s ]

[ 2017-11-08T14:33:39+08:00 ] 127.0.0.1 /ecservice/getProductDetail
INFO: [ app_init ] --START--
INFO: Run Behavior\BuildLiteBehavior [ RunTime:0.000000s ]
INFO: [ app_init ] --END-- [ RunTime:0.001000s ]
INFO: [ app_begin ] --START--
INFO: Run Behavior\ReadHtmlCacheBehavior [ RunTime:0.001000s ]
INFO: [ app_begin ] --END-- [ RunTime:0.001000s ]
NOTIC: [8] Undefined variable: appkey D:\phpStudy\WWW\ecservice\Application\GetProductDetail\Controller\IndexController.class.php 第 33 行.
SQL: SHOW COLUMNS FROM `ecs_goods` [ RunTime:0.0070s ]
NOTIC: [8] Use of undefined constant eq - assumed 'eq' D:\phpStudy\WWW\ecservice\Application\GetProductDetail\Controller\IndexController.class.php 第 44 行.
SQL: SELECT * FROM `ecs_goods` WHERE `goods_id` = '6'  [ RunTime:0.0010s ]
SQL: SHOW COLUMNS FROM `ecs_category` [ RunTime:0.0060s ]
SQL: SELECT `categoryId` FROM `ecs_category` INNER JOIN ecs_goods on ecs_category.cat_id = ecs_goods.cat_id  WHERE `goods_id` = '6'  [ RunTime:0.0010s ]
NOTIC: [8] Use of undefined constant eq - assumed 'eq' D:\phpStudy\WWW\ecservice\Application\GetProductDetail\Controller\IndexController.class.php 第 53 行.
SQL: SHOW COLUMNS FROM `ecs_brand` [ RunTime:0.0050s ]
SQL: SELECT `brand_name` FROM `ecs_brand` WHERE `brand_id` = '114'  [ RunTime:0.0010s ]
INFO: [ app_end ] --START--
INFO: Run Behavior\ShowPageTraceBehavior [ RunTime:0.001000s ]
INFO: [ app_end ] --END-- [ RunTime:0.001000s ]

[ 2017-11-08T14:37:31+08:00 ] 127.0.0.1 /ecservice/getProductDetail
INFO: [ app_init ] --START--
INFO: Run Behavior\BuildLiteBehavior [ RunTime:0.000000s ]
INFO: [ app_init ] --END-- [ RunTime:0.000000s ]
INFO: [ app_begin ] --START--
INFO: Run Behavior\ReadHtmlCacheBehavior [ RunTime:0.001000s ]
INFO: [ app_begin ] --END-- [ RunTime:0.001000s ]
NOTIC: [8] Undefined variable: appkey D:\phpStudy\WWW\ecservice\Application\GetProductDetail\Controller\IndexController.class.php 第 33 行.
SQL: SHOW COLUMNS FROM `ecs_goods` [ RunTime:0.0060s ]
NOTIC: [8] Use of undefined constant eq - assumed 'eq' D:\phpStudy\WWW\ecservice\Application\GetProductDetail\Controller\IndexController.class.php 第 44 行.
SQL: SELECT * FROM `ecs_goods` WHERE `goods_id` = '6'  [ RunTime:0.0010s ]
SQL: SHOW COLUMNS FROM `ecs_category` [ RunTime:0.0050s ]
SQL: SELECT `categoryId` FROM `ecs_category` INNER JOIN ecs_goods on ecs_category.cat_id = ecs_goods.cat_id  WHERE `goods_id` = '6'  [ RunTime:0.0000s ]
NOTIC: [8] Use of undefined constant eq - assumed 'eq' D:\phpStudy\WWW\ecservice\Application\GetProductDetail\Controller\IndexController.class.php 第 53 行.
SQL: SHOW COLUMNS FROM `ecs_brand` [ RunTime:0.0050s ]
SQL: SELECT `brand_name` FROM `ecs_brand` WHERE `brand_id` = '114'  [ RunTime:0.0000s ]
INFO: [ app_end ] --START--
INFO: Run Behavior\ShowPageTraceBehavior [ RunTime:0.001000s ]
INFO: [ app_end ] --END-- [ RunTime:0.001000s ]

[ 2017-11-08T14:38:12+08:00 ] 127.0.0.1 /ecservice/getProductDetail
INFO: [ app_init ] --START--
INFO: Run Behavior\BuildLiteBehavior [ RunTime:0.000000s ]
INFO: [ app_init ] --END-- [ RunTime:0.000000s ]
INFO: [ app_begin ] --START--
INFO: Run Behavior\ReadHtmlCacheBehavior [ RunTime:0.001000s ]
INFO: [ app_begin ] --END-- [ RunTime:0.001000s ]
NOTIC: [8] Undefined variable: appkey D:\phpStudy\WWW\ecservice\Application\GetProductDetail\Controller\IndexController.class.php 第 33 行.
SQL: SHOW COLUMNS FROM `ecs_goods` [ RunTime:0.0060s ]
NOTIC: [8] Use of undefined constant eq - assumed 'eq' D:\phpStudy\WWW\ecservice\Application\GetProductDetail\Controller\IndexController.class.php 第 44 行.
SQL: SELECT * FROM `ecs_goods` WHERE `goods_id` = '6'  [ RunTime:0.0010s ]
SQL: SHOW COLUMNS FROM `ecs_category` [ RunTime:0.0060s ]
SQL: SELECT `categoryId` FROM `ecs_category` INNER JOIN ecs_goods on ecs_category.cat_id = ecs_goods.cat_id  WHERE `goods_id` = '6'  [ RunTime:0.0010s ]
NOTIC: [8] Use of undefined constant eq - assumed 'eq' D:\phpStudy\WWW\ecservice\Application\GetProductDetail\Controller\IndexController.class.php 第 53 行.
SQL: SHOW COLUMNS FROM `ecs_brand` [ RunTime:0.0050s ]
SQL: SELECT `brand_name` FROM `ecs_brand` WHERE `brand_id` = '114'  [ RunTime:0.0000s ]

[ 2017-11-08T15:42:33+08:00 ] 127.0.0.1 /ecservice/getProductDetail
INFO: [ app_init ] --START--
INFO: Run Behavior\BuildLiteBehavior [ RunTime:0.000000s ]
INFO: [ app_init ] --END-- [ RunTime:0.000000s ]
INFO: [ app_begin ] --START--
INFO: Run Behavior\ReadHtmlCacheBehavior [ RunTime:0.000000s ]
INFO: [ app_begin ] --END-- [ RunTime:0.001000s ]
NOTIC: [8] Undefined variable: appkey D:\phpStudy\WWW\ecservice\Application\GetProductDetail\Controller\IndexController.class.php 第 33 行.
SQL: SHOW COLUMNS FROM `ecs_goods` [ RunTime:0.0060s ]
NOTIC: [8] Use of undefined constant eq - assumed 'eq' D:\phpStudy\WWW\ecservice\Application\GetProductDetail\Controller\IndexController.class.php 第 44 行.
SQL: SELECT * FROM `ecs_goods` WHERE `goods_id` = '6'  [ RunTime:0.0000s ]
SQL: SHOW COLUMNS FROM `ecs_category` [ RunTime:0.0050s ]
SQL: SELECT `categoryId` FROM `ecs_category` INNER JOIN ecs_goods on ecs_category.cat_id = ecs_goods.cat_id  WHERE `goods_id` = '6'  [ RunTime:0.0010s ]
NOTIC: [8] Use of undefined constant eq - assumed 'eq' D:\phpStudy\WWW\ecservice\Application\GetProductDetail\Controller\IndexController.class.php 第 53 行.
SQL: SHOW COLUMNS FROM `ecs_brand` [ RunTime:0.0050s ]
SQL: SELECT `brand_name` FROM `ecs_brand` WHERE `brand_id` = '114'  [ RunTime:0.0000s ]

[ 2017-11-08T15:46:01+08:00 ] 127.0.0.1 /ecservice/getProductDetail
INFO: [ app_init ] --START--
INFO: Run Behavior\BuildLiteBehavior [ RunTime:0.000000s ]
INFO: [ app_init ] --END-- [ RunTime:0.001000s ]
INFO: [ app_begin ] --START--
INFO: Run Behavior\ReadHtmlCacheBehavior [ RunTime:0.001000s ]
INFO: [ app_begin ] --END-- [ RunTime:0.001000s ]
NOTIC: [8] Undefined variable: appkey D:\phpStudy\WWW\ecservice\Application\GetProductDetail\Controller\IndexController.class.php 第 33 行.
SQL: SHOW COLUMNS FROM `ecs_goods` [ RunTime:0.0060s ]
NOTIC: [8] Use of undefined constant eq - assumed 'eq' D:\phpStudy\WWW\ecservice\Application\GetProductDetail\Controller\IndexController.class.php 第 44 行.
SQL: SELECT * FROM `ecs_goods` WHERE `goods_id` = '6'  [ RunTime:0.0010s ]
SQL: SHOW COLUMNS FROM `ecs_category` [ RunTime:0.0050s ]
SQL: SELECT `categoryId` FROM `ecs_category` INNER JOIN ecs_goods on ecs_category.cat_id = ecs_goods.cat_id  WHERE `goods_id` = '6'  [ RunTime:0.0000s ]
NOTIC: [8] Use of undefined constant eq - assumed 'eq' D:\phpStudy\WWW\ecservice\Application\GetProductDetail\Controller\IndexController.class.php 第 53 行.
SQL: SHOW COLUMNS FROM `ecs_brand` [ RunTime:0.0050s ]
SQL: SELECT `brand_name` FROM `ecs_brand` WHERE `brand_id` = '114'  [ RunTime:0.0010s ]

[ 2017-11-08T15:46:50+08:00 ] 127.0.0.1 /ecservice/getProductDetail
INFO: [ app_init ] --START--
INFO: Run Behavior\BuildLiteBehavior [ RunTime:0.000000s ]
INFO: [ app_init ] --END-- [ RunTime:0.000000s ]
INFO: [ app_begin ] --START--
INFO: Run Behavior\ReadHtmlCacheBehavior [ RunTime:0.000000s ]
INFO: [ app_begin ] --END-- [ RunTime:0.000000s ]
NOTIC: [8] Undefined variable: appkey D:\phpStudy\WWW\ecservice\Application\GetProductDetail\Controller\IndexController.class.php 第 33 行.
SQL: SHOW COLUMNS FROM `ecs_goods` [ RunTime:0.0060s ]
NOTIC: [8] Use of undefined constant eq - assumed 'eq' D:\phpStudy\WWW\ecservice\Application\GetProductDetail\Controller\IndexController.class.php 第 44 行.
SQL: SELECT * FROM `ecs_goods` WHERE `goods_id` = '6'  [ RunTime:0.0010s ]
SQL: SHOW COLUMNS FROM `ecs_category` [ RunTime:0.0050s ]
SQL: SELECT `categoryId` FROM `ecs_category` INNER JOIN ecs_goods on ecs_category.cat_id = ecs_goods.cat_id  WHERE `goods_id` = '6'  [ RunTime:0.0000s ]
NOTIC: [8] Use of undefined constant eq - assumed 'eq' D:\phpStudy\WWW\ecservice\Application\GetProductDetail\Controller\IndexController.class.php 第 53 行.
SQL: SHOW COLUMNS FROM `ecs_brand` [ RunTime:0.0060s ]
SQL: SELECT `brand_name` FROM `ecs_brand` WHERE `brand_id` = '114'  [ RunTime:0.0000s ]

[ 2017-11-08T15:47:24+08:00 ] 127.0.0.1 /ecservice/getProductDetail
INFO: [ app_init ] --START--
INFO: Run Behavior\BuildLiteBehavior [ RunTime:0.000000s ]
INFO: [ app_init ] --END-- [ RunTime:0.001000s ]
INFO: [ app_begin ] --START--
INFO: Run Behavior\ReadHtmlCacheBehavior [ RunTime:0.001000s ]
INFO: [ app_begin ] --END-- [ RunTime:0.001000s ]
NOTIC: [8] Undefined variable: appkey D:\phpStudy\WWW\ecservice\Application\GetProductDetail\Controller\IndexController.class.php 第 33 行.
SQL: SHOW COLUMNS FROM `ecs_goods` [ RunTime:0.0060s ]
NOTIC: [8] Use of undefined constant eq - assumed 'eq' D:\phpStudy\WWW\ecservice\Application\GetProductDetail\Controller\IndexController.class.php 第 44 行.
SQL: SELECT * FROM `ecs_goods` WHERE `goods_id` = '6'  [ RunTime:0.0010s ]
SQL: SHOW COLUMNS FROM `ecs_category` [ RunTime:0.0050s ]
SQL: SELECT `categoryId` FROM `ecs_category` INNER JOIN ecs_goods on ecs_category.cat_id = ecs_goods.cat_id  WHERE `goods_id` = '6'  [ RunTime:0.0000s ]
NOTIC: [8] Use of undefined constant eq - assumed 'eq' D:\phpStudy\WWW\ecservice\Application\GetProductDetail\Controller\IndexController.class.php 第 53 行.
SQL: SHOW COLUMNS FROM `ecs_brand` [ RunTime:0.0060s ]
SQL: SELECT `brand_name` FROM `ecs_brand` WHERE `brand_id` = '114'  [ RunTime:0.0000s ]

[ 2017-11-08T15:48:43+08:00 ] 127.0.0.1 /ecservice/getProductDetail
INFO: [ app_init ] --START--
INFO: Run Behavior\BuildLiteBehavior [ RunTime:0.000000s ]
INFO: [ app_init ] --END-- [ RunTime:0.000000s ]
INFO: [ app_begin ] --START--
INFO: Run Behavior\ReadHtmlCacheBehavior [ RunTime:0.000000s ]
INFO: [ app_begin ] --END-- [ RunTime:0.000000s ]
NOTIC: [8] Undefined variable: appkey D:\phpStudy\WWW\ecservice\Application\GetProductDetail\Controller\IndexController.class.php 第 33 行.
SQL: SHOW COLUMNS FROM `ecs_goods` [ RunTime:0.0050s ]
NOTIC: [8] Use of undefined constant eq - assumed 'eq' D:\phpStudy\WWW\ecservice\Application\GetProductDetail\Controller\IndexController.class.php 第 44 行.
SQL: SELECT * FROM `ecs_goods` WHERE `goods_id` = '6'  [ RunTime:0.0010s ]
SQL: SHOW COLUMNS FROM `ecs_category` [ RunTime:0.0060s ]
SQL: SELECT `categoryId` FROM `ecs_category` INNER JOIN ecs_goods on ecs_category.cat_id = ecs_goods.cat_id  WHERE `goods_id` = '6'  [ RunTime:0.0000s ]
NOTIC: [8] Use of undefined constant eq - assumed 'eq' D:\phpStudy\WWW\ecservice\Application\GetProductDetail\Controller\IndexController.class.php 第 53 行.
SQL: SHOW COLUMNS FROM `ecs_brand` [ RunTime:0.0050s ]
SQL: SELECT `brand_name` FROM `ecs_brand` WHERE `brand_id` = '114'  [ RunTime:0.0000s ]

[ 2017-11-08T15:49:54+08:00 ] 127.0.0.1 /ecservice/getProductDetail
INFO: [ app_init ] --START--
INFO: Run Behavior\BuildLiteBehavior [ RunTime:0.000000s ]
INFO: [ app_init ] --END-- [ RunTime:0.000000s ]
INFO: [ app_begin ] --START--
INFO: Run Behavior\ReadHtmlCacheBehavior [ RunTime:0.001000s ]
INFO: [ app_begin ] --END-- [ RunTime:0.001000s ]
NOTIC: [8] Undefined variable: appkey D:\phpStudy\WWW\ecservice\Application\GetProductDetail\Controller\IndexController.class.php 第 33 行.
SQL: SHOW COLUMNS FROM `ecs_goods` [ RunTime:0.0060s ]
NOTIC: [8] Use of undefined constant eq - assumed 'eq' D:\phpStudy\WWW\ecservice\Application\GetProductDetail\Controller\IndexController.class.php 第 44 行.
SQL: SELECT * FROM `ecs_goods` WHERE `goods_id` = '6'  [ RunTime:0.0000s ]
SQL: SHOW COLUMNS FROM `ecs_category` [ RunTime:0.0050s ]
SQL: SELECT `categoryId` FROM `ecs_category` INNER JOIN ecs_goods on ecs_category.cat_id = ecs_goods.cat_id  WHERE `goods_id` = '6'  [ RunTime:0.0010s ]
NOTIC: [8] Use of undefined constant eq - assumed 'eq' D:\phpStudy\WWW\ecservice\Application\GetProductDetail\Controller\IndexController.class.php 第 53 行.
SQL: SHOW COLUMNS FROM `ecs_brand` [ RunTime:0.0050s ]
SQL: SELECT `brand_name` FROM `ecs_brand` WHERE `brand_id` = '114'  [ RunTime:0.0000s ]

[ 2017-11-08T15:50:11+08:00 ] 127.0.0.1 /ecservice/getProductDetail
INFO: [ app_init ] --START--
INFO: Run Behavior\BuildLiteBehavior [ RunTime:0.000000s ]
INFO: [ app_init ] --END-- [ RunTime:0.001000s ]
INFO: [ app_begin ] --START--
INFO: Run Behavior\ReadHtmlCacheBehavior [ RunTime:0.001000s ]
INFO: [ app_begin ] --END-- [ RunTime:0.001000s ]
NOTIC: [8] Undefined variable: appkey D:\phpStudy\WWW\ecservice\Application\GetProductDetail\Controller\IndexController.class.php 第 33 行.
SQL: SHOW COLUMNS FROM `ecs_goods` [ RunTime:0.0060s ]
NOTIC: [8] Use of undefined constant eq - assumed 'eq' D:\phpStudy\WWW\ecservice\Application\GetProductDetail\Controller\IndexController.class.php 第 44 行.
SQL: SELECT * FROM `ecs_goods` WHERE `goods_id` = '6'  [ RunTime:0.0010s ]
SQL: SHOW COLUMNS FROM `ecs_category` [ RunTime:0.0050s ]
SQL: SELECT `categoryId` FROM `ecs_category` INNER JOIN ecs_goods on ecs_category.cat_id = ecs_goods.cat_id  WHERE `goods_id` = '6'  [ RunTime:0.0010s ]
NOTIC: [8] Use of undefined constant eq - assumed 'eq' D:\phpStudy\WWW\ecservice\Application\GetProductDetail\Controller\IndexController.class.php 第 53 行.
SQL: SHOW COLUMNS FROM `ecs_brand` [ RunTime:0.0060s ]
SQL: SELECT `brand_name` FROM `ecs_brand` WHERE `brand_id` = '114'  [ RunTime:0.0010s ]

[ 2017-11-08T16:00:10+08:00 ] 127.0.0.1 /ecservice/getProductDetail
INFO: [ app_init ] --START--
INFO: Run Behavior\BuildLiteBehavior [ RunTime:0.000000s ]
INFO: [ app_init ] --END-- [ RunTime:0.001000s ]
INFO: [ app_begin ] --START--
INFO: Run Behavior\ReadHtmlCacheBehavior [ RunTime:0.001000s ]
INFO: [ app_begin ] --END-- [ RunTime:0.001000s ]
NOTIC: [8] Undefined variable: appkey D:\phpStudy\WWW\ecservice\Application\GetProductDetail\Controller\IndexController.class.php 第 33 行.
SQL: SHOW COLUMNS FROM `ecs_goods` [ RunTime:0.0060s ]
NOTIC: [8] Use of undefined constant eq - assumed 'eq' D:\phpStudy\WWW\ecservice\Application\GetProductDetail\Controller\IndexController.class.php 第 44 行.
SQL: SELECT * FROM `ecs_goods` WHERE `goods_id` = '6'  [ RunTime:0.0010s ]
SQL: SHOW COLUMNS FROM `ecs_category` [ RunTime:0.0050s ]
SQL: SELECT `categoryId` FROM `ecs_category` INNER JOIN ecs_goods on ecs_category.cat_id = ecs_goods.cat_id  WHERE `goods_id` = '6'  [ RunTime:0.0010s ]
NOTIC: [8] Use of undefined constant eq - assumed 'eq' D:\phpStudy\WWW\ecservice\Application\GetProductDetail\Controller\IndexController.class.php 第 53 行.
SQL: SHOW COLUMNS FROM `ecs_brand` [ RunTime:0.0050s ]
SQL: SELECT `brand_name` FROM `ecs_brand` WHERE `brand_id` = '114'  [ RunTime:0.0010s ]

[ 2017-11-08T16:01:11+08:00 ] 127.0.0.1 /ecservice/getProductDetail
INFO: [ app_init ] --START--
INFO: Run Behavior\BuildLiteBehavior [ RunTime:0.000000s ]
INFO: [ app_init ] --END-- [ RunTime:0.001000s ]
INFO: [ app_begin ] --START--
INFO: Run Behavior\ReadHtmlCacheBehavior [ RunTime:0.001000s ]
INFO: [ app_begin ] --END-- [ RunTime:0.001000s ]
NOTIC: [8] Undefined variable: appkey D:\phpStudy\WWW\ecservice\Application\GetProductDetail\Controller\IndexController.class.php 第 33 行.
SQL: SHOW COLUMNS FROM `ecs_goods` [ RunTime:0.0060s ]
NOTIC: [8] Use of undefined constant eq - assumed 'eq' D:\phpStudy\WWW\ecservice\Application\GetProductDetail\Controller\IndexController.class.php 第 44 行.
SQL: SELECT * FROM `ecs_goods` WHERE `goods_id` = '6'  [ RunTime:0.0010s ]
SQL: SHOW COLUMNS FROM `ecs_category` [ RunTime:0.0050s ]
SQL: SELECT `categoryId` FROM `ecs_category` INNER JOIN ecs_goods on ecs_category.cat_id = ecs_goods.cat_id  WHERE `goods_id` = '6'  [ RunTime:0.0000s ]
NOTIC: [8] Use of undefined constant eq - assumed 'eq' D:\phpStudy\WWW\ecservice\Application\GetProductDetail\Controller\IndexController.class.php 第 53 行.
SQL: SHOW COLUMNS FROM `ecs_brand` [ RunTime:0.0050s ]
SQL: SELECT `brand_name` FROM `ecs_brand` WHERE `brand_id` = '114'  [ RunTime:0.0000s ]

[ 2017-11-08T16:06:52+08:00 ] 127.0.0.1 /ecservice/getProductDetail
INFO: [ app_init ] --START--
INFO: Run Behavior\BuildLiteBehavior [ RunTime:0.000000s ]
INFO: [ app_init ] --END-- [ RunTime:0.000000s ]
INFO: [ app_begin ] --START--
INFO: Run Behavior\ReadHtmlCacheBehavior [ RunTime:0.000000s ]
INFO: [ app_begin ] --END-- [ RunTime:0.000000s ]
NOTIC: [8] Undefined variable: appkey D:\phpStudy\WWW\ecservice\Application\GetProductDetail\Controller\IndexController.class.php 第 33 行.
SQL: SHOW COLUMNS FROM `ecs_goods` [ RunTime:0.0060s ]
NOTIC: [8] Use of undefined constant eq - assumed 'eq' D:\phpStudy\WWW\ecservice\Application\GetProductDetail\Controller\IndexController.class.php 第 44 行.
SQL: SELECT * FROM `ecs_goods` WHERE `goods_id` = '5888'  [ RunTime:0.0090s ]
SQL: SHOW COLUMNS FROM `ecs_category` [ RunTime:0.0050s ]
SQL: SELECT `categoryId` FROM `ecs_category` INNER JOIN ecs_goods on ecs_category.cat_id = ecs_goods.cat_id  WHERE `goods_id` = '5888'  [ RunTime:0.0000s ]
NOTIC: [8] Use of undefined constant eq - assumed 'eq' D:\phpStudy\WWW\ecservice\Application\GetProductDetail\Controller\IndexController.class.php 第 53 行.
SQL: SHOW COLUMNS FROM `ecs_brand` [ RunTime:0.0060s ]
SQL: SELECT `brand_name` FROM `ecs_brand` WHERE `brand_id` = '125'  [ RunTime:0.0000s ]

[ 2017-11-08T16:09:48+08:00 ] 127.0.0.1 /ecservice/getProductDetail
INFO: [ app_init ] --START--
INFO: Run Behavior\BuildLiteBehavior [ RunTime:0.000000s ]
INFO: [ app_init ] --END-- [ RunTime:0.000000s ]
INFO: [ app_begin ] --START--
INFO: Run Behavior\ReadHtmlCacheBehavior [ RunTime:0.000000s ]
INFO: [ app_begin ] --END-- [ RunTime:0.000000s ]
NOTIC: [8] Undefined variable: appkey D:\phpStudy\WWW\ecservice\Application\GetProductDetail\Controller\IndexController.class.php 第 33 行.
SQL: SHOW COLUMNS FROM `ecs_goods` [ RunTime:0.0060s ]
NOTIC: [8] Use of undefined constant eq - assumed 'eq' D:\phpStudy\WWW\ecservice\Application\GetProductDetail\Controller\IndexController.class.php 第 44 行.
SQL: SELECT * FROM `ecs_goods` WHERE `goods_id` = '74853'  [ RunTime:0.0480s ]
SQL: SHOW COLUMNS FROM `ecs_category` [ RunTime:0.0050s ]
SQL: SELECT `categoryId` FROM `ecs_category` INNER JOIN ecs_goods on ecs_category.cat_id = ecs_goods.cat_id  WHERE `goods_id` = '74853'  [ RunTime:0.0010s ]
NOTIC: [8] Use of undefined constant eq - assumed 'eq' D:\phpStudy\WWW\ecservice\Application\GetProductDetail\Controller\IndexController.class.php 第 53 行.
SQL: SHOW COLUMNS FROM `ecs_brand` [ RunTime:0.0050s ]
SQL: SELECT `brand_name` FROM `ecs_brand` WHERE `brand_id` = '8882'  [ RunTime:0.0230s ]

[ 2017-11-08T16:25:58+08:00 ] 127.0.0.1 /ecservice/getProductDetail
INFO: [ app_init ] --START--
INFO: Run Behavior\BuildLiteBehavior [ RunTime:0.000000s ]
INFO: [ app_init ] --END-- [ RunTime:0.000000s ]
INFO: [ app_begin ] --START--
INFO: Run Behavior\ReadHtmlCacheBehavior [ RunTime:0.000000s ]
INFO: [ app_begin ] --END-- [ RunTime:0.000000s ]
NOTIC: [8] Undefined variable: appkey D:\phpStudy\WWW\ecservice\Application\GetProductDetail\Controller\IndexController.class.php 第 33 行.
SQL: SHOW COLUMNS FROM `ecs_goods` [ RunTime:0.0060s ]
NOTIC: [8] Use of undefined constant eq - assumed 'eq' D:\phpStudy\WWW\ecservice\Application\GetProductDetail\Controller\IndexController.class.php 第 43 行.
SQL: SELECT * FROM `ecs_goods` WHERE `goods_id` = '6'  [ RunTime:0.0010s ]
SQL: SHOW COLUMNS FROM `ecs_category` [ RunTime:0.0050s ]
SQL: SELECT `categoryId` FROM `ecs_category` INNER JOIN ecs_goods on ecs_category.cat_id = ecs_goods.cat_id  WHERE `goods_id` = '6'  [ RunTime:0.0010s ]
NOTIC: [8] Use of undefined constant eq - assumed 'eq' D:\phpStudy\WWW\ecservice\Application\GetProductDetail\Controller\IndexController.class.php 第 51 行.
SQL: SHOW COLUMNS FROM `ecs_brand` [ RunTime:0.0060s ]
SQL: SELECT `brand_name` FROM `ecs_brand` WHERE `brand_id` = '114'  [ RunTime:0.0010s ]

[ 2017-11-08T16:26:54+08:00 ] 127.0.0.1 /ecservice/getProductDetail
INFO: [ app_init ] --START--
INFO: Run Behavior\BuildLiteBehavior [ RunTime:0.000000s ]
INFO: [ app_init ] --END-- [ RunTime:0.000000s ]
INFO: [ app_begin ] --START--
INFO: Run Behavior\ReadHtmlCacheBehavior [ RunTime:0.001000s ]
INFO: [ app_begin ] --END-- [ RunTime:0.001000s ]
NOTIC: [8] Undefined variable: appkey D:\phpStudy\WWW\ecservice\Application\GetProductDetail\Controller\IndexController.class.php 第 33 行.
SQL: SHOW COLUMNS FROM `ecs_goods` [ RunTime:0.0060s ]
NOTIC: [8] Use of undefined constant eq - assumed 'eq' D:\phpStudy\WWW\ecservice\Application\GetProductDetail\Controller\IndexController.class.php 第 43 行.
SQL: SELECT * FROM `ecs_goods` WHERE `goods_id` = '6'  [ RunTime:0.0010s ]
SQL: SHOW COLUMNS FROM `ecs_category` [ RunTime:0.0050s ]
SQL: SELECT `categoryId` FROM `ecs_category` INNER JOIN ecs_goods on ecs_category.cat_id = ecs_goods.cat_id  WHERE `goods_id` = '6'  [ RunTime:0.0000s ]
NOTIC: [8] Use of undefined constant eq - assumed 'eq' D:\phpStudy\WWW\ecservice\Application\GetProductDetail\Controller\IndexController.class.php 第 51 行.
SQL: SHOW COLUMNS FROM `ecs_brand` [ RunTime:0.0050s ]
SQL: SELECT `brand_name` FROM `ecs_brand` WHERE `brand_id` = '114'  [ RunTime:0.0010s ]

[ 2017-11-08T16:27:22+08:00 ] 127.0.0.1 /ecservice/getProductDetail
INFO: [ app_init ] --START--
INFO: Run Behavior\BuildLiteBehavior [ RunTime:0.000000s ]
INFO: [ app_init ] --END-- [ RunTime:0.001000s ]
INFO: [ app_begin ] --START--
INFO: Run Behavior\ReadHtmlCacheBehavior [ RunTime:0.001000s ]
INFO: [ app_begin ] --END-- [ RunTime:0.001000s ]
NOTIC: [8] Undefined variable: appkey D:\phpStudy\WWW\ecservice\Application\GetProductDetail\Controller\IndexController.class.php 第 33 行.
SQL: SHOW COLUMNS FROM `ecs_goods` [ RunTime:0.0060s ]
NOTIC: [8] Use of undefined constant eq - assumed 'eq' D:\phpStudy\WWW\ecservice\Application\GetProductDetail\Controller\IndexController.class.php 第 43 行.
SQL: SELECT * FROM `ecs_goods` WHERE `goods_id` = '6'  [ RunTime:0.0010s ]
SQL: SHOW COLUMNS FROM `ecs_category` [ RunTime:0.0050s ]
SQL: SELECT `categoryId` FROM `ecs_category` INNER JOIN ecs_goods on ecs_category.cat_id = ecs_goods.cat_id  WHERE `goods_id` = '6'  [ RunTime:0.0000s ]
NOTIC: [8] Use of undefined constant eq - assumed 'eq' D:\phpStudy\WWW\ecservice\Application\GetProductDetail\Controller\IndexController.class.php 第 51 行.
SQL: SHOW COLUMNS FROM `ecs_brand` [ RunTime:0.0050s ]
SQL: SELECT `brand_name` FROM `ecs_brand` WHERE `brand_id` = '114'  [ RunTime:0.0010s ]

[ 2017-11-08T16:35:03+08:00 ] 127.0.0.1 /ecservice/getProductDetail
INFO: [ app_init ] --START--
INFO: Run Behavior\BuildLiteBehavior [ RunTime:0.000000s ]
INFO: [ app_init ] --END-- [ RunTime:0.000000s ]
INFO: [ app_begin ] --START--
INFO: Run Behavior\ReadHtmlCacheBehavior [ RunTime:0.001000s ]
INFO: [ app_begin ] --END-- [ RunTime:0.001000s ]
NOTIC: [8] Undefined variable: appkey D:\phpStudy\WWW\ecservice\Application\GetProductDetail\Controller\IndexController.class.php 第 33 行.
SQL: SHOW COLUMNS FROM `ecs_goods` [ RunTime:0.0070s ]
NOTIC: [8] Use of undefined constant eq - assumed 'eq' D:\phpStudy\WWW\ecservice\Application\GetProductDetail\Controller\IndexController.class.php 第 43 行.
SQL: SELECT * FROM `ecs_goods` WHERE `goods_id` = '6'  [ RunTime:0.0010s ]
SQL: SHOW COLUMNS FROM `ecs_category` [ RunTime:0.0050s ]
SQL: SELECT `categoryId` FROM `ecs_category` INNER JOIN ecs_goods on ecs_category.cat_id = ecs_goods.cat_id  WHERE `goods_id` = '6'  [ RunTime:0.0010s ]
NOTIC: [8] Use of undefined constant eq - assumed 'eq' D:\phpStudy\WWW\ecservice\Application\GetProductDetail\Controller\IndexController.class.php 第 51 行.
SQL: SHOW COLUMNS FROM `ecs_brand` [ RunTime:0.0050s ]
SQL: SELECT `brand_name` FROM `ecs_brand` WHERE `brand_id` = '114'  [ RunTime:0.0000s ]

[ 2017-11-08T16:40:36+08:00 ] 127.0.0.1 /ecservice/getProductDetail
INFO: [ app_init ] --START--
INFO: Run Behavior\BuildLiteBehavior [ RunTime:0.000000s ]
INFO: [ app_init ] --END-- [ RunTime:0.001000s ]
INFO: [ app_begin ] --START--
INFO: Run Behavior\ReadHtmlCacheBehavior [ RunTime:0.001000s ]
INFO: [ app_begin ] --END-- [ RunTime:0.001000s ]
NOTIC: [8] Undefined variable: appkey D:\phpStudy\WWW\ecservice\Application\GetProductDetail\Controller\IndexController.class.php 第 33 行.
SQL: SHOW COLUMNS FROM `ecs_goods` [ RunTime:0.0060s ]
NOTIC: [8] Use of undefined constant eq - assumed 'eq' D:\phpStudy\WWW\ecservice\Application\GetProductDetail\Controller\IndexController.class.php 第 43 行.
SQL: SELECT * FROM `ecs_goods` WHERE `goods_id` = '6'  [ RunTime:0.0010s ]
SQL: SHOW COLUMNS FROM `ecs_category` [ RunTime:0.0050s ]
SQL: SELECT `categoryId` FROM `ecs_category` INNER JOIN ecs_goods on ecs_category.cat_id = ecs_goods.cat_id  WHERE `goods_id` = '6'  [ RunTime:0.0010s ]
NOTIC: [8] Use of undefined constant eq - assumed 'eq' D:\phpStudy\WWW\ecservice\Application\GetProductDetail\Controller\IndexController.class.php 第 51 行.
SQL: SHOW COLUMNS FROM `ecs_brand` [ RunTime:0.0050s ]
SQL: SELECT `brand_name` FROM `ecs_brand` WHERE `brand_id` = '114'  [ RunTime:0.0010s ]

[ 2017-11-08T16:52:09+08:00 ] 127.0.0.1 /ecservice/getProductDetail
INFO: [ app_init ] --START--
INFO: Run Behavior\BuildLiteBehavior [ RunTime:0.000000s ]
INFO: [ app_init ] --END-- [ RunTime:0.001000s ]
INFO: [ app_begin ] --START--
INFO: Run Behavior\ReadHtmlCacheBehavior [ RunTime:0.001001s ]
INFO: [ app_begin ] --END-- [ RunTime:0.001001s ]
NOTIC: [8] Undefined variable: appkey D:\phpStudy\WWW\ecservice\Application\GetProductDetail\Controller\IndexController.class.php 第 33 行.
SQL: SHOW COLUMNS FROM `ecs_goods` [ RunTime:0.0090s ]
NOTIC: [8] Use of undefined constant eq - assumed 'eq' D:\phpStudy\WWW\ecservice\Application\GetProductDetail\Controller\IndexController.class.php 第 43 行.
SQL: SELECT * FROM `ecs_goods` WHERE `goods_id` = '6'  [ RunTime:0.0000s ]
SQL: SHOW COLUMNS FROM `ecs_category` [ RunTime:0.0050s ]
SQL: SELECT `categoryId` FROM `ecs_category` INNER JOIN ecs_goods on ecs_category.cat_id = ecs_goods.cat_id  WHERE `goods_id` = '6'  [ RunTime:0.0010s ]
NOTIC: [8] Use of undefined constant eq - assumed 'eq' D:\phpStudy\WWW\ecservice\Application\GetProductDetail\Controller\IndexController.class.php 第 51 行.
SQL: SHOW COLUMNS FROM `ecs_brand` [ RunTime:0.0060s ]
SQL: SELECT `brand_name` FROM `ecs_brand` WHERE `brand_id` = '114'  [ RunTime:0.0000s ]

