[ 2017-12-07T09:02:27+08:00 ] 127.0.0.1 /ecservice/getProductDetail
INFO: [ app_init ] --START--
INFO: Run Behavior\BuildLiteBehavior [ RunTime:0.000000s ]
INFO: [ app_init ] --END-- [ RunTime:0.000000s ]
INFO: [ app_begin ] --START--
INFO: Run Behavior\ReadHtmlCacheBehavior [ RunTime:0.000000s ]
INFO: [ app_begin ] --END-- [ RunTime:0.000000s ]
NOTIC: [8] Undefined variable: appkey D:\phpStudy\WWW\ecservice\Application\GetProductDetail\Controller\IndexController.class.php 第 33 行.
SQL: SHOW COLUMNS FROM `ecs_goods` [ RunTime:0.0000s ]
NOTIC: [8] Use of undefined constant eq - assumed 'eq' D:\phpStudy\WWW\ecservice\Application\GetProductDetail\Controller\IndexController.class.php 第 43 行.
SQL: SELECT * FROM `ecs_goods` WHERE `goods_id` = '68'  [ RunTime:0.0156s ]
SQL: SHOW COLUMNS FROM `ecs_category` [ RunTime:0.0000s ]
SQL: SELECT `cat_id` FROM `ecs_goods` WHERE `goods_id` = '68'  [ RunTime:0.0000s ]
SQL: SELECT `categoryId` FROM `ecs_category` WHERE `cat_id` = 44  [ RunTime:0.0000s ]
NOTIC: [8] Use of undefined constant eq - assumed 'eq' D:\phpStudy\WWW\ecservice\Application\GetProductDetail\Controller\IndexController.class.php 第 71 行.
SQL: SHOW COLUMNS FROM `ecs_brand` [ RunTime:0.0156s ]
SQL: SELECT `brand_name` FROM `ecs_brand` WHERE `brand_id` = '0'  [ RunTime:0.0000s ]
NOTIC: [8] Undefined offset: 0 D:\phpStudy\WWW\ecservice\Application\GetProductDetail\Controller\IndexController.class.php 第 75 行.
NOTIC: [8] Undefined offset: 0 D:\phpStudy\WWW\ecservice\Application\GetProductDetail\Controller\IndexController.class.php 第 89 行.

[ 2017-12-07T09:02:28+08:00 ] 127.0.0.1 /ecservice/getProductDetail
INFO: [ app_init ] --START--
INFO: Run Behavior\BuildLiteBehavior [ RunTime:0.000000s ]
INFO: [ app_init ] --END-- [ RunTime:0.000000s ]
INFO: [ app_begin ] --START--
INFO: Run Behavior\ReadHtmlCacheBehavior [ RunTime:0.000000s ]
INFO: [ app_begin ] --END-- [ RunTime:0.000000s ]
NOTIC: [8] Undefined variable: appkey D:\phpStudy\WWW\ecservice\Application\GetProductDetail\Controller\IndexController.class.php 第 33 行.
SQL: SHOW COLUMNS FROM `ecs_goods` [ RunTime:0.0000s ]
NOTIC: [8] Use of undefined constant eq - assumed 'eq' D:\phpStudy\WWW\ecservice\Application\GetProductDetail\Controller\IndexController.class.php 第 43 行.
SQL: SELECT * FROM `ecs_goods` WHERE `goods_id` = '22228'  [ RunTime:0.0312s ]
SQL: SHOW COLUMNS FROM `ecs_category` [ RunTime:0.0000s ]
SQL: SELECT `cat_id` FROM `ecs_goods` WHERE `goods_id` = '22228'  [ RunTime:0.0000s ]
SQL: SELECT `categoryId` FROM `ecs_category` WHERE `cat_id` = 44  [ RunTime:0.0000s ]
NOTIC: [8] Use of undefined constant eq - assumed 'eq' D:\phpStudy\WWW\ecservice\Application\GetProductDetail\Controller\IndexController.class.php 第 71 行.
SQL: SHOW COLUMNS FROM `ecs_brand` [ RunTime:0.0000s ]
SQL: SELECT `brand_name` FROM `ecs_brand` WHERE `brand_id` = '128'  [ RunTime:0.0000s ]

[ 2017-12-07T09:02:29+08:00 ] 127.0.0.1 /ecservice/getProductDetail
INFO: [ app_init ] --START--
INFO: Run Behavior\BuildLiteBehavior [ RunTime:0.000000s ]
INFO: [ app_init ] --END-- [ RunTime:0.000000s ]
INFO: [ app_begin ] --START--
INFO: Run Behavior\ReadHtmlCacheBehavior [ RunTime:0.000000s ]
INFO: [ app_begin ] --END-- [ RunTime:0.000000s ]
NOTIC: [8] Undefined variable: appkey D:\phpStudy\WWW\ecservice\Application\GetProductDetail\Controller\IndexController.class.php 第 33 行.
SQL: SHOW COLUMNS FROM `ecs_goods` [ RunTime:0.0156s ]
NOTIC: [8] Use of undefined constant eq - assumed 'eq' D:\phpStudy\WWW\ecservice\Application\GetProductDetail\Controller\IndexController.class.php 第 43 行.
SQL: SELECT * FROM `ecs_goods` WHERE `goods_id` = '22229'  [ RunTime:0.0000s ]
SQL: SHOW COLUMNS FROM `ecs_category` [ RunTime:0.0000s ]
SQL: SELECT `cat_id` FROM `ecs_goods` WHERE `goods_id` = '22229'  [ RunTime:0.0000s ]
SQL: SELECT `categoryId` FROM `ecs_category` WHERE `cat_id` = 44  [ RunTime:0.0000s ]
NOTIC: [8] Use of undefined constant eq - assumed 'eq' D:\phpStudy\WWW\ecservice\Application\GetProductDetail\Controller\IndexController.class.php 第 71 行.
SQL: SHOW COLUMNS FROM `ecs_brand` [ RunTime:0.0156s ]
SQL: SELECT `brand_name` FROM `ecs_brand` WHERE `brand_id` = '128'  [ RunTime:0.0000s ]

[ 2017-12-07T09:02:31+08:00 ] 127.0.0.1 /ecservice/getProductDetail
INFO: [ app_init ] --START--
INFO: Run Behavior\BuildLiteBehavior [ RunTime:0.000000s ]
INFO: [ app_init ] --END-- [ RunTime:0.000000s ]
INFO: [ app_begin ] --START--
INFO: Run Behavior\ReadHtmlCacheBehavior [ RunTime:0.000000s ]
INFO: [ app_begin ] --END-- [ RunTime:0.000000s ]
NOTIC: [8] Undefined variable: appkey D:\phpStudy\WWW\ecservice\Application\GetProductDetail\Controller\IndexController.class.php 第 33 行.
SQL: SHOW COLUMNS FROM `ecs_goods` [ RunTime:0.0000s ]
NOTIC: [8] Use of undefined constant eq - assumed 'eq' D:\phpStudy\WWW\ecservice\Application\GetProductDetail\Controller\IndexController.class.php 第 43 行.
SQL: SELECT * FROM `ecs_goods` WHERE `goods_id` = '85'  [ RunTime:0.0000s ]
SQL: SHOW COLUMNS FROM `ecs_category` [ RunTime:0.0000s ]
SQL: SELECT `cat_id` FROM `ecs_goods` WHERE `goods_id` = '85'  [ RunTime:0.0000s ]
SQL: SELECT `categoryId` FROM `ecs_category` WHERE `cat_id` = 45  [ RunTime:0.0000s ]
NOTIC: [8] Use of undefined constant eq - assumed 'eq' D:\phpStudy\WWW\ecservice\Application\GetProductDetail\Controller\IndexController.class.php 第 71 行.
SQL: SHOW COLUMNS FROM `ecs_brand` [ RunTime:0.0156s ]
SQL: SELECT `brand_name` FROM `ecs_brand` WHERE `brand_id` = '0'  [ RunTime:0.0000s ]
NOTIC: [8] Undefined offset: 0 D:\phpStudy\WWW\ecservice\Application\GetProductDetail\Controller\IndexController.class.php 第 75 行.
NOTIC: [8] Undefined offset: 0 D:\phpStudy\WWW\ecservice\Application\GetProductDetail\Controller\IndexController.class.php 第 89 行.

[ 2017-12-07T09:02:32+08:00 ] 127.0.0.1 /ecservice/getProductDetail
INFO: [ app_init ] --START--
INFO: Run Behavior\BuildLiteBehavior [ RunTime:0.000000s ]
INFO: [ app_init ] --END-- [ RunTime:0.000000s ]
INFO: [ app_begin ] --START--
INFO: Run Behavior\ReadHtmlCacheBehavior [ RunTime:0.000000s ]
INFO: [ app_begin ] --END-- [ RunTime:0.000000s ]
NOTIC: [8] Undefined variable: appkey D:\phpStudy\WWW\ecservice\Application\GetProductDetail\Controller\IndexController.class.php 第 33 行.
SQL: SHOW COLUMNS FROM `ecs_goods` [ RunTime:0.0000s ]
NOTIC: [8] Use of undefined constant eq - assumed 'eq' D:\phpStudy\WWW\ecservice\Application\GetProductDetail\Controller\IndexController.class.php 第 43 行.
SQL: SELECT * FROM `ecs_goods` WHERE `goods_id` = '20439'  [ RunTime:0.0156s ]
SQL: SHOW COLUMNS FROM `ecs_category` [ RunTime:0.0000s ]
SQL: SELECT `cat_id` FROM `ecs_goods` WHERE `goods_id` = '20439'  [ RunTime:0.0000s ]
SQL: SELECT `categoryId` FROM `ecs_category` WHERE `cat_id` = 45  [ RunTime:0.0000s ]
NOTIC: [8] Use of undefined constant eq - assumed 'eq' D:\phpStudy\WWW\ecservice\Application\GetProductDetail\Controller\IndexController.class.php 第 71 行.
SQL: SHOW COLUMNS FROM `ecs_brand` [ RunTime:0.0156s ]
SQL: SELECT `brand_name` FROM `ecs_brand` WHERE `brand_id` = '1222'  [ RunTime:0.0000s ]

[ 2017-12-07T09:02:34+08:00 ] 127.0.0.1 /ecservice/getProductDetail
INFO: [ app_init ] --START--
INFO: Run Behavior\BuildLiteBehavior [ RunTime:0.000000s ]
INFO: [ app_init ] --END-- [ RunTime:0.000000s ]
INFO: [ app_begin ] --START--
INFO: Run Behavior\ReadHtmlCacheBehavior [ RunTime:0.000000s ]
INFO: [ app_begin ] --END-- [ RunTime:0.000000s ]
NOTIC: [8] Undefined variable: appkey D:\phpStudy\WWW\ecservice\Application\GetProductDetail\Controller\IndexController.class.php 第 33 行.
SQL: SHOW COLUMNS FROM `ecs_goods` [ RunTime:0.0000s ]
NOTIC: [8] Use of undefined constant eq - assumed 'eq' D:\phpStudy\WWW\ecservice\Application\GetProductDetail\Controller\IndexController.class.php 第 43 行.
SQL: SELECT * FROM `ecs_goods` WHERE `goods_id` = '20440'  [ RunTime:0.0000s ]
SQL: SHOW COLUMNS FROM `ecs_category` [ RunTime:0.0000s ]
SQL: SELECT `cat_id` FROM `ecs_goods` WHERE `goods_id` = '20440'  [ RunTime:0.0000s ]
SQL: SELECT `categoryId` FROM `ecs_category` WHERE `cat_id` = 45  [ RunTime:0.0000s ]
NOTIC: [8] Use of undefined constant eq - assumed 'eq' D:\phpStudy\WWW\ecservice\Application\GetProductDetail\Controller\IndexController.class.php 第 71 行.
SQL: SHOW COLUMNS FROM `ecs_brand` [ RunTime:0.0156s ]
SQL: SELECT `brand_name` FROM `ecs_brand` WHERE `brand_id` = '231'  [ RunTime:0.0000s ]

[ 2017-12-07T09:02:35+08:00 ] 127.0.0.1 /ecservice/getProductDetail
INFO: [ app_init ] --START--
INFO: Run Behavior\BuildLiteBehavior [ RunTime:0.000000s ]
INFO: [ app_init ] --END-- [ RunTime:0.000000s ]
INFO: [ app_begin ] --START--
INFO: Run Behavior\ReadHtmlCacheBehavior [ RunTime:0.000000s ]
INFO: [ app_begin ] --END-- [ RunTime:0.000000s ]
NOTIC: [8] Undefined variable: appkey D:\phpStudy\WWW\ecservice\Application\GetProductDetail\Controller\IndexController.class.php 第 33 行.
SQL: SHOW COLUMNS FROM `ecs_goods` [ RunTime:0.0156s ]
NOTIC: [8] Use of undefined constant eq - assumed 'eq' D:\phpStudy\WWW\ecservice\Application\GetProductDetail\Controller\IndexController.class.php 第 43 行.
SQL: SELECT * FROM `ecs_goods` WHERE `goods_id` = '92'  [ RunTime:0.0000s ]
SQL: SHOW COLUMNS FROM `ecs_category` [ RunTime:0.0000s ]
SQL: SELECT `cat_id` FROM `ecs_goods` WHERE `goods_id` = '92'  [ RunTime:0.0000s ]
SQL: SELECT `categoryId` FROM `ecs_category` WHERE `cat_id` = 50  [ RunTime:0.0000s ]
NOTIC: [8] Use of undefined constant eq - assumed 'eq' D:\phpStudy\WWW\ecservice\Application\GetProductDetail\Controller\IndexController.class.php 第 71 行.
SQL: SHOW COLUMNS FROM `ecs_brand` [ RunTime:0.0156s ]
SQL: SELECT `brand_name` FROM `ecs_brand` WHERE `brand_id` = '0'  [ RunTime:0.0000s ]
NOTIC: [8] Undefined offset: 0 D:\phpStudy\WWW\ecservice\Application\GetProductDetail\Controller\IndexController.class.php 第 75 行.
NOTIC: [8] Undefined offset: 0 D:\phpStudy\WWW\ecservice\Application\GetProductDetail\Controller\IndexController.class.php 第 89 行.

[ 2017-12-07T09:02:37+08:00 ] 127.0.0.1 /ecservice/getProductDetail
INFO: [ app_init ] --START--
INFO: Run Behavior\BuildLiteBehavior [ RunTime:0.000000s ]
INFO: [ app_init ] --END-- [ RunTime:0.000000s ]
INFO: [ app_begin ] --START--
INFO: Run Behavior\ReadHtmlCacheBehavior [ RunTime:0.000000s ]
INFO: [ app_begin ] --END-- [ RunTime:0.000000s ]
NOTIC: [8] Undefined variable: appkey D:\phpStudy\WWW\ecservice\Application\GetProductDetail\Controller\IndexController.class.php 第 33 行.
SQL: SHOW COLUMNS FROM `ecs_goods` [ RunTime:0.0000s ]
NOTIC: [8] Use of undefined constant eq - assumed 'eq' D:\phpStudy\WWW\ecservice\Application\GetProductDetail\Controller\IndexController.class.php 第 43 行.
SQL: SELECT * FROM `ecs_goods` WHERE `goods_id` = '18237'  [ RunTime:0.0156s ]
SQL: SHOW COLUMNS FROM `ecs_category` [ RunTime:0.0000s ]
SQL: SELECT `cat_id` FROM `ecs_goods` WHERE `goods_id` = '18237'  [ RunTime:0.0000s ]
SQL: SELECT `categoryId` FROM `ecs_category` WHERE `cat_id` = 50  [ RunTime:0.0000s ]
NOTIC: [8] Use of undefined constant eq - assumed 'eq' D:\phpStudy\WWW\ecservice\Application\GetProductDetail\Controller\IndexController.class.php 第 71 行.
SQL: SHOW COLUMNS FROM `ecs_brand` [ RunTime:0.0156s ]
SQL: SELECT `brand_name` FROM `ecs_brand` WHERE `brand_id` = '231'  [ RunTime:0.0000s ]

[ 2017-12-07T09:02:38+08:00 ] 127.0.0.1 /ecservice/getProductDetail
INFO: [ app_init ] --START--
INFO: Run Behavior\BuildLiteBehavior [ RunTime:0.000000s ]
INFO: [ app_init ] --END-- [ RunTime:0.000000s ]
INFO: [ app_begin ] --START--
INFO: Run Behavior\ReadHtmlCacheBehavior [ RunTime:0.000000s ]
INFO: [ app_begin ] --END-- [ RunTime:0.000000s ]
NOTIC: [8] Undefined variable: appkey D:\phpStudy\WWW\ecservice\Application\GetProductDetail\Controller\IndexController.class.php 第 33 行.
SQL: SHOW COLUMNS FROM `ecs_goods` [ RunTime:0.0000s ]
NOTIC: [8] Use of undefined constant eq - assumed 'eq' D:\phpStudy\WWW\ecservice\Application\GetProductDetail\Controller\IndexController.class.php 第 43 行.
SQL: SELECT * FROM `ecs_goods` WHERE `goods_id` = '18238'  [ RunTime:0.0000s ]
SQL: SHOW COLUMNS FROM `ecs_category` [ RunTime:0.0000s ]
SQL: SELECT `cat_id` FROM `ecs_goods` WHERE `goods_id` = '18238'  [ RunTime:0.0000s ]
SQL: SELECT `categoryId` FROM `ecs_category` WHERE `cat_id` = 50  [ RunTime:0.0000s ]
NOTIC: [8] Use of undefined constant eq - assumed 'eq' D:\phpStudy\WWW\ecservice\Application\GetProductDetail\Controller\IndexController.class.php 第 71 行.
SQL: SHOW COLUMNS FROM `ecs_brand` [ RunTime:0.0156s ]
SQL: SELECT `brand_name` FROM `ecs_brand` WHERE `brand_id` = '990'  [ RunTime:0.0156s ]

[ 2017-12-07T09:03:47+08:00 ] 127.0.0.1 /ecservice/getProductDetail
INFO: [ app_init ] --START--
INFO: Run Behavior\BuildLiteBehavior [ RunTime:0.000000s ]
INFO: [ app_init ] --END-- [ RunTime:0.000000s ]
INFO: [ app_begin ] --START--
INFO: Run Behavior\ReadHtmlCacheBehavior [ RunTime:0.000000s ]
INFO: [ app_begin ] --END-- [ RunTime:0.000000s ]
NOTIC: [8] Undefined variable: appkey D:\phpStudy\WWW\ecservice\Application\GetProductDetail\Controller\IndexController.class.php 第 33 行.
SQL: SHOW COLUMNS FROM `ecs_goods` [ RunTime:0.0000s ]
NOTIC: [8] Use of undefined constant eq - assumed 'eq' D:\phpStudy\WWW\ecservice\Application\GetProductDetail\Controller\IndexController.class.php 第 43 行.
SQL: SELECT * FROM `ecs_goods` WHERE `goods_id` = '68'  [ RunTime:0.0000s ]
SQL: SHOW COLUMNS FROM `ecs_category` [ RunTime:0.0000s ]
SQL: SELECT `cat_id` FROM `ecs_goods` WHERE `goods_id` = '68'  [ RunTime:0.0000s ]
SQL: SELECT `categoryId` FROM `ecs_category` WHERE `cat_id` = 44  [ RunTime:0.0000s ]
NOTIC: [8] Use of undefined constant eq - assumed 'eq' D:\phpStudy\WWW\ecservice\Application\GetProductDetail\Controller\IndexController.class.php 第 71 行.
SQL: SHOW COLUMNS FROM `ecs_brand` [ RunTime:0.0156s ]
SQL: SELECT `brand_name` FROM `ecs_brand` WHERE `brand_id` = '0'  [ RunTime:0.0000s ]
NOTIC: [8] Undefined offset: 0 D:\phpStudy\WWW\ecservice\Application\GetProductDetail\Controller\IndexController.class.php 第 75 行.
NOTIC: [8] Undefined offset: 0 D:\phpStudy\WWW\ecservice\Application\GetProductDetail\Controller\IndexController.class.php 第 89 行.

[ 2017-12-07T09:03:48+08:00 ] 127.0.0.1 /ecservice/getProductDetail
INFO: [ app_init ] --START--
INFO: Run Behavior\BuildLiteBehavior [ RunTime:0.000000s ]
INFO: [ app_init ] --END-- [ RunTime:0.000000s ]
INFO: [ app_begin ] --START--
INFO: Run Behavior\ReadHtmlCacheBehavior [ RunTime:0.000000s ]
INFO: [ app_begin ] --END-- [ RunTime:0.000000s ]
NOTIC: [8] Undefined variable: appkey D:\phpStudy\WWW\ecservice\Application\GetProductDetail\Controller\IndexController.class.php 第 33 行.
SQL: SHOW COLUMNS FROM `ecs_goods` [ RunTime:0.0000s ]
NOTIC: [8] Use of undefined constant eq - assumed 'eq' D:\phpStudy\WWW\ecservice\Application\GetProductDetail\Controller\IndexController.class.php 第 43 行.
SQL: SELECT * FROM `ecs_goods` WHERE `goods_id` = '22228'  [ RunTime:0.0000s ]
SQL: SHOW COLUMNS FROM `ecs_category` [ RunTime:0.0000s ]
SQL: SELECT `cat_id` FROM `ecs_goods` WHERE `goods_id` = '22228'  [ RunTime:0.0000s ]
SQL: SELECT `categoryId` FROM `ecs_category` WHERE `cat_id` = 44  [ RunTime:0.0000s ]
NOTIC: [8] Use of undefined constant eq - assumed 'eq' D:\phpStudy\WWW\ecservice\Application\GetProductDetail\Controller\IndexController.class.php 第 71 行.
SQL: SHOW COLUMNS FROM `ecs_brand` [ RunTime:0.0156s ]
SQL: SELECT `brand_name` FROM `ecs_brand` WHERE `brand_id` = '128'  [ RunTime:0.0000s ]

[ 2017-12-07T09:03:49+08:00 ] 127.0.0.1 /ecservice/getProductDetail
INFO: [ app_init ] --START--
INFO: Run Behavior\BuildLiteBehavior [ RunTime:0.000000s ]
INFO: [ app_init ] --END-- [ RunTime:0.000000s ]
INFO: [ app_begin ] --START--
INFO: Run Behavior\ReadHtmlCacheBehavior [ RunTime:0.000000s ]
INFO: [ app_begin ] --END-- [ RunTime:0.000000s ]
NOTIC: [8] Undefined variable: appkey D:\phpStudy\WWW\ecservice\Application\GetProductDetail\Controller\IndexController.class.php 第 33 行.
SQL: SHOW COLUMNS FROM `ecs_goods` [ RunTime:0.0000s ]
NOTIC: [8] Use of undefined constant eq - assumed 'eq' D:\phpStudy\WWW\ecservice\Application\GetProductDetail\Controller\IndexController.class.php 第 43 行.
SQL: SELECT * FROM `ecs_goods` WHERE `goods_id` = '22229'  [ RunTime:0.0000s ]
SQL: SHOW COLUMNS FROM `ecs_category` [ RunTime:0.0000s ]
SQL: SELECT `cat_id` FROM `ecs_goods` WHERE `goods_id` = '22229'  [ RunTime:0.0000s ]
SQL: SELECT `categoryId` FROM `ecs_category` WHERE `cat_id` = 44  [ RunTime:0.0000s ]
NOTIC: [8] Use of undefined constant eq - assumed 'eq' D:\phpStudy\WWW\ecservice\Application\GetProductDetail\Controller\IndexController.class.php 第 71 行.
SQL: SHOW COLUMNS FROM `ecs_brand` [ RunTime:0.0156s ]
SQL: SELECT `brand_name` FROM `ecs_brand` WHERE `brand_id` = '128'  [ RunTime:0.0000s ]

[ 2017-12-07T09:03:50+08:00 ] 127.0.0.1 /ecservice/getProductDetail
INFO: [ app_init ] --START--
INFO: Run Behavior\BuildLiteBehavior [ RunTime:0.000000s ]
INFO: [ app_init ] --END-- [ RunTime:0.000000s ]
INFO: [ app_begin ] --START--
INFO: Run Behavior\ReadHtmlCacheBehavior [ RunTime:0.000000s ]
INFO: [ app_begin ] --END-- [ RunTime:0.000000s ]
NOTIC: [8] Undefined variable: appkey D:\phpStudy\WWW\ecservice\Application\GetProductDetail\Controller\IndexController.class.php 第 33 行.
SQL: SHOW COLUMNS FROM `ecs_goods` [ RunTime:0.0000s ]
NOTIC: [8] Use of undefined constant eq - assumed 'eq' D:\phpStudy\WWW\ecservice\Application\GetProductDetail\Controller\IndexController.class.php 第 43 行.
SQL: SELECT * FROM `ecs_goods` WHERE `goods_id` = '85'  [ RunTime:0.0000s ]
SQL: SHOW COLUMNS FROM `ecs_category` [ RunTime:0.0000s ]
SQL: SELECT `cat_id` FROM `ecs_goods` WHERE `goods_id` = '85'  [ RunTime:0.0000s ]
SQL: SELECT `categoryId` FROM `ecs_category` WHERE `cat_id` = 45  [ RunTime:0.0000s ]
NOTIC: [8] Use of undefined constant eq - assumed 'eq' D:\phpStudy\WWW\ecservice\Application\GetProductDetail\Controller\IndexController.class.php 第 71 行.
SQL: SHOW COLUMNS FROM `ecs_brand` [ RunTime:0.0156s ]
SQL: SELECT `brand_name` FROM `ecs_brand` WHERE `brand_id` = '0'  [ RunTime:0.0000s ]
NOTIC: [8] Undefined offset: 0 D:\phpStudy\WWW\ecservice\Application\GetProductDetail\Controller\IndexController.class.php 第 75 行.
NOTIC: [8] Undefined offset: 0 D:\phpStudy\WWW\ecservice\Application\GetProductDetail\Controller\IndexController.class.php 第 89 行.

[ 2017-12-07T09:03:52+08:00 ] 127.0.0.1 /ecservice/getProductDetail
INFO: [ app_init ] --START--
INFO: Run Behavior\BuildLiteBehavior [ RunTime:0.000000s ]
INFO: [ app_init ] --END-- [ RunTime:0.000000s ]
INFO: [ app_begin ] --START--
INFO: Run Behavior\ReadHtmlCacheBehavior [ RunTime:0.000000s ]
INFO: [ app_begin ] --END-- [ RunTime:0.000000s ]
NOTIC: [8] Undefined variable: appkey D:\phpStudy\WWW\ecservice\Application\GetProductDetail\Controller\IndexController.class.php 第 33 行.
SQL: SHOW COLUMNS FROM `ecs_goods` [ RunTime:0.0000s ]
NOTIC: [8] Use of undefined constant eq - assumed 'eq' D:\phpStudy\WWW\ecservice\Application\GetProductDetail\Controller\IndexController.class.php 第 43 行.
SQL: SELECT * FROM `ecs_goods` WHERE `goods_id` = '20439'  [ RunTime:0.0000s ]
SQL: SHOW COLUMNS FROM `ecs_category` [ RunTime:0.0000s ]
SQL: SELECT `cat_id` FROM `ecs_goods` WHERE `goods_id` = '20439'  [ RunTime:0.0000s ]
SQL: SELECT `categoryId` FROM `ecs_category` WHERE `cat_id` = 45  [ RunTime:0.0000s ]
NOTIC: [8] Use of undefined constant eq - assumed 'eq' D:\phpStudy\WWW\ecservice\Application\GetProductDetail\Controller\IndexController.class.php 第 71 行.
SQL: SHOW COLUMNS FROM `ecs_brand` [ RunTime:0.0156s ]
SQL: SELECT `brand_name` FROM `ecs_brand` WHERE `brand_id` = '1222'  [ RunTime:0.0000s ]

[ 2017-12-07T09:03:53+08:00 ] 127.0.0.1 /ecservice/getProductDetail
INFO: [ app_init ] --START--
INFO: Run Behavior\BuildLiteBehavior [ RunTime:0.000000s ]
INFO: [ app_init ] --END-- [ RunTime:0.000000s ]
INFO: [ app_begin ] --START--
INFO: Run Behavior\ReadHtmlCacheBehavior [ RunTime:0.000000s ]
INFO: [ app_begin ] --END-- [ RunTime:0.000000s ]
NOTIC: [8] Undefined variable: appkey D:\phpStudy\WWW\ecservice\Application\GetProductDetail\Controller\IndexController.class.php 第 33 行.
SQL: SHOW COLUMNS FROM `ecs_goods` [ RunTime:0.0000s ]
NOTIC: [8] Use of undefined constant eq - assumed 'eq' D:\phpStudy\WWW\ecservice\Application\GetProductDetail\Controller\IndexController.class.php 第 43 行.
SQL: SELECT * FROM `ecs_goods` WHERE `goods_id` = '20440'  [ RunTime:0.0000s ]
SQL: SHOW COLUMNS FROM `ecs_category` [ RunTime:0.0000s ]
SQL: SELECT `cat_id` FROM `ecs_goods` WHERE `goods_id` = '20440'  [ RunTime:0.0000s ]
SQL: SELECT `categoryId` FROM `ecs_category` WHERE `cat_id` = 45  [ RunTime:0.0000s ]
NOTIC: [8] Use of undefined constant eq - assumed 'eq' D:\phpStudy\WWW\ecservice\Application\GetProductDetail\Controller\IndexController.class.php 第 71 行.
SQL: SHOW COLUMNS FROM `ecs_brand` [ RunTime:0.0156s ]
SQL: SELECT `brand_name` FROM `ecs_brand` WHERE `brand_id` = '231'  [ RunTime:0.0000s ]

[ 2017-12-07T09:03:54+08:00 ] 127.0.0.1 /ecservice/getProductDetail
INFO: [ app_init ] --START--
INFO: Run Behavior\BuildLiteBehavior [ RunTime:0.000000s ]
INFO: [ app_init ] --END-- [ RunTime:0.000000s ]
INFO: [ app_begin ] --START--
INFO: Run Behavior\ReadHtmlCacheBehavior [ RunTime:0.000000s ]
INFO: [ app_begin ] --END-- [ RunTime:0.000000s ]
NOTIC: [8] Undefined variable: appkey D:\phpStudy\WWW\ecservice\Application\GetProductDetail\Controller\IndexController.class.php 第 33 行.
SQL: SHOW COLUMNS FROM `ecs_goods` [ RunTime:0.0000s ]
NOTIC: [8] Use of undefined constant eq - assumed 'eq' D:\phpStudy\WWW\ecservice\Application\GetProductDetail\Controller\IndexController.class.php 第 43 行.
SQL: SELECT * FROM `ecs_goods` WHERE `goods_id` = '92'  [ RunTime:0.0000s ]
SQL: SHOW COLUMNS FROM `ecs_category` [ RunTime:0.0000s ]
SQL: SELECT `cat_id` FROM `ecs_goods` WHERE `goods_id` = '92'  [ RunTime:0.0000s ]
SQL: SELECT `categoryId` FROM `ecs_category` WHERE `cat_id` = 50  [ RunTime:0.0000s ]
NOTIC: [8] Use of undefined constant eq - assumed 'eq' D:\phpStudy\WWW\ecservice\Application\GetProductDetail\Controller\IndexController.class.php 第 71 行.
SQL: SHOW COLUMNS FROM `ecs_brand` [ RunTime:0.0156s ]
SQL: SELECT `brand_name` FROM `ecs_brand` WHERE `brand_id` = '0'  [ RunTime:0.0000s ]
NOTIC: [8] Undefined offset: 0 D:\phpStudy\WWW\ecservice\Application\GetProductDetail\Controller\IndexController.class.php 第 75 行.
NOTIC: [8] Undefined offset: 0 D:\phpStudy\WWW\ecservice\Application\GetProductDetail\Controller\IndexController.class.php 第 89 行.

[ 2017-12-07T09:03:56+08:00 ] 127.0.0.1 /ecservice/getProductDetail
INFO: [ app_init ] --START--
INFO: Run Behavior\BuildLiteBehavior [ RunTime:0.000000s ]
INFO: [ app_init ] --END-- [ RunTime:0.000000s ]
INFO: [ app_begin ] --START--
INFO: Run Behavior\ReadHtmlCacheBehavior [ RunTime:0.000000s ]
INFO: [ app_begin ] --END-- [ RunTime:0.000000s ]
NOTIC: [8] Undefined variable: appkey D:\phpStudy\WWW\ecservice\Application\GetProductDetail\Controller\IndexController.class.php 第 33 行.
SQL: SHOW COLUMNS FROM `ecs_goods` [ RunTime:0.0000s ]
NOTIC: [8] Use of undefined constant eq - assumed 'eq' D:\phpStudy\WWW\ecservice\Application\GetProductDetail\Controller\IndexController.class.php 第 43 行.
SQL: SELECT * FROM `ecs_goods` WHERE `goods_id` = '18237'  [ RunTime:0.0000s ]
SQL: SHOW COLUMNS FROM `ecs_category` [ RunTime:0.0000s ]
SQL: SELECT `cat_id` FROM `ecs_goods` WHERE `goods_id` = '18237'  [ RunTime:0.0000s ]
SQL: SELECT `categoryId` FROM `ecs_category` WHERE `cat_id` = 50  [ RunTime:0.0000s ]
NOTIC: [8] Use of undefined constant eq - assumed 'eq' D:\phpStudy\WWW\ecservice\Application\GetProductDetail\Controller\IndexController.class.php 第 71 行.
SQL: SHOW COLUMNS FROM `ecs_brand` [ RunTime:0.0156s ]
SQL: SELECT `brand_name` FROM `ecs_brand` WHERE `brand_id` = '231'  [ RunTime:0.0000s ]

[ 2017-12-07T09:03:57+08:00 ] 127.0.0.1 /ecservice/getProductDetail
INFO: [ app_init ] --START--
INFO: Run Behavior\BuildLiteBehavior [ RunTime:0.000000s ]
INFO: [ app_init ] --END-- [ RunTime:0.000000s ]
INFO: [ app_begin ] --START--
INFO: Run Behavior\ReadHtmlCacheBehavior [ RunTime:0.000000s ]
INFO: [ app_begin ] --END-- [ RunTime:0.000000s ]
NOTIC: [8] Undefined variable: appkey D:\phpStudy\WWW\ecservice\Application\GetProductDetail\Controller\IndexController.class.php 第 33 行.
SQL: SHOW COLUMNS FROM `ecs_goods` [ RunTime:0.0000s ]
NOTIC: [8] Use of undefined constant eq - assumed 'eq' D:\phpStudy\WWW\ecservice\Application\GetProductDetail\Controller\IndexController.class.php 第 43 行.
SQL: SELECT * FROM `ecs_goods` WHERE `goods_id` = '18238'  [ RunTime:0.0000s ]
SQL: SHOW COLUMNS FROM `ecs_category` [ RunTime:0.0000s ]
SQL: SELECT `cat_id` FROM `ecs_goods` WHERE `goods_id` = '18238'  [ RunTime:0.0000s ]
SQL: SELECT `categoryId` FROM `ecs_category` WHERE `cat_id` = 50  [ RunTime:0.0000s ]
NOTIC: [8] Use of undefined constant eq - assumed 'eq' D:\phpStudy\WWW\ecservice\Application\GetProductDetail\Controller\IndexController.class.php 第 71 行.
SQL: SHOW COLUMNS FROM `ecs_brand` [ RunTime:0.0156s ]
SQL: SELECT `brand_name` FROM `ecs_brand` WHERE `brand_id` = '990'  [ RunTime:0.0000s ]

[ 2017-12-07T09:06:44+08:00 ] 127.0.0.1 /ecservice/getProductDetail
INFO: [ app_init ] --START--
INFO: Run Behavior\BuildLiteBehavior [ RunTime:0.000000s ]
INFO: [ app_init ] --END-- [ RunTime:0.000000s ]
INFO: [ app_begin ] --START--
INFO: Run Behavior\ReadHtmlCacheBehavior [ RunTime:0.000000s ]
INFO: [ app_begin ] --END-- [ RunTime:0.000000s ]
NOTIC: [8] Undefined variable: appkey D:\phpStudy\WWW\ecservice\Application\GetProductDetail\Controller\IndexController.class.php 第 33 行.
SQL: SHOW COLUMNS FROM `ecs_goods` [ RunTime:0.0000s ]
NOTIC: [8] Use of undefined constant eq - assumed 'eq' D:\phpStudy\WWW\ecservice\Application\GetProductDetail\Controller\IndexController.class.php 第 43 行.
SQL: SELECT * FROM `ecs_goods` WHERE `goods_id` = '68'  [ RunTime:0.0000s ]
SQL: SHOW COLUMNS FROM `ecs_category` [ RunTime:0.0000s ]
SQL: SELECT `cat_id` FROM `ecs_goods` WHERE `goods_id` = '68'  [ RunTime:0.0000s ]
SQL: SELECT `categoryId` FROM `ecs_category` WHERE `cat_id` = 44  [ RunTime:0.0000s ]
NOTIC: [8] Use of undefined constant eq - assumed 'eq' D:\phpStudy\WWW\ecservice\Application\GetProductDetail\Controller\IndexController.class.php 第 71 行.
SQL: SHOW COLUMNS FROM `ecs_brand` [ RunTime:0.0156s ]
SQL: SELECT `brand_name` FROM `ecs_brand` WHERE `brand_id` = '0'  [ RunTime:0.0000s ]
NOTIC: [8] Undefined offset: 0 D:\phpStudy\WWW\ecservice\Application\GetProductDetail\Controller\IndexController.class.php 第 75 行.
NOTIC: [8] Undefined offset: 0 D:\phpStudy\WWW\ecservice\Application\GetProductDetail\Controller\IndexController.class.php 第 89 行.

[ 2017-12-07T09:06:45+08:00 ] 127.0.0.1 /ecservice/getProductDetail
INFO: [ app_init ] --START--
INFO: Run Behavior\BuildLiteBehavior [ RunTime:0.000000s ]
INFO: [ app_init ] --END-- [ RunTime:0.000000s ]
INFO: [ app_begin ] --START--
INFO: Run Behavior\ReadHtmlCacheBehavior [ RunTime:0.000000s ]
INFO: [ app_begin ] --END-- [ RunTime:0.000000s ]
NOTIC: [8] Undefined variable: appkey D:\phpStudy\WWW\ecservice\Application\GetProductDetail\Controller\IndexController.class.php 第 33 行.
SQL: SHOW COLUMNS FROM `ecs_goods` [ RunTime:0.0000s ]
NOTIC: [8] Use of undefined constant eq - assumed 'eq' D:\phpStudy\WWW\ecservice\Application\GetProductDetail\Controller\IndexController.class.php 第 43 行.
SQL: SELECT * FROM `ecs_goods` WHERE `goods_id` = '22228'  [ RunTime:0.0000s ]
SQL: SHOW COLUMNS FROM `ecs_category` [ RunTime:0.0156s ]
SQL: SELECT `cat_id` FROM `ecs_goods` WHERE `goods_id` = '22228'  [ RunTime:0.0000s ]
SQL: SELECT `categoryId` FROM `ecs_category` WHERE `cat_id` = 44  [ RunTime:0.0000s ]
NOTIC: [8] Use of undefined constant eq - assumed 'eq' D:\phpStudy\WWW\ecservice\Application\GetProductDetail\Controller\IndexController.class.php 第 71 行.
SQL: SHOW COLUMNS FROM `ecs_brand` [ RunTime:0.0000s ]
SQL: SELECT `brand_name` FROM `ecs_brand` WHERE `brand_id` = '128'  [ RunTime:0.0000s ]

[ 2017-12-07T09:06:46+08:00 ] 127.0.0.1 /ecservice/getProductDetail
INFO: [ app_init ] --START--
INFO: Run Behavior\BuildLiteBehavior [ RunTime:0.000000s ]
INFO: [ app_init ] --END-- [ RunTime:0.000000s ]
INFO: [ app_begin ] --START--
INFO: Run Behavior\ReadHtmlCacheBehavior [ RunTime:0.000000s ]
INFO: [ app_begin ] --END-- [ RunTime:0.000000s ]
NOTIC: [8] Undefined variable: appkey D:\phpStudy\WWW\ecservice\Application\GetProductDetail\Controller\IndexController.class.php 第 33 行.
SQL: SHOW COLUMNS FROM `ecs_goods` [ RunTime:0.0000s ]
NOTIC: [8] Use of undefined constant eq - assumed 'eq' D:\phpStudy\WWW\ecservice\Application\GetProductDetail\Controller\IndexController.class.php 第 43 行.
SQL: SELECT * FROM `ecs_goods` WHERE `goods_id` = '22229'  [ RunTime:0.0000s ]
SQL: SHOW COLUMNS FROM `ecs_category` [ RunTime:0.0000s ]
SQL: SELECT `cat_id` FROM `ecs_goods` WHERE `goods_id` = '22229'  [ RunTime:0.0000s ]
SQL: SELECT `categoryId` FROM `ecs_category` WHERE `cat_id` = 44  [ RunTime:0.0000s ]
NOTIC: [8] Use of undefined constant eq - assumed 'eq' D:\phpStudy\WWW\ecservice\Application\GetProductDetail\Controller\IndexController.class.php 第 71 行.
SQL: SHOW COLUMNS FROM `ecs_brand` [ RunTime:0.0156s ]
SQL: SELECT `brand_name` FROM `ecs_brand` WHERE `brand_id` = '128'  [ RunTime:0.0000s ]

[ 2017-12-07T09:06:48+08:00 ] 127.0.0.1 /ecservice/getProductDetail
INFO: [ app_init ] --START--
INFO: Run Behavior\BuildLiteBehavior [ RunTime:0.000000s ]
INFO: [ app_init ] --END-- [ RunTime:0.000000s ]
INFO: [ app_begin ] --START--
INFO: Run Behavior\ReadHtmlCacheBehavior [ RunTime:0.000000s ]
INFO: [ app_begin ] --END-- [ RunTime:0.000000s ]
NOTIC: [8] Undefined variable: appkey D:\phpStudy\WWW\ecservice\Application\GetProductDetail\Controller\IndexController.class.php 第 33 行.
SQL: SHOW COLUMNS FROM `ecs_goods` [ RunTime:0.0000s ]
NOTIC: [8] Use of undefined constant eq - assumed 'eq' D:\phpStudy\WWW\ecservice\Application\GetProductDetail\Controller\IndexController.class.php 第 43 行.
SQL: SELECT * FROM `ecs_goods` WHERE `goods_id` = '85'  [ RunTime:0.0000s ]
SQL: SHOW COLUMNS FROM `ecs_category` [ RunTime:0.0000s ]
SQL: SELECT `cat_id` FROM `ecs_goods` WHERE `goods_id` = '85'  [ RunTime:0.0000s ]
SQL: SELECT `categoryId` FROM `ecs_category` WHERE `cat_id` = 45  [ RunTime:0.0000s ]
NOTIC: [8] Use of undefined constant eq - assumed 'eq' D:\phpStudy\WWW\ecservice\Application\GetProductDetail\Controller\IndexController.class.php 第 71 行.
SQL: SHOW COLUMNS FROM `ecs_brand` [ RunTime:0.0156s ]
SQL: SELECT `brand_name` FROM `ecs_brand` WHERE `brand_id` = '0'  [ RunTime:0.0000s ]
NOTIC: [8] Undefined offset: 0 D:\phpStudy\WWW\ecservice\Application\GetProductDetail\Controller\IndexController.class.php 第 75 行.
NOTIC: [8] Undefined offset: 0 D:\phpStudy\WWW\ecservice\Application\GetProductDetail\Controller\IndexController.class.php 第 89 行.

[ 2017-12-07T09:06:49+08:00 ] 127.0.0.1 /ecservice/getProductDetail
INFO: [ app_init ] --START--
INFO: Run Behavior\BuildLiteBehavior [ RunTime:0.000000s ]
INFO: [ app_init ] --END-- [ RunTime:0.000000s ]
INFO: [ app_begin ] --START--
INFO: Run Behavior\ReadHtmlCacheBehavior [ RunTime:0.000000s ]
INFO: [ app_begin ] --END-- [ RunTime:0.000000s ]
NOTIC: [8] Undefined variable: appkey D:\phpStudy\WWW\ecservice\Application\GetProductDetail\Controller\IndexController.class.php 第 33 行.
SQL: SHOW COLUMNS FROM `ecs_goods` [ RunTime:0.0000s ]
NOTIC: [8] Use of undefined constant eq - assumed 'eq' D:\phpStudy\WWW\ecservice\Application\GetProductDetail\Controller\IndexController.class.php 第 43 行.
SQL: SELECT * FROM `ecs_goods` WHERE `goods_id` = '20439'  [ RunTime:0.0000s ]
SQL: SHOW COLUMNS FROM `ecs_category` [ RunTime:0.0000s ]
SQL: SELECT `cat_id` FROM `ecs_goods` WHERE `goods_id` = '20439'  [ RunTime:0.0000s ]
SQL: SELECT `categoryId` FROM `ecs_category` WHERE `cat_id` = 45  [ RunTime:0.0000s ]
NOTIC: [8] Use of undefined constant eq - assumed 'eq' D:\phpStudy\WWW\ecservice\Application\GetProductDetail\Controller\IndexController.class.php 第 71 行.
SQL: SHOW COLUMNS FROM `ecs_brand` [ RunTime:0.0156s ]
SQL: SELECT `brand_name` FROM `ecs_brand` WHERE `brand_id` = '1222'  [ RunTime:0.0000s ]

[ 2017-12-07T09:06:50+08:00 ] 127.0.0.1 /ecservice/getProductDetail
INFO: [ app_init ] --START--
INFO: Run Behavior\BuildLiteBehavior [ RunTime:0.000000s ]
INFO: [ app_init ] --END-- [ RunTime:0.000000s ]
INFO: [ app_begin ] --START--
INFO: Run Behavior\ReadHtmlCacheBehavior [ RunTime:0.000000s ]
INFO: [ app_begin ] --END-- [ RunTime:0.000000s ]
NOTIC: [8] Undefined variable: appkey D:\phpStudy\WWW\ecservice\Application\GetProductDetail\Controller\IndexController.class.php 第 33 行.
SQL: SHOW COLUMNS FROM `ecs_goods` [ RunTime:0.0000s ]
NOTIC: [8] Use of undefined constant eq - assumed 'eq' D:\phpStudy\WWW\ecservice\Application\GetProductDetail\Controller\IndexController.class.php 第 43 行.
SQL: SELECT * FROM `ecs_goods` WHERE `goods_id` = '20440'  [ RunTime:0.0000s ]
SQL: SHOW COLUMNS FROM `ecs_category` [ RunTime:0.0000s ]
SQL: SELECT `cat_id` FROM `ecs_goods` WHERE `goods_id` = '20440'  [ RunTime:0.0000s ]
SQL: SELECT `categoryId` FROM `ecs_category` WHERE `cat_id` = 45  [ RunTime:0.0000s ]
NOTIC: [8] Use of undefined constant eq - assumed 'eq' D:\phpStudy\WWW\ecservice\Application\GetProductDetail\Controller\IndexController.class.php 第 71 行.
SQL: SHOW COLUMNS FROM `ecs_brand` [ RunTime:0.0156s ]
SQL: SELECT `brand_name` FROM `ecs_brand` WHERE `brand_id` = '231'  [ RunTime:0.0000s ]

[ 2017-12-07T09:06:52+08:00 ] 127.0.0.1 /ecservice/getProductDetail
INFO: [ app_init ] --START--
INFO: Run Behavior\BuildLiteBehavior [ RunTime:0.000000s ]
INFO: [ app_init ] --END-- [ RunTime:0.000000s ]
INFO: [ app_begin ] --START--
INFO: Run Behavior\ReadHtmlCacheBehavior [ RunTime:0.000000s ]
INFO: [ app_begin ] --END-- [ RunTime:0.000000s ]
NOTIC: [8] Undefined variable: appkey D:\phpStudy\WWW\ecservice\Application\GetProductDetail\Controller\IndexController.class.php 第 33 行.
SQL: SHOW COLUMNS FROM `ecs_goods` [ RunTime:0.0000s ]
NOTIC: [8] Use of undefined constant eq - assumed 'eq' D:\phpStudy\WWW\ecservice\Application\GetProductDetail\Controller\IndexController.class.php 第 43 行.
SQL: SELECT * FROM `ecs_goods` WHERE `goods_id` = '92'  [ RunTime:0.0000s ]
SQL: SHOW COLUMNS FROM `ecs_category` [ RunTime:0.0000s ]
SQL: SELECT `cat_id` FROM `ecs_goods` WHERE `goods_id` = '92'  [ RunTime:0.0000s ]
SQL: SELECT `categoryId` FROM `ecs_category` WHERE `cat_id` = 50  [ RunTime:0.0000s ]
NOTIC: [8] Use of undefined constant eq - assumed 'eq' D:\phpStudy\WWW\ecservice\Application\GetProductDetail\Controller\IndexController.class.php 第 71 行.
SQL: SHOW COLUMNS FROM `ecs_brand` [ RunTime:0.0156s ]
SQL: SELECT `brand_name` FROM `ecs_brand` WHERE `brand_id` = '0'  [ RunTime:0.0000s ]
NOTIC: [8] Undefined offset: 0 D:\phpStudy\WWW\ecservice\Application\GetProductDetail\Controller\IndexController.class.php 第 75 行.
NOTIC: [8] Undefined offset: 0 D:\phpStudy\WWW\ecservice\Application\GetProductDetail\Controller\IndexController.class.php 第 89 行.

[ 2017-12-07T09:06:53+08:00 ] 127.0.0.1 /ecservice/getProductDetail
INFO: [ app_init ] --START--
INFO: Run Behavior\BuildLiteBehavior [ RunTime:0.000000s ]
INFO: [ app_init ] --END-- [ RunTime:0.000000s ]
INFO: [ app_begin ] --START--
INFO: Run Behavior\ReadHtmlCacheBehavior [ RunTime:0.000000s ]
INFO: [ app_begin ] --END-- [ RunTime:0.000000s ]
NOTIC: [8] Undefined variable: appkey D:\phpStudy\WWW\ecservice\Application\GetProductDetail\Controller\IndexController.class.php 第 33 行.
SQL: SHOW COLUMNS FROM `ecs_goods` [ RunTime:0.0000s ]
NOTIC: [8] Use of undefined constant eq - assumed 'eq' D:\phpStudy\WWW\ecservice\Application\GetProductDetail\Controller\IndexController.class.php 第 43 行.
SQL: SELECT * FROM `ecs_goods` WHERE `goods_id` = '18237'  [ RunTime:0.0000s ]
SQL: SHOW COLUMNS FROM `ecs_category` [ RunTime:0.0156s ]
SQL: SELECT `cat_id` FROM `ecs_goods` WHERE `goods_id` = '18237'  [ RunTime:0.0000s ]
SQL: SELECT `categoryId` FROM `ecs_category` WHERE `cat_id` = 50  [ RunTime:0.0000s ]
NOTIC: [8] Use of undefined constant eq - assumed 'eq' D:\phpStudy\WWW\ecservice\Application\GetProductDetail\Controller\IndexController.class.php 第 71 行.
SQL: SHOW COLUMNS FROM `ecs_brand` [ RunTime:0.0000s ]
SQL: SELECT `brand_name` FROM `ecs_brand` WHERE `brand_id` = '231'  [ RunTime:0.0000s ]

[ 2017-12-07T09:06:54+08:00 ] 127.0.0.1 /ecservice/getProductDetail
INFO: [ app_init ] --START--
INFO: Run Behavior\BuildLiteBehavior [ RunTime:0.000000s ]
INFO: [ app_init ] --END-- [ RunTime:0.000000s ]
INFO: [ app_begin ] --START--
INFO: Run Behavior\ReadHtmlCacheBehavior [ RunTime:0.000000s ]
INFO: [ app_begin ] --END-- [ RunTime:0.000000s ]
NOTIC: [8] Undefined variable: appkey D:\phpStudy\WWW\ecservice\Application\GetProductDetail\Controller\IndexController.class.php 第 33 行.
SQL: SHOW COLUMNS FROM `ecs_goods` [ RunTime:0.0000s ]
NOTIC: [8] Use of undefined constant eq - assumed 'eq' D:\phpStudy\WWW\ecservice\Application\GetProductDetail\Controller\IndexController.class.php 第 43 行.
SQL: SELECT * FROM `ecs_goods` WHERE `goods_id` = '18238'  [ RunTime:0.0000s ]
SQL: SHOW COLUMNS FROM `ecs_category` [ RunTime:0.0000s ]
SQL: SELECT `cat_id` FROM `ecs_goods` WHERE `goods_id` = '18238'  [ RunTime:0.0000s ]
SQL: SELECT `categoryId` FROM `ecs_category` WHERE `cat_id` = 50  [ RunTime:0.0000s ]
NOTIC: [8] Use of undefined constant eq - assumed 'eq' D:\phpStudy\WWW\ecservice\Application\GetProductDetail\Controller\IndexController.class.php 第 71 行.
SQL: SHOW COLUMNS FROM `ecs_brand` [ RunTime:0.0156s ]
SQL: SELECT `brand_name` FROM `ecs_brand` WHERE `brand_id` = '990'  [ RunTime:0.0000s ]

