[ 2017-11-16T08:47:26+08:00 ] 127.0.0.1 /ecservice/getProductDetail
INFO: [ app_init ] --START--
INFO: Run Behavior\BuildLiteBehavior [ RunTime:0.000000s ]
INFO: [ app_init ] --END-- [ RunTime:0.000000s ]
INFO: [ app_begin ] --START--
INFO: Run Behavior\ReadHtmlCacheBehavior [ RunTime:0.000000s ]
INFO: [ app_begin ] --END-- [ RunTime:0.001000s ]
NOTIC: [8] Undefined variable: appkey D:\phpStudy\WWW\ecservice\Application\GetProductDetail\Controller\IndexController.class.php 第 33 行.
SQL: SHOW COLUMNS FROM `ecs_goods` [ RunTime:0.0060s ]
NOTIC: [8] Use of undefined constant eq - assumed 'eq' D:\phpStudy\WWW\ecservice\Application\GetProductDetail\Controller\IndexController.class.php 第 43 行.
SQL: SELECT * FROM `ecs_goods` WHERE `goods_id` = '85'  [ RunTime:0.0130s ]
SQL: SHOW COLUMNS FROM `ecs_category` [ RunTime:0.0050s ]
SQL: SELECT `categoryId` FROM `ecs_category` INNER JOIN ecs_goods on ecs_category.cat_id = ecs_goods.cat_id  WHERE `goods_id` = '85'  [ RunTime:0.0000s ]
NOTIC: [8] Use of undefined constant eq - assumed 'eq' D:\phpStudy\WWW\ecservice\Application\GetProductDetail\Controller\IndexController.class.php 第 51 行.
SQL: SHOW COLUMNS FROM `ecs_brand` [ RunTime:0.0280s ]
SQL: SELECT `brand_name` FROM `ecs_brand` WHERE `brand_id` = '0'  [ RunTime:0.0000s ]
NOTIC: [8] Undefined offset: 0 D:\phpStudy\WWW\ecservice\Application\GetProductDetail\Controller\IndexController.class.php 第 55 行.
NOTIC: [8] Undefined offset: 0 D:\phpStudy\WWW\ecservice\Application\GetProductDetail\Controller\IndexController.class.php 第 69 行.

[ 2017-11-16T08:47:27+08:00 ] 127.0.0.1 /ecservice/getProductDetail
INFO: [ app_init ] --START--
INFO: Run Behavior\BuildLiteBehavior [ RunTime:0.000000s ]
INFO: [ app_init ] --END-- [ RunTime:0.000000s ]
INFO: [ app_begin ] --START--
INFO: Run Behavior\ReadHtmlCacheBehavior [ RunTime:0.001000s ]
INFO: [ app_begin ] --END-- [ RunTime:0.001000s ]
NOTIC: [8] Undefined variable: appkey D:\phpStudy\WWW\ecservice\Application\GetProductDetail\Controller\IndexController.class.php 第 33 行.
SQL: SHOW COLUMNS FROM `ecs_goods` [ RunTime:0.0050s ]
NOTIC: [8] Use of undefined constant eq - assumed 'eq' D:\phpStudy\WWW\ecservice\Application\GetProductDetail\Controller\IndexController.class.php 第 43 行.
SQL: SELECT * FROM `ecs_goods` WHERE `goods_id` = '20439'  [ RunTime:0.0260s ]
SQL: SHOW COLUMNS FROM `ecs_category` [ RunTime:0.0060s ]
SQL: SELECT `categoryId` FROM `ecs_category` INNER JOIN ecs_goods on ecs_category.cat_id = ecs_goods.cat_id  WHERE `goods_id` = '20439'  [ RunTime:0.0000s ]
NOTIC: [8] Use of undefined constant eq - assumed 'eq' D:\phpStudy\WWW\ecservice\Application\GetProductDetail\Controller\IndexController.class.php 第 51 行.
SQL: SHOW COLUMNS FROM `ecs_brand` [ RunTime:0.0040s ]
SQL: SELECT `brand_name` FROM `ecs_brand` WHERE `brand_id` = '1222'  [ RunTime:0.0350s ]

[ 2017-11-16T08:47:28+08:00 ] 127.0.0.1 /ecservice/getProductDetail
INFO: [ app_init ] --START--
INFO: Run Behavior\BuildLiteBehavior [ RunTime:0.000000s ]
INFO: [ app_init ] --END-- [ RunTime:0.000000s ]
INFO: [ app_begin ] --START--
INFO: Run Behavior\ReadHtmlCacheBehavior [ RunTime:0.001000s ]
INFO: [ app_begin ] --END-- [ RunTime:0.001000s ]
NOTIC: [8] Undefined variable: appkey D:\phpStudy\WWW\ecservice\Application\GetProductDetail\Controller\IndexController.class.php 第 33 行.
SQL: SHOW COLUMNS FROM `ecs_goods` [ RunTime:0.0060s ]
NOTIC: [8] Use of undefined constant eq - assumed 'eq' D:\phpStudy\WWW\ecservice\Application\GetProductDetail\Controller\IndexController.class.php 第 43 行.
SQL: SELECT * FROM `ecs_goods` WHERE `goods_id` = '20440'  [ RunTime:0.0010s ]
SQL: SHOW COLUMNS FROM `ecs_category` [ RunTime:0.0060s ]
SQL: SELECT `categoryId` FROM `ecs_category` INNER JOIN ecs_goods on ecs_category.cat_id = ecs_goods.cat_id  WHERE `goods_id` = '20440'  [ RunTime:0.0010s ]
NOTIC: [8] Use of undefined constant eq - assumed 'eq' D:\phpStudy\WWW\ecservice\Application\GetProductDetail\Controller\IndexController.class.php 第 51 行.
SQL: SHOW COLUMNS FROM `ecs_brand` [ RunTime:0.0050s ]
SQL: SELECT `brand_name` FROM `ecs_brand` WHERE `brand_id` = '231'  [ RunTime:0.0110s ]

[ 2017-11-16T08:47:29+08:00 ] 127.0.0.1 /ecservice/getProductDetail
INFO: [ app_init ] --START--
INFO: Run Behavior\BuildLiteBehavior [ RunTime:0.000000s ]
INFO: [ app_init ] --END-- [ RunTime:0.001000s ]
INFO: [ app_begin ] --START--
INFO: Run Behavior\ReadHtmlCacheBehavior [ RunTime:0.001000s ]
INFO: [ app_begin ] --END-- [ RunTime:0.001000s ]
NOTIC: [8] Undefined variable: appkey D:\phpStudy\WWW\ecservice\Application\GetProductDetail\Controller\IndexController.class.php 第 33 行.
SQL: SHOW COLUMNS FROM `ecs_goods` [ RunTime:0.0060s ]
NOTIC: [8] Use of undefined constant eq - assumed 'eq' D:\phpStudy\WWW\ecservice\Application\GetProductDetail\Controller\IndexController.class.php 第 43 行.
SQL: SELECT * FROM `ecs_goods` WHERE `goods_id` = '92'  [ RunTime:0.0010s ]
SQL: SHOW COLUMNS FROM `ecs_category` [ RunTime:0.0050s ]
SQL: SELECT `categoryId` FROM `ecs_category` INNER JOIN ecs_goods on ecs_category.cat_id = ecs_goods.cat_id  WHERE `goods_id` = '92'  [ RunTime:0.0000s ]
NOTIC: [8] Use of undefined constant eq - assumed 'eq' D:\phpStudy\WWW\ecservice\Application\GetProductDetail\Controller\IndexController.class.php 第 51 行.
SQL: SHOW COLUMNS FROM `ecs_brand` [ RunTime:0.0050s ]
SQL: SELECT `brand_name` FROM `ecs_brand` WHERE `brand_id` = '0'  [ RunTime:0.0000s ]
NOTIC: [8] Undefined offset: 0 D:\phpStudy\WWW\ecservice\Application\GetProductDetail\Controller\IndexController.class.php 第 55 行.
NOTIC: [8] Undefined offset: 0 D:\phpStudy\WWW\ecservice\Application\GetProductDetail\Controller\IndexController.class.php 第 69 行.

[ 2017-11-16T08:47:30+08:00 ] 127.0.0.1 /ecservice/getProductDetail
INFO: [ app_init ] --START--
INFO: Run Behavior\BuildLiteBehavior [ RunTime:0.000000s ]
INFO: [ app_init ] --END-- [ RunTime:0.000000s ]
INFO: [ app_begin ] --START--
INFO: Run Behavior\ReadHtmlCacheBehavior [ RunTime:0.000000s ]
INFO: [ app_begin ] --END-- [ RunTime:0.000000s ]
NOTIC: [8] Undefined variable: appkey D:\phpStudy\WWW\ecservice\Application\GetProductDetail\Controller\IndexController.class.php 第 33 行.
SQL: SHOW COLUMNS FROM `ecs_goods` [ RunTime:0.0060s ]
NOTIC: [8] Use of undefined constant eq - assumed 'eq' D:\phpStudy\WWW\ecservice\Application\GetProductDetail\Controller\IndexController.class.php 第 43 行.
SQL: SELECT * FROM `ecs_goods` WHERE `goods_id` = '18237'  [ RunTime:0.0120s ]
SQL: SHOW COLUMNS FROM `ecs_category` [ RunTime:0.0050s ]
SQL: SELECT `categoryId` FROM `ecs_category` INNER JOIN ecs_goods on ecs_category.cat_id = ecs_goods.cat_id  WHERE `goods_id` = '18237'  [ RunTime:0.0000s ]
NOTIC: [8] Use of undefined constant eq - assumed 'eq' D:\phpStudy\WWW\ecservice\Application\GetProductDetail\Controller\IndexController.class.php 第 51 行.
SQL: SHOW COLUMNS FROM `ecs_brand` [ RunTime:0.0050s ]
SQL: SELECT `brand_name` FROM `ecs_brand` WHERE `brand_id` = '231'  [ RunTime:0.0010s ]

[ 2017-11-16T08:47:31+08:00 ] 127.0.0.1 /ecservice/getProductDetail
INFO: [ app_init ] --START--
INFO: Run Behavior\BuildLiteBehavior [ RunTime:0.000000s ]
INFO: [ app_init ] --END-- [ RunTime:0.000000s ]
INFO: [ app_begin ] --START--
INFO: Run Behavior\ReadHtmlCacheBehavior [ RunTime:0.001000s ]
INFO: [ app_begin ] --END-- [ RunTime:0.001000s ]
NOTIC: [8] Undefined variable: appkey D:\phpStudy\WWW\ecservice\Application\GetProductDetail\Controller\IndexController.class.php 第 33 行.
SQL: SHOW COLUMNS FROM `ecs_goods` [ RunTime:0.0060s ]
NOTIC: [8] Use of undefined constant eq - assumed 'eq' D:\phpStudy\WWW\ecservice\Application\GetProductDetail\Controller\IndexController.class.php 第 43 行.
SQL: SELECT * FROM `ecs_goods` WHERE `goods_id` = '18238'  [ RunTime:0.0010s ]
SQL: SHOW COLUMNS FROM `ecs_category` [ RunTime:0.0050s ]
SQL: SELECT `categoryId` FROM `ecs_category` INNER JOIN ecs_goods on ecs_category.cat_id = ecs_goods.cat_id  WHERE `goods_id` = '18238'  [ RunTime:0.0000s ]
NOTIC: [8] Use of undefined constant eq - assumed 'eq' D:\phpStudy\WWW\ecservice\Application\GetProductDetail\Controller\IndexController.class.php 第 51 行.
SQL: SHOW COLUMNS FROM `ecs_brand` [ RunTime:0.0050s ]
SQL: SELECT `brand_name` FROM `ecs_brand` WHERE `brand_id` = '990'  [ RunTime:0.0050s ]

[ 2017-11-16T08:47:33+08:00 ] 127.0.0.1 /ecservice/getProductDetail
INFO: [ app_init ] --START--
INFO: Run Behavior\BuildLiteBehavior [ RunTime:0.000000s ]
INFO: [ app_init ] --END-- [ RunTime:0.001000s ]
INFO: [ app_begin ] --START--
INFO: Run Behavior\ReadHtmlCacheBehavior [ RunTime:0.001000s ]
INFO: [ app_begin ] --END-- [ RunTime:0.001000s ]
NOTIC: [8] Undefined variable: appkey D:\phpStudy\WWW\ecservice\Application\GetProductDetail\Controller\IndexController.class.php 第 33 行.
SQL: SHOW COLUMNS FROM `ecs_goods` [ RunTime:0.0060s ]
NOTIC: [8] Use of undefined constant eq - assumed 'eq' D:\phpStudy\WWW\ecservice\Application\GetProductDetail\Controller\IndexController.class.php 第 43 行.
SQL: SELECT * FROM `ecs_goods` WHERE `goods_id` = '96'  [ RunTime:0.0010s ]
SQL: SHOW COLUMNS FROM `ecs_category` [ RunTime:0.0050s ]
SQL: SELECT `categoryId` FROM `ecs_category` INNER JOIN ecs_goods on ecs_category.cat_id = ecs_goods.cat_id  WHERE `goods_id` = '96'  [ RunTime:0.0000s ]
NOTIC: [8] Use of undefined constant eq - assumed 'eq' D:\phpStudy\WWW\ecservice\Application\GetProductDetail\Controller\IndexController.class.php 第 51 行.
SQL: SHOW COLUMNS FROM `ecs_brand` [ RunTime:0.0050s ]
SQL: SELECT `brand_name` FROM `ecs_brand` WHERE `brand_id` = '0'  [ RunTime:0.0010s ]
NOTIC: [8] Undefined offset: 0 D:\phpStudy\WWW\ecservice\Application\GetProductDetail\Controller\IndexController.class.php 第 55 行.
NOTIC: [8] Undefined offset: 0 D:\phpStudy\WWW\ecservice\Application\GetProductDetail\Controller\IndexController.class.php 第 69 行.

[ 2017-11-16T08:47:34+08:00 ] 127.0.0.1 /ecservice/getProductDetail
INFO: [ app_init ] --START--
INFO: Run Behavior\BuildLiteBehavior [ RunTime:0.000000s ]
INFO: [ app_init ] --END-- [ RunTime:0.001000s ]
INFO: [ app_begin ] --START--
INFO: Run Behavior\ReadHtmlCacheBehavior [ RunTime:0.001000s ]
INFO: [ app_begin ] --END-- [ RunTime:0.001000s ]
NOTIC: [8] Undefined variable: appkey D:\phpStudy\WWW\ecservice\Application\GetProductDetail\Controller\IndexController.class.php 第 33 行.
SQL: SHOW COLUMNS FROM `ecs_goods` [ RunTime:0.0050s ]
NOTIC: [8] Use of undefined constant eq - assumed 'eq' D:\phpStudy\WWW\ecservice\Application\GetProductDetail\Controller\IndexController.class.php 第 43 行.
SQL: SELECT * FROM `ecs_goods` WHERE `goods_id` = '20412'  [ RunTime:0.0010s ]
SQL: SHOW COLUMNS FROM `ecs_category` [ RunTime:0.0050s ]
SQL: SELECT `categoryId` FROM `ecs_category` INNER JOIN ecs_goods on ecs_category.cat_id = ecs_goods.cat_id  WHERE `goods_id` = '20412'  [ RunTime:0.0000s ]
NOTIC: [8] Use of undefined constant eq - assumed 'eq' D:\phpStudy\WWW\ecservice\Application\GetProductDetail\Controller\IndexController.class.php 第 51 行.
SQL: SHOW COLUMNS FROM `ecs_brand` [ RunTime:0.0050s ]
SQL: SELECT `brand_name` FROM `ecs_brand` WHERE `brand_id` = '988'  [ RunTime:0.0010s ]

[ 2017-11-16T08:47:35+08:00 ] 127.0.0.1 /ecservice/getProductDetail
INFO: [ app_init ] --START--
INFO: Run Behavior\BuildLiteBehavior [ RunTime:0.000000s ]
INFO: [ app_init ] --END-- [ RunTime:0.000000s ]
INFO: [ app_begin ] --START--
INFO: Run Behavior\ReadHtmlCacheBehavior [ RunTime:0.000000s ]
INFO: [ app_begin ] --END-- [ RunTime:0.000000s ]
NOTIC: [8] Undefined variable: appkey D:\phpStudy\WWW\ecservice\Application\GetProductDetail\Controller\IndexController.class.php 第 33 行.
SQL: SHOW COLUMNS FROM `ecs_goods` [ RunTime:0.0060s ]
NOTIC: [8] Use of undefined constant eq - assumed 'eq' D:\phpStudy\WWW\ecservice\Application\GetProductDetail\Controller\IndexController.class.php 第 43 行.
SQL: SELECT * FROM `ecs_goods` WHERE `goods_id` = '20413'  [ RunTime:0.0010s ]
SQL: SHOW COLUMNS FROM `ecs_category` [ RunTime:0.0050s ]
SQL: SELECT `categoryId` FROM `ecs_category` INNER JOIN ecs_goods on ecs_category.cat_id = ecs_goods.cat_id  WHERE `goods_id` = '20413'  [ RunTime:0.0000s ]
NOTIC: [8] Use of undefined constant eq - assumed 'eq' D:\phpStudy\WWW\ecservice\Application\GetProductDetail\Controller\IndexController.class.php 第 51 行.
SQL: SHOW COLUMNS FROM `ecs_brand` [ RunTime:0.0040s ]
SQL: SELECT `brand_name` FROM `ecs_brand` WHERE `brand_id` = '231'  [ RunTime:0.0000s ]

[ 2017-11-16T13:48:03+08:00 ] 127.0.0.1 /ecservice/getProductDetail
INFO: [ app_init ] --START--
INFO: Run Behavior\BuildLiteBehavior [ RunTime:0.000000s ]
INFO: [ app_init ] --END-- [ RunTime:0.000000s ]
INFO: [ app_begin ] --START--
INFO: Run Behavior\ReadHtmlCacheBehavior [ RunTime:0.001000s ]
INFO: [ app_begin ] --END-- [ RunTime:0.001000s ]
NOTIC: [8] Undefined variable: appkey D:\phpStudy\WWW\ecservice\Application\GetProductDetail\Controller\IndexController.class.php 第 33 行.
SQL: SHOW COLUMNS FROM `ecs_goods` [ RunTime:0.0060s ]
NOTIC: [8] Use of undefined constant eq - assumed 'eq' D:\phpStudy\WWW\ecservice\Application\GetProductDetail\Controller\IndexController.class.php 第 43 行.
SQL: SELECT * FROM `ecs_goods` WHERE `goods_id` = '85'  [ RunTime:0.0310s ]
SQL: SHOW COLUMNS FROM `ecs_category` [ RunTime:0.0050s ]
SQL: SELECT `categoryId` FROM `ecs_category` INNER JOIN ecs_goods on ecs_category.cat_id = ecs_goods.cat_id  WHERE `goods_id` = '85'  [ RunTime:0.0220s ]
NOTIC: [8] Use of undefined constant eq - assumed 'eq' D:\phpStudy\WWW\ecservice\Application\GetProductDetail\Controller\IndexController.class.php 第 51 行.
SQL: SHOW COLUMNS FROM `ecs_brand` [ RunTime:0.0150s ]
SQL: SELECT `brand_name` FROM `ecs_brand` WHERE `brand_id` = '0'  [ RunTime:0.0010s ]
NOTIC: [8] Undefined offset: 0 D:\phpStudy\WWW\ecservice\Application\GetProductDetail\Controller\IndexController.class.php 第 55 行.
NOTIC: [8] Undefined offset: 0 D:\phpStudy\WWW\ecservice\Application\GetProductDetail\Controller\IndexController.class.php 第 69 行.

[ 2017-11-16T13:48:04+08:00 ] 127.0.0.1 /ecservice/getProductDetail
INFO: [ app_init ] --START--
INFO: Run Behavior\BuildLiteBehavior [ RunTime:0.000000s ]
INFO: [ app_init ] --END-- [ RunTime:0.000000s ]
INFO: [ app_begin ] --START--
INFO: Run Behavior\ReadHtmlCacheBehavior [ RunTime:0.001000s ]
INFO: [ app_begin ] --END-- [ RunTime:0.001000s ]
NOTIC: [8] Undefined variable: appkey D:\phpStudy\WWW\ecservice\Application\GetProductDetail\Controller\IndexController.class.php 第 33 行.
SQL: SHOW COLUMNS FROM `ecs_goods` [ RunTime:0.0060s ]
NOTIC: [8] Use of undefined constant eq - assumed 'eq' D:\phpStudy\WWW\ecservice\Application\GetProductDetail\Controller\IndexController.class.php 第 43 行.
SQL: SELECT * FROM `ecs_goods` WHERE `goods_id` = '20439'  [ RunTime:0.0150s ]
SQL: SHOW COLUMNS FROM `ecs_category` [ RunTime:0.0060s ]
SQL: SELECT `categoryId` FROM `ecs_category` INNER JOIN ecs_goods on ecs_category.cat_id = ecs_goods.cat_id  WHERE `goods_id` = '20439'  [ RunTime:0.0000s ]
NOTIC: [8] Use of undefined constant eq - assumed 'eq' D:\phpStudy\WWW\ecservice\Application\GetProductDetail\Controller\IndexController.class.php 第 51 行.
SQL: SHOW COLUMNS FROM `ecs_brand` [ RunTime:0.0050s ]
SQL: SELECT `brand_name` FROM `ecs_brand` WHERE `brand_id` = '1222'  [ RunTime:0.0100s ]

[ 2017-11-16T13:48:05+08:00 ] 127.0.0.1 /ecservice/getProductDetail
INFO: [ app_init ] --START--
INFO: Run Behavior\BuildLiteBehavior [ RunTime:0.000000s ]
INFO: [ app_init ] --END-- [ RunTime:0.001000s ]
INFO: [ app_begin ] --START--
INFO: Run Behavior\ReadHtmlCacheBehavior [ RunTime:0.001000s ]
INFO: [ app_begin ] --END-- [ RunTime:0.001000s ]
NOTIC: [8] Undefined variable: appkey D:\phpStudy\WWW\ecservice\Application\GetProductDetail\Controller\IndexController.class.php 第 33 行.
SQL: SHOW COLUMNS FROM `ecs_goods` [ RunTime:0.0060s ]
NOTIC: [8] Use of undefined constant eq - assumed 'eq' D:\phpStudy\WWW\ecservice\Application\GetProductDetail\Controller\IndexController.class.php 第 43 行.
SQL: SELECT * FROM `ecs_goods` WHERE `goods_id` = '20440'  [ RunTime:0.0010s ]
SQL: SHOW COLUMNS FROM `ecs_category` [ RunTime:0.0060s ]
SQL: SELECT `categoryId` FROM `ecs_category` INNER JOIN ecs_goods on ecs_category.cat_id = ecs_goods.cat_id  WHERE `goods_id` = '20440'  [ RunTime:0.0010s ]
NOTIC: [8] Use of undefined constant eq - assumed 'eq' D:\phpStudy\WWW\ecservice\Application\GetProductDetail\Controller\IndexController.class.php 第 51 行.
SQL: SHOW COLUMNS FROM `ecs_brand` [ RunTime:0.0050s ]
SQL: SELECT `brand_name` FROM `ecs_brand` WHERE `brand_id` = '231'  [ RunTime:0.0020s ]

[ 2017-11-16T13:48:06+08:00 ] 127.0.0.1 /ecservice/getProductDetail
INFO: [ app_init ] --START--
INFO: Run Behavior\BuildLiteBehavior [ RunTime:0.000000s ]
INFO: [ app_init ] --END-- [ RunTime:0.000000s ]
INFO: [ app_begin ] --START--
INFO: Run Behavior\ReadHtmlCacheBehavior [ RunTime:0.001000s ]
INFO: [ app_begin ] --END-- [ RunTime:0.001000s ]
NOTIC: [8] Undefined variable: appkey D:\phpStudy\WWW\ecservice\Application\GetProductDetail\Controller\IndexController.class.php 第 33 行.
SQL: SHOW COLUMNS FROM `ecs_goods` [ RunTime:0.0060s ]
NOTIC: [8] Use of undefined constant eq - assumed 'eq' D:\phpStudy\WWW\ecservice\Application\GetProductDetail\Controller\IndexController.class.php 第 43 行.
SQL: SELECT * FROM `ecs_goods` WHERE `goods_id` = '92'  [ RunTime:0.0010s ]
SQL: SHOW COLUMNS FROM `ecs_category` [ RunTime:0.0060s ]
SQL: SELECT `categoryId` FROM `ecs_category` INNER JOIN ecs_goods on ecs_category.cat_id = ecs_goods.cat_id  WHERE `goods_id` = '92'  [ RunTime:0.0010s ]
NOTIC: [8] Use of undefined constant eq - assumed 'eq' D:\phpStudy\WWW\ecservice\Application\GetProductDetail\Controller\IndexController.class.php 第 51 行.
SQL: SHOW COLUMNS FROM `ecs_brand` [ RunTime:0.0050s ]
SQL: SELECT `brand_name` FROM `ecs_brand` WHERE `brand_id` = '0'  [ RunTime:0.0000s ]
NOTIC: [8] Undefined offset: 0 D:\phpStudy\WWW\ecservice\Application\GetProductDetail\Controller\IndexController.class.php 第 55 行.
NOTIC: [8] Undefined offset: 0 D:\phpStudy\WWW\ecservice\Application\GetProductDetail\Controller\IndexController.class.php 第 69 行.

[ 2017-11-16T13:48:07+08:00 ] 127.0.0.1 /ecservice/getProductDetail
INFO: [ app_init ] --START--
INFO: Run Behavior\BuildLiteBehavior [ RunTime:0.000000s ]
INFO: [ app_init ] --END-- [ RunTime:0.001000s ]
INFO: [ app_begin ] --START--
INFO: Run Behavior\ReadHtmlCacheBehavior [ RunTime:0.001000s ]
INFO: [ app_begin ] --END-- [ RunTime:0.001000s ]
NOTIC: [8] Undefined variable: appkey D:\phpStudy\WWW\ecservice\Application\GetProductDetail\Controller\IndexController.class.php 第 33 行.
SQL: SHOW COLUMNS FROM `ecs_goods` [ RunTime:0.0060s ]
NOTIC: [8] Use of undefined constant eq - assumed 'eq' D:\phpStudy\WWW\ecservice\Application\GetProductDetail\Controller\IndexController.class.php 第 43 行.
SQL: SELECT * FROM `ecs_goods` WHERE `goods_id` = '18237'  [ RunTime:0.0180s ]
SQL: SHOW COLUMNS FROM `ecs_category` [ RunTime:0.0060s ]
SQL: SELECT `categoryId` FROM `ecs_category` INNER JOIN ecs_goods on ecs_category.cat_id = ecs_goods.cat_id  WHERE `goods_id` = '18237'  [ RunTime:0.0000s ]
NOTIC: [8] Use of undefined constant eq - assumed 'eq' D:\phpStudy\WWW\ecservice\Application\GetProductDetail\Controller\IndexController.class.php 第 51 行.
SQL: SHOW COLUMNS FROM `ecs_brand` [ RunTime:0.0060s ]
SQL: SELECT `brand_name` FROM `ecs_brand` WHERE `brand_id` = '231'  [ RunTime:0.0010s ]

[ 2017-11-16T13:48:08+08:00 ] 127.0.0.1 /ecservice/getProductDetail
INFO: [ app_init ] --START--
INFO: Run Behavior\BuildLiteBehavior [ RunTime:0.000000s ]
INFO: [ app_init ] --END-- [ RunTime:0.001000s ]
INFO: [ app_begin ] --START--
INFO: Run Behavior\ReadHtmlCacheBehavior [ RunTime:0.001000s ]
INFO: [ app_begin ] --END-- [ RunTime:0.001000s ]
NOTIC: [8] Undefined variable: appkey D:\phpStudy\WWW\ecservice\Application\GetProductDetail\Controller\IndexController.class.php 第 33 行.
SQL: SHOW COLUMNS FROM `ecs_goods` [ RunTime:0.0060s ]
NOTIC: [8] Use of undefined constant eq - assumed 'eq' D:\phpStudy\WWW\ecservice\Application\GetProductDetail\Controller\IndexController.class.php 第 43 行.
SQL: SELECT * FROM `ecs_goods` WHERE `goods_id` = '18238'  [ RunTime:0.0010s ]
SQL: SHOW COLUMNS FROM `ecs_category` [ RunTime:0.0060s ]
SQL: SELECT `categoryId` FROM `ecs_category` INNER JOIN ecs_goods on ecs_category.cat_id = ecs_goods.cat_id  WHERE `goods_id` = '18238'  [ RunTime:0.0000s ]
NOTIC: [8] Use of undefined constant eq - assumed 'eq' D:\phpStudy\WWW\ecservice\Application\GetProductDetail\Controller\IndexController.class.php 第 51 行.
SQL: SHOW COLUMNS FROM `ecs_brand` [ RunTime:0.0060s ]
SQL: SELECT `brand_name` FROM `ecs_brand` WHERE `brand_id` = '990'  [ RunTime:0.0120s ]

[ 2017-11-16T13:48:09+08:00 ] 127.0.0.1 /ecservice/getProductDetail
INFO: [ app_init ] --START--
INFO: Run Behavior\BuildLiteBehavior [ RunTime:0.000000s ]
INFO: [ app_init ] --END-- [ RunTime:0.001000s ]
INFO: [ app_begin ] --START--
INFO: Run Behavior\ReadHtmlCacheBehavior [ RunTime:0.001000s ]
INFO: [ app_begin ] --END-- [ RunTime:0.001000s ]
NOTIC: [8] Undefined variable: appkey D:\phpStudy\WWW\ecservice\Application\GetProductDetail\Controller\IndexController.class.php 第 33 行.
SQL: SHOW COLUMNS FROM `ecs_goods` [ RunTime:0.0060s ]
NOTIC: [8] Use of undefined constant eq - assumed 'eq' D:\phpStudy\WWW\ecservice\Application\GetProductDetail\Controller\IndexController.class.php 第 43 行.
SQL: SELECT * FROM `ecs_goods` WHERE `goods_id` = '96'  [ RunTime:0.0010s ]
SQL: SHOW COLUMNS FROM `ecs_category` [ RunTime:0.0060s ]
SQL: SELECT `categoryId` FROM `ecs_category` INNER JOIN ecs_goods on ecs_category.cat_id = ecs_goods.cat_id  WHERE `goods_id` = '96'  [ RunTime:0.0010s ]
NOTIC: [8] Use of undefined constant eq - assumed 'eq' D:\phpStudy\WWW\ecservice\Application\GetProductDetail\Controller\IndexController.class.php 第 51 行.
SQL: SHOW COLUMNS FROM `ecs_brand` [ RunTime:0.0050s ]
SQL: SELECT `brand_name` FROM `ecs_brand` WHERE `brand_id` = '0'  [ RunTime:0.0000s ]
NOTIC: [8] Undefined offset: 0 D:\phpStudy\WWW\ecservice\Application\GetProductDetail\Controller\IndexController.class.php 第 55 行.
NOTIC: [8] Undefined offset: 0 D:\phpStudy\WWW\ecservice\Application\GetProductDetail\Controller\IndexController.class.php 第 69 行.

[ 2017-11-16T13:48:10+08:00 ] 127.0.0.1 /ecservice/getProductDetail
INFO: [ app_init ] --START--
INFO: Run Behavior\BuildLiteBehavior [ RunTime:0.000000s ]
INFO: [ app_init ] --END-- [ RunTime:0.001000s ]
INFO: [ app_begin ] --START--
INFO: Run Behavior\ReadHtmlCacheBehavior [ RunTime:0.001000s ]
INFO: [ app_begin ] --END-- [ RunTime:0.001000s ]
NOTIC: [8] Undefined variable: appkey D:\phpStudy\WWW\ecservice\Application\GetProductDetail\Controller\IndexController.class.php 第 33 行.
SQL: SHOW COLUMNS FROM `ecs_goods` [ RunTime:0.0070s ]
NOTIC: [8] Use of undefined constant eq - assumed 'eq' D:\phpStudy\WWW\ecservice\Application\GetProductDetail\Controller\IndexController.class.php 第 43 行.
SQL: SELECT * FROM `ecs_goods` WHERE `goods_id` = '20412'  [ RunTime:0.0010s ]
SQL: SHOW COLUMNS FROM `ecs_category` [ RunTime:0.0050s ]
SQL: SELECT `categoryId` FROM `ecs_category` INNER JOIN ecs_goods on ecs_category.cat_id = ecs_goods.cat_id  WHERE `goods_id` = '20412'  [ RunTime:0.0000s ]
NOTIC: [8] Use of undefined constant eq - assumed 'eq' D:\phpStudy\WWW\ecservice\Application\GetProductDetail\Controller\IndexController.class.php 第 51 行.
SQL: SHOW COLUMNS FROM `ecs_brand` [ RunTime:0.0060s ]
SQL: SELECT `brand_name` FROM `ecs_brand` WHERE `brand_id` = '988'  [ RunTime:0.0000s ]

[ 2017-11-16T13:48:11+08:00 ] 127.0.0.1 /ecservice/getProductDetail
INFO: [ app_init ] --START--
INFO: Run Behavior\BuildLiteBehavior [ RunTime:0.000000s ]
INFO: [ app_init ] --END-- [ RunTime:0.001000s ]
INFO: [ app_begin ] --START--
INFO: Run Behavior\ReadHtmlCacheBehavior [ RunTime:0.001000s ]
INFO: [ app_begin ] --END-- [ RunTime:0.001000s ]
NOTIC: [8] Undefined variable: appkey D:\phpStudy\WWW\ecservice\Application\GetProductDetail\Controller\IndexController.class.php 第 33 行.
SQL: SHOW COLUMNS FROM `ecs_goods` [ RunTime:0.0070s ]
NOTIC: [8] Use of undefined constant eq - assumed 'eq' D:\phpStudy\WWW\ecservice\Application\GetProductDetail\Controller\IndexController.class.php 第 43 行.
SQL: SELECT * FROM `ecs_goods` WHERE `goods_id` = '20413'  [ RunTime:0.0010s ]
SQL: SHOW COLUMNS FROM `ecs_category` [ RunTime:0.0060s ]
SQL: SELECT `categoryId` FROM `ecs_category` INNER JOIN ecs_goods on ecs_category.cat_id = ecs_goods.cat_id  WHERE `goods_id` = '20413'  [ RunTime:0.0000s ]
NOTIC: [8] Use of undefined constant eq - assumed 'eq' D:\phpStudy\WWW\ecservice\Application\GetProductDetail\Controller\IndexController.class.php 第 51 行.
SQL: SHOW COLUMNS FROM `ecs_brand` [ RunTime:0.0060s ]
SQL: SELECT `brand_name` FROM `ecs_brand` WHERE `brand_id` = '231'  [ RunTime:0.0000s ]

