[ 2018-01-04T15:06:42+08:00 ] 127.0.0.1 /ecservice/getProductDetail
INFO: [ app_init ] --START--
INFO: Run Behavior\BuildLiteBehavior [ RunTime:0.000000s ]
INFO: [ app_init ] --END-- [ RunTime:0.000000s ]
INFO: [ app_begin ] --START--
INFO: Run Behavior\ReadHtmlCacheBehavior [ RunTime:0.001001s ]
INFO: [ app_begin ] --END-- [ RunTime:0.001001s ]
NOTIC: [8] Undefined variable: appkey D:\phpStudy\WWW\ecservice\Application\GetProductDetail\Controller\IndexController.class.php 第 34 行.
SQL: SHOW COLUMNS FROM `ecs_goods` [ RunTime:0.0060s ]
NOTIC: [8] Use of undefined constant eq - assumed 'eq' D:\phpStudy\WWW\ecservice\Application\GetProductDetail\Controller\IndexController.class.php 第 44 行.
SQL: SELECT * FROM `ecs_goods` WHERE `goods_id` = '68'  [ RunTime:0.0060s ]
SQL: SHOW COLUMNS FROM `ecs_category` [ RunTime:0.0050s ]
SQL: SELECT `cat_id` FROM `ecs_goods` WHERE `goods_id` = '68'  [ RunTime:0.0010s ]
SQL: SELECT `categoryId` FROM `ecs_category` WHERE `cat_id` = 44  [ RunTime:0.0000s ]
NOTIC: [8] Use of undefined constant eq - assumed 'eq' D:\phpStudy\WWW\ecservice\Application\GetProductDetail\Controller\IndexController.class.php 第 72 行.
SQL: SHOW COLUMNS FROM `ecs_brand` [ RunTime:0.0440s ]
SQL: SELECT `brand_name` FROM `ecs_brand` WHERE `brand_id` = '0'  [ RunTime:0.0000s ]
NOTIC: [8] Undefined offset: 0 D:\phpStudy\WWW\ecservice\Application\GetProductDetail\Controller\IndexController.class.php 第 76 行.
NOTIC: [8] Undefined offset: 0 D:\phpStudy\WWW\ecservice\Application\GetProductDetail\Controller\IndexController.class.php 第 90 行.

[ 2018-01-04T15:08:35+08:00 ] 127.0.0.1 /ecservice/getProductDetail
INFO: [ app_init ] --START--
INFO: Run Behavior\BuildLiteBehavior [ RunTime:0.000000s ]
INFO: [ app_init ] --END-- [ RunTime:0.001000s ]
INFO: [ app_begin ] --START--
INFO: Run Behavior\ReadHtmlCacheBehavior [ RunTime:0.001000s ]
INFO: [ app_begin ] --END-- [ RunTime:0.001000s ]
NOTIC: [8] Undefined variable: appkey D:\phpStudy\WWW\ecservice\Application\GetProductDetail\Controller\IndexController.class.php 第 34 行.
SQL: SHOW COLUMNS FROM `ecs_goods` [ RunTime:0.0060s ]
NOTIC: [8] Use of undefined constant eq - assumed 'eq' D:\phpStudy\WWW\ecservice\Application\GetProductDetail\Controller\IndexController.class.php 第 44 行.
SQL: SELECT * FROM `ecs_goods` WHERE `goods_id` = '68'  [ RunTime:0.0010s ]
SQL: SHOW COLUMNS FROM `ecs_category` [ RunTime:0.0050s ]
SQL: SELECT `cat_id` FROM `ecs_goods` WHERE `goods_id` = '68'  [ RunTime:0.0000s ]
SQL: SELECT `categoryId` FROM `ecs_category` WHERE `cat_id` = 44  [ RunTime:0.0000s ]
NOTIC: [8] Use of undefined constant eq - assumed 'eq' D:\phpStudy\WWW\ecservice\Application\GetProductDetail\Controller\IndexController.class.php 第 72 行.
SQL: SHOW COLUMNS FROM `ecs_brand` [ RunTime:0.0050s ]
SQL: SELECT `brand_name` FROM `ecs_brand` WHERE `brand_id` = '0'  [ RunTime:0.0010s ]
NOTIC: [8] Undefined offset: 0 D:\phpStudy\WWW\ecservice\Application\GetProductDetail\Controller\IndexController.class.php 第 76 行.
NOTIC: [8] Undefined offset: 0 D:\phpStudy\WWW\ecservice\Application\GetProductDetail\Controller\IndexController.class.php 第 90 行.

