[ 2017-12-05T15:48:39+08:00 ] 127.0.0.1 /ecservice/getProductPool
INFO: [ app_init ] --START--
INFO: Run Behavior\BuildLiteBehavior [ RunTime:0.000000s ]
INFO: [ app_init ] --END-- [ RunTime:0.001000s ]
INFO: [ app_begin ] --START--
INFO: Run Behavior\ReadHtmlCacheBehavior [ RunTime:0.001000s ]
INFO: [ app_begin ] --END-- [ RunTime:0.001000s ]
NOTIC: [8] Undefined variable: appkey D:\phpStudy\WWW\ecservice\Application\GetProductPool\Controller\IndexController.class.php 第 33 行.
SQL: SHOW COLUMNS FROM `ecs_category` [ RunTime:0.0050s ]
NOTIC: [8] Use of undefined constant eq - assumed 'eq' D:\phpStudy\WWW\ecservice\Application\GetProductPool\Controller\IndexController.class.php 第 43 行.
SQL: SELECT `cat_id` FROM `ecs_category` WHERE `categoryId` = 'A0206180203'  [ RunTime:0.0010s ]
SQL: SHOW COLUMNS FROM `ecs_goods` [ RunTime:0.0160s ]
SQL: SELECT `goods_id` FROM `ecs_goods` WHERE `cat_id` BETWEEN '46' AND '48'  [ RunTime:0.5050s ]

[ 2017-12-05T15:48:42+08:00 ] 127.0.0.1 /ecservice/getProductPool
INFO: [ app_init ] --START--
INFO: Run Behavior\BuildLiteBehavior [ RunTime:0.000000s ]
INFO: [ app_init ] --END-- [ RunTime:0.001000s ]
INFO: [ app_begin ] --START--
INFO: Run Behavior\ReadHtmlCacheBehavior [ RunTime:0.001000s ]
INFO: [ app_begin ] --END-- [ RunTime:0.001000s ]
NOTIC: [8] Undefined variable: appkey D:\phpStudy\WWW\ecservice\Application\GetProductPool\Controller\IndexController.class.php 第 33 行.
SQL: SHOW COLUMNS FROM `ecs_category` [ RunTime:0.0060s ]
NOTIC: [8] Use of undefined constant eq - assumed 'eq' D:\phpStudy\WWW\ecservice\Application\GetProductPool\Controller\IndexController.class.php 第 43 行.
SQL: SELECT `cat_id` FROM `ecs_category` WHERE `categoryId` = 'A0206180301'  [ RunTime:0.0010s ]
SQL: SHOW COLUMNS FROM `ecs_goods` [ RunTime:0.0070s ]
SQL: SELECT `goods_id` FROM `ecs_goods` WHERE `cat_id` BETWEEN '51' AND '53'  [ RunTime:0.6620s ]

[ 2017-12-05T15:48:45+08:00 ] 127.0.0.1 /ecservice/getProductPool
INFO: [ app_init ] --START--
INFO: Run Behavior\BuildLiteBehavior [ RunTime:0.000000s ]
INFO: [ app_init ] --END-- [ RunTime:0.000000s ]
INFO: [ app_begin ] --START--
INFO: Run Behavior\ReadHtmlCacheBehavior [ RunTime:0.000000s ]
INFO: [ app_begin ] --END-- [ RunTime:0.000000s ]
NOTIC: [8] Undefined variable: appkey D:\phpStudy\WWW\ecservice\Application\GetProductPool\Controller\IndexController.class.php 第 33 行.
SQL: SHOW COLUMNS FROM `ecs_category` [ RunTime:0.0060s ]
NOTIC: [8] Use of undefined constant eq - assumed 'eq' D:\phpStudy\WWW\ecservice\Application\GetProductPool\Controller\IndexController.class.php 第 43 行.
SQL: SELECT `cat_id` FROM `ecs_category` WHERE `categoryId` = 'A0206180101'  [ RunTime:0.0010s ]
SQL: SHOW COLUMNS FROM `ecs_goods` [ RunTime:0.0060s ]
SQL: SELECT `goods_id` FROM `ecs_goods` WHERE `cat_id` BETWEEN '56' AND '60'  [ RunTime:0.4520s ]

[ 2017-12-05T16:14:04+08:00 ] 127.0.0.1 /ecservice/getProductPool
INFO: [ app_init ] --START--
INFO: Run Behavior\BuildLiteBehavior [ RunTime:0.000000s ]
INFO: [ app_init ] --END-- [ RunTime:0.001000s ]
INFO: [ app_begin ] --START--
INFO: Run Behavior\ReadHtmlCacheBehavior [ RunTime:0.000000s ]
INFO: [ app_begin ] --END-- [ RunTime:0.001000s ]
NOTIC: [8] Undefined variable: appkey D:\phpStudy\WWW\ecservice\Application\GetProductPool\Controller\IndexController.class.php 第 33 行.
SQL: SHOW COLUMNS FROM `ecs_category` [ RunTime:0.0060s ]
NOTIC: [8] Use of undefined constant eq - assumed 'eq' D:\phpStudy\WWW\ecservice\Application\GetProductPool\Controller\IndexController.class.php 第 43 行.
SQL: SELECT `cat_id` FROM `ecs_category` WHERE `categoryId` = 'A0206180203'  [ RunTime:0.0010s ]
SQL: SHOW COLUMNS FROM `ecs_goods` [ RunTime:0.0060s ]
SQL: SELECT `goods_id` FROM `ecs_goods` WHERE `cat_id` = '45'  [ RunTime:0.0010s ]
NOTIC: [8] Undefined variable: arr D:\phpStudy\WWW\ecservice\Application\GetProductPool\Controller\IndexController.class.php 第 71 行.

[ 2017-12-05T17:44:16+08:00 ] 127.0.0.1 /ecservice/getProductPool
INFO: [ app_init ] --START--
INFO: Run Behavior\BuildLiteBehavior [ RunTime:0.000000s ]
INFO: [ app_init ] --END-- [ RunTime:0.001000s ]
INFO: [ app_begin ] --START--
INFO: Run Behavior\ReadHtmlCacheBehavior [ RunTime:0.002000s ]
INFO: [ app_begin ] --END-- [ RunTime:0.002000s ]
NOTIC: [8] Undefined variable: appkey D:\phpStudy\WWW\ecservice\Application\GetProductPool\Controller\IndexController.class.php 第 33 行.
SQL: SHOW COLUMNS FROM `ecs_category` [ RunTime:0.0070s ]
NOTIC: [8] Use of undefined constant eq - assumed 'eq' D:\phpStudy\WWW\ecservice\Application\GetProductPool\Controller\IndexController.class.php 第 43 行.
SQL: SELECT `cat_id` FROM `ecs_category` WHERE `categoryId` = 'A02091001'  [ RunTime:0.0010s ]
SQL: SHOW COLUMNS FROM `ecs_goods` [ RunTime:0.0060s ]
SQL: SELECT `goods_id` FROM `ecs_goods` WHERE `cat_id` BETWEEN '398' AND '403'  [ RunTime:0.4670s ]

[ 2017-12-05T17:44:20+08:00 ] 127.0.0.1 /ecservice/getProductPool
INFO: [ app_init ] --START--
INFO: Run Behavior\BuildLiteBehavior [ RunTime:0.000000s ]
INFO: [ app_init ] --END-- [ RunTime:0.001000s ]
INFO: [ app_begin ] --START--
INFO: Run Behavior\ReadHtmlCacheBehavior [ RunTime:0.001000s ]
INFO: [ app_begin ] --END-- [ RunTime:0.001000s ]
NOTIC: [8] Undefined variable: appkey D:\phpStudy\WWW\ecservice\Application\GetProductPool\Controller\IndexController.class.php 第 33 行.
SQL: SHOW COLUMNS FROM `ecs_category` [ RunTime:0.0060s ]
NOTIC: [8] Use of undefined constant eq - assumed 'eq' D:\phpStudy\WWW\ecservice\Application\GetProductPool\Controller\IndexController.class.php 第 43 行.
SQL: SELECT `cat_id` FROM `ecs_category` WHERE `categoryId` = 'A0206180203'  [ RunTime:0.0010s ]
SQL: SHOW COLUMNS FROM `ecs_goods` [ RunTime:0.0070s ]
SQL: SELECT `goods_id` FROM `ecs_goods` WHERE `cat_id` BETWEEN '46' AND '48'  [ RunTime:0.0150s ]

[ 2017-12-05T17:44:24+08:00 ] 127.0.0.1 /ecservice/getProductPool
INFO: [ app_init ] --START--
INFO: Run Behavior\BuildLiteBehavior [ RunTime:0.000000s ]
INFO: [ app_init ] --END-- [ RunTime:0.000000s ]
INFO: [ app_begin ] --START--
INFO: Run Behavior\ReadHtmlCacheBehavior [ RunTime:0.001000s ]
INFO: [ app_begin ] --END-- [ RunTime:0.001000s ]
NOTIC: [8] Undefined variable: appkey D:\phpStudy\WWW\ecservice\Application\GetProductPool\Controller\IndexController.class.php 第 33 行.
SQL: SHOW COLUMNS FROM `ecs_category` [ RunTime:0.0060s ]
NOTIC: [8] Use of undefined constant eq - assumed 'eq' D:\phpStudy\WWW\ecservice\Application\GetProductPool\Controller\IndexController.class.php 第 43 行.
SQL: SELECT `cat_id` FROM `ecs_category` WHERE `categoryId` = 'A0206180301'  [ RunTime:0.0010s ]
SQL: SHOW COLUMNS FROM `ecs_goods` [ RunTime:0.0060s ]
SQL: SELECT `goods_id` FROM `ecs_goods` WHERE `cat_id` BETWEEN '51' AND '53'  [ RunTime:0.0130s ]

