[ 2017-11-10T08:57:39+08:00 ] 127.0.0.1 /ecservice/getProductPool
INFO: [ app_init ] --START--
INFO: Run Behavior\BuildLiteBehavior [ RunTime:0.000000s ]
INFO: [ app_init ] --END-- [ RunTime:0.000000s ]
INFO: [ app_begin ] --START--
INFO: Run Behavior\ReadHtmlCacheBehavior [ RunTime:0.000000s ]
INFO: [ app_begin ] --END-- [ RunTime:0.000000s ]
NOTIC: [8] Undefined variable: appkey D:\phpStudy\WWW\ecservice\Application\GetProductPool\Controller\IndexController.class.php 第 33 行.
SQL: SHOW COLUMNS FROM `ecs_category` [ RunTime:0.0000s ]
NOTIC: [8] Use of undefined constant eq - assumed 'eq' D:\phpStudy\WWW\ecservice\Application\GetProductPool\Controller\IndexController.class.php 第 43 行.
SQL: SELECT `cat_id` FROM `ecs_category` WHERE `categoryId` = 'A02010105'  [ RunTime:0.0000s ]
SQL: SHOW COLUMNS FROM `ecs_goods` [ RunTime:0.0156s ]
NOTIC: [8] Use of undefined constant eq - assumed 'eq' D:\phpStudy\WWW\ecservice\Application\GetProductPool\Controller\IndexController.class.php 第 47 行.
SQL: SELECT `goods_id` FROM `ecs_goods` WHERE `cat_id` = '362'  [ RunTime:0.0000s ]

[ 2017-11-10T08:57:41+08:00 ] 127.0.0.1 /ecservice/getProductPool
INFO: [ app_init ] --START--
INFO: Run Behavior\BuildLiteBehavior [ RunTime:0.000000s ]
INFO: [ app_init ] --END-- [ RunTime:0.000000s ]
INFO: [ app_begin ] --START--
INFO: Run Behavior\ReadHtmlCacheBehavior [ RunTime:0.000000s ]
INFO: [ app_begin ] --END-- [ RunTime:0.000000s ]
NOTIC: [8] Undefined variable: appkey D:\phpStudy\WWW\ecservice\Application\GetProductPool\Controller\IndexController.class.php 第 33 行.
SQL: SHOW COLUMNS FROM `ecs_category` [ RunTime:0.0000s ]
NOTIC: [8] Use of undefined constant eq - assumed 'eq' D:\phpStudy\WWW\ecservice\Application\GetProductPool\Controller\IndexController.class.php 第 43 行.
SQL: SELECT `cat_id` FROM `ecs_category` WHERE `categoryId` = 'A02010107'  [ RunTime:0.0000s ]
SQL: SHOW COLUMNS FROM `ecs_goods` [ RunTime:0.0000s ]
NOTIC: [8] Use of undefined constant eq - assumed 'eq' D:\phpStudy\WWW\ecservice\Application\GetProductPool\Controller\IndexController.class.php 第 47 行.
SQL: SELECT `goods_id` FROM `ecs_goods` WHERE `cat_id` = '364'  [ RunTime:0.0156s ]

[ 2017-11-10T08:57:43+08:00 ] 127.0.0.1 /ecservice/getProductPool
INFO: [ app_init ] --START--
INFO: Run Behavior\BuildLiteBehavior [ RunTime:0.000000s ]
INFO: [ app_init ] --END-- [ RunTime:0.000000s ]
INFO: [ app_begin ] --START--
INFO: Run Behavior\ReadHtmlCacheBehavior [ RunTime:0.000000s ]
INFO: [ app_begin ] --END-- [ RunTime:0.000000s ]
NOTIC: [8] Undefined variable: appkey D:\phpStudy\WWW\ecservice\Application\GetProductPool\Controller\IndexController.class.php 第 33 行.
SQL: SHOW COLUMNS FROM `ecs_category` [ RunTime:0.0000s ]
NOTIC: [8] Use of undefined constant eq - assumed 'eq' D:\phpStudy\WWW\ecservice\Application\GetProductPool\Controller\IndexController.class.php 第 43 行.
SQL: SELECT `cat_id` FROM `ecs_category` WHERE `categoryId` = 'A02010104'  [ RunTime:0.0000s ]
SQL: SHOW COLUMNS FROM `ecs_goods` [ RunTime:0.0000s ]
NOTIC: [8] Use of undefined constant eq - assumed 'eq' D:\phpStudy\WWW\ecservice\Application\GetProductPool\Controller\IndexController.class.php 第 47 行.
SQL: SELECT `goods_id` FROM `ecs_goods` WHERE `cat_id` = '366'  [ RunTime:0.0936s ]

[ 2017-11-10T09:10:49+08:00 ] 127.0.0.1 /ecservice/getProductPool
INFO: [ app_init ] --START--
INFO: Run Behavior\BuildLiteBehavior [ RunTime:0.000000s ]
INFO: [ app_init ] --END-- [ RunTime:0.001000s ]
INFO: [ app_begin ] --START--
INFO: Run Behavior\ReadHtmlCacheBehavior [ RunTime:0.001000s ]
INFO: [ app_begin ] --END-- [ RunTime:0.001000s ]
NOTIC: [8] Undefined variable: appkey D:\phpStudy\WWW\ecservice\Application\GetProductPool\Controller\IndexController.class.php 第 33 行.
SQL: SHOW COLUMNS FROM `ecs_category` [ RunTime:0.0050s ]
NOTIC: [8] Use of undefined constant eq - assumed 'eq' D:\phpStudy\WWW\ecservice\Application\GetProductPool\Controller\IndexController.class.php 第 43 行.
SQL: SELECT `cat_id` FROM `ecs_category` WHERE `categoryId` = 'A02010105'  [ RunTime:0.0010s ]
SQL: SHOW COLUMNS FROM `ecs_goods` [ RunTime:0.0060s ]
NOTIC: [8] Use of undefined constant eq - assumed 'eq' D:\phpStudy\WWW\ecservice\Application\GetProductPool\Controller\IndexController.class.php 第 47 行.
SQL: SELECT `goods_id` FROM `ecs_goods` WHERE `cat_id` = '362'  [ RunTime:0.0040s ]

[ 2017-11-10T09:10:51+08:00 ] 127.0.0.1 /ecservice/getProductPool
INFO: [ app_init ] --START--
INFO: Run Behavior\BuildLiteBehavior [ RunTime:0.000000s ]
INFO: [ app_init ] --END-- [ RunTime:0.001000s ]
INFO: [ app_begin ] --START--
INFO: Run Behavior\ReadHtmlCacheBehavior [ RunTime:0.001000s ]
INFO: [ app_begin ] --END-- [ RunTime:0.001000s ]
NOTIC: [8] Undefined variable: appkey D:\phpStudy\WWW\ecservice\Application\GetProductPool\Controller\IndexController.class.php 第 33 行.
SQL: SHOW COLUMNS FROM `ecs_category` [ RunTime:0.0060s ]
NOTIC: [8] Use of undefined constant eq - assumed 'eq' D:\phpStudy\WWW\ecservice\Application\GetProductPool\Controller\IndexController.class.php 第 43 行.
SQL: SELECT `cat_id` FROM `ecs_category` WHERE `categoryId` = 'A02010107'  [ RunTime:0.0000s ]
SQL: SHOW COLUMNS FROM `ecs_goods` [ RunTime:0.0050s ]
NOTIC: [8] Use of undefined constant eq - assumed 'eq' D:\phpStudy\WWW\ecservice\Application\GetProductPool\Controller\IndexController.class.php 第 47 行.
SQL: SELECT `goods_id` FROM `ecs_goods` WHERE `cat_id` = '364'  [ RunTime:0.0000s ]

[ 2017-11-10T09:10:53+08:00 ] 127.0.0.1 /ecservice/getProductPool
INFO: [ app_init ] --START--
INFO: Run Behavior\BuildLiteBehavior [ RunTime:0.000000s ]
INFO: [ app_init ] --END-- [ RunTime:0.001000s ]
INFO: [ app_begin ] --START--
INFO: Run Behavior\ReadHtmlCacheBehavior [ RunTime:0.001000s ]
INFO: [ app_begin ] --END-- [ RunTime:0.001000s ]
NOTIC: [8] Undefined variable: appkey D:\phpStudy\WWW\ecservice\Application\GetProductPool\Controller\IndexController.class.php 第 33 行.
SQL: SHOW COLUMNS FROM `ecs_category` [ RunTime:0.0050s ]
NOTIC: [8] Use of undefined constant eq - assumed 'eq' D:\phpStudy\WWW\ecservice\Application\GetProductPool\Controller\IndexController.class.php 第 43 行.
SQL: SELECT `cat_id` FROM `ecs_category` WHERE `categoryId` = 'A02010104'  [ RunTime:0.0010s ]
SQL: SHOW COLUMNS FROM `ecs_goods` [ RunTime:0.0060s ]
NOTIC: [8] Use of undefined constant eq - assumed 'eq' D:\phpStudy\WWW\ecservice\Application\GetProductPool\Controller\IndexController.class.php 第 47 行.
SQL: SELECT `goods_id` FROM `ecs_goods` WHERE `cat_id` = '366'  [ RunTime:0.0050s ]

[ 2017-11-10T09:25:36+08:00 ] 127.0.0.1 /ecservice/getProductPool
INFO: [ app_init ] --START--
INFO: Run Behavior\BuildLiteBehavior [ RunTime:0.000000s ]
INFO: [ app_init ] --END-- [ RunTime:0.001000s ]
INFO: [ app_begin ] --START--
INFO: Run Behavior\ReadHtmlCacheBehavior [ RunTime:0.001000s ]
INFO: [ app_begin ] --END-- [ RunTime:0.001000s ]
NOTIC: [8] Undefined variable: appkey D:\phpStudy\WWW\ecservice\Application\GetProductPool\Controller\IndexController.class.php 第 33 行.
SQL: SHOW COLUMNS FROM `ecs_category` [ RunTime:0.0060s ]
NOTIC: [8] Use of undefined constant eq - assumed 'eq' D:\phpStudy\WWW\ecservice\Application\GetProductPool\Controller\IndexController.class.php 第 43 行.
SQL: SELECT `cat_id` FROM `ecs_category` WHERE `categoryId` = 'A02010105'  [ RunTime:0.0010s ]
SQL: SHOW COLUMNS FROM `ecs_goods` [ RunTime:0.0060s ]
NOTIC: [8] Use of undefined constant eq - assumed 'eq' D:\phpStudy\WWW\ecservice\Application\GetProductPool\Controller\IndexController.class.php 第 47 行.
SQL: SELECT `goods_id` FROM `ecs_goods` WHERE `cat_id` = '362'  [ RunTime:0.0040s ]

[ 2017-11-10T09:25:38+08:00 ] 127.0.0.1 /ecservice/getProductPool
INFO: [ app_init ] --START--
INFO: Run Behavior\BuildLiteBehavior [ RunTime:0.000000s ]
INFO: [ app_init ] --END-- [ RunTime:0.001000s ]
INFO: [ app_begin ] --START--
INFO: Run Behavior\ReadHtmlCacheBehavior [ RunTime:0.000000s ]
INFO: [ app_begin ] --END-- [ RunTime:0.000000s ]
NOTIC: [8] Undefined variable: appkey D:\phpStudy\WWW\ecservice\Application\GetProductPool\Controller\IndexController.class.php 第 33 行.
SQL: SHOW COLUMNS FROM `ecs_category` [ RunTime:0.0050s ]
NOTIC: [8] Use of undefined constant eq - assumed 'eq' D:\phpStudy\WWW\ecservice\Application\GetProductPool\Controller\IndexController.class.php 第 43 行.
SQL: SELECT `cat_id` FROM `ecs_category` WHERE `categoryId` = 'A02010107'  [ RunTime:0.0010s ]
SQL: SHOW COLUMNS FROM `ecs_goods` [ RunTime:0.0060s ]
NOTIC: [8] Use of undefined constant eq - assumed 'eq' D:\phpStudy\WWW\ecservice\Application\GetProductPool\Controller\IndexController.class.php 第 47 行.
SQL: SELECT `goods_id` FROM `ecs_goods` WHERE `cat_id` = '364'  [ RunTime:0.0010s ]

[ 2017-11-10T09:25:40+08:00 ] 127.0.0.1 /ecservice/getProductPool
INFO: [ app_init ] --START--
INFO: Run Behavior\BuildLiteBehavior [ RunTime:0.000000s ]
INFO: [ app_init ] --END-- [ RunTime:0.000000s ]
INFO: [ app_begin ] --START--
INFO: Run Behavior\ReadHtmlCacheBehavior [ RunTime:0.000000s ]
INFO: [ app_begin ] --END-- [ RunTime:0.000000s ]
NOTIC: [8] Undefined variable: appkey D:\phpStudy\WWW\ecservice\Application\GetProductPool\Controller\IndexController.class.php 第 33 行.
SQL: SHOW COLUMNS FROM `ecs_category` [ RunTime:0.0050s ]
NOTIC: [8] Use of undefined constant eq - assumed 'eq' D:\phpStudy\WWW\ecservice\Application\GetProductPool\Controller\IndexController.class.php 第 43 行.
SQL: SELECT `cat_id` FROM `ecs_category` WHERE `categoryId` = 'A02010104'  [ RunTime:0.0010s ]
SQL: SHOW COLUMNS FROM `ecs_goods` [ RunTime:0.0060s ]
NOTIC: [8] Use of undefined constant eq - assumed 'eq' D:\phpStudy\WWW\ecservice\Application\GetProductPool\Controller\IndexController.class.php 第 47 行.
SQL: SELECT `goods_id` FROM `ecs_goods` WHERE `cat_id` = '366'  [ RunTime:0.0050s ]

[ 2017-11-10T15:36:22+08:00 ] 127.0.0.1 /ecservice/getProductPool
INFO: [ app_init ] --START--
INFO: Run Behavior\BuildLiteBehavior [ RunTime:0.000000s ]
INFO: [ app_init ] --END-- [ RunTime:0.000000s ]
INFO: [ app_begin ] --START--
INFO: Run Behavior\ReadHtmlCacheBehavior [ RunTime:0.000000s ]
INFO: [ app_begin ] --END-- [ RunTime:0.001000s ]
NOTIC: [8] Undefined variable: appkey D:\phpStudy\WWW\ecservice\Application\GetProductPool\Controller\IndexController.class.php 第 33 行.
SQL: SHOW COLUMNS FROM `ecs_category` [ RunTime:0.0060s ]
NOTIC: [8] Use of undefined constant eq - assumed 'eq' D:\phpStudy\WWW\ecservice\Application\GetProductPool\Controller\IndexController.class.php 第 43 行.
SQL: SELECT `cat_id` FROM `ecs_category` WHERE `categoryId` = 'A02010105'  [ RunTime:0.0010s ]
SQL: SHOW COLUMNS FROM `ecs_goods` [ RunTime:0.0070s ]
NOTIC: [8] Use of undefined constant eq - assumed 'eq' D:\phpStudy\WWW\ecservice\Application\GetProductPool\Controller\IndexController.class.php 第 47 行.
SQL: SELECT `goods_id` FROM `ecs_goods` WHERE `cat_id` = '362'  [ RunTime:0.0050s ]

[ 2017-11-10T15:36:24+08:00 ] 127.0.0.1 /ecservice/getProductPool
INFO: [ app_init ] --START--
INFO: Run Behavior\BuildLiteBehavior [ RunTime:0.000000s ]
INFO: [ app_init ] --END-- [ RunTime:0.000000s ]
INFO: [ app_begin ] --START--
INFO: Run Behavior\ReadHtmlCacheBehavior [ RunTime:0.000000s ]
INFO: [ app_begin ] --END-- [ RunTime:0.001000s ]
NOTIC: [8] Undefined variable: appkey D:\phpStudy\WWW\ecservice\Application\GetProductPool\Controller\IndexController.class.php 第 33 行.
SQL: SHOW COLUMNS FROM `ecs_category` [ RunTime:0.0060s ]
NOTIC: [8] Use of undefined constant eq - assumed 'eq' D:\phpStudy\WWW\ecservice\Application\GetProductPool\Controller\IndexController.class.php 第 43 行.
SQL: SELECT `cat_id` FROM `ecs_category` WHERE `categoryId` = 'A02010107'  [ RunTime:0.0010s ]
SQL: SHOW COLUMNS FROM `ecs_goods` [ RunTime:0.0060s ]
NOTIC: [8] Use of undefined constant eq - assumed 'eq' D:\phpStudy\WWW\ecservice\Application\GetProductPool\Controller\IndexController.class.php 第 47 行.
SQL: SELECT `goods_id` FROM `ecs_goods` WHERE `cat_id` = '364'  [ RunTime:0.0010s ]

[ 2017-11-10T15:36:26+08:00 ] 127.0.0.1 /ecservice/getProductPool
INFO: [ app_init ] --START--
INFO: Run Behavior\BuildLiteBehavior [ RunTime:0.000000s ]
INFO: [ app_init ] --END-- [ RunTime:0.001000s ]
INFO: [ app_begin ] --START--
INFO: Run Behavior\ReadHtmlCacheBehavior [ RunTime:0.001000s ]
INFO: [ app_begin ] --END-- [ RunTime:0.001000s ]
NOTIC: [8] Undefined variable: appkey D:\phpStudy\WWW\ecservice\Application\GetProductPool\Controller\IndexController.class.php 第 33 行.
SQL: SHOW COLUMNS FROM `ecs_category` [ RunTime:0.0060s ]
NOTIC: [8] Use of undefined constant eq - assumed 'eq' D:\phpStudy\WWW\ecservice\Application\GetProductPool\Controller\IndexController.class.php 第 43 行.
SQL: SELECT `cat_id` FROM `ecs_category` WHERE `categoryId` = 'A02010104'  [ RunTime:0.0010s ]
SQL: SHOW COLUMNS FROM `ecs_goods` [ RunTime:0.0070s ]
NOTIC: [8] Use of undefined constant eq - assumed 'eq' D:\phpStudy\WWW\ecservice\Application\GetProductPool\Controller\IndexController.class.php 第 47 行.
SQL: SELECT `goods_id` FROM `ecs_goods` WHERE `cat_id` = '366'  [ RunTime:0.0050s ]

[ 2017-11-10T16:30:15+08:00 ] 127.0.0.1 /ecservice/getProductPool
INFO: [ app_init ] --START--
INFO: Run Behavior\BuildLiteBehavior [ RunTime:0.000000s ]
INFO: [ app_init ] --END-- [ RunTime:0.001000s ]
INFO: [ app_begin ] --START--
INFO: Run Behavior\ReadHtmlCacheBehavior [ RunTime:0.001000s ]
INFO: [ app_begin ] --END-- [ RunTime:0.001000s ]
NOTIC: [8] Undefined variable: appkey D:\phpStudy\WWW\ecservice\Application\GetProductPool\Controller\IndexController.class.php 第 33 行.
SQL: SHOW COLUMNS FROM `ecs_category` [ RunTime:0.0060s ]
NOTIC: [8] Use of undefined constant eq - assumed 'eq' D:\phpStudy\WWW\ecservice\Application\GetProductPool\Controller\IndexController.class.php 第 43 行.
SQL: SELECT `cat_id` FROM `ecs_category` WHERE `categoryId` = 'A02010105'  [ RunTime:0.0010s ]
SQL: SHOW COLUMNS FROM `ecs_goods` [ RunTime:0.0070s ]
NOTIC: [8] Use of undefined constant eq - assumed 'eq' D:\phpStudy\WWW\ecservice\Application\GetProductPool\Controller\IndexController.class.php 第 47 行.
SQL: SELECT `goods_id` FROM `ecs_goods` WHERE `cat_id` = '362'  [ RunTime:0.0050s ]

[ 2017-11-10T16:30:18+08:00 ] 127.0.0.1 /ecservice/getProductPool
INFO: [ app_init ] --START--
INFO: Run Behavior\BuildLiteBehavior [ RunTime:0.000000s ]
INFO: [ app_init ] --END-- [ RunTime:0.000000s ]
INFO: [ app_begin ] --START--
INFO: Run Behavior\ReadHtmlCacheBehavior [ RunTime:0.000000s ]
INFO: [ app_begin ] --END-- [ RunTime:0.000000s ]
NOTIC: [8] Undefined variable: appkey D:\phpStudy\WWW\ecservice\Application\GetProductPool\Controller\IndexController.class.php 第 33 行.
SQL: SHOW COLUMNS FROM `ecs_category` [ RunTime:0.0050s ]
NOTIC: [8] Use of undefined constant eq - assumed 'eq' D:\phpStudy\WWW\ecservice\Application\GetProductPool\Controller\IndexController.class.php 第 43 行.
SQL: SELECT `cat_id` FROM `ecs_category` WHERE `categoryId` = 'A02010107'  [ RunTime:0.0000s ]
SQL: SHOW COLUMNS FROM `ecs_goods` [ RunTime:0.0050s ]
NOTIC: [8] Use of undefined constant eq - assumed 'eq' D:\phpStudy\WWW\ecservice\Application\GetProductPool\Controller\IndexController.class.php 第 47 行.
SQL: SELECT `goods_id` FROM `ecs_goods` WHERE `cat_id` = '364'  [ RunTime:0.0000s ]

[ 2017-11-10T16:30:20+08:00 ] 127.0.0.1 /ecservice/getProductPool
INFO: [ app_init ] --START--
INFO: Run Behavior\BuildLiteBehavior [ RunTime:0.000000s ]
INFO: [ app_init ] --END-- [ RunTime:0.000000s ]
INFO: [ app_begin ] --START--
INFO: Run Behavior\ReadHtmlCacheBehavior [ RunTime:0.000000s ]
INFO: [ app_begin ] --END-- [ RunTime:0.000000s ]
NOTIC: [8] Undefined variable: appkey D:\phpStudy\WWW\ecservice\Application\GetProductPool\Controller\IndexController.class.php 第 33 行.
SQL: SHOW COLUMNS FROM `ecs_category` [ RunTime:0.0060s ]
NOTIC: [8] Use of undefined constant eq - assumed 'eq' D:\phpStudy\WWW\ecservice\Application\GetProductPool\Controller\IndexController.class.php 第 43 行.
SQL: SELECT `cat_id` FROM `ecs_category` WHERE `categoryId` = 'A02010104'  [ RunTime:0.0010s ]
SQL: SHOW COLUMNS FROM `ecs_goods` [ RunTime:0.0060s ]
NOTIC: [8] Use of undefined constant eq - assumed 'eq' D:\phpStudy\WWW\ecservice\Application\GetProductPool\Controller\IndexController.class.php 第 47 行.
SQL: SELECT `goods_id` FROM `ecs_goods` WHERE `cat_id` = '366'  [ RunTime:0.0040s ]

