[ 2018-01-04T15:06:41+08:00 ] 127.0.0.1 /ecservice/getProductPool
INFO: [ app_init ] --START--
INFO: Run Behavior\BuildLiteBehavior [ RunTime:0.000000s ]
INFO: [ app_init ] --END-- [ RunTime:0.001000s ]
INFO: [ app_begin ] --START--
INFO: Run Behavior\ReadHtmlCacheBehavior [ RunTime:0.001000s ]
INFO: [ app_begin ] --END-- [ RunTime:0.001000s ]
NOTIC: [8] Undefined variable: appkey D:\phpStudy\WWW\ecservice\Application\GetProductPool\Controller\IndexController.class.php 第 34 行.
SQL: SHOW COLUMNS FROM `ecs_category` [ RunTime:0.0050s ]
NOTIC: [8] Use of undefined constant eq - assumed 'eq' D:\phpStudy\WWW\ecservice\Application\GetProductPool\Controller\IndexController.class.php 第 44 行.
SQL: SELECT `cat_id` FROM `ecs_category` WHERE `categoryId` = 'A02091001'  [ RunTime:0.0010s ]
SQL: SHOW COLUMNS FROM `ecs_goods` [ RunTime:0.0920s ]
SQL: SELECT `goods_id` FROM `ecs_goods` WHERE `cat_id` BETWEEN '398' AND '403'  [ RunTime:0.7340s ]

[ 2018-01-04T15:08:35+08:00 ] 127.0.0.1 /ecservice/getProductPool
INFO: [ app_init ] --START--
INFO: Run Behavior\BuildLiteBehavior [ RunTime:0.000000s ]
INFO: [ app_init ] --END-- [ RunTime:0.000000s ]
INFO: [ app_begin ] --START--
INFO: Run Behavior\ReadHtmlCacheBehavior [ RunTime:0.000000s ]
INFO: [ app_begin ] --END-- [ RunTime:0.000000s ]
NOTIC: [8] Undefined variable: appkey D:\phpStudy\WWW\ecservice\Application\GetProductPool\Controller\IndexController.class.php 第 34 行.
SQL: SHOW COLUMNS FROM `ecs_category` [ RunTime:0.0060s ]
NOTIC: [8] Use of undefined constant eq - assumed 'eq' D:\phpStudy\WWW\ecservice\Application\GetProductPool\Controller\IndexController.class.php 第 44 行.
SQL: SELECT `cat_id` FROM `ecs_category` WHERE `categoryId` = 'A02091001'  [ RunTime:0.0010s ]
SQL: SHOW COLUMNS FROM `ecs_goods` [ RunTime:0.0060s ]
SQL: SELECT `goods_id` FROM `ecs_goods` WHERE `cat_id` BETWEEN '398' AND '403'  [ RunTime:0.0250s ]

