[ 2017-11-15T09:43:30+08:00 ] 127.0.0.1 /ecservice/getAccessToken
INFO: [ app_init ] --START--
INFO: Run Behavior\BuildLiteBehavior [ RunTime:0.000000s ]
INFO: [ app_init ] --END-- [ RunTime:0.000000s ]
INFO: [ app_begin ] --START--
INFO: Run Behavior\ReadHtmlCacheBehavior [ RunTime:0.000000s ]
INFO: [ app_begin ] --END-- [ RunTime:0.000000s ]
NOTIC: [8] Undefined variable: appkey D:\phpStudy\WWW\ecservice\Application\GetAccessToken\Controller\IndexController.class.php 第 49 行.

[ 2017-11-15T09:43:32+08:00 ] 127.0.0.1 /ecservice/index.php
INFO: [ app_init ] --START--
INFO: Run Behavior\BuildLiteBehavior [ RunTime:0.000000s ]
INFO: [ app_init ] --END-- [ RunTime:0.000000s ]
INFO: [ app_begin ] --START--
INFO: Run Behavior\ReadHtmlCacheBehavior [ RunTime:0.000000s ]
INFO: [ app_begin ] --END-- [ RunTime:0.000000s ]

[ 2017-11-15T09:44:21+08:00 ] 127.0.0.1 /ecservice/getAccessToken
INFO: [ app_init ] --START--
INFO: Run Behavior\BuildLiteBehavior [ RunTime:0.000000s ]
INFO: [ app_init ] --END-- [ RunTime:0.001000s ]
INFO: [ app_begin ] --START--
INFO: Run Behavior\ReadHtmlCacheBehavior [ RunTime:0.001000s ]
INFO: [ app_begin ] --END-- [ RunTime:0.001000s ]

[ 2017-11-15T11:11:24+08:00 ] ::1 /ecservice/index.php
INFO: [ app_init ] --START--
INFO: Run Behavior\BuildLiteBehavior [ RunTime:0.000000s ]
INFO: [ app_init ] --END-- [ RunTime:0.001000s ]
INFO: [ app_begin ] --START--
INFO: Run Behavior\ReadHtmlCacheBehavior [ RunTime:0.001000s ]
INFO: [ app_begin ] --END-- [ RunTime:0.001000s ]

[ 2017-11-15T11:30:29+08:00 ] 127.0.0.1 /ecservice/
INFO: [ app_init ] --START--
INFO: Run Behavior\BuildLiteBehavior [ RunTime:0.000000s ]
INFO: [ app_init ] --END-- [ RunTime:0.001000s ]
INFO: [ app_begin ] --START--
INFO: Run Behavior\ReadHtmlCacheBehavior [ RunTime:0.001001s ]
INFO: [ app_begin ] --END-- [ RunTime:0.001001s ]

[ 2017-11-15T11:33:13+08:00 ] 127.0.0.1 /ecservice/
INFO: [ app_init ] --START--
INFO: Run Behavior\BuildLiteBehavior [ RunTime:0.000000s ]
INFO: [ app_init ] --END-- [ RunTime:0.001000s ]
INFO: [ app_begin ] --START--
INFO: Run Behavior\ReadHtmlCacheBehavior [ RunTime:0.000000s ]
INFO: [ app_begin ] --END-- [ RunTime:0.000000s ]
NOTIC: [2] Illegal string offset 'appKey' D:\phpStudy\WWW\ecservice\Application\GetAccessToken\Controller\IndexController.class.php 第 13 行.
NOTIC: [8] Uninitialized string offset: 0 D:\phpStudy\WWW\ecservice\Application\GetAccessToken\Controller\IndexController.class.php 第 13 行.
NOTIC: [2] Illegal string offset 'appSecret' D:\phpStudy\WWW\ecservice\Application\GetAccessToken\Controller\IndexController.class.php 第 14 行.
NOTIC: [8] Uninitialized string offset: 0 D:\phpStudy\WWW\ecservice\Application\GetAccessToken\Controller\IndexController.class.php 第 14 行.

[ 2017-11-15T11:34:06+08:00 ] 127.0.0.1 /ecservice/
INFO: [ app_init ] --START--
INFO: Run Behavior\BuildLiteBehavior [ RunTime:0.000000s ]
INFO: [ app_init ] --END-- [ RunTime:0.000000s ]
INFO: [ app_begin ] --START--
INFO: Run Behavior\ReadHtmlCacheBehavior [ RunTime:0.001000s ]
INFO: [ app_begin ] --END-- [ RunTime:0.001000s ]
NOTIC: [2] Illegal string offset 'appKey' D:\phpStudy\WWW\ecservice\Application\GetAccessToken\Controller\IndexController.class.php 第 13 行.
NOTIC: [8] Uninitialized string offset: 0 D:\phpStudy\WWW\ecservice\Application\GetAccessToken\Controller\IndexController.class.php 第 13 行.
NOTIC: [2] Illegal string offset 'appSecret' D:\phpStudy\WWW\ecservice\Application\GetAccessToken\Controller\IndexController.class.php 第 14 行.
NOTIC: [8] Uninitialized string offset: 0 D:\phpStudy\WWW\ecservice\Application\GetAccessToken\Controller\IndexController.class.php 第 14 行.

[ 2017-11-15T11:34:33+08:00 ] 127.0.0.1 /ecservice/getAccessToken
INFO: [ app_init ] --START--
INFO: Run Behavior\BuildLiteBehavior [ RunTime:0.000000s ]
INFO: [ app_init ] --END-- [ RunTime:0.001000s ]
INFO: [ app_begin ] --START--
INFO: Run Behavior\ReadHtmlCacheBehavior [ RunTime:0.001000s ]
INFO: [ app_begin ] --END-- [ RunTime:0.001000s ]
NOTIC: [2] Illegal string offset 'appKey' D:\phpStudy\WWW\ecservice\Application\GetAccessToken\Controller\IndexController.class.php 第 13 行.
NOTIC: [8] Uninitialized string offset: 0 D:\phpStudy\WWW\ecservice\Application\GetAccessToken\Controller\IndexController.class.php 第 13 行.
NOTIC: [2] Illegal string offset 'appSecret' D:\phpStudy\WWW\ecservice\Application\GetAccessToken\Controller\IndexController.class.php 第 14 行.
NOTIC: [8] Uninitialized string offset: 0 D:\phpStudy\WWW\ecservice\Application\GetAccessToken\Controller\IndexController.class.php 第 14 行.

[ 2017-11-15T11:35:21+08:00 ] 127.0.0.1 /ecservice/getAccessToken
INFO: [ app_init ] --START--
INFO: Run Behavior\BuildLiteBehavior [ RunTime:0.000000s ]
INFO: [ app_init ] --END-- [ RunTime:0.001000s ]
INFO: [ app_begin ] --START--
INFO: Run Behavior\ReadHtmlCacheBehavior [ RunTime:0.001000s ]
INFO: [ app_begin ] --END-- [ RunTime:0.001000s ]
NOTIC: [2] Illegal string offset 'appKey' D:\phpStudy\WWW\ecservice\Application\GetAccessToken\Controller\IndexController.class.php 第 13 行.
NOTIC: [8] Uninitialized string offset: 0 D:\phpStudy\WWW\ecservice\Application\GetAccessToken\Controller\IndexController.class.php 第 13 行.
NOTIC: [2] Illegal string offset 'appSecret' D:\phpStudy\WWW\ecservice\Application\GetAccessToken\Controller\IndexController.class.php 第 14 行.
NOTIC: [8] Uninitialized string offset: 0 D:\phpStudy\WWW\ecservice\Application\GetAccessToken\Controller\IndexController.class.php 第 14 行.

[ 2017-11-15T11:35:22+08:00 ] 127.0.0.1 /ecservice/getAccessToken
INFO: [ app_init ] --START--
INFO: Run Behavior\BuildLiteBehavior [ RunTime:0.000000s ]
INFO: [ app_init ] --END-- [ RunTime:0.000000s ]
INFO: [ app_begin ] --START--
INFO: Run Behavior\ReadHtmlCacheBehavior [ RunTime:0.000000s ]
INFO: [ app_begin ] --END-- [ RunTime:0.000000s ]
NOTIC: [2] Illegal string offset 'appKey' D:\phpStudy\WWW\ecservice\Application\GetAccessToken\Controller\IndexController.class.php 第 13 行.
NOTIC: [8] Uninitialized string offset: 0 D:\phpStudy\WWW\ecservice\Application\GetAccessToken\Controller\IndexController.class.php 第 13 行.
NOTIC: [2] Illegal string offset 'appSecret' D:\phpStudy\WWW\ecservice\Application\GetAccessToken\Controller\IndexController.class.php 第 14 行.
NOTIC: [8] Uninitialized string offset: 0 D:\phpStudy\WWW\ecservice\Application\GetAccessToken\Controller\IndexController.class.php 第 14 行.

[ 2017-11-15T11:35:22+08:00 ] 127.0.0.1 /ecservice/getAccessToken
INFO: [ app_init ] --START--
INFO: Run Behavior\BuildLiteBehavior [ RunTime:0.000000s ]
INFO: [ app_init ] --END-- [ RunTime:0.001000s ]
INFO: [ app_begin ] --START--
INFO: Run Behavior\ReadHtmlCacheBehavior [ RunTime:0.001000s ]
INFO: [ app_begin ] --END-- [ RunTime:0.001000s ]
NOTIC: [2] Illegal string offset 'appKey' D:\phpStudy\WWW\ecservice\Application\GetAccessToken\Controller\IndexController.class.php 第 13 行.
NOTIC: [8] Uninitialized string offset: 0 D:\phpStudy\WWW\ecservice\Application\GetAccessToken\Controller\IndexController.class.php 第 13 行.
NOTIC: [2] Illegal string offset 'appSecret' D:\phpStudy\WWW\ecservice\Application\GetAccessToken\Controller\IndexController.class.php 第 14 行.
NOTIC: [8] Uninitialized string offset: 0 D:\phpStudy\WWW\ecservice\Application\GetAccessToken\Controller\IndexController.class.php 第 14 行.

[ 2017-11-15T11:35:23+08:00 ] 127.0.0.1 /ecservice/getAccessToken
INFO: [ app_init ] --START--
INFO: Run Behavior\BuildLiteBehavior [ RunTime:0.000000s ]
INFO: [ app_init ] --END-- [ RunTime:0.001000s ]
INFO: [ app_begin ] --START--
INFO: Run Behavior\ReadHtmlCacheBehavior [ RunTime:0.001000s ]
INFO: [ app_begin ] --END-- [ RunTime:0.001000s ]
NOTIC: [2] Illegal string offset 'appKey' D:\phpStudy\WWW\ecservice\Application\GetAccessToken\Controller\IndexController.class.php 第 13 行.
NOTIC: [8] Uninitialized string offset: 0 D:\phpStudy\WWW\ecservice\Application\GetAccessToken\Controller\IndexController.class.php 第 13 行.
NOTIC: [2] Illegal string offset 'appSecret' D:\phpStudy\WWW\ecservice\Application\GetAccessToken\Controller\IndexController.class.php 第 14 行.
NOTIC: [8] Uninitialized string offset: 0 D:\phpStudy\WWW\ecservice\Application\GetAccessToken\Controller\IndexController.class.php 第 14 行.

[ 2017-11-15T11:35:23+08:00 ] 127.0.0.1 /ecservice/getAccessToken
INFO: [ app_init ] --START--
INFO: Run Behavior\BuildLiteBehavior [ RunTime:0.000000s ]
INFO: [ app_init ] --END-- [ RunTime:0.001000s ]
INFO: [ app_begin ] --START--
INFO: Run Behavior\ReadHtmlCacheBehavior [ RunTime:0.001000s ]
INFO: [ app_begin ] --END-- [ RunTime:0.001000s ]
NOTIC: [2] Illegal string offset 'appKey' D:\phpStudy\WWW\ecservice\Application\GetAccessToken\Controller\IndexController.class.php 第 13 行.
NOTIC: [8] Uninitialized string offset: 0 D:\phpStudy\WWW\ecservice\Application\GetAccessToken\Controller\IndexController.class.php 第 13 行.
NOTIC: [2] Illegal string offset 'appSecret' D:\phpStudy\WWW\ecservice\Application\GetAccessToken\Controller\IndexController.class.php 第 14 行.
NOTIC: [8] Uninitialized string offset: 0 D:\phpStudy\WWW\ecservice\Application\GetAccessToken\Controller\IndexController.class.php 第 14 行.

[ 2017-11-15T11:35:23+08:00 ] 127.0.0.1 /ecservice/getAccessToken
INFO: [ app_init ] --START--
INFO: Run Behavior\BuildLiteBehavior [ RunTime:0.000000s ]
INFO: [ app_init ] --END-- [ RunTime:0.001000s ]
INFO: [ app_begin ] --START--
INFO: Run Behavior\ReadHtmlCacheBehavior [ RunTime:0.001001s ]
INFO: [ app_begin ] --END-- [ RunTime:0.001001s ]
NOTIC: [2] Illegal string offset 'appKey' D:\phpStudy\WWW\ecservice\Application\GetAccessToken\Controller\IndexController.class.php 第 13 行.
NOTIC: [8] Uninitialized string offset: 0 D:\phpStudy\WWW\ecservice\Application\GetAccessToken\Controller\IndexController.class.php 第 13 行.
NOTIC: [2] Illegal string offset 'appSecret' D:\phpStudy\WWW\ecservice\Application\GetAccessToken\Controller\IndexController.class.php 第 14 行.
NOTIC: [8] Uninitialized string offset: 0 D:\phpStudy\WWW\ecservice\Application\GetAccessToken\Controller\IndexController.class.php 第 14 行.

[ 2017-11-15T11:35:23+08:00 ] 127.0.0.1 /ecservice/getAccessToken
INFO: [ app_init ] --START--
INFO: Run Behavior\BuildLiteBehavior [ RunTime:0.000000s ]
INFO: [ app_init ] --END-- [ RunTime:0.001000s ]
INFO: [ app_begin ] --START--
INFO: Run Behavior\ReadHtmlCacheBehavior [ RunTime:0.001000s ]
INFO: [ app_begin ] --END-- [ RunTime:0.001000s ]
NOTIC: [2] Illegal string offset 'appKey' D:\phpStudy\WWW\ecservice\Application\GetAccessToken\Controller\IndexController.class.php 第 13 行.
NOTIC: [8] Uninitialized string offset: 0 D:\phpStudy\WWW\ecservice\Application\GetAccessToken\Controller\IndexController.class.php 第 13 行.
NOTIC: [2] Illegal string offset 'appSecret' D:\phpStudy\WWW\ecservice\Application\GetAccessToken\Controller\IndexController.class.php 第 14 行.
NOTIC: [8] Uninitialized string offset: 0 D:\phpStudy\WWW\ecservice\Application\GetAccessToken\Controller\IndexController.class.php 第 14 行.

[ 2017-11-15T11:35:23+08:00 ] 127.0.0.1 /ecservice/getAccessToken
INFO: [ app_init ] --START--
INFO: Run Behavior\BuildLiteBehavior [ RunTime:0.000000s ]
INFO: [ app_init ] --END-- [ RunTime:0.001000s ]
INFO: [ app_begin ] --START--
INFO: Run Behavior\ReadHtmlCacheBehavior [ RunTime:0.001000s ]
INFO: [ app_begin ] --END-- [ RunTime:0.001000s ]
NOTIC: [2] Illegal string offset 'appKey' D:\phpStudy\WWW\ecservice\Application\GetAccessToken\Controller\IndexController.class.php 第 13 行.
NOTIC: [8] Uninitialized string offset: 0 D:\phpStudy\WWW\ecservice\Application\GetAccessToken\Controller\IndexController.class.php 第 13 行.
NOTIC: [2] Illegal string offset 'appSecret' D:\phpStudy\WWW\ecservice\Application\GetAccessToken\Controller\IndexController.class.php 第 14 行.
NOTIC: [8] Uninitialized string offset: 0 D:\phpStudy\WWW\ecservice\Application\GetAccessToken\Controller\IndexController.class.php 第 14 行.

[ 2017-11-15T11:35:24+08:00 ] 127.0.0.1 /ecservice/getAccessToken
INFO: [ app_init ] --START--
INFO: Run Behavior\BuildLiteBehavior [ RunTime:0.000000s ]
INFO: [ app_init ] --END-- [ RunTime:0.001000s ]
INFO: [ app_begin ] --START--
INFO: Run Behavior\ReadHtmlCacheBehavior [ RunTime:0.001000s ]
INFO: [ app_begin ] --END-- [ RunTime:0.001000s ]
NOTIC: [2] Illegal string offset 'appKey' D:\phpStudy\WWW\ecservice\Application\GetAccessToken\Controller\IndexController.class.php 第 13 行.
NOTIC: [8] Uninitialized string offset: 0 D:\phpStudy\WWW\ecservice\Application\GetAccessToken\Controller\IndexController.class.php 第 13 行.
NOTIC: [2] Illegal string offset 'appSecret' D:\phpStudy\WWW\ecservice\Application\GetAccessToken\Controller\IndexController.class.php 第 14 行.
NOTIC: [8] Uninitialized string offset: 0 D:\phpStudy\WWW\ecservice\Application\GetAccessToken\Controller\IndexController.class.php 第 14 行.

[ 2017-11-15T11:35:24+08:00 ] 127.0.0.1 /ecservice/getAccessToken
INFO: [ app_init ] --START--
INFO: Run Behavior\BuildLiteBehavior [ RunTime:0.000000s ]
INFO: [ app_init ] --END-- [ RunTime:0.000000s ]
INFO: [ app_begin ] --START--
INFO: Run Behavior\ReadHtmlCacheBehavior [ RunTime:0.000000s ]
INFO: [ app_begin ] --END-- [ RunTime:0.000000s ]
NOTIC: [2] Illegal string offset 'appKey' D:\phpStudy\WWW\ecservice\Application\GetAccessToken\Controller\IndexController.class.php 第 13 行.
NOTIC: [8] Uninitialized string offset: 0 D:\phpStudy\WWW\ecservice\Application\GetAccessToken\Controller\IndexController.class.php 第 13 行.
NOTIC: [2] Illegal string offset 'appSecret' D:\phpStudy\WWW\ecservice\Application\GetAccessToken\Controller\IndexController.class.php 第 14 行.
NOTIC: [8] Uninitialized string offset: 0 D:\phpStudy\WWW\ecservice\Application\GetAccessToken\Controller\IndexController.class.php 第 14 行.

[ 2017-11-15T11:35:24+08:00 ] 127.0.0.1 /ecservice/getAccessToken
INFO: [ app_init ] --START--
INFO: Run Behavior\BuildLiteBehavior [ RunTime:0.000000s ]
INFO: [ app_init ] --END-- [ RunTime:0.000000s ]
INFO: [ app_begin ] --START--
INFO: Run Behavior\ReadHtmlCacheBehavior [ RunTime:0.000000s ]
INFO: [ app_begin ] --END-- [ RunTime:0.000000s ]
NOTIC: [2] Illegal string offset 'appKey' D:\phpStudy\WWW\ecservice\Application\GetAccessToken\Controller\IndexController.class.php 第 13 行.
NOTIC: [8] Uninitialized string offset: 0 D:\phpStudy\WWW\ecservice\Application\GetAccessToken\Controller\IndexController.class.php 第 13 行.
NOTIC: [2] Illegal string offset 'appSecret' D:\phpStudy\WWW\ecservice\Application\GetAccessToken\Controller\IndexController.class.php 第 14 行.
NOTIC: [8] Uninitialized string offset: 0 D:\phpStudy\WWW\ecservice\Application\GetAccessToken\Controller\IndexController.class.php 第 14 行.

[ 2017-11-15T11:35:24+08:00 ] 127.0.0.1 /ecservice/getAccessToken
INFO: [ app_init ] --START--
INFO: Run Behavior\BuildLiteBehavior [ RunTime:0.000000s ]
INFO: [ app_init ] --END-- [ RunTime:0.001000s ]
INFO: [ app_begin ] --START--
INFO: Run Behavior\ReadHtmlCacheBehavior [ RunTime:0.001000s ]
INFO: [ app_begin ] --END-- [ RunTime:0.001000s ]
NOTIC: [2] Illegal string offset 'appKey' D:\phpStudy\WWW\ecservice\Application\GetAccessToken\Controller\IndexController.class.php 第 13 行.
NOTIC: [8] Uninitialized string offset: 0 D:\phpStudy\WWW\ecservice\Application\GetAccessToken\Controller\IndexController.class.php 第 13 行.
NOTIC: [2] Illegal string offset 'appSecret' D:\phpStudy\WWW\ecservice\Application\GetAccessToken\Controller\IndexController.class.php 第 14 行.
NOTIC: [8] Uninitialized string offset: 0 D:\phpStudy\WWW\ecservice\Application\GetAccessToken\Controller\IndexController.class.php 第 14 行.

[ 2017-11-15T11:35:24+08:00 ] 127.0.0.1 /ecservice/getAccessToken
INFO: [ app_init ] --START--
INFO: Run Behavior\BuildLiteBehavior [ RunTime:0.000000s ]
INFO: [ app_init ] --END-- [ RunTime:0.001000s ]
INFO: [ app_begin ] --START--
INFO: Run Behavior\ReadHtmlCacheBehavior [ RunTime:0.001001s ]
INFO: [ app_begin ] --END-- [ RunTime:0.001001s ]
NOTIC: [2] Illegal string offset 'appKey' D:\phpStudy\WWW\ecservice\Application\GetAccessToken\Controller\IndexController.class.php 第 13 行.
NOTIC: [8] Uninitialized string offset: 0 D:\phpStudy\WWW\ecservice\Application\GetAccessToken\Controller\IndexController.class.php 第 13 行.
NOTIC: [2] Illegal string offset 'appSecret' D:\phpStudy\WWW\ecservice\Application\GetAccessToken\Controller\IndexController.class.php 第 14 行.
NOTIC: [8] Uninitialized string offset: 0 D:\phpStudy\WWW\ecservice\Application\GetAccessToken\Controller\IndexController.class.php 第 14 行.

[ 2017-11-15T11:35:25+08:00 ] 127.0.0.1 /ecservice/getAccessToken
INFO: [ app_init ] --START--
INFO: Run Behavior\BuildLiteBehavior [ RunTime:0.000000s ]
INFO: [ app_init ] --END-- [ RunTime:0.000000s ]
INFO: [ app_begin ] --START--
INFO: Run Behavior\ReadHtmlCacheBehavior [ RunTime:0.000000s ]
INFO: [ app_begin ] --END-- [ RunTime:0.000000s ]
NOTIC: [2] Illegal string offset 'appKey' D:\phpStudy\WWW\ecservice\Application\GetAccessToken\Controller\IndexController.class.php 第 13 行.
NOTIC: [8] Uninitialized string offset: 0 D:\phpStudy\WWW\ecservice\Application\GetAccessToken\Controller\IndexController.class.php 第 13 行.
NOTIC: [2] Illegal string offset 'appSecret' D:\phpStudy\WWW\ecservice\Application\GetAccessToken\Controller\IndexController.class.php 第 14 行.
NOTIC: [8] Uninitialized string offset: 0 D:\phpStudy\WWW\ecservice\Application\GetAccessToken\Controller\IndexController.class.php 第 14 行.

[ 2017-11-15T11:35:25+08:00 ] 127.0.0.1 /ecservice/getAccessToken
INFO: [ app_init ] --START--
INFO: Run Behavior\BuildLiteBehavior [ RunTime:0.000000s ]
INFO: [ app_init ] --END-- [ RunTime:0.000000s ]
INFO: [ app_begin ] --START--
INFO: Run Behavior\ReadHtmlCacheBehavior [ RunTime:0.001000s ]
INFO: [ app_begin ] --END-- [ RunTime:0.001000s ]
NOTIC: [2] Illegal string offset 'appKey' D:\phpStudy\WWW\ecservice\Application\GetAccessToken\Controller\IndexController.class.php 第 13 行.
NOTIC: [8] Uninitialized string offset: 0 D:\phpStudy\WWW\ecservice\Application\GetAccessToken\Controller\IndexController.class.php 第 13 行.
NOTIC: [2] Illegal string offset 'appSecret' D:\phpStudy\WWW\ecservice\Application\GetAccessToken\Controller\IndexController.class.php 第 14 行.
NOTIC: [8] Uninitialized string offset: 0 D:\phpStudy\WWW\ecservice\Application\GetAccessToken\Controller\IndexController.class.php 第 14 行.

[ 2017-11-15T11:35:25+08:00 ] 127.0.0.1 /ecservice/getAccessToken
INFO: [ app_init ] --START--
INFO: Run Behavior\BuildLiteBehavior [ RunTime:0.000000s ]
INFO: [ app_init ] --END-- [ RunTime:0.001000s ]
INFO: [ app_begin ] --START--
INFO: Run Behavior\ReadHtmlCacheBehavior [ RunTime:0.001000s ]
INFO: [ app_begin ] --END-- [ RunTime:0.001000s ]
NOTIC: [2] Illegal string offset 'appKey' D:\phpStudy\WWW\ecservice\Application\GetAccessToken\Controller\IndexController.class.php 第 13 行.
NOTIC: [8] Uninitialized string offset: 0 D:\phpStudy\WWW\ecservice\Application\GetAccessToken\Controller\IndexController.class.php 第 13 行.
NOTIC: [2] Illegal string offset 'appSecret' D:\phpStudy\WWW\ecservice\Application\GetAccessToken\Controller\IndexController.class.php 第 14 行.
NOTIC: [8] Uninitialized string offset: 0 D:\phpStudy\WWW\ecservice\Application\GetAccessToken\Controller\IndexController.class.php 第 14 行.

[ 2017-11-15T11:35:25+08:00 ] 127.0.0.1 /ecservice/getAccessToken
INFO: [ app_init ] --START--
INFO: Run Behavior\BuildLiteBehavior [ RunTime:0.000000s ]
INFO: [ app_init ] --END-- [ RunTime:0.001000s ]
INFO: [ app_begin ] --START--
INFO: Run Behavior\ReadHtmlCacheBehavior [ RunTime:0.001000s ]
INFO: [ app_begin ] --END-- [ RunTime:0.001000s ]
NOTIC: [2] Illegal string offset 'appKey' D:\phpStudy\WWW\ecservice\Application\GetAccessToken\Controller\IndexController.class.php 第 13 行.
NOTIC: [8] Uninitialized string offset: 0 D:\phpStudy\WWW\ecservice\Application\GetAccessToken\Controller\IndexController.class.php 第 13 行.
NOTIC: [2] Illegal string offset 'appSecret' D:\phpStudy\WWW\ecservice\Application\GetAccessToken\Controller\IndexController.class.php 第 14 行.
NOTIC: [8] Uninitialized string offset: 0 D:\phpStudy\WWW\ecservice\Application\GetAccessToken\Controller\IndexController.class.php 第 14 行.

[ 2017-11-15T11:36:51+08:00 ] 127.0.0.1 /ecservice/getAccessToken
INFO: [ app_init ] --START--
INFO: Run Behavior\BuildLiteBehavior [ RunTime:0.000000s ]
INFO: [ app_init ] --END-- [ RunTime:0.001000s ]
INFO: [ app_begin ] --START--
INFO: Run Behavior\ReadHtmlCacheBehavior [ RunTime:0.001000s ]
INFO: [ app_begin ] --END-- [ RunTime:0.001000s ]
NOTIC: [2] Illegal string offset 'appKey' D:\phpStudy\WWW\ecservice\Application\GetAccessToken\Controller\IndexController.class.php 第 13 行.
NOTIC: [2] Illegal string offset 'appSecret' D:\phpStudy\WWW\ecservice\Application\GetAccessToken\Controller\IndexController.class.php 第 14 行.

[ 2017-11-15T11:38:03+08:00 ] 127.0.0.1 /ecservice/getAccessToken
INFO: [ app_init ] --START--
INFO: Run Behavior\BuildLiteBehavior [ RunTime:0.000000s ]
INFO: [ app_init ] --END-- [ RunTime:0.001000s ]
INFO: [ app_begin ] --START--
INFO: Run Behavior\ReadHtmlCacheBehavior [ RunTime:0.001000s ]
INFO: [ app_begin ] --END-- [ RunTime:0.001000s ]
NOTIC: [2] Illegal string offset 'appKey' D:\phpStudy\WWW\ecservice\Application\GetAccessToken\Controller\IndexController.class.php 第 13 行.
NOTIC: [2] Illegal string offset 'appSecret' D:\phpStudy\WWW\ecservice\Application\GetAccessToken\Controller\IndexController.class.php 第 14 行.

[ 2017-11-15T11:39:08+08:00 ] 127.0.0.1 /ecservice/getAccessToken
INFO: [ app_init ] --START--
INFO: Run Behavior\BuildLiteBehavior [ RunTime:0.000000s ]
INFO: [ app_init ] --END-- [ RunTime:0.000000s ]
INFO: [ app_begin ] --START--
INFO: Run Behavior\ReadHtmlCacheBehavior [ RunTime:0.001000s ]
INFO: [ app_begin ] --END-- [ RunTime:0.001000s ]
NOTIC: [2] Illegal string offset 'appKey' D:\phpStudy\WWW\ecservice\Application\GetAccessToken\Controller\IndexController.class.php 第 13 行.
NOTIC: [2] Illegal string offset 'appSecret' D:\phpStudy\WWW\ecservice\Application\GetAccessToken\Controller\IndexController.class.php 第 14 行.

[ 2017-11-15T11:39:53+08:00 ] 127.0.0.1 /ecservice/getAccessToken
INFO: [ app_init ] --START--
INFO: Run Behavior\BuildLiteBehavior [ RunTime:0.000000s ]
INFO: [ app_init ] --END-- [ RunTime:0.000000s ]
INFO: [ app_begin ] --START--
INFO: Run Behavior\ReadHtmlCacheBehavior [ RunTime:0.000000s ]
INFO: [ app_begin ] --END-- [ RunTime:0.000000s ]
NOTIC: [2] Illegal string offset 'appKey' D:\phpStudy\WWW\ecservice\Application\GetAccessToken\Controller\IndexController.class.php 第 13 行.
NOTIC: [2] Illegal string offset 'appSecret' D:\phpStudy\WWW\ecservice\Application\GetAccessToken\Controller\IndexController.class.php 第 14 行.

[ 2017-11-15T11:41:01+08:00 ] 127.0.0.1 /ecservice/getAccessToken
INFO: [ app_init ] --START--
INFO: Run Behavior\BuildLiteBehavior [ RunTime:0.000000s ]
INFO: [ app_init ] --END-- [ RunTime:0.001000s ]
INFO: [ app_begin ] --START--
INFO: Run Behavior\ReadHtmlCacheBehavior [ RunTime:0.001000s ]
INFO: [ app_begin ] --END-- [ RunTime:0.001000s ]
NOTIC: [2] Illegal string offset 'appKey' D:\phpStudy\WWW\ecservice\Application\GetAccessToken\Controller\IndexController.class.php 第 13 行.
NOTIC: [8] Uninitialized string offset: 0 D:\phpStudy\WWW\ecservice\Application\GetAccessToken\Controller\IndexController.class.php 第 13 行.
NOTIC: [2] Illegal string offset 'appSecret' D:\phpStudy\WWW\ecservice\Application\GetAccessToken\Controller\IndexController.class.php 第 14 行.
NOTIC: [8] Uninitialized string offset: 0 D:\phpStudy\WWW\ecservice\Application\GetAccessToken\Controller\IndexController.class.php 第 14 行.

[ 2017-11-15T11:42:45+08:00 ] 127.0.0.1 /ecservice/getAccessToken
INFO: [ app_init ] --START--
INFO: Run Behavior\BuildLiteBehavior [ RunTime:0.000000s ]
INFO: [ app_init ] --END-- [ RunTime:0.000000s ]
INFO: [ app_begin ] --START--
INFO: Run Behavior\ReadHtmlCacheBehavior [ RunTime:0.001001s ]
INFO: [ app_begin ] --END-- [ RunTime:0.001001s ]
NOTIC: [2] Illegal string offset 'appKey' D:\phpStudy\WWW\ecservice\Application\GetAccessToken\Controller\IndexController.class.php 第 13 行.
NOTIC: [8] Uninitialized string offset: 0 D:\phpStudy\WWW\ecservice\Application\GetAccessToken\Controller\IndexController.class.php 第 13 行.
NOTIC: [2] Illegal string offset 'appSecret' D:\phpStudy\WWW\ecservice\Application\GetAccessToken\Controller\IndexController.class.php 第 14 行.
NOTIC: [8] Uninitialized string offset: 0 D:\phpStudy\WWW\ecservice\Application\GetAccessToken\Controller\IndexController.class.php 第 14 行.

[ 2017-11-15T11:43:09+08:00 ] 127.0.0.1 /ecservice/getAccessToken
INFO: [ app_init ] --START--
INFO: Run Behavior\BuildLiteBehavior [ RunTime:0.000000s ]
INFO: [ app_init ] --END-- [ RunTime:0.000000s ]
INFO: [ app_begin ] --START--
INFO: Run Behavior\ReadHtmlCacheBehavior [ RunTime:0.000000s ]
INFO: [ app_begin ] --END-- [ RunTime:0.000000s ]
NOTIC: [2] Illegal string offset 'appKey' D:\phpStudy\WWW\ecservice\Application\GetAccessToken\Controller\IndexController.class.php 第 13 行.
NOTIC: [8] Uninitialized string offset: 0 D:\phpStudy\WWW\ecservice\Application\GetAccessToken\Controller\IndexController.class.php 第 13 行.
NOTIC: [2] Illegal string offset 'appSecret' D:\phpStudy\WWW\ecservice\Application\GetAccessToken\Controller\IndexController.class.php 第 14 行.
NOTIC: [8] Uninitialized string offset: 0 D:\phpStudy\WWW\ecservice\Application\GetAccessToken\Controller\IndexController.class.php 第 14 行.

[ 2017-11-15T11:43:27+08:00 ] 127.0.0.1 /ecservice/getAccessToken
INFO: [ app_init ] --START--
INFO: Run Behavior\BuildLiteBehavior [ RunTime:0.000000s ]
INFO: [ app_init ] --END-- [ RunTime:0.001001s ]
INFO: [ app_begin ] --START--
INFO: Run Behavior\ReadHtmlCacheBehavior [ RunTime:0.001000s ]
INFO: [ app_begin ] --END-- [ RunTime:0.001000s ]
NOTIC: [2] Illegal string offset 'appKey' D:\phpStudy\WWW\ecservice\Application\GetAccessToken\Controller\IndexController.class.php 第 13 行.
NOTIC: [8] Uninitialized string offset: 0 D:\phpStudy\WWW\ecservice\Application\GetAccessToken\Controller\IndexController.class.php 第 13 行.
NOTIC: [2] Illegal string offset 'appSecret' D:\phpStudy\WWW\ecservice\Application\GetAccessToken\Controller\IndexController.class.php 第 14 行.
NOTIC: [8] Uninitialized string offset: 0 D:\phpStudy\WWW\ecservice\Application\GetAccessToken\Controller\IndexController.class.php 第 14 行.

[ 2017-11-15T11:43:54+08:00 ] 127.0.0.1 /ecservice/getAccessToken
INFO: [ app_init ] --START--
INFO: Run Behavior\BuildLiteBehavior [ RunTime:0.000000s ]
INFO: [ app_init ] --END-- [ RunTime:0.001000s ]
INFO: [ app_begin ] --START--
INFO: Run Behavior\ReadHtmlCacheBehavior [ RunTime:0.001000s ]
INFO: [ app_begin ] --END-- [ RunTime:0.001000s ]
NOTIC: [2] Illegal string offset 'appKey' D:\phpStudy\WWW\ecservice\Application\GetAccessToken\Controller\IndexController.class.php 第 13 行.
NOTIC: [2] Illegal string offset 'appSecret' D:\phpStudy\WWW\ecservice\Application\GetAccessToken\Controller\IndexController.class.php 第 14 行.

[ 2017-11-15T11:45:11+08:00 ] 127.0.0.1 /ecservice/getAccessToken
INFO: [ app_init ] --START--
INFO: Run Behavior\BuildLiteBehavior [ RunTime:0.000000s ]
INFO: [ app_init ] --END-- [ RunTime:0.001000s ]
INFO: [ app_begin ] --START--
INFO: Run Behavior\ReadHtmlCacheBehavior [ RunTime:0.001000s ]
INFO: [ app_begin ] --END-- [ RunTime:0.001000s ]
NOTIC: [2] Illegal string offset 'appKey' D:\phpStudy\WWW\ecservice\Application\GetAccessToken\Controller\IndexController.class.php 第 13 行.
NOTIC: [2] Illegal string offset 'appSecret' D:\phpStudy\WWW\ecservice\Application\GetAccessToken\Controller\IndexController.class.php 第 14 行.

[ 2017-11-15T11:45:15+08:00 ] 127.0.0.1 /ecservice/getAccessToken
INFO: [ app_init ] --START--
INFO: Run Behavior\BuildLiteBehavior [ RunTime:0.000000s ]
INFO: [ app_init ] --END-- [ RunTime:0.001000s ]
INFO: [ app_begin ] --START--
INFO: Run Behavior\ReadHtmlCacheBehavior [ RunTime:0.001000s ]
INFO: [ app_begin ] --END-- [ RunTime:0.001000s ]
NOTIC: [2] Illegal string offset 'appKey' D:\phpStudy\WWW\ecservice\Application\GetAccessToken\Controller\IndexController.class.php 第 13 行.
NOTIC: [2] Illegal string offset 'appSecret' D:\phpStudy\WWW\ecservice\Application\GetAccessToken\Controller\IndexController.class.php 第 14 行.

[ 2017-11-15T11:45:15+08:00 ] 127.0.0.1 /ecservice/getAccessToken
INFO: [ app_init ] --START--
INFO: Run Behavior\BuildLiteBehavior [ RunTime:0.000000s ]
INFO: [ app_init ] --END-- [ RunTime:0.000000s ]
INFO: [ app_begin ] --START--
INFO: Run Behavior\ReadHtmlCacheBehavior [ RunTime:0.000000s ]
INFO: [ app_begin ] --END-- [ RunTime:0.001000s ]
NOTIC: [2] Illegal string offset 'appKey' D:\phpStudy\WWW\ecservice\Application\GetAccessToken\Controller\IndexController.class.php 第 13 行.
NOTIC: [2] Illegal string offset 'appSecret' D:\phpStudy\WWW\ecservice\Application\GetAccessToken\Controller\IndexController.class.php 第 14 行.

[ 2017-11-15T11:45:16+08:00 ] 127.0.0.1 /ecservice/getAccessToken
INFO: [ app_init ] --START--
INFO: Run Behavior\BuildLiteBehavior [ RunTime:0.000000s ]
INFO: [ app_init ] --END-- [ RunTime:0.001000s ]
INFO: [ app_begin ] --START--
INFO: Run Behavior\ReadHtmlCacheBehavior [ RunTime:0.001001s ]
INFO: [ app_begin ] --END-- [ RunTime:0.001001s ]
NOTIC: [2] Illegal string offset 'appKey' D:\phpStudy\WWW\ecservice\Application\GetAccessToken\Controller\IndexController.class.php 第 13 行.
NOTIC: [2] Illegal string offset 'appSecret' D:\phpStudy\WWW\ecservice\Application\GetAccessToken\Controller\IndexController.class.php 第 14 行.

[ 2017-11-15T11:45:16+08:00 ] 127.0.0.1 /ecservice/getAccessToken
INFO: [ app_init ] --START--
INFO: Run Behavior\BuildLiteBehavior [ RunTime:0.000000s ]
INFO: [ app_init ] --END-- [ RunTime:0.001000s ]
INFO: [ app_begin ] --START--
INFO: Run Behavior\ReadHtmlCacheBehavior [ RunTime:0.001000s ]
INFO: [ app_begin ] --END-- [ RunTime:0.001000s ]
NOTIC: [2] Illegal string offset 'appKey' D:\phpStudy\WWW\ecservice\Application\GetAccessToken\Controller\IndexController.class.php 第 13 行.
NOTIC: [2] Illegal string offset 'appSecret' D:\phpStudy\WWW\ecservice\Application\GetAccessToken\Controller\IndexController.class.php 第 14 行.

[ 2017-11-15T11:45:16+08:00 ] 127.0.0.1 /ecservice/getAccessToken
INFO: [ app_init ] --START--
INFO: Run Behavior\BuildLiteBehavior [ RunTime:0.000000s ]
INFO: [ app_init ] --END-- [ RunTime:0.000000s ]
INFO: [ app_begin ] --START--
INFO: Run Behavior\ReadHtmlCacheBehavior [ RunTime:0.001000s ]
INFO: [ app_begin ] --END-- [ RunTime:0.001000s ]
NOTIC: [2] Illegal string offset 'appKey' D:\phpStudy\WWW\ecservice\Application\GetAccessToken\Controller\IndexController.class.php 第 13 行.
NOTIC: [2] Illegal string offset 'appSecret' D:\phpStudy\WWW\ecservice\Application\GetAccessToken\Controller\IndexController.class.php 第 14 行.

[ 2017-11-15T11:45:29+08:00 ] 127.0.0.1 /ecservice/getAccessToken
INFO: [ app_init ] --START--
INFO: Run Behavior\BuildLiteBehavior [ RunTime:0.000000s ]
INFO: [ app_init ] --END-- [ RunTime:0.000000s ]
INFO: [ app_begin ] --START--
INFO: Run Behavior\ReadHtmlCacheBehavior [ RunTime:0.000000s ]
INFO: [ app_begin ] --END-- [ RunTime:0.000000s ]
NOTIC: [2] Illegal string offset 'appKey' D:\phpStudy\WWW\ecservice\Application\GetAccessToken\Controller\IndexController.class.php 第 13 行.
NOTIC: [8] Uninitialized string offset: 0 D:\phpStudy\WWW\ecservice\Application\GetAccessToken\Controller\IndexController.class.php 第 13 行.
NOTIC: [2] Illegal string offset 'appSecret' D:\phpStudy\WWW\ecservice\Application\GetAccessToken\Controller\IndexController.class.php 第 14 行.
NOTIC: [8] Uninitialized string offset: 0 D:\phpStudy\WWW\ecservice\Application\GetAccessToken\Controller\IndexController.class.php 第 14 行.

[ 2017-11-15T11:45:49+08:00 ] 127.0.0.1 /ecservice/getAccessToken
INFO: [ app_init ] --START--
INFO: Run Behavior\BuildLiteBehavior [ RunTime:0.000000s ]
INFO: [ app_init ] --END-- [ RunTime:0.000000s ]
INFO: [ app_begin ] --START--
INFO: Run Behavior\ReadHtmlCacheBehavior [ RunTime:0.000000s ]
INFO: [ app_begin ] --END-- [ RunTime:0.000000s ]
NOTIC: [2] Illegal string offset 'appKey' D:\phpStudy\WWW\ecservice\Application\GetAccessToken\Controller\IndexController.class.php 第 13 行.
NOTIC: [8] Uninitialized string offset: 0 D:\phpStudy\WWW\ecservice\Application\GetAccessToken\Controller\IndexController.class.php 第 13 行.
NOTIC: [2] Illegal string offset 'appSecret' D:\phpStudy\WWW\ecservice\Application\GetAccessToken\Controller\IndexController.class.php 第 14 行.
NOTIC: [8] Uninitialized string offset: 0 D:\phpStudy\WWW\ecservice\Application\GetAccessToken\Controller\IndexController.class.php 第 14 行.

[ 2017-11-15T11:46:37+08:00 ] 127.0.0.1 /ecservice/getAccessToken
INFO: [ app_init ] --START--
INFO: Run Behavior\BuildLiteBehavior [ RunTime:0.000000s ]
INFO: [ app_init ] --END-- [ RunTime:0.000000s ]
INFO: [ app_begin ] --START--
INFO: Run Behavior\ReadHtmlCacheBehavior [ RunTime:0.000000s ]
INFO: [ app_begin ] --END-- [ RunTime:0.000000s ]

[ 2017-11-15T11:46:40+08:00 ] 127.0.0.1 /ecservice/getAccessToken
INFO: [ app_init ] --START--
INFO: Run Behavior\BuildLiteBehavior [ RunTime:0.000000s ]
INFO: [ app_init ] --END-- [ RunTime:0.001000s ]
INFO: [ app_begin ] --START--
INFO: Run Behavior\ReadHtmlCacheBehavior [ RunTime:0.001000s ]
INFO: [ app_begin ] --END-- [ RunTime:0.001000s ]

[ 2017-11-15T11:48:27+08:00 ] 127.0.0.1 /ecservice/getAccessToken
INFO: [ app_init ] --START--
INFO: Run Behavior\BuildLiteBehavior [ RunTime:0.000000s ]
INFO: [ app_init ] --END-- [ RunTime:0.001000s ]
INFO: [ app_begin ] --START--
INFO: Run Behavior\ReadHtmlCacheBehavior [ RunTime:0.001000s ]
INFO: [ app_begin ] --END-- [ RunTime:0.001000s ]

[ 2017-11-15T11:48:28+08:00 ] 127.0.0.1 /ecservice/index.php
INFO: [ app_init ] --START--
INFO: Run Behavior\BuildLiteBehavior [ RunTime:0.000000s ]
INFO: [ app_init ] --END-- [ RunTime:0.001000s ]
INFO: [ app_begin ] --START--
INFO: Run Behavior\ReadHtmlCacheBehavior [ RunTime:0.001000s ]
INFO: [ app_begin ] --END-- [ RunTime:0.001000s ]

[ 2017-11-15T11:48:28+08:00 ] 127.0.0.1 /ecservice/getAccessToken
INFO: [ app_init ] --START--
INFO: Run Behavior\BuildLiteBehavior [ RunTime:0.000000s ]
INFO: [ app_init ] --END-- [ RunTime:0.001000s ]
INFO: [ app_begin ] --START--
INFO: Run Behavior\ReadHtmlCacheBehavior [ RunTime:0.001000s ]
INFO: [ app_begin ] --END-- [ RunTime:0.001000s ]

[ 2017-11-15T11:48:28+08:00 ] 127.0.0.1 /ecservice/getAccessToken
INFO: [ app_init ] --START--
INFO: Run Behavior\BuildLiteBehavior [ RunTime:0.000000s ]
INFO: [ app_init ] --END-- [ RunTime:0.000000s ]
INFO: [ app_begin ] --START--
INFO: Run Behavior\ReadHtmlCacheBehavior [ RunTime:0.001000s ]
INFO: [ app_begin ] --END-- [ RunTime:0.001000s ]

[ 2017-11-15T11:48:28+08:00 ] 127.0.0.1 /ecservice/getAccessToken
INFO: [ app_init ] --START--
INFO: Run Behavior\BuildLiteBehavior [ RunTime:0.000000s ]
INFO: [ app_init ] --END-- [ RunTime:0.000000s ]
INFO: [ app_begin ] --START--
INFO: Run Behavior\ReadHtmlCacheBehavior [ RunTime:0.000000s ]
INFO: [ app_begin ] --END-- [ RunTime:0.000000s ]

[ 2017-11-15T11:48:29+08:00 ] 127.0.0.1 /ecservice/getAccessToken
INFO: [ app_init ] --START--
INFO: Run Behavior\BuildLiteBehavior [ RunTime:0.000000s ]
INFO: [ app_init ] --END-- [ RunTime:0.001000s ]
INFO: [ app_begin ] --START--
INFO: Run Behavior\ReadHtmlCacheBehavior [ RunTime:0.001000s ]
INFO: [ app_begin ] --END-- [ RunTime:0.001000s ]

[ 2017-11-15T11:48:29+08:00 ] 127.0.0.1 /ecservice/getAccessToken
INFO: [ app_init ] --START--
INFO: Run Behavior\BuildLiteBehavior [ RunTime:0.000000s ]
INFO: [ app_init ] --END-- [ RunTime:0.000000s ]
INFO: [ app_begin ] --START--
INFO: Run Behavior\ReadHtmlCacheBehavior [ RunTime:0.000000s ]
INFO: [ app_begin ] --END-- [ RunTime:0.000000s ]

[ 2017-11-15T11:48:29+08:00 ] 127.0.0.1 /ecservice/getAccessToken
INFO: [ app_init ] --START--
INFO: Run Behavior\BuildLiteBehavior [ RunTime:0.000000s ]
INFO: [ app_init ] --END-- [ RunTime:0.000000s ]
INFO: [ app_begin ] --START--
INFO: Run Behavior\ReadHtmlCacheBehavior [ RunTime:0.000000s ]
INFO: [ app_begin ] --END-- [ RunTime:0.000000s ]

[ 2017-11-15T11:48:29+08:00 ] 127.0.0.1 /ecservice/getAccessToken
INFO: [ app_init ] --START--
INFO: Run Behavior\BuildLiteBehavior [ RunTime:0.000000s ]
INFO: [ app_init ] --END-- [ RunTime:0.001000s ]
INFO: [ app_begin ] --START--
INFO: Run Behavior\ReadHtmlCacheBehavior [ RunTime:0.001000s ]
INFO: [ app_begin ] --END-- [ RunTime:0.001000s ]

[ 2017-11-15T11:48:29+08:00 ] 127.0.0.1 /ecservice/getAccessToken
INFO: [ app_init ] --START--
INFO: Run Behavior\BuildLiteBehavior [ RunTime:0.000000s ]
INFO: [ app_init ] --END-- [ RunTime:0.000000s ]
INFO: [ app_begin ] --START--
INFO: Run Behavior\ReadHtmlCacheBehavior [ RunTime:0.000000s ]
INFO: [ app_begin ] --END-- [ RunTime:0.000000s ]

[ 2017-11-15T11:48:29+08:00 ] 127.0.0.1 /ecservice/getAccessToken
INFO: [ app_init ] --START--
INFO: Run Behavior\BuildLiteBehavior [ RunTime:0.000000s ]
INFO: [ app_init ] --END-- [ RunTime:0.000000s ]
INFO: [ app_begin ] --START--
INFO: Run Behavior\ReadHtmlCacheBehavior [ RunTime:0.000000s ]
INFO: [ app_begin ] --END-- [ RunTime:0.000000s ]

[ 2017-11-15T11:48:30+08:00 ] 127.0.0.1 /ecservice/getAccessToken
INFO: [ app_init ] --START--
INFO: Run Behavior\BuildLiteBehavior [ RunTime:0.000000s ]
INFO: [ app_init ] --END-- [ RunTime:0.001000s ]
INFO: [ app_begin ] --START--
INFO: Run Behavior\ReadHtmlCacheBehavior [ RunTime:0.001000s ]
INFO: [ app_begin ] --END-- [ RunTime:0.001000s ]

[ 2017-11-15T11:48:30+08:00 ] 127.0.0.1 /ecservice/getAccessToken
INFO: [ app_init ] --START--
INFO: Run Behavior\BuildLiteBehavior [ RunTime:0.000000s ]
INFO: [ app_init ] --END-- [ RunTime:0.001000s ]
INFO: [ app_begin ] --START--
INFO: Run Behavior\ReadHtmlCacheBehavior [ RunTime:0.001000s ]
INFO: [ app_begin ] --END-- [ RunTime:0.001000s ]

[ 2017-11-15T11:48:30+08:00 ] 127.0.0.1 /ecservice/getAccessToken
INFO: [ app_init ] --START--
INFO: Run Behavior\BuildLiteBehavior [ RunTime:0.000000s ]
INFO: [ app_init ] --END-- [ RunTime:0.001000s ]
INFO: [ app_begin ] --START--
INFO: Run Behavior\ReadHtmlCacheBehavior [ RunTime:0.001000s ]
INFO: [ app_begin ] --END-- [ RunTime:0.001000s ]

[ 2017-11-15T11:48:30+08:00 ] 127.0.0.1 /ecservice/getAccessToken
INFO: [ app_init ] --START--
INFO: Run Behavior\BuildLiteBehavior [ RunTime:0.000000s ]
INFO: [ app_init ] --END-- [ RunTime:0.001000s ]
INFO: [ app_begin ] --START--
INFO: Run Behavior\ReadHtmlCacheBehavior [ RunTime:0.001000s ]
INFO: [ app_begin ] --END-- [ RunTime:0.001000s ]

[ 2017-11-15T11:48:32+08:00 ] 127.0.0.1 /ecservice/getAccessToken
INFO: [ app_init ] --START--
INFO: Run Behavior\BuildLiteBehavior [ RunTime:0.000000s ]
INFO: [ app_init ] --END-- [ RunTime:0.001000s ]
INFO: [ app_begin ] --START--
INFO: Run Behavior\ReadHtmlCacheBehavior [ RunTime:0.001000s ]
INFO: [ app_begin ] --END-- [ RunTime:0.001000s ]

[ 2017-11-15T11:48:32+08:00 ] 127.0.0.1 /ecservice/getAccessToken
INFO: [ app_init ] --START--
INFO: Run Behavior\BuildLiteBehavior [ RunTime:0.000000s ]
INFO: [ app_init ] --END-- [ RunTime:0.001000s ]
INFO: [ app_begin ] --START--
INFO: Run Behavior\ReadHtmlCacheBehavior [ RunTime:0.001000s ]
INFO: [ app_begin ] --END-- [ RunTime:0.001000s ]

[ 2017-11-15T11:48:32+08:00 ] 127.0.0.1 /ecservice/getAccessToken
INFO: [ app_init ] --START--
INFO: Run Behavior\BuildLiteBehavior [ RunTime:0.000000s ]
INFO: [ app_init ] --END-- [ RunTime:0.000000s ]
INFO: [ app_begin ] --START--
INFO: Run Behavior\ReadHtmlCacheBehavior [ RunTime:0.000000s ]
INFO: [ app_begin ] --END-- [ RunTime:0.000000s ]

[ 2017-11-15T11:48:33+08:00 ] 127.0.0.1 /ecservice/getAccessToken
INFO: [ app_init ] --START--
INFO: Run Behavior\BuildLiteBehavior [ RunTime:0.000000s ]
INFO: [ app_init ] --END-- [ RunTime:0.000000s ]
INFO: [ app_begin ] --START--
INFO: Run Behavior\ReadHtmlCacheBehavior [ RunTime:0.001000s ]
INFO: [ app_begin ] --END-- [ RunTime:0.001000s ]

[ 2017-11-15T11:48:33+08:00 ] 127.0.0.1 /ecservice/getAccessToken
INFO: [ app_init ] --START--
INFO: Run Behavior\BuildLiteBehavior [ RunTime:0.000000s ]
INFO: [ app_init ] --END-- [ RunTime:0.001000s ]
INFO: [ app_begin ] --START--
INFO: Run Behavior\ReadHtmlCacheBehavior [ RunTime:0.001000s ]
INFO: [ app_begin ] --END-- [ RunTime:0.001000s ]

[ 2017-11-15T11:48:34+08:00 ] 127.0.0.1 /ecservice/getAccessToken
INFO: [ app_init ] --START--
INFO: Run Behavior\BuildLiteBehavior [ RunTime:0.000000s ]
INFO: [ app_init ] --END-- [ RunTime:0.000000s ]
INFO: [ app_begin ] --START--
INFO: Run Behavior\ReadHtmlCacheBehavior [ RunTime:0.000000s ]
INFO: [ app_begin ] --END-- [ RunTime:0.000000s ]

[ 2017-11-15T11:49:31+08:00 ] 127.0.0.1 /ecservice/getAccessToken
INFO: [ app_init ] --START--
INFO: Run Behavior\BuildLiteBehavior [ RunTime:0.000000s ]
INFO: [ app_init ] --END-- [ RunTime:0.000000s ]
INFO: [ app_begin ] --START--
INFO: Run Behavior\ReadHtmlCacheBehavior [ RunTime:0.000000s ]
INFO: [ app_begin ] --END-- [ RunTime:0.000000s ]

[ 2017-11-15T11:49:32+08:00 ] 127.0.0.1 /ecservice/getAccessToken
INFO: [ app_init ] --START--
INFO: Run Behavior\BuildLiteBehavior [ RunTime:0.000000s ]
INFO: [ app_init ] --END-- [ RunTime:0.001000s ]
INFO: [ app_begin ] --START--
INFO: Run Behavior\ReadHtmlCacheBehavior [ RunTime:0.001000s ]
INFO: [ app_begin ] --END-- [ RunTime:0.001000s ]

[ 2017-11-15T11:49:32+08:00 ] 127.0.0.1 /ecservice/getAccessToken
INFO: [ app_init ] --START--
INFO: Run Behavior\BuildLiteBehavior [ RunTime:0.000000s ]
INFO: [ app_init ] --END-- [ RunTime:0.001000s ]
INFO: [ app_begin ] --START--
INFO: Run Behavior\ReadHtmlCacheBehavior [ RunTime:0.001000s ]
INFO: [ app_begin ] --END-- [ RunTime:0.001000s ]

[ 2017-11-15T11:49:32+08:00 ] 127.0.0.1 /ecservice/getAccessToken
INFO: [ app_init ] --START--
INFO: Run Behavior\BuildLiteBehavior [ RunTime:0.000000s ]
INFO: [ app_init ] --END-- [ RunTime:0.000000s ]
INFO: [ app_begin ] --START--
INFO: Run Behavior\ReadHtmlCacheBehavior [ RunTime:0.000000s ]
INFO: [ app_begin ] --END-- [ RunTime:0.000000s ]

[ 2017-11-15T11:49:33+08:00 ] 127.0.0.1 /ecservice/getAccessToken
INFO: [ app_init ] --START--
INFO: Run Behavior\BuildLiteBehavior [ RunTime:0.000000s ]
INFO: [ app_init ] --END-- [ RunTime:0.001000s ]
INFO: [ app_begin ] --START--
INFO: Run Behavior\ReadHtmlCacheBehavior [ RunTime:0.001001s ]
INFO: [ app_begin ] --END-- [ RunTime:0.001001s ]

[ 2017-11-15T11:49:33+08:00 ] 127.0.0.1 /ecservice/getAccessToken
INFO: [ app_init ] --START--
INFO: Run Behavior\BuildLiteBehavior [ RunTime:0.000000s ]
INFO: [ app_init ] --END-- [ RunTime:0.001000s ]
INFO: [ app_begin ] --START--
INFO: Run Behavior\ReadHtmlCacheBehavior [ RunTime:0.001000s ]
INFO: [ app_begin ] --END-- [ RunTime:0.001000s ]

[ 2017-11-15T11:51:15+08:00 ] 127.0.0.1 /ecservice/getAccessToken
INFO: [ app_init ] --START--
INFO: Run Behavior\BuildLiteBehavior [ RunTime:0.000000s ]
INFO: [ app_init ] --END-- [ RunTime:0.000000s ]
INFO: [ app_begin ] --START--
INFO: Run Behavior\ReadHtmlCacheBehavior [ RunTime:0.001000s ]
INFO: [ app_begin ] --END-- [ RunTime:0.001000s ]

[ 2017-11-15T11:58:59+08:00 ] 127.0.0.1 /ecservice/getAccessToken
INFO: [ app_init ] --START--
INFO: Run Behavior\BuildLiteBehavior [ RunTime:0.000000s ]
INFO: [ app_init ] --END-- [ RunTime:0.000000s ]
INFO: [ app_begin ] --START--
INFO: Run Behavior\ReadHtmlCacheBehavior [ RunTime:0.001000s ]
INFO: [ app_begin ] --END-- [ RunTime:0.001000s ]
NOTIC: [2] Illegal string offset 'appSecret' D:\phpStudy\WWW\ecservice\Application\GetAccessToken\Controller\IndexController.class.php 第 14 行.
NOTIC: [8] Uninitialized string offset: 0 D:\phpStudy\WWW\ecservice\Application\GetAccessToken\Controller\IndexController.class.php 第 14 行.

[ 2017-11-15T11:59:41+08:00 ] 127.0.0.1 /ecservice/getAccessToken
INFO: [ app_init ] --START--
INFO: Run Behavior\BuildLiteBehavior [ RunTime:0.000000s ]
INFO: [ app_init ] --END-- [ RunTime:0.001000s ]
INFO: [ app_begin ] --START--
INFO: Run Behavior\ReadHtmlCacheBehavior [ RunTime:0.001001s ]
INFO: [ app_begin ] --END-- [ RunTime:0.001001s ]
NOTIC: [8] Undefined variable: appkey D:\phpStudy\WWW\ecservice\Application\GetAccessToken\Controller\IndexController.class.php 第 52 行.

[ 2017-11-15T12:11:04+08:00 ] 127.0.0.1 /ecservice/getAccessToken
INFO: [ app_init ] --START--
INFO: Run Behavior\BuildLiteBehavior [ RunTime:0.000000s ]
INFO: [ app_init ] --END-- [ RunTime:0.001000s ]
INFO: [ app_begin ] --START--
INFO: Run Behavior\ReadHtmlCacheBehavior [ RunTime:0.001000s ]
INFO: [ app_begin ] --END-- [ RunTime:0.001000s ]

[ 2017-11-15T15:18:36+08:00 ] 127.0.0.1 /ecservice/getAccessToken
INFO: [ app_init ] --START--
INFO: Run Behavior\BuildLiteBehavior [ RunTime:0.000000s ]
INFO: [ app_init ] --END-- [ RunTime:0.000000s ]
INFO: [ app_begin ] --START--
INFO: Run Behavior\ReadHtmlCacheBehavior [ RunTime:0.001000s ]
INFO: [ app_begin ] --END-- [ RunTime:0.001000s ]
NOTIC: [8] Undefined variable: appkey D:\phpStudy\WWW\ecservice\Application\GetAccessToken\Controller\IndexController.class.php 第 52 行.

[ 2017-11-15T15:20:00+08:00 ] 127.0.0.1 /ecservice/getAccessToken
INFO: [ app_init ] --START--
INFO: Run Behavior\BuildLiteBehavior [ RunTime:0.000000s ]
INFO: [ app_init ] --END-- [ RunTime:0.000000s ]
INFO: [ app_begin ] --START--
INFO: Run Behavior\ReadHtmlCacheBehavior [ RunTime:0.002000s ]
INFO: [ app_begin ] --END-- [ RunTime:0.002000s ]
NOTIC: [8] Undefined variable: appkey D:\phpStudy\WWW\ecservice\Application\GetAccessToken\Controller\IndexController.class.php 第 52 行.

[ 2017-11-15T15:31:16+08:00 ] 127.0.0.1 /ecservice/getAccessToken
INFO: [ app_init ] --START--
INFO: Run Behavior\BuildLiteBehavior [ RunTime:0.000000s ]
INFO: [ app_init ] --END-- [ RunTime:0.000000s ]
INFO: [ app_begin ] --START--
INFO: Run Behavior\ReadHtmlCacheBehavior [ RunTime:0.001000s ]
INFO: [ app_begin ] --END-- [ RunTime:0.001000s ]
NOTIC: [8] Undefined variable: appkey D:\phpStudy\WWW\ecservice\Application\GetAccessToken\Controller\IndexController.class.php 第 52 行.

[ 2017-11-15T15:47:27+08:00 ] 127.0.0.1 /ecservice/getAccessToken
INFO: [ app_init ] --START--
INFO: Run Behavior\BuildLiteBehavior [ RunTime:0.000000s ]
INFO: [ app_init ] --END-- [ RunTime:0.000000s ]
INFO: [ app_begin ] --START--
INFO: Run Behavior\ReadHtmlCacheBehavior [ RunTime:0.001000s ]
INFO: [ app_begin ] --END-- [ RunTime:0.001000s ]
NOTIC: [8] Undefined variable: appkey D:\phpStudy\WWW\ecservice\Application\GetAccessToken\Controller\IndexController.class.php 第 52 行.

[ 2017-11-15T15:51:11+08:00 ] 127.0.0.1 /ecservice/getAccessToken
INFO: [ app_init ] --START--
INFO: Run Behavior\BuildLiteBehavior [ RunTime:0.000000s ]
INFO: [ app_init ] --END-- [ RunTime:0.001000s ]
INFO: [ app_begin ] --START--
INFO: Run Behavior\ReadHtmlCacheBehavior [ RunTime:0.001000s ]
INFO: [ app_begin ] --END-- [ RunTime:0.001000s ]
NOTIC: [8] Undefined variable: appkey D:\phpStudy\WWW\ecservice\Application\GetAccessToken\Controller\IndexController.class.php 第 52 行.

