[ 2017-11-20T08:50:34+08:00 ] ::1 /ecservice/home
INFO: [ app_init ] --START--
INFO: Run Behavior\BuildLiteBehavior [ RunTime:0.000000s ]
INFO: [ app_init ] --END-- [ RunTime:0.000000s ]
INFO: [ app_begin ] --START--
INFO: Run Behavior\ReadHtmlCacheBehavior [ RunTime:0.015600s ]
INFO: [ app_begin ] --END-- [ RunTime:0.015600s ]
SQL: SHOW COLUMNS FROM `ecs_goods` [ RunTime:0.0320s ]
SQL: SELECT `cat_id`,`goods_id`,`goods_name` FROM `ecs_goods` WHERE `goods_name` LIKE '%激光%打印机%' AND `cat_id` IN ('208','372')  [ RunTime:0.6770s ]
INFO: [ app_end ] --START--
INFO: Run Behavior\ShowPageTraceBehavior [ RunTime:0.004000s ]
INFO: [ app_end ] --END-- [ RunTime:0.004000s ]

[ 2017-11-20T09:51:23+08:00 ] ::1 /ecservice/home
INFO: [ app_init ] --START--
INFO: Run Behavior\BuildLiteBehavior [ RunTime:0.000000s ]
INFO: [ app_init ] --END-- [ RunTime:0.000000s ]
INFO: [ app_begin ] --START--
INFO: Run Behavior\ReadHtmlCacheBehavior [ RunTime:0.000000s ]
INFO: [ app_begin ] --END-- [ RunTime:0.000000s ]
SQL: SHOW COLUMNS FROM `ecs_goods` [ RunTime:0.0120s ]
SQL: SELECT `cat_id`,`goods_id`,`goods_name` FROM `ecs_goods` WHERE `goods_name` LIKE '%激光%打印机%' AND `cat_id` IN ('208','372') AND `goods_id` = 57170  [ RunTime:0.0140s ]
INFO: [ app_end ] --START--
INFO: Run Behavior\ShowPageTraceBehavior [ RunTime:0.001000s ]
INFO: [ app_end ] --END-- [ RunTime:0.001000s ]

[ 2017-11-20T09:52:59+08:00 ] ::1 /ecservice/home
INFO: [ app_init ] --START--
INFO: Run Behavior\BuildLiteBehavior [ RunTime:0.000000s ]
INFO: [ app_init ] --END-- [ RunTime:0.000000s ]
INFO: [ app_begin ] --START--
INFO: Run Behavior\ReadHtmlCacheBehavior [ RunTime:0.001000s ]
INFO: [ app_begin ] --END-- [ RunTime:0.001000s ]
SQL: SHOW COLUMNS FROM `ecs_goods` [ RunTime:0.0100s ]
SQL: SELECT `cat_id`,`goods_id`,`goods_name` FROM `ecs_goods` WHERE `goods_name` LIKE '%激光%打印机%' AND `cat_id` IN ('208','372') AND `goods_id` = 57170  [ RunTime:0.0000s ]
SQL: UPDATE `ecs_goods` SET `cat_id`='419' WHERE `goods_name` LIKE '%激光%打印机%' AND `cat_id` IN ('208','372') AND `goods_id` = 57170 [ RunTime:0.0370s ]
INFO: [ app_end ] --START--
INFO: Run Behavior\ShowPageTraceBehavior [ RunTime:0.001000s ]
INFO: [ app_end ] --END-- [ RunTime:0.001000s ]

[ 2017-11-20T09:53:09+08:00 ] ::1 /ecservice/home
INFO: [ app_init ] --START--
INFO: Run Behavior\BuildLiteBehavior [ RunTime:0.000000s ]
INFO: [ app_init ] --END-- [ RunTime:0.000000s ]
INFO: [ app_begin ] --START--
INFO: Run Behavior\ReadHtmlCacheBehavior [ RunTime:0.001001s ]
INFO: [ app_begin ] --END-- [ RunTime:0.001001s ]
SQL: SHOW COLUMNS FROM `ecs_goods` [ RunTime:0.0100s ]
SQL: SELECT `cat_id`,`goods_id`,`goods_name` FROM `ecs_goods` WHERE `goods_name` LIKE '%激光%打印机%' AND `cat_id` IN ('208','372') AND `goods_id` = 57170  [ RunTime:0.0010s ]
SQL: UPDATE `ecs_goods` SET `cat_id`='419' WHERE `goods_name` LIKE '%激光%打印机%' AND `cat_id` IN ('208','372') AND `goods_id` = 57170 [ RunTime:0.0010s ]
INFO: [ app_end ] --START--
INFO: Run Behavior\ShowPageTraceBehavior [ RunTime:0.001000s ]
INFO: [ app_end ] --END-- [ RunTime:0.001000s ]

