[ 2017-11-16T08:47:25+08:00 ] 127.0.0.1 /ecservice/getProductCategory
INFO: [ app_init ] --START--
INFO: Run Behavior\BuildLiteBehavior [ RunTime:0.000000s ]
INFO: [ app_init ] --END-- [ RunTime:0.000000s ]
INFO: [ app_begin ] --START--
INFO: Run Behavior\ReadHtmlCacheBehavior [ RunTime:0.000000s ]
INFO: [ app_begin ] --END-- [ RunTime:0.000000s ]
NOTIC: [8] Undefined variable: appkey D:\phpStudy\WWW\ecservice\Application\GetProductCategory\Controller\IndexController.class.php 第 32 行.
SQL: SHOW COLUMNS FROM `ecs_category` [ RunTime:0.0350s ]
NOTIC: [8] Use of undefined constant NEQ - assumed 'NEQ' D:\phpStudy\WWW\ecservice\Application\GetProductCategory\Controller\IndexController.class.php 第 42 行.
SQL: SELECT `cat_name`,`categoryId` FROM `ecs_category` WHERE `categoryId` <> '000000'  [ RunTime:0.0010s ]

[ 2017-11-16T13:48:03+08:00 ] 127.0.0.1 /ecservice/getProductCategory
INFO: [ app_init ] --START--
INFO: Run Behavior\BuildLiteBehavior [ RunTime:0.000000s ]
INFO: [ app_init ] --END-- [ RunTime:0.001000s ]
INFO: [ app_begin ] --START--
INFO: Run Behavior\ReadHtmlCacheBehavior [ RunTime:0.000000s ]
INFO: [ app_begin ] --END-- [ RunTime:0.001000s ]
NOTIC: [8] Undefined variable: appkey D:\phpStudy\WWW\ecservice\Application\GetProductCategory\Controller\IndexController.class.php 第 32 行.
SQL: SHOW COLUMNS FROM `ecs_category` [ RunTime:0.0430s ]
NOTIC: [8] Use of undefined constant NEQ - assumed 'NEQ' D:\phpStudy\WWW\ecservice\Application\GetProductCategory\Controller\IndexController.class.php 第 42 行.
SQL: SELECT `cat_name`,`categoryId` FROM `ecs_category` WHERE `categoryId` <> '000000'  [ RunTime:0.0010s ]

