[ 2017-11-09T08:50:13+08:00 ] 127.0.0.1 /ecservice/getProductCategory
INFO: [ app_init ] --START--
INFO: Run Behavior\BuildLiteBehavior [ RunTime:0.000000s ]
INFO: [ app_init ] --END-- [ RunTime:0.000000s ]
INFO: [ app_begin ] --START--
INFO: Run Behavior\ReadHtmlCacheBehavior [ RunTime:0.000000s ]
INFO: [ app_begin ] --END-- [ RunTime:0.000000s ]
NOTIC: [8] Undefined variable: appkey D:\phpStudy\WWW\ecservice\Application\GetProductCategory\Controller\IndexController.class.php 第 32 行.
SQL: SHOW COLUMNS FROM `ecs_category` [ RunTime:0.0312s ]
NOTIC: [8] Use of undefined constant NEQ - assumed 'NEQ' D:\phpStudy\WWW\ecservice\Application\GetProductCategory\Controller\IndexController.class.php 第 42 行.
SQL: SELECT `cat_name`,`categoryId` FROM `ecs_category` WHERE `categoryId` <> '000000'  [ RunTime:0.0000s ]

[ 2017-11-09T11:14:07+08:00 ] 127.0.0.1 /ecservice/getProductCategory
INFO: [ app_init ] --START--
INFO: Run Behavior\BuildLiteBehavior [ RunTime:0.000000s ]
INFO: [ app_init ] --END-- [ RunTime:0.001000s ]
INFO: [ app_begin ] --START--
INFO: Run Behavior\ReadHtmlCacheBehavior [ RunTime:0.001000s ]
INFO: [ app_begin ] --END-- [ RunTime:0.001000s ]
NOTIC: [8] Undefined variable: appkey D:\phpStudy\WWW\ecservice\Application\GetProductCategory\Controller\IndexController.class.php 第 32 行.
SQL: SHOW COLUMNS FROM `ecs_category` [ RunTime:0.0070s ]
NOTIC: [8] Use of undefined constant NEQ - assumed 'NEQ' D:\phpStudy\WWW\ecservice\Application\GetProductCategory\Controller\IndexController.class.php 第 42 行.
SQL: SELECT `cat_name`,`categoryId` FROM `ecs_category` WHERE `categoryId` <> '000000'  [ RunTime:0.0010s ]

[ 2017-11-09T11:18:42+08:00 ] 127.0.0.1 /ecservice/getProductCategory
INFO: [ app_init ] --START--
INFO: Run Behavior\BuildLiteBehavior [ RunTime:0.000000s ]
INFO: [ app_init ] --END-- [ RunTime:0.001000s ]
INFO: [ app_begin ] --START--
INFO: Run Behavior\ReadHtmlCacheBehavior [ RunTime:0.001000s ]
INFO: [ app_begin ] --END-- [ RunTime:0.001000s ]
NOTIC: [8] Undefined variable: appkey D:\phpStudy\WWW\ecservice\Application\GetProductCategory\Controller\IndexController.class.php 第 32 行.
SQL: SHOW COLUMNS FROM `ecs_category` [ RunTime:0.0060s ]
NOTIC: [8] Use of undefined constant NEQ - assumed 'NEQ' D:\phpStudy\WWW\ecservice\Application\GetProductCategory\Controller\IndexController.class.php 第 42 行.
SQL: SELECT `cat_name`,`categoryId` FROM `ecs_category` WHERE `categoryId` <> '000000'  [ RunTime:0.0010s ]

[ 2017-11-09T11:18:56+08:00 ] 127.0.0.1 /ecservice/getProductCategory
INFO: [ app_init ] --START--
INFO: Run Behavior\BuildLiteBehavior [ RunTime:0.000000s ]
INFO: [ app_init ] --END-- [ RunTime:0.001000s ]
INFO: [ app_begin ] --START--
INFO: Run Behavior\ReadHtmlCacheBehavior [ RunTime:0.001000s ]
INFO: [ app_begin ] --END-- [ RunTime:0.001000s ]
NOTIC: [8] Undefined variable: appkey D:\phpStudy\WWW\ecservice\Application\GetProductCategory\Controller\IndexController.class.php 第 32 行.
SQL: SHOW COLUMNS FROM `ecs_category` [ RunTime:0.0050s ]
NOTIC: [8] Use of undefined constant NEQ - assumed 'NEQ' D:\phpStudy\WWW\ecservice\Application\GetProductCategory\Controller\IndexController.class.php 第 42 行.
SQL: SELECT `cat_name`,`categoryId` FROM `ecs_category` WHERE `categoryId` <> '000000'  [ RunTime:0.0010s ]

[ 2017-11-09T11:19:12+08:00 ] 127.0.0.1 /ecservice/getProductCategory
INFO: [ app_init ] --START--
INFO: Run Behavior\BuildLiteBehavior [ RunTime:0.000000s ]
INFO: [ app_init ] --END-- [ RunTime:0.000000s ]
INFO: [ app_begin ] --START--
INFO: Run Behavior\ReadHtmlCacheBehavior [ RunTime:0.000000s ]
INFO: [ app_begin ] --END-- [ RunTime:0.000000s ]
NOTIC: [8] Undefined variable: appkey D:\phpStudy\WWW\ecservice\Application\GetProductCategory\Controller\IndexController.class.php 第 32 行.
SQL: SHOW COLUMNS FROM `ecs_category` [ RunTime:0.0050s ]
NOTIC: [8] Use of undefined constant NEQ - assumed 'NEQ' D:\phpStudy\WWW\ecservice\Application\GetProductCategory\Controller\IndexController.class.php 第 42 行.
SQL: SELECT `cat_name`,`categoryId` FROM `ecs_category` WHERE `categoryId` <> '000000'  [ RunTime:0.0010s ]

[ 2017-11-09T11:20:25+08:00 ] 127.0.0.1 /ecservice/getProductCategory
INFO: [ app_init ] --START--
INFO: Run Behavior\BuildLiteBehavior [ RunTime:0.000000s ]
INFO: [ app_init ] --END-- [ RunTime:0.001000s ]
INFO: [ app_begin ] --START--
INFO: Run Behavior\ReadHtmlCacheBehavior [ RunTime:0.001000s ]
INFO: [ app_begin ] --END-- [ RunTime:0.001000s ]
NOTIC: [8] Undefined variable: appkey D:\phpStudy\WWW\ecservice\Application\GetProductCategory\Controller\IndexController.class.php 第 32 行.
SQL: SHOW COLUMNS FROM `ecs_category` [ RunTime:0.0060s ]
NOTIC: [8] Use of undefined constant NEQ - assumed 'NEQ' D:\phpStudy\WWW\ecservice\Application\GetProductCategory\Controller\IndexController.class.php 第 42 行.
SQL: SELECT `cat_name`,`categoryId` FROM `ecs_category` WHERE `categoryId` <> '000000'  [ RunTime:0.0010s ]

[ 2017-11-09T11:42:50+08:00 ] 127.0.0.1 /ecservice/getProductCategory
INFO: [ app_init ] --START--
INFO: Run Behavior\BuildLiteBehavior [ RunTime:0.000000s ]
INFO: [ app_init ] --END-- [ RunTime:0.001000s ]
INFO: [ app_begin ] --START--
INFO: Run Behavior\ReadHtmlCacheBehavior [ RunTime:0.001000s ]
INFO: [ app_begin ] --END-- [ RunTime:0.001000s ]
NOTIC: [8] Undefined variable: appkey D:\phpStudy\WWW\ecservice\Application\GetProductCategory\Controller\IndexController.class.php 第 32 行.
SQL: SHOW COLUMNS FROM `ecs_category` [ RunTime:0.0060s ]
NOTIC: [8] Use of undefined constant NEQ - assumed 'NEQ' D:\phpStudy\WWW\ecservice\Application\GetProductCategory\Controller\IndexController.class.php 第 42 行.
SQL: SELECT `cat_name`,`categoryId` FROM `ecs_category` WHERE `categoryId` <> '000000'  [ RunTime:0.0010s ]

[ 2017-11-09T12:09:32+08:00 ] 127.0.0.1 /ecservice/getProductCategory
INFO: [ app_init ] --START--
INFO: Run Behavior\BuildLiteBehavior [ RunTime:0.000000s ]
INFO: [ app_init ] --END-- [ RunTime:0.000000s ]
INFO: [ app_begin ] --START--
INFO: Run Behavior\ReadHtmlCacheBehavior [ RunTime:0.000000s ]
INFO: [ app_begin ] --END-- [ RunTime:0.001000s ]
NOTIC: [8] Undefined variable: appkey D:\phpStudy\WWW\ecservice\Application\GetProductCategory\Controller\IndexController.class.php 第 32 行.
SQL: SHOW COLUMNS FROM `ecs_category` [ RunTime:0.0060s ]
NOTIC: [8] Use of undefined constant NEQ - assumed 'NEQ' D:\phpStudy\WWW\ecservice\Application\GetProductCategory\Controller\IndexController.class.php 第 42 行.
SQL: SELECT `cat_name`,`categoryId` FROM `ecs_category` WHERE `categoryId` <> '000000'  [ RunTime:0.0010s ]

[ 2017-11-09T12:10:13+08:00 ] 127.0.0.1 /ecservice/getProductCategory
INFO: [ app_init ] --START--
INFO: Run Behavior\BuildLiteBehavior [ RunTime:0.000000s ]
INFO: [ app_init ] --END-- [ RunTime:0.001000s ]
INFO: [ app_begin ] --START--
INFO: Run Behavior\ReadHtmlCacheBehavior [ RunTime:0.001000s ]
INFO: [ app_begin ] --END-- [ RunTime:0.001000s ]
NOTIC: [8] Undefined variable: appkey D:\phpStudy\WWW\ecservice\Application\GetProductCategory\Controller\IndexController.class.php 第 32 行.
SQL: SHOW COLUMNS FROM `ecs_category` [ RunTime:0.0050s ]
NOTIC: [8] Use of undefined constant NEQ - assumed 'NEQ' D:\phpStudy\WWW\ecservice\Application\GetProductCategory\Controller\IndexController.class.php 第 42 行.
SQL: SELECT `cat_name`,`categoryId` FROM `ecs_category` WHERE `categoryId` <> '000000'  [ RunTime:0.0010s ]

[ 2017-11-09T12:10:46+08:00 ] 127.0.0.1 /ecservice/getProductCategory
INFO: [ app_init ] --START--
INFO: Run Behavior\BuildLiteBehavior [ RunTime:0.000000s ]
INFO: [ app_init ] --END-- [ RunTime:0.001000s ]
INFO: [ app_begin ] --START--
INFO: Run Behavior\ReadHtmlCacheBehavior [ RunTime:0.001000s ]
INFO: [ app_begin ] --END-- [ RunTime:0.001000s ]
NOTIC: [8] Undefined variable: appkey D:\phpStudy\WWW\ecservice\Application\GetProductCategory\Controller\IndexController.class.php 第 32 行.
SQL: SHOW COLUMNS FROM `ecs_category` [ RunTime:0.0060s ]
NOTIC: [8] Use of undefined constant NEQ - assumed 'NEQ' D:\phpStudy\WWW\ecservice\Application\GetProductCategory\Controller\IndexController.class.php 第 42 行.
SQL: SELECT `cat_name`,`categoryId` FROM `ecs_category` WHERE `categoryId` <> '000000'  [ RunTime:0.0010s ]

[ 2017-11-09T13:38:03+08:00 ] 127.0.0.1 /ecservice/getProductCategory
INFO: [ app_init ] --START--
INFO: Run Behavior\BuildLiteBehavior [ RunTime:0.000000s ]
INFO: [ app_init ] --END-- [ RunTime:0.001001s ]
INFO: [ app_begin ] --START--
INFO: Run Behavior\ReadHtmlCacheBehavior [ RunTime:0.001000s ]
INFO: [ app_begin ] --END-- [ RunTime:0.001000s ]
NOTIC: [8] Undefined variable: appkey D:\phpStudy\WWW\ecservice\Application\GetProductCategory\Controller\IndexController.class.php 第 32 行.
SQL: SHOW COLUMNS FROM `ecs_category` [ RunTime:0.0070s ]
NOTIC: [8] Use of undefined constant NEQ - assumed 'NEQ' D:\phpStudy\WWW\ecservice\Application\GetProductCategory\Controller\IndexController.class.php 第 42 行.
SQL: SELECT `cat_name`,`categoryId` FROM `ecs_category` WHERE `categoryId` <> '000000'  [ RunTime:0.0010s ]

[ 2017-11-09T13:58:06+08:00 ] 127.0.0.1 /ecservice/getProductCategory
INFO: [ app_init ] --START--
INFO: Run Behavior\BuildLiteBehavior [ RunTime:0.000000s ]
INFO: [ app_init ] --END-- [ RunTime:0.000000s ]
INFO: [ app_begin ] --START--
INFO: Run Behavior\ReadHtmlCacheBehavior [ RunTime:0.000000s ]
INFO: [ app_begin ] --END-- [ RunTime:0.000000s ]
NOTIC: [8] Undefined variable: appkey D:\phpStudy\WWW\ecservice\Application\GetProductCategory\Controller\IndexController.class.php 第 32 行.
SQL: SHOW COLUMNS FROM `ecs_category` [ RunTime:0.0060s ]
NOTIC: [8] Use of undefined constant NEQ - assumed 'NEQ' D:\phpStudy\WWW\ecservice\Application\GetProductCategory\Controller\IndexController.class.php 第 42 行.
SQL: SELECT `cat_name`,`categoryId` FROM `ecs_category` WHERE `categoryId` <> '000000'  [ RunTime:0.0010s ]

[ 2017-11-09T14:39:45+08:00 ] 127.0.0.1 /ecservice/getProductCategory
INFO: [ app_init ] --START--
INFO: Run Behavior\BuildLiteBehavior [ RunTime:0.000000s ]
INFO: [ app_init ] --END-- [ RunTime:0.001000s ]
INFO: [ app_begin ] --START--
INFO: Run Behavior\ReadHtmlCacheBehavior [ RunTime:0.001000s ]
INFO: [ app_begin ] --END-- [ RunTime:0.001000s ]
NOTIC: [8] Undefined variable: appkey D:\phpStudy\WWW\ecservice\Application\GetProductCategory\Controller\IndexController.class.php 第 32 行.
SQL: SHOW COLUMNS FROM `ecs_category` [ RunTime:0.0060s ]
NOTIC: [8] Use of undefined constant NEQ - assumed 'NEQ' D:\phpStudy\WWW\ecservice\Application\GetProductCategory\Controller\IndexController.class.php 第 42 行.
SQL: SELECT `cat_name`,`categoryId` FROM `ecs_category` WHERE `categoryId` <> '000000'  [ RunTime:0.0010s ]

[ 2017-11-09T15:36:04+08:00 ] 127.0.0.1 /ecservice/getProductCategory
INFO: [ app_init ] --START--
INFO: Run Behavior\BuildLiteBehavior [ RunTime:0.000000s ]
INFO: [ app_init ] --END-- [ RunTime:0.001000s ]
INFO: [ app_begin ] --START--
INFO: Run Behavior\ReadHtmlCacheBehavior [ RunTime:0.001000s ]
INFO: [ app_begin ] --END-- [ RunTime:0.001000s ]
NOTIC: [8] Undefined variable: appkey D:\phpStudy\WWW\ecservice\Application\GetProductCategory\Controller\IndexController.class.php 第 32 行.
SQL: SHOW COLUMNS FROM `ecs_category` [ RunTime:0.0060s ]
NOTIC: [8] Use of undefined constant NEQ - assumed 'NEQ' D:\phpStudy\WWW\ecservice\Application\GetProductCategory\Controller\IndexController.class.php 第 42 行.
SQL: SELECT `cat_name`,`categoryId` FROM `ecs_category` WHERE `categoryId` <> '000000'  [ RunTime:0.0010s ]

[ 2017-11-09T17:52:57+08:00 ] 127.0.0.1 /ecservice/getProductCategory
INFO: [ app_init ] --START--
INFO: Run Behavior\BuildLiteBehavior [ RunTime:0.000000s ]
INFO: [ app_init ] --END-- [ RunTime:0.000000s ]
INFO: [ app_begin ] --START--
INFO: Run Behavior\ReadHtmlCacheBehavior [ RunTime:0.000000s ]
INFO: [ app_begin ] --END-- [ RunTime:0.000000s ]
NOTIC: [8] Undefined variable: appkey D:\phpStudy\WWW\ecservice\Application\GetProductCategory\Controller\IndexController.class.php 第 32 行.
SQL: SHOW COLUMNS FROM `ecs_category` [ RunTime:0.0060s ]
NOTIC: [8] Use of undefined constant NEQ - assumed 'NEQ' D:\phpStudy\WWW\ecservice\Application\GetProductCategory\Controller\IndexController.class.php 第 42 行.
SQL: SELECT `cat_name`,`categoryId` FROM `ecs_category` WHERE `categoryId` <> '000000'  [ RunTime:0.0010s ]

[ 2017-11-09T18:01:41+08:00 ] 127.0.0.1 /ecservice/getProductCategory
INFO: [ app_init ] --START--
INFO: Run Behavior\BuildLiteBehavior [ RunTime:0.000000s ]
INFO: [ app_init ] --END-- [ RunTime:0.001000s ]
INFO: [ app_begin ] --START--
INFO: Run Behavior\ReadHtmlCacheBehavior [ RunTime:0.001001s ]
INFO: [ app_begin ] --END-- [ RunTime:0.001001s ]
NOTIC: [8] Undefined variable: appkey D:\phpStudy\WWW\ecservice\Application\GetProductCategory\Controller\IndexController.class.php 第 32 行.
SQL: SHOW COLUMNS FROM `ecs_category` [ RunTime:0.0060s ]
NOTIC: [8] Use of undefined constant NEQ - assumed 'NEQ' D:\phpStudy\WWW\ecservice\Application\GetProductCategory\Controller\IndexController.class.php 第 42 行.
SQL: SELECT `cat_name`,`categoryId` FROM `ecs_category` WHERE `categoryId` <> '000000'  [ RunTime:0.0010s ]

[ 2017-11-09T18:06:31+08:00 ] 127.0.0.1 /ecservice/getProductCategory
INFO: [ app_init ] --START--
INFO: Run Behavior\BuildLiteBehavior [ RunTime:0.000000s ]
INFO: [ app_init ] --END-- [ RunTime:0.001000s ]
INFO: [ app_begin ] --START--
INFO: Run Behavior\ReadHtmlCacheBehavior [ RunTime:0.001000s ]
INFO: [ app_begin ] --END-- [ RunTime:0.001000s ]
NOTIC: [8] Undefined variable: appkey D:\phpStudy\WWW\ecservice\Application\GetProductCategory\Controller\IndexController.class.php 第 32 行.
SQL: SHOW COLUMNS FROM `ecs_category` [ RunTime:0.0060s ]
NOTIC: [8] Use of undefined constant NEQ - assumed 'NEQ' D:\phpStudy\WWW\ecservice\Application\GetProductCategory\Controller\IndexController.class.php 第 42 行.
SQL: SELECT `cat_name`,`categoryId` FROM `ecs_category` WHERE `categoryId` <> '000000'  [ RunTime:0.0010s ]

[ 2017-11-09T18:08:14+08:00 ] 127.0.0.1 /ecservice/getProductCategory
INFO: [ app_init ] --START--
INFO: Run Behavior\BuildLiteBehavior [ RunTime:0.000000s ]
INFO: [ app_init ] --END-- [ RunTime:0.000000s ]
INFO: [ app_begin ] --START--
INFO: Run Behavior\ReadHtmlCacheBehavior [ RunTime:0.001000s ]
INFO: [ app_begin ] --END-- [ RunTime:0.001000s ]
NOTIC: [8] Undefined variable: appkey D:\phpStudy\WWW\ecservice\Application\GetProductCategory\Controller\IndexController.class.php 第 32 行.
SQL: SHOW COLUMNS FROM `ecs_category` [ RunTime:0.0050s ]
NOTIC: [8] Use of undefined constant NEQ - assumed 'NEQ' D:\phpStudy\WWW\ecservice\Application\GetProductCategory\Controller\IndexController.class.php 第 42 行.
SQL: SELECT `cat_name`,`categoryId` FROM `ecs_category` WHERE `categoryId` <> '000000'  [ RunTime:0.0010s ]

