[ 2017-11-15T09:43:31+08:00 ] 127.0.0.1 /ecservice/getProductCategory
INFO: [ app_init ] --START--
INFO: Run Behavior\BuildLiteBehavior [ RunTime:0.000000s ]
INFO: [ app_init ] --END-- [ RunTime:0.000000s ]
INFO: [ app_begin ] --START--
INFO: Run Behavior\ReadHtmlCacheBehavior [ RunTime:0.000000s ]
INFO: [ app_begin ] --END-- [ RunTime:0.000000s ]
NOTIC: [8] Undefined variable: appkey D:\phpStudy\WWW\ecservice\Application\GetProductCategory\Controller\IndexController.class.php 第 32 行.
SQL: SHOW COLUMNS FROM `ecs_category` [ RunTime:0.0156s ]
NOTIC: [8] Use of undefined constant NEQ - assumed 'NEQ' D:\phpStudy\WWW\ecservice\Application\GetProductCategory\Controller\IndexController.class.php 第 42 行.
SQL: SELECT `cat_name`,`categoryId` FROM `ecs_category` WHERE `categoryId` <> '000000'  [ RunTime:0.0000s ]

[ 2017-11-15T15:18:37+08:00 ] 127.0.0.1 /ecservice/getProductCategory
INFO: [ app_init ] --START--
INFO: Run Behavior\BuildLiteBehavior [ RunTime:0.000000s ]
INFO: [ app_init ] --END-- [ RunTime:0.001000s ]
INFO: [ app_begin ] --START--
INFO: Run Behavior\ReadHtmlCacheBehavior [ RunTime:0.001000s ]
INFO: [ app_begin ] --END-- [ RunTime:0.001000s ]
NOTIC: [8] Undefined variable: appkey D:\phpStudy\WWW\ecservice\Application\GetProductCategory\Controller\IndexController.class.php 第 32 行.
SQL: SHOW COLUMNS FROM `ecs_category` [ RunTime:0.0050s ]
NOTIC: [8] Use of undefined constant NEQ - assumed 'NEQ' D:\phpStudy\WWW\ecservice\Application\GetProductCategory\Controller\IndexController.class.php 第 42 行.
SQL: SELECT `cat_name`,`categoryId` FROM `ecs_category` WHERE `categoryId` <> '000000'  [ RunTime:0.0010s ]

[ 2017-11-15T15:20:00+08:00 ] 127.0.0.1 /ecservice/getProductCategory
INFO: [ app_init ] --START--
INFO: Run Behavior\BuildLiteBehavior [ RunTime:0.000000s ]
INFO: [ app_init ] --END-- [ RunTime:0.001001s ]
INFO: [ app_begin ] --START--
INFO: Run Behavior\ReadHtmlCacheBehavior [ RunTime:0.001000s ]
INFO: [ app_begin ] --END-- [ RunTime:0.001000s ]
NOTIC: [8] Undefined variable: appkey D:\phpStudy\WWW\ecservice\Application\GetProductCategory\Controller\IndexController.class.php 第 32 行.
SQL: SHOW COLUMNS FROM `ecs_category` [ RunTime:0.0050s ]
NOTIC: [8] Use of undefined constant NEQ - assumed 'NEQ' D:\phpStudy\WWW\ecservice\Application\GetProductCategory\Controller\IndexController.class.php 第 42 行.
SQL: SELECT `cat_name`,`categoryId` FROM `ecs_category` WHERE `categoryId` <> '000000'  [ RunTime:0.0000s ]

[ 2017-11-15T15:31:16+08:00 ] 127.0.0.1 /ecservice/getProductCategory
INFO: [ app_init ] --START--
INFO: Run Behavior\BuildLiteBehavior [ RunTime:0.000000s ]
INFO: [ app_init ] --END-- [ RunTime:0.000000s ]
INFO: [ app_begin ] --START--
INFO: Run Behavior\ReadHtmlCacheBehavior [ RunTime:0.000000s ]
INFO: [ app_begin ] --END-- [ RunTime:0.000000s ]
NOTIC: [8] Undefined variable: appkey D:\phpStudy\WWW\ecservice\Application\GetProductCategory\Controller\IndexController.class.php 第 32 行.
SQL: SHOW COLUMNS FROM `ecs_category` [ RunTime:0.0070s ]
NOTIC: [8] Use of undefined constant NEQ - assumed 'NEQ' D:\phpStudy\WWW\ecservice\Application\GetProductCategory\Controller\IndexController.class.php 第 42 行.
SQL: SELECT `cat_name`,`categoryId` FROM `ecs_category` WHERE `categoryId` <> '000000'  [ RunTime:0.0010s ]

[ 2017-11-15T15:47:27+08:00 ] 127.0.0.1 /ecservice/getProductCategory
INFO: [ app_init ] --START--
INFO: Run Behavior\BuildLiteBehavior [ RunTime:0.001000s ]
INFO: [ app_init ] --END-- [ RunTime:0.001000s ]
INFO: [ app_begin ] --START--
INFO: Run Behavior\ReadHtmlCacheBehavior [ RunTime:0.001000s ]
INFO: [ app_begin ] --END-- [ RunTime:0.001000s ]
NOTIC: [8] Undefined variable: appkey D:\phpStudy\WWW\ecservice\Application\GetProductCategory\Controller\IndexController.class.php 第 32 行.
SQL: SHOW COLUMNS FROM `ecs_category` [ RunTime:0.0060s ]
NOTIC: [8] Use of undefined constant NEQ - assumed 'NEQ' D:\phpStudy\WWW\ecservice\Application\GetProductCategory\Controller\IndexController.class.php 第 42 行.
SQL: SELECT `cat_name`,`categoryId` FROM `ecs_category` WHERE `categoryId` <> '000000'  [ RunTime:0.0010s ]

[ 2017-11-15T15:51:11+08:00 ] 127.0.0.1 /ecservice/getProductCategory
INFO: [ app_init ] --START--
INFO: Run Behavior\BuildLiteBehavior [ RunTime:0.001000s ]
INFO: [ app_init ] --END-- [ RunTime:0.001000s ]
INFO: [ app_begin ] --START--
INFO: Run Behavior\ReadHtmlCacheBehavior [ RunTime:0.001000s ]
INFO: [ app_begin ] --END-- [ RunTime:0.001000s ]
NOTIC: [8] Undefined variable: appkey D:\phpStudy\WWW\ecservice\Application\GetProductCategory\Controller\IndexController.class.php 第 32 行.
SQL: SHOW COLUMNS FROM `ecs_category` [ RunTime:0.0060s ]
NOTIC: [8] Use of undefined constant NEQ - assumed 'NEQ' D:\phpStudy\WWW\ecservice\Application\GetProductCategory\Controller\IndexController.class.php 第 42 行.
SQL: SELECT `cat_name`,`categoryId` FROM `ecs_category` WHERE `categoryId` <> '000000'  [ RunTime:0.0010s ]

