[ 2017-11-08T08:50:10+08:00 ] 127.0.0.1 /ecservice/getProductDetail
INFO: [ app_init ] --START--
INFO: Run Behavior\BuildLiteBehavior [ RunTime:0.000000s ]
INFO: [ app_init ] --END-- [ RunTime:0.000000s ]
ERR: 无法加载模块:GetProductDetail

[ 2017-11-08T10:55:14+08:00 ] 127.0.0.1 /ecservice/getProductImage
INFO: [ app_init ] --START--
INFO: Run Behavior\BuildLiteBehavior [ RunTime:0.000000s ]
INFO: [ app_init ] --END-- [ RunTime:0.001000s ]
ERR: 无法加载模块:GetProductImage

[ 2017-11-08T11:30:33+08:00 ] 127.0.0.1 /ecservice/getProductImage
INFO: [ app_init ] --START--
INFO: Run Behavior\BuildLiteBehavior [ RunTime:0.000000s ]
INFO: [ app_init ] --END-- [ RunTime:0.000000s ]
ERR: 无法加载模块:GetProductImage

[ 2017-11-08T14:23:40+08:00 ] 127.0.0.1 /ecservice/getProductImage
INFO: [ app_init ] --START--
INFO: Run Behavior\BuildLiteBehavior [ RunTime:0.000000s ]
INFO: [ app_init ] --END-- [ RunTime:0.001000s ]
ERR: 无法加载模块:GetProductImage

[ 2017-11-08T14:38:13+08:00 ] 127.0.0.1 /ecservice/getProductImage
INFO: [ app_init ] --START--
INFO: Run Behavior\BuildLiteBehavior [ RunTime:0.000000s ]
INFO: [ app_init ] --END-- [ RunTime:0.000000s ]
ERR: 无法加载模块:GetProductImage

[ 2017-11-08T16:01:11+08:00 ] 127.0.0.1 /ecservice/getProductOnShelvesInfo
INFO: [ app_init ] --START--
INFO: Run Behavior\BuildLiteBehavior [ RunTime:0.000000s ]
INFO: [ app_init ] --END-- [ RunTime:0.000000s ]
ERR: 无法加载模块:GetProductOnShelvesInfo

[ 2017-11-08T16:06:52+08:00 ] 127.0.0.1 /ecservice/getProductOnShelvesInfo
INFO: [ app_init ] --START--
INFO: Run Behavior\BuildLiteBehavior [ RunTime:0.000000s ]
INFO: [ app_init ] --END-- [ RunTime:0.001000s ]
ERR: 无法加载模块:GetProductOnShelvesInfo

[ 2017-11-08T16:09:48+08:00 ] 127.0.0.1 /ecservice/getProductOnShelvesInfo
INFO: [ app_init ] --START--
INFO: Run Behavior\BuildLiteBehavior [ RunTime:0.000000s ]
INFO: [ app_init ] --END-- [ RunTime:0.000000s ]
ERR: 无法加载模块:GetProductOnShelvesInfo

[ 2017-11-08T16:27:23+08:00 ] 127.0.0.1 /ecservice/getProductInventory
INFO: [ app_init ] --START--
INFO: Run Behavior\BuildLiteBehavior [ RunTime:0.000000s ]
INFO: [ app_init ] --END-- [ RunTime:0.000000s ]
ERR: 无法加载模块:GetProductInventory

[ 2017-11-08T16:35:03+08:00 ] 127.0.0.1 /ecservice/getProductInventory
INFO: [ app_init ] --START--
INFO: Run Behavior\BuildLiteBehavior [ RunTime:0.000000s ]
INFO: [ app_init ] --END-- [ RunTime:0.001000s ]
ERR: 无法加载模块:GetProductInventory

[ 2017-11-08T16:40:37+08:00 ] 127.0.0.1 /ecservice/getProductInventory
INFO: [ app_init ] --START--
INFO: Run Behavior\BuildLiteBehavior [ RunTime:0.000000s ]
INFO: [ app_init ] --END-- [ RunTime:0.001000s ]
ERR: 无法加载模块:GetProductInventory

[ 2017-11-08T16:52:09+08:00 ] 127.0.0.1 /ecservice/getProductInventory
INFO: [ app_init ] --START--
INFO: Run Behavior\BuildLiteBehavior [ RunTime:0.000000s ]
INFO: [ app_init ] --END-- [ RunTime:0.001000s ]
ERR: 无法加载模块:GetProductInventory

