[ 2017-11-09T12:09:33+08:00 ] 127.0.0.1 /ecservice/queryCountPrice
INFO: [ app_init ] --START--
INFO: Run Behavior\BuildLiteBehavior [ RunTime:0.000000s ]
INFO: [ app_init ] --END-- [ RunTime:0.001000s ]
INFO: [ app_begin ] --START--
INFO: Run Behavior\ReadHtmlCacheBehavior [ RunTime:0.001000s ]
INFO: [ app_begin ] --END-- [ RunTime:0.001000s ]
NOTIC: [8] Undefined variable: appkey D:\phpStudy\WWW\ecservice\Application\QueryCountPrice\Controller\IndexController.class.php 第 33 行.
SQL: SHOW COLUMNS FROM `ecs_goods` [ RunTime:0.0060s ]
NOTIC: [8] Use of undefined constant EQ - assumed 'EQ' D:\phpStudy\WWW\ecservice\Application\QueryCountPrice\Controller\IndexController.class.php 第 45 行.
SQL: SELECT `shop_price` FROM `ecs_goods` WHERE `goods_id` = '6'  [ RunTime:0.0000s ]
INFO: [ app_end ] --START--
INFO: Run Behavior\ShowPageTraceBehavior [ RunTime:0.001000s ]
INFO: [ app_end ] --END-- [ RunTime:0.001000s ]

[ 2017-11-09T12:10:14+08:00 ] 127.0.0.1 /ecservice/queryCountPrice
INFO: [ app_init ] --START--
INFO: Run Behavior\BuildLiteBehavior [ RunTime:0.000000s ]
INFO: [ app_init ] --END-- [ RunTime:0.000000s ]
INFO: [ app_begin ] --START--
INFO: Run Behavior\ReadHtmlCacheBehavior [ RunTime:0.000000s ]
INFO: [ app_begin ] --END-- [ RunTime:0.000000s ]
NOTIC: [8] Undefined variable: appkey D:\phpStudy\WWW\ecservice\Application\QueryCountPrice\Controller\IndexController.class.php 第 33 行.
SQL: SHOW COLUMNS FROM `ecs_goods` [ RunTime:0.0060s ]
NOTIC: [8] Use of undefined constant EQ - assumed 'EQ' D:\phpStudy\WWW\ecservice\Application\QueryCountPrice\Controller\IndexController.class.php 第 45 行.
SQL: SELECT `shop_price` FROM `ecs_goods` WHERE `goods_id` = '6'  [ RunTime:0.0000s ]
NOTIC: [8] Use of undefined constant EQ - assumed 'EQ' D:\phpStudy\WWW\ecservice\Application\QueryCountPrice\Controller\IndexController.class.php 第 45 行.
SQL: SELECT `shop_price` FROM `ecs_goods` WHERE `goods_id` = '5888'  [ RunTime:0.0140s ]
INFO: [ app_end ] --START--
INFO: Run Behavior\ShowPageTraceBehavior [ RunTime:0.001000s ]
INFO: [ app_end ] --END-- [ RunTime:0.001000s ]

[ 2017-11-09T12:10:47+08:00 ] 127.0.0.1 /ecservice/queryCountPrice
INFO: [ app_init ] --START--
INFO: Run Behavior\BuildLiteBehavior [ RunTime:0.000000s ]
INFO: [ app_init ] --END-- [ RunTime:0.001000s ]
INFO: [ app_begin ] --START--
INFO: Run Behavior\ReadHtmlCacheBehavior [ RunTime:0.001000s ]
INFO: [ app_begin ] --END-- [ RunTime:0.001000s ]
NOTIC: [8] Undefined variable: appkey D:\phpStudy\WWW\ecservice\Application\QueryCountPrice\Controller\IndexController.class.php 第 33 行.
SQL: SHOW COLUMNS FROM `ecs_goods` [ RunTime:0.0060s ]
NOTIC: [8] Use of undefined constant EQ - assumed 'EQ' D:\phpStudy\WWW\ecservice\Application\QueryCountPrice\Controller\IndexController.class.php 第 45 行.
SQL: SELECT `shop_price` FROM `ecs_goods` WHERE `goods_id` = '6'  [ RunTime:0.0000s ]

[ 2017-11-09T13:38:03+08:00 ] 127.0.0.1 /ecservice/queryCountPrice
INFO: [ app_init ] --START--
INFO: Run Behavior\BuildLiteBehavior [ RunTime:0.000000s ]
INFO: [ app_init ] --END-- [ RunTime:0.001000s ]
INFO: [ app_begin ] --START--
INFO: Run Behavior\ReadHtmlCacheBehavior [ RunTime:0.001000s ]
INFO: [ app_begin ] --END-- [ RunTime:0.001000s ]
NOTIC: [8] Undefined variable: appkey D:\phpStudy\WWW\ecservice\Application\QueryCountPrice\Controller\IndexController.class.php 第 33 行.
SQL: SHOW COLUMNS FROM `ecs_goods` [ RunTime:0.0060s ]
NOTIC: [8] Use of undefined constant EQ - assumed 'EQ' D:\phpStudy\WWW\ecservice\Application\QueryCountPrice\Controller\IndexController.class.php 第 45 行.
SQL: SELECT `shop_price` FROM `ecs_goods` WHERE `goods_id` = '6'  [ RunTime:0.0010s ]

[ 2017-11-09T13:58:06+08:00 ] 127.0.0.1 /ecservice/queryCountPrice
INFO: [ app_init ] --START--
INFO: Run Behavior\BuildLiteBehavior [ RunTime:0.000000s ]
INFO: [ app_init ] --END-- [ RunTime:0.001001s ]
INFO: [ app_begin ] --START--
INFO: Run Behavior\ReadHtmlCacheBehavior [ RunTime:0.001000s ]
INFO: [ app_begin ] --END-- [ RunTime:0.001000s ]
NOTIC: [8] Undefined variable: appkey D:\phpStudy\WWW\ecservice\Application\QueryCountPrice\Controller\IndexController.class.php 第 33 行.
SQL: SHOW COLUMNS FROM `ecs_goods` [ RunTime:0.0060s ]
NOTIC: [8] Use of undefined constant EQ - assumed 'EQ' D:\phpStudy\WWW\ecservice\Application\QueryCountPrice\Controller\IndexController.class.php 第 45 行.
SQL: SELECT `shop_price` FROM `ecs_goods` WHERE `goods_id` = '6'  [ RunTime:0.0010s ]

[ 2017-11-09T14:39:45+08:00 ] 127.0.0.1 /ecservice/queryCountPrice
INFO: [ app_init ] --START--
INFO: Run Behavior\BuildLiteBehavior [ RunTime:0.000000s ]
INFO: [ app_init ] --END-- [ RunTime:0.000000s ]
INFO: [ app_begin ] --START--
INFO: Run Behavior\ReadHtmlCacheBehavior [ RunTime:0.001000s ]
INFO: [ app_begin ] --END-- [ RunTime:0.001000s ]
NOTIC: [8] Undefined variable: appkey D:\phpStudy\WWW\ecservice\Application\QueryCountPrice\Controller\IndexController.class.php 第 33 行.
SQL: SHOW COLUMNS FROM `ecs_goods` [ RunTime:0.0060s ]
NOTIC: [8] Use of undefined constant EQ - assumed 'EQ' D:\phpStudy\WWW\ecservice\Application\QueryCountPrice\Controller\IndexController.class.php 第 45 行.
SQL: SELECT `shop_price` FROM `ecs_goods` WHERE `goods_id` = '6'  [ RunTime:0.0000s ]

[ 2017-11-09T15:36:05+08:00 ] 127.0.0.1 /ecservice/queryCountPrice
INFO: [ app_init ] --START--
INFO: Run Behavior\BuildLiteBehavior [ RunTime:0.000000s ]
INFO: [ app_init ] --END-- [ RunTime:0.000000s ]
INFO: [ app_begin ] --START--
INFO: Run Behavior\ReadHtmlCacheBehavior [ RunTime:0.000000s ]
INFO: [ app_begin ] --END-- [ RunTime:0.000000s ]
NOTIC: [8] Undefined variable: appkey D:\phpStudy\WWW\ecservice\Application\QueryCountPrice\Controller\IndexController.class.php 第 33 行.
SQL: SHOW COLUMNS FROM `ecs_goods` [ RunTime:0.0060s ]
NOTIC: [8] Use of undefined constant EQ - assumed 'EQ' D:\phpStudy\WWW\ecservice\Application\QueryCountPrice\Controller\IndexController.class.php 第 45 行.
SQL: SELECT `shop_price` FROM `ecs_goods` WHERE `goods_id` = '6'  [ RunTime:0.0000s ]

[ 2017-11-09T17:52:58+08:00 ] 127.0.0.1 /ecservice/queryCountPrice
INFO: [ app_init ] --START--
INFO: Run Behavior\BuildLiteBehavior [ RunTime:0.000000s ]
INFO: [ app_init ] --END-- [ RunTime:0.000000s ]
INFO: [ app_begin ] --START--
INFO: Run Behavior\ReadHtmlCacheBehavior [ RunTime:0.001000s ]
INFO: [ app_begin ] --END-- [ RunTime:0.002000s ]
NOTIC: [8] Undefined variable: appkey D:\phpStudy\WWW\ecservice\Application\QueryCountPrice\Controller\IndexController.class.php 第 33 行.
SQL: SHOW COLUMNS FROM `ecs_goods` [ RunTime:0.0060s ]
NOTIC: [8] Use of undefined constant EQ - assumed 'EQ' D:\phpStudy\WWW\ecservice\Application\QueryCountPrice\Controller\IndexController.class.php 第 45 行.
SQL: SELECT `shop_price` FROM `ecs_goods` WHERE `goods_id` = '6'  [ RunTime:0.0000s ]

[ 2017-11-09T18:01:42+08:00 ] 127.0.0.1 /ecservice/queryCountPrice
INFO: [ app_init ] --START--
INFO: Run Behavior\BuildLiteBehavior [ RunTime:0.000000s ]
INFO: [ app_init ] --END-- [ RunTime:0.001000s ]
INFO: [ app_begin ] --START--
INFO: Run Behavior\ReadHtmlCacheBehavior [ RunTime:0.001000s ]
INFO: [ app_begin ] --END-- [ RunTime:0.001000s ]
NOTIC: [8] Undefined variable: appkey D:\phpStudy\WWW\ecservice\Application\QueryCountPrice\Controller\IndexController.class.php 第 33 行.
SQL: SHOW COLUMNS FROM `ecs_goods` [ RunTime:0.0060s ]
NOTIC: [8] Use of undefined constant EQ - assumed 'EQ' D:\phpStudy\WWW\ecservice\Application\QueryCountPrice\Controller\IndexController.class.php 第 45 行.
SQL: SELECT `shop_price` FROM `ecs_goods` WHERE `goods_id` = '6'  [ RunTime:0.0000s ]

[ 2017-11-09T18:06:32+08:00 ] 127.0.0.1 /ecservice/queryCountPrice
INFO: [ app_init ] --START--
INFO: Run Behavior\BuildLiteBehavior [ RunTime:0.000000s ]
INFO: [ app_init ] --END-- [ RunTime:0.001000s ]
INFO: [ app_begin ] --START--
INFO: Run Behavior\ReadHtmlCacheBehavior [ RunTime:0.001000s ]
INFO: [ app_begin ] --END-- [ RunTime:0.001000s ]
NOTIC: [8] Undefined variable: appkey D:\phpStudy\WWW\ecservice\Application\QueryCountPrice\Controller\IndexController.class.php 第 33 行.
SQL: SHOW COLUMNS FROM `ecs_goods` [ RunTime:0.0070s ]
NOTIC: [8] Use of undefined constant EQ - assumed 'EQ' D:\phpStudy\WWW\ecservice\Application\QueryCountPrice\Controller\IndexController.class.php 第 45 行.
SQL: SELECT `shop_price` FROM `ecs_goods` WHERE `goods_id` = '6'  [ RunTime:0.0010s ]

[ 2017-11-09T18:08:14+08:00 ] 127.0.0.1 /ecservice/queryCountPrice
INFO: [ app_init ] --START--
INFO: Run Behavior\BuildLiteBehavior [ RunTime:0.000000s ]
INFO: [ app_init ] --END-- [ RunTime:0.000000s ]
INFO: [ app_begin ] --START--
INFO: Run Behavior\ReadHtmlCacheBehavior [ RunTime:0.001000s ]
INFO: [ app_begin ] --END-- [ RunTime:0.001000s ]
NOTIC: [8] Undefined variable: appkey D:\phpStudy\WWW\ecservice\Application\QueryCountPrice\Controller\IndexController.class.php 第 33 行.
SQL: SHOW COLUMNS FROM `ecs_goods` [ RunTime:0.0060s ]
NOTIC: [8] Use of undefined constant EQ - assumed 'EQ' D:\phpStudy\WWW\ecservice\Application\QueryCountPrice\Controller\IndexController.class.php 第 45 行.
SQL: SELECT `shop_price` FROM `ecs_goods` WHERE `goods_id` = '6'  [ RunTime:0.0000s ]

[ 2017-11-09T18:08:15+08:00 ] 127.0.0.1 /ecservice/queryCountPrice
INFO: [ app_init ] --START--
INFO: Run Behavior\BuildLiteBehavior [ RunTime:0.000000s ]
INFO: [ app_init ] --END-- [ RunTime:0.001000s ]
INFO: [ app_begin ] --START--
INFO: Run Behavior\ReadHtmlCacheBehavior [ RunTime:0.001000s ]
INFO: [ app_begin ] --END-- [ RunTime:0.001000s ]
NOTIC: [8] Undefined variable: appkey D:\phpStudy\WWW\ecservice\Application\QueryCountPrice\Controller\IndexController.class.php 第 33 行.
SQL: SHOW COLUMNS FROM `ecs_goods` [ RunTime:0.0060s ]
NOTIC: [8] Use of undefined constant EQ - assumed 'EQ' D:\phpStudy\WWW\ecservice\Application\QueryCountPrice\Controller\IndexController.class.php 第 45 行.
SQL: SELECT `shop_price` FROM `ecs_goods` WHERE `goods_id` = '172'  [ RunTime:0.0010s ]

[ 2017-11-09T18:08:15+08:00 ] 127.0.0.1 /ecservice/queryCountPrice
INFO: [ app_init ] --START--
INFO: Run Behavior\BuildLiteBehavior [ RunTime:0.000000s ]
INFO: [ app_init ] --END-- [ RunTime:0.001000s ]
INFO: [ app_begin ] --START--
INFO: Run Behavior\ReadHtmlCacheBehavior [ RunTime:0.000000s ]
INFO: [ app_begin ] --END-- [ RunTime:0.000000s ]
NOTIC: [8] Undefined variable: appkey D:\phpStudy\WWW\ecservice\Application\QueryCountPrice\Controller\IndexController.class.php 第 33 行.
SQL: SHOW COLUMNS FROM `ecs_goods` [ RunTime:0.0060s ]
NOTIC: [8] Use of undefined constant EQ - assumed 'EQ' D:\phpStudy\WWW\ecservice\Application\QueryCountPrice\Controller\IndexController.class.php 第 45 行.
SQL: SELECT `shop_price` FROM `ecs_goods` WHERE `goods_id` = '178'  [ RunTime:0.0000s ]

[ 2017-11-09T18:08:16+08:00 ] 127.0.0.1 /ecservice/queryCountPrice
INFO: [ app_init ] --START--
INFO: Run Behavior\BuildLiteBehavior [ RunTime:0.000000s ]
INFO: [ app_init ] --END-- [ RunTime:0.000000s ]
INFO: [ app_begin ] --START--
INFO: Run Behavior\ReadHtmlCacheBehavior [ RunTime:0.001000s ]
INFO: [ app_begin ] --END-- [ RunTime:0.001000s ]
NOTIC: [8] Undefined variable: appkey D:\phpStudy\WWW\ecservice\Application\QueryCountPrice\Controller\IndexController.class.php 第 33 行.
SQL: SHOW COLUMNS FROM `ecs_goods` [ RunTime:0.0060s ]
NOTIC: [8] Use of undefined constant EQ - assumed 'EQ' D:\phpStudy\WWW\ecservice\Application\QueryCountPrice\Controller\IndexController.class.php 第 45 行.
SQL: SELECT `shop_price` FROM `ecs_goods` WHERE `goods_id` = '166'  [ RunTime:0.0010s ]

[ 2017-11-09T18:08:17+08:00 ] 127.0.0.1 /ecservice/queryCountPrice
INFO: [ app_init ] --START--
INFO: Run Behavior\BuildLiteBehavior [ RunTime:0.000000s ]
INFO: [ app_init ] --END-- [ RunTime:0.000000s ]
INFO: [ app_begin ] --START--
INFO: Run Behavior\ReadHtmlCacheBehavior [ RunTime:0.001000s ]
INFO: [ app_begin ] --END-- [ RunTime:0.001000s ]
NOTIC: [8] Undefined variable: appkey D:\phpStudy\WWW\ecservice\Application\QueryCountPrice\Controller\IndexController.class.php 第 33 行.
SQL: SHOW COLUMNS FROM `ecs_goods` [ RunTime:0.0060s ]
NOTIC: [8] Use of undefined constant EQ - assumed 'EQ' D:\phpStudy\WWW\ecservice\Application\QueryCountPrice\Controller\IndexController.class.php 第 45 行.
SQL: SELECT `shop_price` FROM `ecs_goods` WHERE `goods_id` = '168'  [ RunTime:0.0010s ]

[ 2017-11-09T18:08:18+08:00 ] 127.0.0.1 /ecservice/queryCountPrice
INFO: [ app_init ] --START--
INFO: Run Behavior\BuildLiteBehavior [ RunTime:0.001000s ]
INFO: [ app_init ] --END-- [ RunTime:0.001000s ]
INFO: [ app_begin ] --START--
INFO: Run Behavior\ReadHtmlCacheBehavior [ RunTime:0.001000s ]
INFO: [ app_begin ] --END-- [ RunTime:0.001000s ]
NOTIC: [8] Undefined variable: appkey D:\phpStudy\WWW\ecservice\Application\QueryCountPrice\Controller\IndexController.class.php 第 33 行.
SQL: SHOW COLUMNS FROM `ecs_goods` [ RunTime:0.0060s ]
NOTIC: [8] Use of undefined constant EQ - assumed 'EQ' D:\phpStudy\WWW\ecservice\Application\QueryCountPrice\Controller\IndexController.class.php 第 45 行.
SQL: SELECT `shop_price` FROM `ecs_goods` WHERE `goods_id` = '171'  [ RunTime:0.0010s ]

[ 2017-11-09T18:08:19+08:00 ] 127.0.0.1 /ecservice/queryCountPrice
INFO: [ app_init ] --START--
INFO: Run Behavior\BuildLiteBehavior [ RunTime:0.000000s ]
INFO: [ app_init ] --END-- [ RunTime:0.000000s ]
INFO: [ app_begin ] --START--
INFO: Run Behavior\ReadHtmlCacheBehavior [ RunTime:0.000000s ]
INFO: [ app_begin ] --END-- [ RunTime:0.000000s ]
NOTIC: [8] Undefined variable: appkey D:\phpStudy\WWW\ecservice\Application\QueryCountPrice\Controller\IndexController.class.php 第 33 行.
SQL: SHOW COLUMNS FROM `ecs_goods` [ RunTime:0.0060s ]
NOTIC: [8] Use of undefined constant EQ - assumed 'EQ' D:\phpStudy\WWW\ecservice\Application\QueryCountPrice\Controller\IndexController.class.php 第 45 行.
SQL: SELECT `shop_price` FROM `ecs_goods` WHERE `goods_id` = '7'  [ RunTime:0.0010s ]

[ 2017-11-09T18:08:19+08:00 ] 127.0.0.1 /ecservice/queryCountPrice
INFO: [ app_init ] --START--
INFO: Run Behavior\BuildLiteBehavior [ RunTime:0.000000s ]
INFO: [ app_init ] --END-- [ RunTime:0.000000s ]
INFO: [ app_begin ] --START--
INFO: Run Behavior\ReadHtmlCacheBehavior [ RunTime:0.001000s ]
INFO: [ app_begin ] --END-- [ RunTime:0.001000s ]
NOTIC: [8] Undefined variable: appkey D:\phpStudy\WWW\ecservice\Application\QueryCountPrice\Controller\IndexController.class.php 第 33 行.
SQL: SHOW COLUMNS FROM `ecs_goods` [ RunTime:0.0070s ]
NOTIC: [8] Use of undefined constant EQ - assumed 'EQ' D:\phpStudy\WWW\ecservice\Application\QueryCountPrice\Controller\IndexController.class.php 第 45 行.
SQL: SELECT `shop_price` FROM `ecs_goods` WHERE `goods_id` = '176'  [ RunTime:0.0010s ]

[ 2017-11-09T18:08:20+08:00 ] 127.0.0.1 /ecservice/queryCountPrice
INFO: [ app_init ] --START--
INFO: Run Behavior\BuildLiteBehavior [ RunTime:0.000000s ]
INFO: [ app_init ] --END-- [ RunTime:0.001000s ]
INFO: [ app_begin ] --START--
INFO: Run Behavior\ReadHtmlCacheBehavior [ RunTime:0.001000s ]
INFO: [ app_begin ] --END-- [ RunTime:0.001000s ]
NOTIC: [8] Undefined variable: appkey D:\phpStudy\WWW\ecservice\Application\QueryCountPrice\Controller\IndexController.class.php 第 33 行.
SQL: SHOW COLUMNS FROM `ecs_goods` [ RunTime:0.0060s ]
NOTIC: [8] Use of undefined constant EQ - assumed 'EQ' D:\phpStudy\WWW\ecservice\Application\QueryCountPrice\Controller\IndexController.class.php 第 45 行.
SQL: SELECT `shop_price` FROM `ecs_goods` WHERE `goods_id` = '7016'  [ RunTime:0.0010s ]

