[ 2017-12-07T09:02:28+08:00 ] 127.0.0.1 /ecservice/getProductInventory
INFO: [ app_init ] --START--
INFO: Run Behavior\BuildLiteBehavior [ RunTime:0.000000s ]
INFO: [ app_init ] --END-- [ RunTime:0.000000s ]
INFO: [ app_begin ] --START--
INFO: Run Behavior\ReadHtmlCacheBehavior [ RunTime:0.000000s ]
INFO: [ app_begin ] --END-- [ RunTime:0.000000s ]
NOTIC: [8] Undefined variable: appkey D:\phpStudy\WWW\ecservice\Application\GetProductInventory\Controller\IndexController.class.php 第 33 行.
SQL: SHOW COLUMNS FROM `ecs_goods` [ RunTime:0.0000s ]
NOTIC: [8] Use of undefined constant EQ - assumed 'EQ' D:\phpStudy\WWW\ecservice\Application\GetProductInventory\Controller\IndexController.class.php 第 43 行.
SQL: SELECT `goods_number` FROM `ecs_goods` WHERE `goods_id` = '68'  [ RunTime:0.0000s ]

[ 2017-12-07T09:02:29+08:00 ] 127.0.0.1 /ecservice/getProductInventory
INFO: [ app_init ] --START--
INFO: Run Behavior\BuildLiteBehavior [ RunTime:0.000000s ]
INFO: [ app_init ] --END-- [ RunTime:0.000000s ]
INFO: [ app_begin ] --START--
INFO: Run Behavior\ReadHtmlCacheBehavior [ RunTime:0.000000s ]
INFO: [ app_begin ] --END-- [ RunTime:0.000000s ]
NOTIC: [8] Undefined variable: appkey D:\phpStudy\WWW\ecservice\Application\GetProductInventory\Controller\IndexController.class.php 第 33 行.
SQL: SHOW COLUMNS FROM `ecs_goods` [ RunTime:0.0000s ]
NOTIC: [8] Use of undefined constant EQ - assumed 'EQ' D:\phpStudy\WWW\ecservice\Application\GetProductInventory\Controller\IndexController.class.php 第 43 行.
SQL: SELECT `goods_number` FROM `ecs_goods` WHERE `goods_id` = '22228'  [ RunTime:0.0000s ]

[ 2017-12-07T09:02:30+08:00 ] 127.0.0.1 /ecservice/getProductInventory
INFO: [ app_init ] --START--
INFO: Run Behavior\BuildLiteBehavior [ RunTime:0.000000s ]
INFO: [ app_init ] --END-- [ RunTime:0.000000s ]
INFO: [ app_begin ] --START--
INFO: Run Behavior\ReadHtmlCacheBehavior [ RunTime:0.000000s ]
INFO: [ app_begin ] --END-- [ RunTime:0.000000s ]
NOTIC: [8] Undefined variable: appkey D:\phpStudy\WWW\ecservice\Application\GetProductInventory\Controller\IndexController.class.php 第 33 行.
SQL: SHOW COLUMNS FROM `ecs_goods` [ RunTime:0.0000s ]
NOTIC: [8] Use of undefined constant EQ - assumed 'EQ' D:\phpStudy\WWW\ecservice\Application\GetProductInventory\Controller\IndexController.class.php 第 43 行.
SQL: SELECT `goods_number` FROM `ecs_goods` WHERE `goods_id` = '22229'  [ RunTime:0.0000s ]

[ 2017-12-07T09:02:32+08:00 ] 127.0.0.1 /ecservice/getProductInventory
INFO: [ app_init ] --START--
INFO: Run Behavior\BuildLiteBehavior [ RunTime:0.000000s ]
INFO: [ app_init ] --END-- [ RunTime:0.000000s ]
INFO: [ app_begin ] --START--
INFO: Run Behavior\ReadHtmlCacheBehavior [ RunTime:0.000000s ]
INFO: [ app_begin ] --END-- [ RunTime:0.000000s ]
NOTIC: [8] Undefined variable: appkey D:\phpStudy\WWW\ecservice\Application\GetProductInventory\Controller\IndexController.class.php 第 33 行.
SQL: SHOW COLUMNS FROM `ecs_goods` [ RunTime:0.0000s ]
NOTIC: [8] Use of undefined constant EQ - assumed 'EQ' D:\phpStudy\WWW\ecservice\Application\GetProductInventory\Controller\IndexController.class.php 第 43 行.
SQL: SELECT `goods_number` FROM `ecs_goods` WHERE `goods_id` = '85'  [ RunTime:0.0000s ]

[ 2017-12-07T09:02:33+08:00 ] 127.0.0.1 /ecservice/getProductInventory
INFO: [ app_init ] --START--
INFO: Run Behavior\BuildLiteBehavior [ RunTime:0.000000s ]
INFO: [ app_init ] --END-- [ RunTime:0.000000s ]
INFO: [ app_begin ] --START--
INFO: Run Behavior\ReadHtmlCacheBehavior [ RunTime:0.000000s ]
INFO: [ app_begin ] --END-- [ RunTime:0.000000s ]
NOTIC: [8] Undefined variable: appkey D:\phpStudy\WWW\ecservice\Application\GetProductInventory\Controller\IndexController.class.php 第 33 行.
SQL: SHOW COLUMNS FROM `ecs_goods` [ RunTime:0.0000s ]
NOTIC: [8] Use of undefined constant EQ - assumed 'EQ' D:\phpStudy\WWW\ecservice\Application\GetProductInventory\Controller\IndexController.class.php 第 43 行.
SQL: SELECT `goods_number` FROM `ecs_goods` WHERE `goods_id` = '20439'  [ RunTime:0.0000s ]

[ 2017-12-07T09:02:34+08:00 ] 127.0.0.1 /ecservice/getProductInventory
INFO: [ app_init ] --START--
INFO: Run Behavior\BuildLiteBehavior [ RunTime:0.000000s ]
INFO: [ app_init ] --END-- [ RunTime:0.000000s ]
INFO: [ app_begin ] --START--
INFO: Run Behavior\ReadHtmlCacheBehavior [ RunTime:0.000000s ]
INFO: [ app_begin ] --END-- [ RunTime:0.000000s ]
NOTIC: [8] Undefined variable: appkey D:\phpStudy\WWW\ecservice\Application\GetProductInventory\Controller\IndexController.class.php 第 33 行.
SQL: SHOW COLUMNS FROM `ecs_goods` [ RunTime:0.0000s ]
NOTIC: [8] Use of undefined constant EQ - assumed 'EQ' D:\phpStudy\WWW\ecservice\Application\GetProductInventory\Controller\IndexController.class.php 第 43 行.
SQL: SELECT `goods_number` FROM `ecs_goods` WHERE `goods_id` = '20440'  [ RunTime:0.0000s ]

[ 2017-12-07T09:02:36+08:00 ] 127.0.0.1 /ecservice/getProductInventory
INFO: [ app_init ] --START--
INFO: Run Behavior\BuildLiteBehavior [ RunTime:0.000000s ]
INFO: [ app_init ] --END-- [ RunTime:0.000000s ]
INFO: [ app_begin ] --START--
INFO: Run Behavior\ReadHtmlCacheBehavior [ RunTime:0.000000s ]
INFO: [ app_begin ] --END-- [ RunTime:0.000000s ]
NOTIC: [8] Undefined variable: appkey D:\phpStudy\WWW\ecservice\Application\GetProductInventory\Controller\IndexController.class.php 第 33 行.
SQL: SHOW COLUMNS FROM `ecs_goods` [ RunTime:0.0000s ]
NOTIC: [8] Use of undefined constant EQ - assumed 'EQ' D:\phpStudy\WWW\ecservice\Application\GetProductInventory\Controller\IndexController.class.php 第 43 行.
SQL: SELECT `goods_number` FROM `ecs_goods` WHERE `goods_id` = '92'  [ RunTime:0.0000s ]

[ 2017-12-07T09:02:37+08:00 ] 127.0.0.1 /ecservice/getProductInventory
INFO: [ app_init ] --START--
INFO: Run Behavior\BuildLiteBehavior [ RunTime:0.000000s ]
INFO: [ app_init ] --END-- [ RunTime:0.000000s ]
INFO: [ app_begin ] --START--
INFO: Run Behavior\ReadHtmlCacheBehavior [ RunTime:0.000000s ]
INFO: [ app_begin ] --END-- [ RunTime:0.000000s ]
NOTIC: [8] Undefined variable: appkey D:\phpStudy\WWW\ecservice\Application\GetProductInventory\Controller\IndexController.class.php 第 33 行.
SQL: SHOW COLUMNS FROM `ecs_goods` [ RunTime:0.0000s ]
NOTIC: [8] Use of undefined constant EQ - assumed 'EQ' D:\phpStudy\WWW\ecservice\Application\GetProductInventory\Controller\IndexController.class.php 第 43 行.
SQL: SELECT `goods_number` FROM `ecs_goods` WHERE `goods_id` = '18237'  [ RunTime:0.0000s ]

[ 2017-12-07T09:02:38+08:00 ] 127.0.0.1 /ecservice/getProductInventory
INFO: [ app_init ] --START--
INFO: Run Behavior\BuildLiteBehavior [ RunTime:0.000000s ]
INFO: [ app_init ] --END-- [ RunTime:0.000000s ]
INFO: [ app_begin ] --START--
INFO: Run Behavior\ReadHtmlCacheBehavior [ RunTime:0.000000s ]
INFO: [ app_begin ] --END-- [ RunTime:0.000000s ]
NOTIC: [8] Undefined variable: appkey D:\phpStudy\WWW\ecservice\Application\GetProductInventory\Controller\IndexController.class.php 第 33 行.
SQL: SHOW COLUMNS FROM `ecs_goods` [ RunTime:0.0000s ]
NOTIC: [8] Use of undefined constant EQ - assumed 'EQ' D:\phpStudy\WWW\ecservice\Application\GetProductInventory\Controller\IndexController.class.php 第 43 行.
SQL: SELECT `goods_number` FROM `ecs_goods` WHERE `goods_id` = '18238'  [ RunTime:0.0000s ]

[ 2017-12-07T09:03:47+08:00 ] 127.0.0.1 /ecservice/getProductInventory
INFO: [ app_init ] --START--
INFO: Run Behavior\BuildLiteBehavior [ RunTime:0.000000s ]
INFO: [ app_init ] --END-- [ RunTime:0.000000s ]
INFO: [ app_begin ] --START--
INFO: Run Behavior\ReadHtmlCacheBehavior [ RunTime:0.000000s ]
INFO: [ app_begin ] --END-- [ RunTime:0.000000s ]
NOTIC: [8] Undefined variable: appkey D:\phpStudy\WWW\ecservice\Application\GetProductInventory\Controller\IndexController.class.php 第 33 行.
SQL: SHOW COLUMNS FROM `ecs_goods` [ RunTime:0.0000s ]
NOTIC: [8] Use of undefined constant EQ - assumed 'EQ' D:\phpStudy\WWW\ecservice\Application\GetProductInventory\Controller\IndexController.class.php 第 43 行.
SQL: SELECT `goods_number` FROM `ecs_goods` WHERE `goods_id` = '68'  [ RunTime:0.0000s ]

[ 2017-12-07T09:03:48+08:00 ] 127.0.0.1 /ecservice/getProductInventory
INFO: [ app_init ] --START--
INFO: Run Behavior\BuildLiteBehavior [ RunTime:0.000000s ]
INFO: [ app_init ] --END-- [ RunTime:0.000000s ]
INFO: [ app_begin ] --START--
INFO: Run Behavior\ReadHtmlCacheBehavior [ RunTime:0.000000s ]
INFO: [ app_begin ] --END-- [ RunTime:0.000000s ]
NOTIC: [8] Undefined variable: appkey D:\phpStudy\WWW\ecservice\Application\GetProductInventory\Controller\IndexController.class.php 第 33 行.
SQL: SHOW COLUMNS FROM `ecs_goods` [ RunTime:0.0000s ]
NOTIC: [8] Use of undefined constant EQ - assumed 'EQ' D:\phpStudy\WWW\ecservice\Application\GetProductInventory\Controller\IndexController.class.php 第 43 行.
SQL: SELECT `goods_number` FROM `ecs_goods` WHERE `goods_id` = '22228'  [ RunTime:0.0000s ]

[ 2017-12-07T09:03:49+08:00 ] 127.0.0.1 /ecservice/getProductInventory
INFO: [ app_init ] --START--
INFO: Run Behavior\BuildLiteBehavior [ RunTime:0.000000s ]
INFO: [ app_init ] --END-- [ RunTime:0.000000s ]
INFO: [ app_begin ] --START--
INFO: Run Behavior\ReadHtmlCacheBehavior [ RunTime:0.000000s ]
INFO: [ app_begin ] --END-- [ RunTime:0.000000s ]
NOTIC: [8] Undefined variable: appkey D:\phpStudy\WWW\ecservice\Application\GetProductInventory\Controller\IndexController.class.php 第 33 行.
SQL: SHOW COLUMNS FROM `ecs_goods` [ RunTime:0.0000s ]
NOTIC: [8] Use of undefined constant EQ - assumed 'EQ' D:\phpStudy\WWW\ecservice\Application\GetProductInventory\Controller\IndexController.class.php 第 43 行.
SQL: SELECT `goods_number` FROM `ecs_goods` WHERE `goods_id` = '22229'  [ RunTime:0.0000s ]

[ 2017-12-07T09:03:51+08:00 ] 127.0.0.1 /ecservice/getProductInventory
INFO: [ app_init ] --START--
INFO: Run Behavior\BuildLiteBehavior [ RunTime:0.000000s ]
INFO: [ app_init ] --END-- [ RunTime:0.000000s ]
INFO: [ app_begin ] --START--
INFO: Run Behavior\ReadHtmlCacheBehavior [ RunTime:0.000000s ]
INFO: [ app_begin ] --END-- [ RunTime:0.000000s ]
NOTIC: [8] Undefined variable: appkey D:\phpStudy\WWW\ecservice\Application\GetProductInventory\Controller\IndexController.class.php 第 33 行.
SQL: SHOW COLUMNS FROM `ecs_goods` [ RunTime:0.0000s ]
NOTIC: [8] Use of undefined constant EQ - assumed 'EQ' D:\phpStudy\WWW\ecservice\Application\GetProductInventory\Controller\IndexController.class.php 第 43 行.
SQL: SELECT `goods_number` FROM `ecs_goods` WHERE `goods_id` = '85'  [ RunTime:0.0000s ]

[ 2017-12-07T09:03:52+08:00 ] 127.0.0.1 /ecservice/getProductInventory
INFO: [ app_init ] --START--
INFO: Run Behavior\BuildLiteBehavior [ RunTime:0.000000s ]
INFO: [ app_init ] --END-- [ RunTime:0.000000s ]
INFO: [ app_begin ] --START--
INFO: Run Behavior\ReadHtmlCacheBehavior [ RunTime:0.000000s ]
INFO: [ app_begin ] --END-- [ RunTime:0.000000s ]
NOTIC: [8] Undefined variable: appkey D:\phpStudy\WWW\ecservice\Application\GetProductInventory\Controller\IndexController.class.php 第 33 行.
SQL: SHOW COLUMNS FROM `ecs_goods` [ RunTime:0.0000s ]
NOTIC: [8] Use of undefined constant EQ - assumed 'EQ' D:\phpStudy\WWW\ecservice\Application\GetProductInventory\Controller\IndexController.class.php 第 43 行.
SQL: SELECT `goods_number` FROM `ecs_goods` WHERE `goods_id` = '20439'  [ RunTime:0.0000s ]

[ 2017-12-07T09:03:53+08:00 ] 127.0.0.1 /ecservice/getProductInventory
INFO: [ app_init ] --START--
INFO: Run Behavior\BuildLiteBehavior [ RunTime:0.000000s ]
INFO: [ app_init ] --END-- [ RunTime:0.000000s ]
INFO: [ app_begin ] --START--
INFO: Run Behavior\ReadHtmlCacheBehavior [ RunTime:0.000000s ]
INFO: [ app_begin ] --END-- [ RunTime:0.000000s ]
NOTIC: [8] Undefined variable: appkey D:\phpStudy\WWW\ecservice\Application\GetProductInventory\Controller\IndexController.class.php 第 33 行.
SQL: SHOW COLUMNS FROM `ecs_goods` [ RunTime:0.0000s ]
NOTIC: [8] Use of undefined constant EQ - assumed 'EQ' D:\phpStudy\WWW\ecservice\Application\GetProductInventory\Controller\IndexController.class.php 第 43 行.
SQL: SELECT `goods_number` FROM `ecs_goods` WHERE `goods_id` = '20440'  [ RunTime:0.0000s ]

[ 2017-12-07T09:03:55+08:00 ] 127.0.0.1 /ecservice/getProductInventory
INFO: [ app_init ] --START--
INFO: Run Behavior\BuildLiteBehavior [ RunTime:0.000000s ]
INFO: [ app_init ] --END-- [ RunTime:0.000000s ]
INFO: [ app_begin ] --START--
INFO: Run Behavior\ReadHtmlCacheBehavior [ RunTime:0.000000s ]
INFO: [ app_begin ] --END-- [ RunTime:0.000000s ]
NOTIC: [8] Undefined variable: appkey D:\phpStudy\WWW\ecservice\Application\GetProductInventory\Controller\IndexController.class.php 第 33 行.
SQL: SHOW COLUMNS FROM `ecs_goods` [ RunTime:0.0000s ]
NOTIC: [8] Use of undefined constant EQ - assumed 'EQ' D:\phpStudy\WWW\ecservice\Application\GetProductInventory\Controller\IndexController.class.php 第 43 行.
SQL: SELECT `goods_number` FROM `ecs_goods` WHERE `goods_id` = '92'  [ RunTime:0.0000s ]

[ 2017-12-07T09:03:56+08:00 ] 127.0.0.1 /ecservice/getProductInventory
INFO: [ app_init ] --START--
INFO: Run Behavior\BuildLiteBehavior [ RunTime:0.000000s ]
INFO: [ app_init ] --END-- [ RunTime:0.000000s ]
INFO: [ app_begin ] --START--
INFO: Run Behavior\ReadHtmlCacheBehavior [ RunTime:0.000000s ]
INFO: [ app_begin ] --END-- [ RunTime:0.000000s ]
NOTIC: [8] Undefined variable: appkey D:\phpStudy\WWW\ecservice\Application\GetProductInventory\Controller\IndexController.class.php 第 33 行.
SQL: SHOW COLUMNS FROM `ecs_goods` [ RunTime:0.0000s ]
NOTIC: [8] Use of undefined constant EQ - assumed 'EQ' D:\phpStudy\WWW\ecservice\Application\GetProductInventory\Controller\IndexController.class.php 第 43 行.
SQL: SELECT `goods_number` FROM `ecs_goods` WHERE `goods_id` = '18237'  [ RunTime:0.0000s ]

[ 2017-12-07T09:03:58+08:00 ] 127.0.0.1 /ecservice/getProductInventory
INFO: [ app_init ] --START--
INFO: Run Behavior\BuildLiteBehavior [ RunTime:0.000000s ]
INFO: [ app_init ] --END-- [ RunTime:0.000000s ]
INFO: [ app_begin ] --START--
INFO: Run Behavior\ReadHtmlCacheBehavior [ RunTime:0.000000s ]
INFO: [ app_begin ] --END-- [ RunTime:0.000000s ]
NOTIC: [8] Undefined variable: appkey D:\phpStudy\WWW\ecservice\Application\GetProductInventory\Controller\IndexController.class.php 第 33 行.
SQL: SHOW COLUMNS FROM `ecs_goods` [ RunTime:0.0000s ]
NOTIC: [8] Use of undefined constant EQ - assumed 'EQ' D:\phpStudy\WWW\ecservice\Application\GetProductInventory\Controller\IndexController.class.php 第 43 行.
SQL: SELECT `goods_number` FROM `ecs_goods` WHERE `goods_id` = '18238'  [ RunTime:0.0000s ]

[ 2017-12-07T09:06:45+08:00 ] 127.0.0.1 /ecservice/getProductInventory
INFO: [ app_init ] --START--
INFO: Run Behavior\BuildLiteBehavior [ RunTime:0.000000s ]
INFO: [ app_init ] --END-- [ RunTime:0.000000s ]
INFO: [ app_begin ] --START--
INFO: Run Behavior\ReadHtmlCacheBehavior [ RunTime:0.000000s ]
INFO: [ app_begin ] --END-- [ RunTime:0.000000s ]
NOTIC: [8] Undefined variable: appkey D:\phpStudy\WWW\ecservice\Application\GetProductInventory\Controller\IndexController.class.php 第 33 行.
SQL: SHOW COLUMNS FROM `ecs_goods` [ RunTime:0.0000s ]
NOTIC: [8] Use of undefined constant EQ - assumed 'EQ' D:\phpStudy\WWW\ecservice\Application\GetProductInventory\Controller\IndexController.class.php 第 43 行.
SQL: SELECT `goods_number` FROM `ecs_goods` WHERE `goods_id` = '68'  [ RunTime:0.0000s ]

[ 2017-12-07T09:06:46+08:00 ] 127.0.0.1 /ecservice/getProductInventory
INFO: [ app_init ] --START--
INFO: Run Behavior\BuildLiteBehavior [ RunTime:0.000000s ]
INFO: [ app_init ] --END-- [ RunTime:0.000000s ]
INFO: [ app_begin ] --START--
INFO: Run Behavior\ReadHtmlCacheBehavior [ RunTime:0.000000s ]
INFO: [ app_begin ] --END-- [ RunTime:0.000000s ]
NOTIC: [8] Undefined variable: appkey D:\phpStudy\WWW\ecservice\Application\GetProductInventory\Controller\IndexController.class.php 第 33 行.
SQL: SHOW COLUMNS FROM `ecs_goods` [ RunTime:0.0000s ]
NOTIC: [8] Use of undefined constant EQ - assumed 'EQ' D:\phpStudy\WWW\ecservice\Application\GetProductInventory\Controller\IndexController.class.php 第 43 行.
SQL: SELECT `goods_number` FROM `ecs_goods` WHERE `goods_id` = '22228'  [ RunTime:0.0000s ]

[ 2017-12-07T09:06:47+08:00 ] 127.0.0.1 /ecservice/getProductInventory
INFO: [ app_init ] --START--
INFO: Run Behavior\BuildLiteBehavior [ RunTime:0.000000s ]
INFO: [ app_init ] --END-- [ RunTime:0.000000s ]
INFO: [ app_begin ] --START--
INFO: Run Behavior\ReadHtmlCacheBehavior [ RunTime:0.000000s ]
INFO: [ app_begin ] --END-- [ RunTime:0.000000s ]
NOTIC: [8] Undefined variable: appkey D:\phpStudy\WWW\ecservice\Application\GetProductInventory\Controller\IndexController.class.php 第 33 行.
SQL: SHOW COLUMNS FROM `ecs_goods` [ RunTime:0.0000s ]
NOTIC: [8] Use of undefined constant EQ - assumed 'EQ' D:\phpStudy\WWW\ecservice\Application\GetProductInventory\Controller\IndexController.class.php 第 43 行.
SQL: SELECT `goods_number` FROM `ecs_goods` WHERE `goods_id` = '22229'  [ RunTime:0.0000s ]

[ 2017-12-07T09:06:48+08:00 ] 127.0.0.1 /ecservice/getProductInventory
INFO: [ app_init ] --START--
INFO: Run Behavior\BuildLiteBehavior [ RunTime:0.000000s ]
INFO: [ app_init ] --END-- [ RunTime:0.000000s ]
INFO: [ app_begin ] --START--
INFO: Run Behavior\ReadHtmlCacheBehavior [ RunTime:0.000000s ]
INFO: [ app_begin ] --END-- [ RunTime:0.000000s ]
NOTIC: [8] Undefined variable: appkey D:\phpStudy\WWW\ecservice\Application\GetProductInventory\Controller\IndexController.class.php 第 33 行.
SQL: SHOW COLUMNS FROM `ecs_goods` [ RunTime:0.0000s ]
NOTIC: [8] Use of undefined constant EQ - assumed 'EQ' D:\phpStudy\WWW\ecservice\Application\GetProductInventory\Controller\IndexController.class.php 第 43 行.
SQL: SELECT `goods_number` FROM `ecs_goods` WHERE `goods_id` = '85'  [ RunTime:0.0000s ]

[ 2017-12-07T09:06:49+08:00 ] 127.0.0.1 /ecservice/getProductInventory
INFO: [ app_init ] --START--
INFO: Run Behavior\BuildLiteBehavior [ RunTime:0.000000s ]
INFO: [ app_init ] --END-- [ RunTime:0.000000s ]
INFO: [ app_begin ] --START--
INFO: Run Behavior\ReadHtmlCacheBehavior [ RunTime:0.000000s ]
INFO: [ app_begin ] --END-- [ RunTime:0.000000s ]
NOTIC: [8] Undefined variable: appkey D:\phpStudy\WWW\ecservice\Application\GetProductInventory\Controller\IndexController.class.php 第 33 行.
SQL: SHOW COLUMNS FROM `ecs_goods` [ RunTime:0.0000s ]
NOTIC: [8] Use of undefined constant EQ - assumed 'EQ' D:\phpStudy\WWW\ecservice\Application\GetProductInventory\Controller\IndexController.class.php 第 43 行.
SQL: SELECT `goods_number` FROM `ecs_goods` WHERE `goods_id` = '20439'  [ RunTime:0.0000s ]

[ 2017-12-07T09:06:51+08:00 ] 127.0.0.1 /ecservice/getProductInventory
INFO: [ app_init ] --START--
INFO: Run Behavior\BuildLiteBehavior [ RunTime:0.000000s ]
INFO: [ app_init ] --END-- [ RunTime:0.000000s ]
INFO: [ app_begin ] --START--
INFO: Run Behavior\ReadHtmlCacheBehavior [ RunTime:0.000000s ]
INFO: [ app_begin ] --END-- [ RunTime:0.000000s ]
NOTIC: [8] Undefined variable: appkey D:\phpStudy\WWW\ecservice\Application\GetProductInventory\Controller\IndexController.class.php 第 33 行.
SQL: SHOW COLUMNS FROM `ecs_goods` [ RunTime:0.0000s ]
NOTIC: [8] Use of undefined constant EQ - assumed 'EQ' D:\phpStudy\WWW\ecservice\Application\GetProductInventory\Controller\IndexController.class.php 第 43 行.
SQL: SELECT `goods_number` FROM `ecs_goods` WHERE `goods_id` = '20440'  [ RunTime:0.0000s ]

[ 2017-12-07T09:06:52+08:00 ] 127.0.0.1 /ecservice/getProductInventory
INFO: [ app_init ] --START--
INFO: Run Behavior\BuildLiteBehavior [ RunTime:0.000000s ]
INFO: [ app_init ] --END-- [ RunTime:0.000000s ]
INFO: [ app_begin ] --START--
INFO: Run Behavior\ReadHtmlCacheBehavior [ RunTime:0.000000s ]
INFO: [ app_begin ] --END-- [ RunTime:0.000000s ]
NOTIC: [8] Undefined variable: appkey D:\phpStudy\WWW\ecservice\Application\GetProductInventory\Controller\IndexController.class.php 第 33 行.
SQL: SHOW COLUMNS FROM `ecs_goods` [ RunTime:0.0000s ]
NOTIC: [8] Use of undefined constant EQ - assumed 'EQ' D:\phpStudy\WWW\ecservice\Application\GetProductInventory\Controller\IndexController.class.php 第 43 行.
SQL: SELECT `goods_number` FROM `ecs_goods` WHERE `goods_id` = '92'  [ RunTime:0.0000s ]

[ 2017-12-07T09:06:53+08:00 ] 127.0.0.1 /ecservice/getProductInventory
INFO: [ app_init ] --START--
INFO: Run Behavior\BuildLiteBehavior [ RunTime:0.000000s ]
INFO: [ app_init ] --END-- [ RunTime:0.000000s ]
INFO: [ app_begin ] --START--
INFO: Run Behavior\ReadHtmlCacheBehavior [ RunTime:0.000000s ]
INFO: [ app_begin ] --END-- [ RunTime:0.000000s ]
NOTIC: [8] Undefined variable: appkey D:\phpStudy\WWW\ecservice\Application\GetProductInventory\Controller\IndexController.class.php 第 33 行.
SQL: SHOW COLUMNS FROM `ecs_goods` [ RunTime:0.0000s ]
NOTIC: [8] Use of undefined constant EQ - assumed 'EQ' D:\phpStudy\WWW\ecservice\Application\GetProductInventory\Controller\IndexController.class.php 第 43 行.
SQL: SELECT `goods_number` FROM `ecs_goods` WHERE `goods_id` = '18237'  [ RunTime:0.0000s ]

[ 2017-12-07T09:06:55+08:00 ] 127.0.0.1 /ecservice/getProductInventory
INFO: [ app_init ] --START--
INFO: Run Behavior\BuildLiteBehavior [ RunTime:0.000000s ]
INFO: [ app_init ] --END-- [ RunTime:0.000000s ]
INFO: [ app_begin ] --START--
INFO: Run Behavior\ReadHtmlCacheBehavior [ RunTime:0.000000s ]
INFO: [ app_begin ] --END-- [ RunTime:0.000000s ]
NOTIC: [8] Undefined variable: appkey D:\phpStudy\WWW\ecservice\Application\GetProductInventory\Controller\IndexController.class.php 第 33 行.
SQL: SHOW COLUMNS FROM `ecs_goods` [ RunTime:0.0000s ]
NOTIC: [8] Use of undefined constant EQ - assumed 'EQ' D:\phpStudy\WWW\ecservice\Application\GetProductInventory\Controller\IndexController.class.php 第 43 行.
SQL: SELECT `goods_number` FROM `ecs_goods` WHERE `goods_id` = '18238'  [ RunTime:0.0000s ]

