[ 2017-11-16T08:47:27+08:00 ] 127.0.0.1 /ecservice/getProductInventory
INFO: [ app_init ] --START--
INFO: Run Behavior\BuildLiteBehavior [ RunTime:0.000000s ]
INFO: [ app_init ] --END-- [ RunTime:0.000000s ]
INFO: [ app_begin ] --START--
INFO: Run Behavior\ReadHtmlCacheBehavior [ RunTime:0.000000s ]
INFO: [ app_begin ] --END-- [ RunTime:0.000000s ]
NOTIC: [8] Undefined variable: appkey D:\phpStudy\WWW\ecservice\Application\GetProductInventory\Controller\IndexController.class.php 第 33 行.
SQL: SHOW COLUMNS FROM `ecs_goods` [ RunTime:0.0070s ]
NOTIC: [8] Use of undefined constant EQ - assumed 'EQ' D:\phpStudy\WWW\ecservice\Application\GetProductInventory\Controller\IndexController.class.php 第 43 行.
SQL: SELECT `goods_number` FROM `ecs_goods` WHERE `goods_id` = '85'  [ RunTime:0.0010s ]

[ 2017-11-16T08:47:28+08:00 ] 127.0.0.1 /ecservice/getProductInventory
INFO: [ app_init ] --START--
INFO: Run Behavior\BuildLiteBehavior [ RunTime:0.000000s ]
INFO: [ app_init ] --END-- [ RunTime:0.001000s ]
INFO: [ app_begin ] --START--
INFO: Run Behavior\ReadHtmlCacheBehavior [ RunTime:0.000000s ]
INFO: [ app_begin ] --END-- [ RunTime:0.000000s ]
NOTIC: [8] Undefined variable: appkey D:\phpStudy\WWW\ecservice\Application\GetProductInventory\Controller\IndexController.class.php 第 33 行.
SQL: SHOW COLUMNS FROM `ecs_goods` [ RunTime:0.0060s ]
NOTIC: [8] Use of undefined constant EQ - assumed 'EQ' D:\phpStudy\WWW\ecservice\Application\GetProductInventory\Controller\IndexController.class.php 第 43 行.
SQL: SELECT `goods_number` FROM `ecs_goods` WHERE `goods_id` = '20439'  [ RunTime:0.0010s ]

[ 2017-11-16T08:47:28+08:00 ] 127.0.0.1 /ecservice/getProductInventory
INFO: [ app_init ] --START--
INFO: Run Behavior\BuildLiteBehavior [ RunTime:0.000000s ]
INFO: [ app_init ] --END-- [ RunTime:0.001000s ]
INFO: [ app_begin ] --START--
INFO: Run Behavior\ReadHtmlCacheBehavior [ RunTime:0.001000s ]
INFO: [ app_begin ] --END-- [ RunTime:0.001000s ]
NOTIC: [8] Undefined variable: appkey D:\phpStudy\WWW\ecservice\Application\GetProductInventory\Controller\IndexController.class.php 第 33 行.
SQL: SHOW COLUMNS FROM `ecs_goods` [ RunTime:0.0070s ]
NOTIC: [8] Use of undefined constant EQ - assumed 'EQ' D:\phpStudy\WWW\ecservice\Application\GetProductInventory\Controller\IndexController.class.php 第 43 行.
SQL: SELECT `goods_number` FROM `ecs_goods` WHERE `goods_id` = '20440'  [ RunTime:0.0010s ]

[ 2017-11-16T08:47:30+08:00 ] 127.0.0.1 /ecservice/getProductInventory
INFO: [ app_init ] --START--
INFO: Run Behavior\BuildLiteBehavior [ RunTime:0.000000s ]
INFO: [ app_init ] --END-- [ RunTime:0.001000s ]
INFO: [ app_begin ] --START--
INFO: Run Behavior\ReadHtmlCacheBehavior [ RunTime:0.001000s ]
INFO: [ app_begin ] --END-- [ RunTime:0.001000s ]
NOTIC: [8] Undefined variable: appkey D:\phpStudy\WWW\ecservice\Application\GetProductInventory\Controller\IndexController.class.php 第 33 行.
SQL: SHOW COLUMNS FROM `ecs_goods` [ RunTime:0.0060s ]
NOTIC: [8] Use of undefined constant EQ - assumed 'EQ' D:\phpStudy\WWW\ecservice\Application\GetProductInventory\Controller\IndexController.class.php 第 43 行.
SQL: SELECT `goods_number` FROM `ecs_goods` WHERE `goods_id` = '92'  [ RunTime:0.0000s ]

[ 2017-11-16T08:47:31+08:00 ] 127.0.0.1 /ecservice/getProductInventory
INFO: [ app_init ] --START--
INFO: Run Behavior\BuildLiteBehavior [ RunTime:0.000000s ]
INFO: [ app_init ] --END-- [ RunTime:0.001000s ]
INFO: [ app_begin ] --START--
INFO: Run Behavior\ReadHtmlCacheBehavior [ RunTime:0.001000s ]
INFO: [ app_begin ] --END-- [ RunTime:0.001000s ]
NOTIC: [8] Undefined variable: appkey D:\phpStudy\WWW\ecservice\Application\GetProductInventory\Controller\IndexController.class.php 第 33 行.
SQL: SHOW COLUMNS FROM `ecs_goods` [ RunTime:0.0060s ]
NOTIC: [8] Use of undefined constant EQ - assumed 'EQ' D:\phpStudy\WWW\ecservice\Application\GetProductInventory\Controller\IndexController.class.php 第 43 行.
SQL: SELECT `goods_number` FROM `ecs_goods` WHERE `goods_id` = '18237'  [ RunTime:0.0000s ]

[ 2017-11-16T08:47:31+08:00 ] 127.0.0.1 /ecservice/getProductInventory
INFO: [ app_init ] --START--
INFO: Run Behavior\BuildLiteBehavior [ RunTime:0.000000s ]
INFO: [ app_init ] --END-- [ RunTime:0.001000s ]
INFO: [ app_begin ] --START--
INFO: Run Behavior\ReadHtmlCacheBehavior [ RunTime:0.001000s ]
INFO: [ app_begin ] --END-- [ RunTime:0.001000s ]
NOTIC: [8] Undefined variable: appkey D:\phpStudy\WWW\ecservice\Application\GetProductInventory\Controller\IndexController.class.php 第 33 行.
SQL: SHOW COLUMNS FROM `ecs_goods` [ RunTime:0.0060s ]
NOTIC: [8] Use of undefined constant EQ - assumed 'EQ' D:\phpStudy\WWW\ecservice\Application\GetProductInventory\Controller\IndexController.class.php 第 43 行.
SQL: SELECT `goods_number` FROM `ecs_goods` WHERE `goods_id` = '18238'  [ RunTime:0.0000s ]

[ 2017-11-16T08:47:33+08:00 ] 127.0.0.1 /ecservice/getProductInventory
INFO: [ app_init ] --START--
INFO: Run Behavior\BuildLiteBehavior [ RunTime:0.000000s ]
INFO: [ app_init ] --END-- [ RunTime:0.000000s ]
INFO: [ app_begin ] --START--
INFO: Run Behavior\ReadHtmlCacheBehavior [ RunTime:0.000000s ]
INFO: [ app_begin ] --END-- [ RunTime:0.001000s ]
NOTIC: [8] Undefined variable: appkey D:\phpStudy\WWW\ecservice\Application\GetProductInventory\Controller\IndexController.class.php 第 33 行.
SQL: SHOW COLUMNS FROM `ecs_goods` [ RunTime:0.0060s ]
NOTIC: [8] Use of undefined constant EQ - assumed 'EQ' D:\phpStudy\WWW\ecservice\Application\GetProductInventory\Controller\IndexController.class.php 第 43 行.
SQL: SELECT `goods_number` FROM `ecs_goods` WHERE `goods_id` = '96'  [ RunTime:0.0000s ]

[ 2017-11-16T08:47:34+08:00 ] 127.0.0.1 /ecservice/getProductInventory
INFO: [ app_init ] --START--
INFO: Run Behavior\BuildLiteBehavior [ RunTime:0.000000s ]
INFO: [ app_init ] --END-- [ RunTime:0.000000s ]
INFO: [ app_begin ] --START--
INFO: Run Behavior\ReadHtmlCacheBehavior [ RunTime:0.001000s ]
INFO: [ app_begin ] --END-- [ RunTime:0.001000s ]
NOTIC: [8] Undefined variable: appkey D:\phpStudy\WWW\ecservice\Application\GetProductInventory\Controller\IndexController.class.php 第 33 行.
SQL: SHOW COLUMNS FROM `ecs_goods` [ RunTime:0.0060s ]
NOTIC: [8] Use of undefined constant EQ - assumed 'EQ' D:\phpStudy\WWW\ecservice\Application\GetProductInventory\Controller\IndexController.class.php 第 43 行.
SQL: SELECT `goods_number` FROM `ecs_goods` WHERE `goods_id` = '20412'  [ RunTime:0.0000s ]

[ 2017-11-16T08:47:35+08:00 ] 127.0.0.1 /ecservice/getProductInventory
INFO: [ app_init ] --START--
INFO: Run Behavior\BuildLiteBehavior [ RunTime:0.000000s ]
INFO: [ app_init ] --END-- [ RunTime:0.001000s ]
INFO: [ app_begin ] --START--
INFO: Run Behavior\ReadHtmlCacheBehavior [ RunTime:0.001000s ]
INFO: [ app_begin ] --END-- [ RunTime:0.001000s ]
NOTIC: [8] Undefined variable: appkey D:\phpStudy\WWW\ecservice\Application\GetProductInventory\Controller\IndexController.class.php 第 33 行.
SQL: SHOW COLUMNS FROM `ecs_goods` [ RunTime:0.0060s ]
NOTIC: [8] Use of undefined constant EQ - assumed 'EQ' D:\phpStudy\WWW\ecservice\Application\GetProductInventory\Controller\IndexController.class.php 第 43 行.
SQL: SELECT `goods_number` FROM `ecs_goods` WHERE `goods_id` = '20413'  [ RunTime:0.0010s ]

[ 2017-11-16T13:48:04+08:00 ] 127.0.0.1 /ecservice/getProductInventory
INFO: [ app_init ] --START--
INFO: Run Behavior\BuildLiteBehavior [ RunTime:0.000000s ]
INFO: [ app_init ] --END-- [ RunTime:0.000000s ]
INFO: [ app_begin ] --START--
INFO: Run Behavior\ReadHtmlCacheBehavior [ RunTime:0.001000s ]
INFO: [ app_begin ] --END-- [ RunTime:0.001000s ]
NOTIC: [8] Undefined variable: appkey D:\phpStudy\WWW\ecservice\Application\GetProductInventory\Controller\IndexController.class.php 第 33 行.
SQL: SHOW COLUMNS FROM `ecs_goods` [ RunTime:0.0070s ]
NOTIC: [8] Use of undefined constant EQ - assumed 'EQ' D:\phpStudy\WWW\ecservice\Application\GetProductInventory\Controller\IndexController.class.php 第 43 行.
SQL: SELECT `goods_number` FROM `ecs_goods` WHERE `goods_id` = '85'  [ RunTime:0.0000s ]

[ 2017-11-16T13:48:05+08:00 ] 127.0.0.1 /ecservice/getProductInventory
INFO: [ app_init ] --START--
INFO: Run Behavior\BuildLiteBehavior [ RunTime:0.000000s ]
INFO: [ app_init ] --END-- [ RunTime:0.000000s ]
INFO: [ app_begin ] --START--
INFO: Run Behavior\ReadHtmlCacheBehavior [ RunTime:0.000000s ]
INFO: [ app_begin ] --END-- [ RunTime:0.000000s ]
NOTIC: [8] Undefined variable: appkey D:\phpStudy\WWW\ecservice\Application\GetProductInventory\Controller\IndexController.class.php 第 33 行.
SQL: SHOW COLUMNS FROM `ecs_goods` [ RunTime:0.0070s ]
NOTIC: [8] Use of undefined constant EQ - assumed 'EQ' D:\phpStudy\WWW\ecservice\Application\GetProductInventory\Controller\IndexController.class.php 第 43 行.
SQL: SELECT `goods_number` FROM `ecs_goods` WHERE `goods_id` = '20439'  [ RunTime:0.0010s ]

[ 2017-11-16T13:48:05+08:00 ] 127.0.0.1 /ecservice/getProductInventory
INFO: [ app_init ] --START--
INFO: Run Behavior\BuildLiteBehavior [ RunTime:0.000000s ]
INFO: [ app_init ] --END-- [ RunTime:0.000000s ]
INFO: [ app_begin ] --START--
INFO: Run Behavior\ReadHtmlCacheBehavior [ RunTime:0.000000s ]
INFO: [ app_begin ] --END-- [ RunTime:0.000000s ]
NOTIC: [8] Undefined variable: appkey D:\phpStudy\WWW\ecservice\Application\GetProductInventory\Controller\IndexController.class.php 第 33 行.
SQL: SHOW COLUMNS FROM `ecs_goods` [ RunTime:0.0070s ]
NOTIC: [8] Use of undefined constant EQ - assumed 'EQ' D:\phpStudy\WWW\ecservice\Application\GetProductInventory\Controller\IndexController.class.php 第 43 行.
SQL: SELECT `goods_number` FROM `ecs_goods` WHERE `goods_id` = '20440'  [ RunTime:0.0010s ]

[ 2017-11-16T13:48:07+08:00 ] 127.0.0.1 /ecservice/getProductInventory
INFO: [ app_init ] --START--
INFO: Run Behavior\BuildLiteBehavior [ RunTime:0.000000s ]
INFO: [ app_init ] --END-- [ RunTime:0.000000s ]
INFO: [ app_begin ] --START--
INFO: Run Behavior\ReadHtmlCacheBehavior [ RunTime:0.001000s ]
INFO: [ app_begin ] --END-- [ RunTime:0.001000s ]
NOTIC: [8] Undefined variable: appkey D:\phpStudy\WWW\ecservice\Application\GetProductInventory\Controller\IndexController.class.php 第 33 行.
SQL: SHOW COLUMNS FROM `ecs_goods` [ RunTime:0.0070s ]
NOTIC: [8] Use of undefined constant EQ - assumed 'EQ' D:\phpStudy\WWW\ecservice\Application\GetProductInventory\Controller\IndexController.class.php 第 43 行.
SQL: SELECT `goods_number` FROM `ecs_goods` WHERE `goods_id` = '92'  [ RunTime:0.0010s ]

[ 2017-11-16T13:48:08+08:00 ] 127.0.0.1 /ecservice/getProductInventory
INFO: [ app_init ] --START--
INFO: Run Behavior\BuildLiteBehavior [ RunTime:0.000000s ]
INFO: [ app_init ] --END-- [ RunTime:0.000000s ]
INFO: [ app_begin ] --START--
INFO: Run Behavior\ReadHtmlCacheBehavior [ RunTime:0.000000s ]
INFO: [ app_begin ] --END-- [ RunTime:0.000000s ]
NOTIC: [8] Undefined variable: appkey D:\phpStudy\WWW\ecservice\Application\GetProductInventory\Controller\IndexController.class.php 第 33 行.
SQL: SHOW COLUMNS FROM `ecs_goods` [ RunTime:0.0060s ]
NOTIC: [8] Use of undefined constant EQ - assumed 'EQ' D:\phpStudy\WWW\ecservice\Application\GetProductInventory\Controller\IndexController.class.php 第 43 行.
SQL: SELECT `goods_number` FROM `ecs_goods` WHERE `goods_id` = '18237'  [ RunTime:0.0000s ]

[ 2017-11-16T13:48:08+08:00 ] 127.0.0.1 /ecservice/getProductInventory
INFO: [ app_init ] --START--
INFO: Run Behavior\BuildLiteBehavior [ RunTime:0.000000s ]
INFO: [ app_init ] --END-- [ RunTime:0.001001s ]
INFO: [ app_begin ] --START--
INFO: Run Behavior\ReadHtmlCacheBehavior [ RunTime:0.001000s ]
INFO: [ app_begin ] --END-- [ RunTime:0.001000s ]
NOTIC: [8] Undefined variable: appkey D:\phpStudy\WWW\ecservice\Application\GetProductInventory\Controller\IndexController.class.php 第 33 行.
SQL: SHOW COLUMNS FROM `ecs_goods` [ RunTime:0.0060s ]
NOTIC: [8] Use of undefined constant EQ - assumed 'EQ' D:\phpStudy\WWW\ecservice\Application\GetProductInventory\Controller\IndexController.class.php 第 43 行.
SQL: SELECT `goods_number` FROM `ecs_goods` WHERE `goods_id` = '18238'  [ RunTime:0.0000s ]

[ 2017-11-16T13:48:10+08:00 ] 127.0.0.1 /ecservice/getProductInventory
INFO: [ app_init ] --START--
INFO: Run Behavior\BuildLiteBehavior [ RunTime:0.000000s ]
INFO: [ app_init ] --END-- [ RunTime:0.001000s ]
INFO: [ app_begin ] --START--
INFO: Run Behavior\ReadHtmlCacheBehavior [ RunTime:0.001000s ]
INFO: [ app_begin ] --END-- [ RunTime:0.001000s ]
NOTIC: [8] Undefined variable: appkey D:\phpStudy\WWW\ecservice\Application\GetProductInventory\Controller\IndexController.class.php 第 33 行.
SQL: SHOW COLUMNS FROM `ecs_goods` [ RunTime:0.0070s ]
NOTIC: [8] Use of undefined constant EQ - assumed 'EQ' D:\phpStudy\WWW\ecservice\Application\GetProductInventory\Controller\IndexController.class.php 第 43 行.
SQL: SELECT `goods_number` FROM `ecs_goods` WHERE `goods_id` = '96'  [ RunTime:0.0010s ]

[ 2017-11-16T13:48:11+08:00 ] 127.0.0.1 /ecservice/getProductInventory
INFO: [ app_init ] --START--
INFO: Run Behavior\BuildLiteBehavior [ RunTime:0.000000s ]
INFO: [ app_init ] --END-- [ RunTime:0.001000s ]
INFO: [ app_begin ] --START--
INFO: Run Behavior\ReadHtmlCacheBehavior [ RunTime:0.001000s ]
INFO: [ app_begin ] --END-- [ RunTime:0.001000s ]
NOTIC: [8] Undefined variable: appkey D:\phpStudy\WWW\ecservice\Application\GetProductInventory\Controller\IndexController.class.php 第 33 行.
SQL: SHOW COLUMNS FROM `ecs_goods` [ RunTime:0.0070s ]
NOTIC: [8] Use of undefined constant EQ - assumed 'EQ' D:\phpStudy\WWW\ecservice\Application\GetProductInventory\Controller\IndexController.class.php 第 43 行.
SQL: SELECT `goods_number` FROM `ecs_goods` WHERE `goods_id` = '20412'  [ RunTime:0.0010s ]

[ 2017-11-16T13:48:12+08:00 ] 127.0.0.1 /ecservice/getProductInventory
INFO: [ app_init ] --START--
INFO: Run Behavior\BuildLiteBehavior [ RunTime:0.000000s ]
INFO: [ app_init ] --END-- [ RunTime:0.001000s ]
INFO: [ app_begin ] --START--
INFO: Run Behavior\ReadHtmlCacheBehavior [ RunTime:0.001000s ]
INFO: [ app_begin ] --END-- [ RunTime:0.001000s ]
NOTIC: [8] Undefined variable: appkey D:\phpStudy\WWW\ecservice\Application\GetProductInventory\Controller\IndexController.class.php 第 33 行.
SQL: SHOW COLUMNS FROM `ecs_goods` [ RunTime:0.0070s ]
NOTIC: [8] Use of undefined constant EQ - assumed 'EQ' D:\phpStudy\WWW\ecservice\Application\GetProductInventory\Controller\IndexController.class.php 第 43 行.
SQL: SELECT `goods_number` FROM `ecs_goods` WHERE `goods_id` = '20413'  [ RunTime:0.0010s ]

