[ 2018-01-04T15:06:42+08:00 ] 127.0.0.1 /ecservice/getProductInventory
INFO: [ app_init ] --START--
INFO: Run Behavior\BuildLiteBehavior [ RunTime:0.000000s ]
INFO: [ app_init ] --END-- [ RunTime:0.000000s ]
INFO: [ app_begin ] --START--
INFO: Run Behavior\ReadHtmlCacheBehavior [ RunTime:0.000000s ]
INFO: [ app_begin ] --END-- [ RunTime:0.000000s ]
NOTIC: [8] Undefined variable: appkey D:\phpStudy\WWW\ecservice\Application\GetProductInventory\Controller\IndexController.class.php 第 34 行.
SQL: SHOW COLUMNS FROM `ecs_goods` [ RunTime:0.0060s ]
NOTIC: [8] Use of undefined constant EQ - assumed 'EQ' D:\phpStudy\WWW\ecservice\Application\GetProductInventory\Controller\IndexController.class.php 第 44 行.
SQL: SELECT `goods_number` FROM `ecs_goods` WHERE `goods_id` = '68'  [ RunTime:0.0000s ]

[ 2018-01-04T15:08:35+08:00 ] 127.0.0.1 /ecservice/getProductInventory
INFO: [ app_init ] --START--
INFO: Run Behavior\BuildLiteBehavior [ RunTime:0.000000s ]
INFO: [ app_init ] --END-- [ RunTime:0.001000s ]
INFO: [ app_begin ] --START--
INFO: Run Behavior\ReadHtmlCacheBehavior [ RunTime:0.001001s ]
INFO: [ app_begin ] --END-- [ RunTime:0.001001s ]
NOTIC: [8] Undefined variable: appkey D:\phpStudy\WWW\ecservice\Application\GetProductInventory\Controller\IndexController.class.php 第 34 行.
SQL: SHOW COLUMNS FROM `ecs_goods` [ RunTime:0.0060s ]
NOTIC: [8] Use of undefined constant EQ - assumed 'EQ' D:\phpStudy\WWW\ecservice\Application\GetProductInventory\Controller\IndexController.class.php 第 44 行.
SQL: SELECT `goods_number` FROM `ecs_goods` WHERE `goods_id` = '68'  [ RunTime:0.0010s ]

