[ 2017-11-09T08:50:13+08:00 ] 127.0.0.1 /ecservice/getProductImage
INFO: [ app_init ] --START--
INFO: Run Behavior\BuildLiteBehavior [ RunTime:0.000000s ]
INFO: [ app_init ] --END-- [ RunTime:0.000000s ]
INFO: [ app_begin ] --START--
INFO: Run Behavior\ReadHtmlCacheBehavior [ RunTime:0.000000s ]
INFO: [ app_begin ] --END-- [ RunTime:0.000000s ]
NOTIC: [8] Undefined variable: appkey D:\phpStudy\WWW\ecservice\Application\GetProductImage\Controller\IndexController.class.php 第 33 行.
SQL: SHOW COLUMNS FROM `ecs_goods` [ RunTime:0.0000s ]
NOTIC: [8] Use of undefined constant EQ - assumed 'EQ' D:\phpStudy\WWW\ecservice\Application\GetProductImage\Controller\IndexController.class.php 第 45 行.
SQL: SELECT `original_img` FROM `ecs_goods` WHERE `goods_id` = '6'  [ RunTime:0.0000s ]

[ 2017-11-09T11:14:07+08:00 ] 127.0.0.1 /ecservice/getProductImage
INFO: [ app_init ] --START--
INFO: Run Behavior\BuildLiteBehavior [ RunTime:0.000000s ]
INFO: [ app_init ] --END-- [ RunTime:0.001000s ]
INFO: [ app_begin ] --START--
INFO: Run Behavior\ReadHtmlCacheBehavior [ RunTime:0.001000s ]
INFO: [ app_begin ] --END-- [ RunTime:0.001000s ]
NOTIC: [8] Undefined variable: appkey D:\phpStudy\WWW\ecservice\Application\GetProductImage\Controller\IndexController.class.php 第 33 行.
SQL: SHOW COLUMNS FROM `ecs_goods` [ RunTime:0.0060s ]
NOTIC: [8] Use of undefined constant EQ - assumed 'EQ' D:\phpStudy\WWW\ecservice\Application\GetProductImage\Controller\IndexController.class.php 第 45 行.
SQL: SELECT `original_img` FROM `ecs_goods` WHERE `goods_id` = '6'  [ RunTime:0.0000s ]

[ 2017-11-09T11:18:42+08:00 ] 127.0.0.1 /ecservice/getProductImage
INFO: [ app_init ] --START--
INFO: Run Behavior\BuildLiteBehavior [ RunTime:0.000000s ]
INFO: [ app_init ] --END-- [ RunTime:0.000000s ]
INFO: [ app_begin ] --START--
INFO: Run Behavior\ReadHtmlCacheBehavior [ RunTime:0.001000s ]
INFO: [ app_begin ] --END-- [ RunTime:0.001000s ]
NOTIC: [8] Undefined variable: appkey D:\phpStudy\WWW\ecservice\Application\GetProductImage\Controller\IndexController.class.php 第 33 行.
SQL: SHOW COLUMNS FROM `ecs_goods` [ RunTime:0.0060s ]
NOTIC: [8] Use of undefined constant EQ - assumed 'EQ' D:\phpStudy\WWW\ecservice\Application\GetProductImage\Controller\IndexController.class.php 第 45 行.
SQL: SELECT `original_img` FROM `ecs_goods` WHERE `goods_id` = '6'  [ RunTime:0.0010s ]

[ 2017-11-09T11:18:56+08:00 ] 127.0.0.1 /ecservice/getProductImage
INFO: [ app_init ] --START--
INFO: Run Behavior\BuildLiteBehavior [ RunTime:0.000000s ]
INFO: [ app_init ] --END-- [ RunTime:0.001000s ]
INFO: [ app_begin ] --START--
INFO: Run Behavior\ReadHtmlCacheBehavior [ RunTime:0.001000s ]
INFO: [ app_begin ] --END-- [ RunTime:0.001000s ]
NOTIC: [8] Undefined variable: appkey D:\phpStudy\WWW\ecservice\Application\GetProductImage\Controller\IndexController.class.php 第 33 行.
SQL: SHOW COLUMNS FROM `ecs_goods` [ RunTime:0.0070s ]
NOTIC: [8] Use of undefined constant EQ - assumed 'EQ' D:\phpStudy\WWW\ecservice\Application\GetProductImage\Controller\IndexController.class.php 第 45 行.
SQL: SELECT `original_img` FROM `ecs_goods` WHERE `goods_id` = '6'  [ RunTime:0.0010s ]

[ 2017-11-09T11:19:13+08:00 ] 127.0.0.1 /ecservice/getProductImage
INFO: [ app_init ] --START--
INFO: Run Behavior\BuildLiteBehavior [ RunTime:0.000000s ]
INFO: [ app_init ] --END-- [ RunTime:0.001000s ]
INFO: [ app_begin ] --START--
INFO: Run Behavior\ReadHtmlCacheBehavior [ RunTime:0.001000s ]
INFO: [ app_begin ] --END-- [ RunTime:0.001000s ]
NOTIC: [8] Undefined variable: appkey D:\phpStudy\WWW\ecservice\Application\GetProductImage\Controller\IndexController.class.php 第 33 行.
SQL: SHOW COLUMNS FROM `ecs_goods` [ RunTime:0.0060s ]
NOTIC: [8] Use of undefined constant EQ - assumed 'EQ' D:\phpStudy\WWW\ecservice\Application\GetProductImage\Controller\IndexController.class.php 第 45 行.
SQL: SELECT `original_img` FROM `ecs_goods` WHERE `goods_id` = '6'  [ RunTime:0.0010s ]

[ 2017-11-09T11:20:26+08:00 ] 127.0.0.1 /ecservice/getProductImage
INFO: [ app_init ] --START--
INFO: Run Behavior\BuildLiteBehavior [ RunTime:0.000000s ]
INFO: [ app_init ] --END-- [ RunTime:0.000000s ]
INFO: [ app_begin ] --START--
INFO: Run Behavior\ReadHtmlCacheBehavior [ RunTime:0.001000s ]
INFO: [ app_begin ] --END-- [ RunTime:0.001000s ]
NOTIC: [8] Undefined variable: appkey D:\phpStudy\WWW\ecservice\Application\GetProductImage\Controller\IndexController.class.php 第 33 行.
SQL: SHOW COLUMNS FROM `ecs_goods` [ RunTime:0.0060s ]
NOTIC: [8] Use of undefined constant EQ - assumed 'EQ' D:\phpStudy\WWW\ecservice\Application\GetProductImage\Controller\IndexController.class.php 第 45 行.
SQL: SELECT `original_img` FROM `ecs_goods` WHERE `goods_id` = '6'  [ RunTime:0.0010s ]

[ 2017-11-09T12:09:32+08:00 ] 127.0.0.1 /ecservice/getProductImage
INFO: [ app_init ] --START--
INFO: Run Behavior\BuildLiteBehavior [ RunTime:0.000000s ]
INFO: [ app_init ] --END-- [ RunTime:0.001000s ]
INFO: [ app_begin ] --START--
INFO: Run Behavior\ReadHtmlCacheBehavior [ RunTime:0.001000s ]
INFO: [ app_begin ] --END-- [ RunTime:0.001000s ]
NOTIC: [8] Undefined variable: appkey D:\phpStudy\WWW\ecservice\Application\GetProductImage\Controller\IndexController.class.php 第 33 行.
SQL: SHOW COLUMNS FROM `ecs_goods` [ RunTime:0.0060s ]
NOTIC: [8] Use of undefined constant EQ - assumed 'EQ' D:\phpStudy\WWW\ecservice\Application\GetProductImage\Controller\IndexController.class.php 第 45 行.
SQL: SELECT `original_img` FROM `ecs_goods` WHERE `goods_id` = '6'  [ RunTime:0.0000s ]

[ 2017-11-09T12:10:14+08:00 ] 127.0.0.1 /ecservice/getProductImage
INFO: [ app_init ] --START--
INFO: Run Behavior\BuildLiteBehavior [ RunTime:0.000000s ]
INFO: [ app_init ] --END-- [ RunTime:0.000000s ]
INFO: [ app_begin ] --START--
INFO: Run Behavior\ReadHtmlCacheBehavior [ RunTime:0.000000s ]
INFO: [ app_begin ] --END-- [ RunTime:0.000000s ]
NOTIC: [8] Undefined variable: appkey D:\phpStudy\WWW\ecservice\Application\GetProductImage\Controller\IndexController.class.php 第 33 行.
SQL: SHOW COLUMNS FROM `ecs_goods` [ RunTime:0.0070s ]
NOTIC: [8] Use of undefined constant EQ - assumed 'EQ' D:\phpStudy\WWW\ecservice\Application\GetProductImage\Controller\IndexController.class.php 第 45 行.
SQL: SELECT `original_img` FROM `ecs_goods` WHERE `goods_id` = '6'  [ RunTime:0.0000s ]

[ 2017-11-09T12:10:47+08:00 ] 127.0.0.1 /ecservice/getProductImage
INFO: [ app_init ] --START--
INFO: Run Behavior\BuildLiteBehavior [ RunTime:0.000000s ]
INFO: [ app_init ] --END-- [ RunTime:0.000000s ]
INFO: [ app_begin ] --START--
INFO: Run Behavior\ReadHtmlCacheBehavior [ RunTime:0.000000s ]
INFO: [ app_begin ] --END-- [ RunTime:0.000000s ]
NOTIC: [8] Undefined variable: appkey D:\phpStudy\WWW\ecservice\Application\GetProductImage\Controller\IndexController.class.php 第 33 行.
SQL: SHOW COLUMNS FROM `ecs_goods` [ RunTime:0.0070s ]
NOTIC: [8] Use of undefined constant EQ - assumed 'EQ' D:\phpStudy\WWW\ecservice\Application\GetProductImage\Controller\IndexController.class.php 第 45 行.
SQL: SELECT `original_img` FROM `ecs_goods` WHERE `goods_id` = '6'  [ RunTime:0.0000s ]

[ 2017-11-09T13:38:03+08:00 ] 127.0.0.1 /ecservice/getProductImage
INFO: [ app_init ] --START--
INFO: Run Behavior\BuildLiteBehavior [ RunTime:0.000000s ]
INFO: [ app_init ] --END-- [ RunTime:0.000000s ]
INFO: [ app_begin ] --START--
INFO: Run Behavior\ReadHtmlCacheBehavior [ RunTime:0.000000s ]
INFO: [ app_begin ] --END-- [ RunTime:0.000000s ]
NOTIC: [8] Undefined variable: appkey D:\phpStudy\WWW\ecservice\Application\GetProductImage\Controller\IndexController.class.php 第 33 行.
SQL: SHOW COLUMNS FROM `ecs_goods` [ RunTime:0.0060s ]
NOTIC: [8] Use of undefined constant EQ - assumed 'EQ' D:\phpStudy\WWW\ecservice\Application\GetProductImage\Controller\IndexController.class.php 第 45 行.
SQL: SELECT `original_img` FROM `ecs_goods` WHERE `goods_id` = '6'  [ RunTime:0.0010s ]

[ 2017-11-09T13:58:06+08:00 ] 127.0.0.1 /ecservice/getProductImage
INFO: [ app_init ] --START--
INFO: Run Behavior\BuildLiteBehavior [ RunTime:0.000000s ]
INFO: [ app_init ] --END-- [ RunTime:0.001000s ]
INFO: [ app_begin ] --START--
INFO: Run Behavior\ReadHtmlCacheBehavior [ RunTime:0.001000s ]
INFO: [ app_begin ] --END-- [ RunTime:0.001000s ]
NOTIC: [8] Undefined variable: appkey D:\phpStudy\WWW\ecservice\Application\GetProductImage\Controller\IndexController.class.php 第 33 行.
SQL: SHOW COLUMNS FROM `ecs_goods` [ RunTime:0.0060s ]
NOTIC: [8] Use of undefined constant EQ - assumed 'EQ' D:\phpStudy\WWW\ecservice\Application\GetProductImage\Controller\IndexController.class.php 第 45 行.
SQL: SELECT `original_img` FROM `ecs_goods` WHERE `goods_id` = '6'  [ RunTime:0.0000s ]

[ 2017-11-09T14:39:45+08:00 ] 127.0.0.1 /ecservice/getProductImage
INFO: [ app_init ] --START--
INFO: Run Behavior\BuildLiteBehavior [ RunTime:0.000000s ]
INFO: [ app_init ] --END-- [ RunTime:0.001000s ]
INFO: [ app_begin ] --START--
INFO: Run Behavior\ReadHtmlCacheBehavior [ RunTime:0.001000s ]
INFO: [ app_begin ] --END-- [ RunTime:0.001000s ]
NOTIC: [8] Undefined variable: appkey D:\phpStudy\WWW\ecservice\Application\GetProductImage\Controller\IndexController.class.php 第 33 行.
SQL: SHOW COLUMNS FROM `ecs_goods` [ RunTime:0.0060s ]
NOTIC: [8] Use of undefined constant EQ - assumed 'EQ' D:\phpStudy\WWW\ecservice\Application\GetProductImage\Controller\IndexController.class.php 第 45 行.
SQL: SELECT `original_img` FROM `ecs_goods` WHERE `goods_id` = '6'  [ RunTime:0.0000s ]

[ 2017-11-09T15:36:05+08:00 ] 127.0.0.1 /ecservice/getProductImage
INFO: [ app_init ] --START--
INFO: Run Behavior\BuildLiteBehavior [ RunTime:0.000000s ]
INFO: [ app_init ] --END-- [ RunTime:0.000000s ]
INFO: [ app_begin ] --START--
INFO: Run Behavior\ReadHtmlCacheBehavior [ RunTime:0.001000s ]
INFO: [ app_begin ] --END-- [ RunTime:0.001000s ]
NOTIC: [8] Undefined variable: appkey D:\phpStudy\WWW\ecservice\Application\GetProductImage\Controller\IndexController.class.php 第 33 行.
SQL: SHOW COLUMNS FROM `ecs_goods` [ RunTime:0.0060s ]
NOTIC: [8] Use of undefined constant EQ - assumed 'EQ' D:\phpStudy\WWW\ecservice\Application\GetProductImage\Controller\IndexController.class.php 第 45 行.
SQL: SELECT `original_img` FROM `ecs_goods` WHERE `goods_id` = '6'  [ RunTime:0.0010s ]

[ 2017-11-09T17:52:57+08:00 ] 127.0.0.1 /ecservice/getProductImage
INFO: [ app_init ] --START--
INFO: Run Behavior\BuildLiteBehavior [ RunTime:0.000000s ]
INFO: [ app_init ] --END-- [ RunTime:0.001000s ]
INFO: [ app_begin ] --START--
INFO: Run Behavior\ReadHtmlCacheBehavior [ RunTime:0.001000s ]
INFO: [ app_begin ] --END-- [ RunTime:0.001000s ]
NOTIC: [8] Undefined variable: appkey D:\phpStudy\WWW\ecservice\Application\GetProductImage\Controller\IndexController.class.php 第 33 行.
SQL: SHOW COLUMNS FROM `ecs_goods` [ RunTime:0.0060s ]
NOTIC: [8] Use of undefined constant EQ - assumed 'EQ' D:\phpStudy\WWW\ecservice\Application\GetProductImage\Controller\IndexController.class.php 第 45 行.
SQL: SELECT `original_img` FROM `ecs_goods` WHERE `goods_id` = '6'  [ RunTime:0.0000s ]

[ 2017-11-09T18:01:41+08:00 ] 127.0.0.1 /ecservice/getProductImage
INFO: [ app_init ] --START--
INFO: Run Behavior\BuildLiteBehavior [ RunTime:0.000000s ]
INFO: [ app_init ] --END-- [ RunTime:0.000000s ]
INFO: [ app_begin ] --START--
INFO: Run Behavior\ReadHtmlCacheBehavior [ RunTime:0.001000s ]
INFO: [ app_begin ] --END-- [ RunTime:0.001000s ]
NOTIC: [8] Undefined variable: appkey D:\phpStudy\WWW\ecservice\Application\GetProductImage\Controller\IndexController.class.php 第 33 行.
SQL: SHOW COLUMNS FROM `ecs_goods` [ RunTime:0.0060s ]
NOTIC: [8] Use of undefined constant EQ - assumed 'EQ' D:\phpStudy\WWW\ecservice\Application\GetProductImage\Controller\IndexController.class.php 第 45 行.
SQL: SELECT `original_img` FROM `ecs_goods` WHERE `goods_id` = '6'  [ RunTime:0.0000s ]

[ 2017-11-09T18:06:31+08:00 ] 127.0.0.1 /ecservice/getProductImage
INFO: [ app_init ] --START--
INFO: Run Behavior\BuildLiteBehavior [ RunTime:0.000000s ]
INFO: [ app_init ] --END-- [ RunTime:0.000000s ]
INFO: [ app_begin ] --START--
INFO: Run Behavior\ReadHtmlCacheBehavior [ RunTime:0.000000s ]
INFO: [ app_begin ] --END-- [ RunTime:0.000000s ]
NOTIC: [8] Undefined variable: appkey D:\phpStudy\WWW\ecservice\Application\GetProductImage\Controller\IndexController.class.php 第 33 行.
SQL: SHOW COLUMNS FROM `ecs_goods` [ RunTime:0.0060s ]
NOTIC: [8] Use of undefined constant EQ - assumed 'EQ' D:\phpStudy\WWW\ecservice\Application\GetProductImage\Controller\IndexController.class.php 第 45 行.
SQL: SELECT `original_img` FROM `ecs_goods` WHERE `goods_id` = '6'  [ RunTime:0.0000s ]

[ 2017-11-09T18:08:14+08:00 ] 127.0.0.1 /ecservice/getProductImage
INFO: [ app_init ] --START--
INFO: Run Behavior\BuildLiteBehavior [ RunTime:0.000000s ]
INFO: [ app_init ] --END-- [ RunTime:0.000000s ]
INFO: [ app_begin ] --START--
INFO: Run Behavior\ReadHtmlCacheBehavior [ RunTime:0.000000s ]
INFO: [ app_begin ] --END-- [ RunTime:0.001001s ]
NOTIC: [8] Undefined variable: appkey D:\phpStudy\WWW\ecservice\Application\GetProductImage\Controller\IndexController.class.php 第 33 行.
SQL: SHOW COLUMNS FROM `ecs_goods` [ RunTime:0.0060s ]
NOTIC: [8] Use of undefined constant EQ - assumed 'EQ' D:\phpStudy\WWW\ecservice\Application\GetProductImage\Controller\IndexController.class.php 第 45 行.
SQL: SELECT `original_img` FROM `ecs_goods` WHERE `goods_id` = '6'  [ RunTime:0.0000s ]

[ 2017-11-09T18:08:14+08:00 ] 127.0.0.1 /ecservice/getProductImage
INFO: [ app_init ] --START--
INFO: Run Behavior\BuildLiteBehavior [ RunTime:0.000000s ]
INFO: [ app_init ] --END-- [ RunTime:0.000000s ]
INFO: [ app_begin ] --START--
INFO: Run Behavior\ReadHtmlCacheBehavior [ RunTime:0.001000s ]
INFO: [ app_begin ] --END-- [ RunTime:0.001000s ]
NOTIC: [8] Undefined variable: appkey D:\phpStudy\WWW\ecservice\Application\GetProductImage\Controller\IndexController.class.php 第 33 行.
SQL: SHOW COLUMNS FROM `ecs_goods` [ RunTime:0.0060s ]
NOTIC: [8] Use of undefined constant EQ - assumed 'EQ' D:\phpStudy\WWW\ecservice\Application\GetProductImage\Controller\IndexController.class.php 第 45 行.
SQL: SELECT `original_img` FROM `ecs_goods` WHERE `goods_id` = '172'  [ RunTime:0.0000s ]

[ 2017-11-09T18:08:15+08:00 ] 127.0.0.1 /ecservice/getProductImage
INFO: [ app_init ] --START--
INFO: Run Behavior\BuildLiteBehavior [ RunTime:0.000000s ]
INFO: [ app_init ] --END-- [ RunTime:0.001000s ]
INFO: [ app_begin ] --START--
INFO: Run Behavior\ReadHtmlCacheBehavior [ RunTime:0.001000s ]
INFO: [ app_begin ] --END-- [ RunTime:0.001000s ]
NOTIC: [8] Undefined variable: appkey D:\phpStudy\WWW\ecservice\Application\GetProductImage\Controller\IndexController.class.php 第 33 行.
SQL: SHOW COLUMNS FROM `ecs_goods` [ RunTime:0.0060s ]
NOTIC: [8] Use of undefined constant EQ - assumed 'EQ' D:\phpStudy\WWW\ecservice\Application\GetProductImage\Controller\IndexController.class.php 第 45 行.
SQL: SELECT `original_img` FROM `ecs_goods` WHERE `goods_id` = '178'  [ RunTime:0.0000s ]

[ 2017-11-09T18:08:16+08:00 ] 127.0.0.1 /ecservice/getProductImage
INFO: [ app_init ] --START--
INFO: Run Behavior\BuildLiteBehavior [ RunTime:0.000000s ]
INFO: [ app_init ] --END-- [ RunTime:0.000000s ]
INFO: [ app_begin ] --START--
INFO: Run Behavior\ReadHtmlCacheBehavior [ RunTime:0.000000s ]
INFO: [ app_begin ] --END-- [ RunTime:0.000000s ]
NOTIC: [8] Undefined variable: appkey D:\phpStudy\WWW\ecservice\Application\GetProductImage\Controller\IndexController.class.php 第 33 行.
SQL: SHOW COLUMNS FROM `ecs_goods` [ RunTime:0.0060s ]
NOTIC: [8] Use of undefined constant EQ - assumed 'EQ' D:\phpStudy\WWW\ecservice\Application\GetProductImage\Controller\IndexController.class.php 第 45 行.
SQL: SELECT `original_img` FROM `ecs_goods` WHERE `goods_id` = '166'  [ RunTime:0.0010s ]

[ 2017-11-09T18:08:17+08:00 ] 127.0.0.1 /ecservice/getProductImage
INFO: [ app_init ] --START--
INFO: Run Behavior\BuildLiteBehavior [ RunTime:0.000000s ]
INFO: [ app_init ] --END-- [ RunTime:0.000000s ]
INFO: [ app_begin ] --START--
INFO: Run Behavior\ReadHtmlCacheBehavior [ RunTime:0.000000s ]
INFO: [ app_begin ] --END-- [ RunTime:0.001000s ]
NOTIC: [8] Undefined variable: appkey D:\phpStudy\WWW\ecservice\Application\GetProductImage\Controller\IndexController.class.php 第 33 行.
SQL: SHOW COLUMNS FROM `ecs_goods` [ RunTime:0.0060s ]
NOTIC: [8] Use of undefined constant EQ - assumed 'EQ' D:\phpStudy\WWW\ecservice\Application\GetProductImage\Controller\IndexController.class.php 第 45 行.
SQL: SELECT `original_img` FROM `ecs_goods` WHERE `goods_id` = '168'  [ RunTime:0.0000s ]

[ 2017-11-09T18:08:17+08:00 ] 127.0.0.1 /ecservice/getProductImage
INFO: [ app_init ] --START--
INFO: Run Behavior\BuildLiteBehavior [ RunTime:0.000000s ]
INFO: [ app_init ] --END-- [ RunTime:0.001000s ]
INFO: [ app_begin ] --START--
INFO: Run Behavior\ReadHtmlCacheBehavior [ RunTime:0.001000s ]
INFO: [ app_begin ] --END-- [ RunTime:0.001000s ]
NOTIC: [8] Undefined variable: appkey D:\phpStudy\WWW\ecservice\Application\GetProductImage\Controller\IndexController.class.php 第 33 行.
SQL: SHOW COLUMNS FROM `ecs_goods` [ RunTime:0.0060s ]
NOTIC: [8] Use of undefined constant EQ - assumed 'EQ' D:\phpStudy\WWW\ecservice\Application\GetProductImage\Controller\IndexController.class.php 第 45 行.
SQL: SELECT `original_img` FROM `ecs_goods` WHERE `goods_id` = '171'  [ RunTime:0.0000s ]

[ 2017-11-09T18:08:18+08:00 ] 127.0.0.1 /ecservice/getProductImage
INFO: [ app_init ] --START--
INFO: Run Behavior\BuildLiteBehavior [ RunTime:0.000000s ]
INFO: [ app_init ] --END-- [ RunTime:0.000000s ]
INFO: [ app_begin ] --START--
INFO: Run Behavior\ReadHtmlCacheBehavior [ RunTime:0.001000s ]
INFO: [ app_begin ] --END-- [ RunTime:0.001000s ]
NOTIC: [8] Undefined variable: appkey D:\phpStudy\WWW\ecservice\Application\GetProductImage\Controller\IndexController.class.php 第 33 行.
SQL: SHOW COLUMNS FROM `ecs_goods` [ RunTime:0.0060s ]
NOTIC: [8] Use of undefined constant EQ - assumed 'EQ' D:\phpStudy\WWW\ecservice\Application\GetProductImage\Controller\IndexController.class.php 第 45 行.
SQL: SELECT `original_img` FROM `ecs_goods` WHERE `goods_id` = '7'  [ RunTime:0.0000s ]

[ 2017-11-09T18:08:19+08:00 ] 127.0.0.1 /ecservice/getProductImage
INFO: [ app_init ] --START--
INFO: Run Behavior\BuildLiteBehavior [ RunTime:0.000000s ]
INFO: [ app_init ] --END-- [ RunTime:0.001000s ]
INFO: [ app_begin ] --START--
INFO: Run Behavior\ReadHtmlCacheBehavior [ RunTime:0.001000s ]
INFO: [ app_begin ] --END-- [ RunTime:0.001000s ]
NOTIC: [8] Undefined variable: appkey D:\phpStudy\WWW\ecservice\Application\GetProductImage\Controller\IndexController.class.php 第 33 行.
SQL: SHOW COLUMNS FROM `ecs_goods` [ RunTime:0.0060s ]
NOTIC: [8] Use of undefined constant EQ - assumed 'EQ' D:\phpStudy\WWW\ecservice\Application\GetProductImage\Controller\IndexController.class.php 第 45 行.
SQL: SELECT `original_img` FROM `ecs_goods` WHERE `goods_id` = '176'  [ RunTime:0.0010s ]

[ 2017-11-09T18:08:20+08:00 ] 127.0.0.1 /ecservice/getProductImage
INFO: [ app_init ] --START--
INFO: Run Behavior\BuildLiteBehavior [ RunTime:0.000000s ]
INFO: [ app_init ] --END-- [ RunTime:0.000000s ]
INFO: [ app_begin ] --START--
INFO: Run Behavior\ReadHtmlCacheBehavior [ RunTime:0.001000s ]
INFO: [ app_begin ] --END-- [ RunTime:0.001000s ]
NOTIC: [8] Undefined variable: appkey D:\phpStudy\WWW\ecservice\Application\GetProductImage\Controller\IndexController.class.php 第 33 行.
SQL: SHOW COLUMNS FROM `ecs_goods` [ RunTime:0.0060s ]
NOTIC: [8] Use of undefined constant EQ - assumed 'EQ' D:\phpStudy\WWW\ecservice\Application\GetProductImage\Controller\IndexController.class.php 第 45 行.
SQL: SELECT `original_img` FROM `ecs_goods` WHERE `goods_id` = '7016'  [ RunTime:0.0000s ]

