[ 2017-12-05T15:48:40+08:00 ] 127.0.0.1 /ecservice/createOrder
INFO: [ app_init ] --START--
INFO: Run Behavior\BuildLiteBehavior [ RunTime:0.000000s ]
INFO: [ app_init ] --END-- [ RunTime:0.000000s ]
INFO: [ app_begin ] --START--
INFO: Run Behavior\ReadHtmlCacheBehavior [ RunTime:0.000000s ]
INFO: [ app_begin ] --END-- [ RunTime:0.000000s ]
NOTIC: [8] Undefined variable: appkey D:\phpStudy\WWW\ecservice\Application\CreateOrder\Controller\IndexController.class.php 第 33 行.
SQL: SHOW COLUMNS FROM `ecs_order_info` [ RunTime:0.0170s ]

[ 2017-12-05T15:48:40+08:00 ] 127.0.0.1 /ecservice/createOrder
INFO: [ app_init ] --START--
INFO: Run Behavior\BuildLiteBehavior [ RunTime:0.000000s ]
INFO: [ app_init ] --END-- [ RunTime:0.000000s ]
INFO: [ app_begin ] --START--
INFO: Run Behavior\ReadHtmlCacheBehavior [ RunTime:0.000000s ]
INFO: [ app_begin ] --END-- [ RunTime:0.000000s ]
NOTIC: [8] Undefined variable: appkey D:\phpStudy\WWW\ecservice\Application\CreateOrder\Controller\IndexController.class.php 第 33 行.
SQL: SHOW COLUMNS FROM `ecs_order_info` [ RunTime:0.0070s ]

[ 2017-12-05T15:48:41+08:00 ] 127.0.0.1 /ecservice/createOrder
INFO: [ app_init ] --START--
INFO: Run Behavior\BuildLiteBehavior [ RunTime:0.000000s ]
INFO: [ app_init ] --END-- [ RunTime:0.000000s ]
INFO: [ app_begin ] --START--
INFO: Run Behavior\ReadHtmlCacheBehavior [ RunTime:0.001000s ]
INFO: [ app_begin ] --END-- [ RunTime:0.001000s ]
NOTIC: [8] Undefined variable: appkey D:\phpStudy\WWW\ecservice\Application\CreateOrder\Controller\IndexController.class.php 第 33 行.
SQL: SHOW COLUMNS FROM `ecs_order_info` [ RunTime:0.0060s ]

[ 2017-12-05T15:48:43+08:00 ] 127.0.0.1 /ecservice/createOrder
INFO: [ app_init ] --START--
INFO: Run Behavior\BuildLiteBehavior [ RunTime:0.000000s ]
INFO: [ app_init ] --END-- [ RunTime:0.000000s ]
INFO: [ app_begin ] --START--
INFO: Run Behavior\ReadHtmlCacheBehavior [ RunTime:0.001000s ]
INFO: [ app_begin ] --END-- [ RunTime:0.001000s ]
NOTIC: [8] Undefined variable: appkey D:\phpStudy\WWW\ecservice\Application\CreateOrder\Controller\IndexController.class.php 第 33 行.
SQL: SHOW COLUMNS FROM `ecs_order_info` [ RunTime:0.0070s ]

[ 2017-12-05T15:48:44+08:00 ] 127.0.0.1 /ecservice/createOrder
INFO: [ app_init ] --START--
INFO: Run Behavior\BuildLiteBehavior [ RunTime:0.000000s ]
INFO: [ app_init ] --END-- [ RunTime:0.001000s ]
INFO: [ app_begin ] --START--
INFO: Run Behavior\ReadHtmlCacheBehavior [ RunTime:0.000000s ]
INFO: [ app_begin ] --END-- [ RunTime:0.000000s ]
NOTIC: [8] Undefined variable: appkey D:\phpStudy\WWW\ecservice\Application\CreateOrder\Controller\IndexController.class.php 第 33 行.
SQL: SHOW COLUMNS FROM `ecs_order_info` [ RunTime:0.0070s ]

[ 2017-12-05T15:48:44+08:00 ] 127.0.0.1 /ecservice/createOrder
INFO: [ app_init ] --START--
INFO: Run Behavior\BuildLiteBehavior [ RunTime:0.000000s ]
INFO: [ app_init ] --END-- [ RunTime:0.001000s ]
INFO: [ app_begin ] --START--
INFO: Run Behavior\ReadHtmlCacheBehavior [ RunTime:0.001000s ]
INFO: [ app_begin ] --END-- [ RunTime:0.001000s ]
NOTIC: [8] Undefined variable: appkey D:\phpStudy\WWW\ecservice\Application\CreateOrder\Controller\IndexController.class.php 第 33 行.
SQL: SHOW COLUMNS FROM `ecs_order_info` [ RunTime:0.0060s ]

[ 2017-12-05T15:48:46+08:00 ] 127.0.0.1 /ecservice/createOrder
INFO: [ app_init ] --START--
INFO: Run Behavior\BuildLiteBehavior [ RunTime:0.000000s ]
INFO: [ app_init ] --END-- [ RunTime:0.001000s ]
INFO: [ app_begin ] --START--
INFO: Run Behavior\ReadHtmlCacheBehavior [ RunTime:0.001000s ]
INFO: [ app_begin ] --END-- [ RunTime:0.001000s ]
NOTIC: [8] Undefined variable: appkey D:\phpStudy\WWW\ecservice\Application\CreateOrder\Controller\IndexController.class.php 第 33 行.
SQL: SHOW COLUMNS FROM `ecs_order_info` [ RunTime:0.0070s ]

[ 2017-12-05T15:48:47+08:00 ] 127.0.0.1 /ecservice/createOrder
INFO: [ app_init ] --START--
INFO: Run Behavior\BuildLiteBehavior [ RunTime:0.000000s ]
INFO: [ app_init ] --END-- [ RunTime:0.001000s ]
INFO: [ app_begin ] --START--
INFO: Run Behavior\ReadHtmlCacheBehavior [ RunTime:0.001000s ]
INFO: [ app_begin ] --END-- [ RunTime:0.001000s ]
NOTIC: [8] Undefined variable: appkey D:\phpStudy\WWW\ecservice\Application\CreateOrder\Controller\IndexController.class.php 第 33 行.
SQL: SHOW COLUMNS FROM `ecs_order_info` [ RunTime:0.0060s ]

[ 2017-12-05T15:48:48+08:00 ] 127.0.0.1 /ecservice/createOrder
INFO: [ app_init ] --START--
INFO: Run Behavior\BuildLiteBehavior [ RunTime:0.000000s ]
INFO: [ app_init ] --END-- [ RunTime:0.000000s ]
INFO: [ app_begin ] --START--
INFO: Run Behavior\ReadHtmlCacheBehavior [ RunTime:0.000000s ]
INFO: [ app_begin ] --END-- [ RunTime:0.000000s ]
NOTIC: [8] Undefined variable: appkey D:\phpStudy\WWW\ecservice\Application\CreateOrder\Controller\IndexController.class.php 第 33 行.
SQL: SHOW COLUMNS FROM `ecs_order_info` [ RunTime:0.0070s ]

[ 2017-12-05T17:44:17+08:00 ] 127.0.0.1 /ecservice/createOrder
INFO: [ app_init ] --START--
INFO: Run Behavior\BuildLiteBehavior [ RunTime:0.000000s ]
INFO: [ app_init ] --END-- [ RunTime:0.000000s ]
INFO: [ app_begin ] --START--
INFO: Run Behavior\ReadHtmlCacheBehavior [ RunTime:0.001000s ]
INFO: [ app_begin ] --END-- [ RunTime:0.001000s ]
NOTIC: [8] Undefined variable: appkey D:\phpStudy\WWW\ecservice\Application\CreateOrder\Controller\IndexController.class.php 第 33 行.
SQL: SHOW COLUMNS FROM `ecs_order_info` [ RunTime:0.0070s ]

[ 2017-12-05T17:44:18+08:00 ] 127.0.0.1 /ecservice/createOrder
INFO: [ app_init ] --START--
INFO: Run Behavior\BuildLiteBehavior [ RunTime:0.000000s ]
INFO: [ app_init ] --END-- [ RunTime:0.001000s ]
INFO: [ app_begin ] --START--
INFO: Run Behavior\ReadHtmlCacheBehavior [ RunTime:0.001000s ]
INFO: [ app_begin ] --END-- [ RunTime:0.001000s ]
NOTIC: [8] Undefined variable: appkey D:\phpStudy\WWW\ecservice\Application\CreateOrder\Controller\IndexController.class.php 第 33 行.
SQL: SHOW COLUMNS FROM `ecs_order_info` [ RunTime:0.0060s ]

[ 2017-12-05T17:44:20+08:00 ] 127.0.0.1 /ecservice/createOrder
INFO: [ app_init ] --START--
INFO: Run Behavior\BuildLiteBehavior [ RunTime:0.000000s ]
INFO: [ app_init ] --END-- [ RunTime:0.001000s ]
INFO: [ app_begin ] --START--
INFO: Run Behavior\ReadHtmlCacheBehavior [ RunTime:0.001000s ]
INFO: [ app_begin ] --END-- [ RunTime:0.001000s ]
NOTIC: [8] Undefined variable: appkey D:\phpStudy\WWW\ecservice\Application\CreateOrder\Controller\IndexController.class.php 第 33 行.
SQL: SHOW COLUMNS FROM `ecs_order_info` [ RunTime:0.0060s ]

[ 2017-12-05T17:44:21+08:00 ] 127.0.0.1 /ecservice/createOrder
INFO: [ app_init ] --START--
INFO: Run Behavior\BuildLiteBehavior [ RunTime:0.000000s ]
INFO: [ app_init ] --END-- [ RunTime:0.001000s ]
INFO: [ app_begin ] --START--
INFO: Run Behavior\ReadHtmlCacheBehavior [ RunTime:0.001000s ]
INFO: [ app_begin ] --END-- [ RunTime:0.001000s ]
NOTIC: [8] Undefined variable: appkey D:\phpStudy\WWW\ecservice\Application\CreateOrder\Controller\IndexController.class.php 第 33 行.
SQL: SHOW COLUMNS FROM `ecs_order_info` [ RunTime:0.0070s ]

[ 2017-12-05T17:44:23+08:00 ] 127.0.0.1 /ecservice/createOrder
INFO: [ app_init ] --START--
INFO: Run Behavior\BuildLiteBehavior [ RunTime:0.000000s ]
INFO: [ app_init ] --END-- [ RunTime:0.001000s ]
INFO: [ app_begin ] --START--
INFO: Run Behavior\ReadHtmlCacheBehavior [ RunTime:0.000000s ]
INFO: [ app_begin ] --END-- [ RunTime:0.000000s ]
NOTIC: [8] Undefined variable: appkey D:\phpStudy\WWW\ecservice\Application\CreateOrder\Controller\IndexController.class.php 第 33 行.
SQL: SHOW COLUMNS FROM `ecs_order_info` [ RunTime:0.0070s ]

[ 2017-12-05T17:44:24+08:00 ] 127.0.0.1 /ecservice/createOrder
INFO: [ app_init ] --START--
INFO: Run Behavior\BuildLiteBehavior [ RunTime:0.000000s ]
INFO: [ app_init ] --END-- [ RunTime:0.000000s ]
INFO: [ app_begin ] --START--
INFO: Run Behavior\ReadHtmlCacheBehavior [ RunTime:0.001000s ]
INFO: [ app_begin ] --END-- [ RunTime:0.001000s ]
NOTIC: [8] Undefined variable: appkey D:\phpStudy\WWW\ecservice\Application\CreateOrder\Controller\IndexController.class.php 第 33 行.
SQL: SHOW COLUMNS FROM `ecs_order_info` [ RunTime:0.0070s ]

[ 2017-12-05T17:44:26+08:00 ] 127.0.0.1 /ecservice/createOrder
INFO: [ app_init ] --START--
INFO: Run Behavior\BuildLiteBehavior [ RunTime:0.000000s ]
INFO: [ app_init ] --END-- [ RunTime:0.001000s ]
INFO: [ app_begin ] --START--
INFO: Run Behavior\ReadHtmlCacheBehavior [ RunTime:0.001000s ]
INFO: [ app_begin ] --END-- [ RunTime:0.001000s ]
NOTIC: [8] Undefined variable: appkey D:\phpStudy\WWW\ecservice\Application\CreateOrder\Controller\IndexController.class.php 第 33 行.
SQL: SHOW COLUMNS FROM `ecs_order_info` [ RunTime:0.0060s ]

[ 2017-12-05T17:44:27+08:00 ] 127.0.0.1 /ecservice/createOrder
INFO: [ app_init ] --START--
INFO: Run Behavior\BuildLiteBehavior [ RunTime:0.000000s ]
INFO: [ app_init ] --END-- [ RunTime:0.000000s ]
INFO: [ app_begin ] --START--
INFO: Run Behavior\ReadHtmlCacheBehavior [ RunTime:0.001000s ]
INFO: [ app_begin ] --END-- [ RunTime:0.001000s ]
NOTIC: [8] Undefined variable: appkey D:\phpStudy\WWW\ecservice\Application\CreateOrder\Controller\IndexController.class.php 第 33 行.
SQL: SHOW COLUMNS FROM `ecs_order_info` [ RunTime:0.0060s ]

[ 2017-12-05T17:44:29+08:00 ] 127.0.0.1 /ecservice/createOrder
INFO: [ app_init ] --START--
INFO: Run Behavior\BuildLiteBehavior [ RunTime:0.000000s ]
INFO: [ app_init ] --END-- [ RunTime:0.001000s ]
INFO: [ app_begin ] --START--
INFO: Run Behavior\ReadHtmlCacheBehavior [ RunTime:0.001001s ]
INFO: [ app_begin ] --END-- [ RunTime:0.001001s ]
NOTIC: [8] Undefined variable: appkey D:\phpStudy\WWW\ecservice\Application\CreateOrder\Controller\IndexController.class.php 第 33 行.
SQL: SHOW COLUMNS FROM `ecs_order_info` [ RunTime:0.0070s ]

