[ 2017-11-28T09:57:51+08:00 ] 127.0.0.1 /ecservice/createOrder
INFO: [ app_init ] --START--
INFO: Run Behavior\BuildLiteBehavior [ RunTime:0.000000s ]
INFO: [ app_init ] --END-- [ RunTime:0.001000s ]
INFO: [ app_begin ] --START--
INFO: Run Behavior\ReadHtmlCacheBehavior [ RunTime:0.001000s ]
INFO: [ app_begin ] --END-- [ RunTime:0.001000s ]
NOTIC: [8] Undefined variable: appkey D:\phpStudy\WWW\ecservice\Application\CreateOrder\Controller\IndexController.class.php 第 33 行.
SQL: SHOW COLUMNS FROM `ecs_order_info` [ RunTime:0.0540s ]

[ 2017-11-28T09:57:52+08:00 ] 127.0.0.1 /ecservice/createOrder
INFO: [ app_init ] --START--
INFO: Run Behavior\BuildLiteBehavior [ RunTime:0.000000s ]
INFO: [ app_init ] --END-- [ RunTime:0.001001s ]
INFO: [ app_begin ] --START--
INFO: Run Behavior\ReadHtmlCacheBehavior [ RunTime:0.001000s ]
INFO: [ app_begin ] --END-- [ RunTime:0.001000s ]
NOTIC: [8] Undefined variable: appkey D:\phpStudy\WWW\ecservice\Application\CreateOrder\Controller\IndexController.class.php 第 33 行.
SQL: SHOW COLUMNS FROM `ecs_order_info` [ RunTime:0.0120s ]

[ 2017-11-28T09:57:53+08:00 ] 127.0.0.1 /ecservice/createOrder
INFO: [ app_init ] --START--
INFO: Run Behavior\BuildLiteBehavior [ RunTime:0.000000s ]
INFO: [ app_init ] --END-- [ RunTime:0.000000s ]
INFO: [ app_begin ] --START--
INFO: Run Behavior\ReadHtmlCacheBehavior [ RunTime:0.000000s ]
INFO: [ app_begin ] --END-- [ RunTime:0.000000s ]
NOTIC: [8] Undefined variable: appkey D:\phpStudy\WWW\ecservice\Application\CreateOrder\Controller\IndexController.class.php 第 33 行.
SQL: SHOW COLUMNS FROM `ecs_order_info` [ RunTime:0.0120s ]

[ 2017-11-28T09:57:54+08:00 ] 127.0.0.1 /ecservice/createOrder
INFO: [ app_init ] --START--
INFO: Run Behavior\BuildLiteBehavior [ RunTime:0.000000s ]
INFO: [ app_init ] --END-- [ RunTime:0.000000s ]
INFO: [ app_begin ] --START--
INFO: Run Behavior\ReadHtmlCacheBehavior [ RunTime:0.000000s ]
INFO: [ app_begin ] --END-- [ RunTime:0.000000s ]
NOTIC: [8] Undefined variable: appkey D:\phpStudy\WWW\ecservice\Application\CreateOrder\Controller\IndexController.class.php 第 33 行.
SQL: SHOW COLUMNS FROM `ecs_order_info` [ RunTime:0.0120s ]

[ 2017-11-28T09:57:55+08:00 ] 127.0.0.1 /ecservice/createOrder
INFO: [ app_init ] --START--
INFO: Run Behavior\BuildLiteBehavior [ RunTime:0.000000s ]
INFO: [ app_init ] --END-- [ RunTime:0.000000s ]
INFO: [ app_begin ] --START--
INFO: Run Behavior\ReadHtmlCacheBehavior [ RunTime:0.001000s ]
INFO: [ app_begin ] --END-- [ RunTime:0.001000s ]
NOTIC: [8] Undefined variable: appkey D:\phpStudy\WWW\ecservice\Application\CreateOrder\Controller\IndexController.class.php 第 33 行.
SQL: SHOW COLUMNS FROM `ecs_order_info` [ RunTime:0.0120s ]

[ 2017-11-28T09:57:56+08:00 ] 127.0.0.1 /ecservice/createOrder
INFO: [ app_init ] --START--
INFO: Run Behavior\BuildLiteBehavior [ RunTime:0.000000s ]
INFO: [ app_init ] --END-- [ RunTime:0.000000s ]
INFO: [ app_begin ] --START--
INFO: Run Behavior\ReadHtmlCacheBehavior [ RunTime:0.000000s ]
INFO: [ app_begin ] --END-- [ RunTime:0.000000s ]
NOTIC: [8] Undefined variable: appkey D:\phpStudy\WWW\ecservice\Application\CreateOrder\Controller\IndexController.class.php 第 33 行.
SQL: SHOW COLUMNS FROM `ecs_order_info` [ RunTime:0.0110s ]

[ 2017-11-28T09:57:58+08:00 ] 127.0.0.1 /ecservice/createOrder
INFO: [ app_init ] --START--
INFO: Run Behavior\BuildLiteBehavior [ RunTime:0.000000s ]
INFO: [ app_init ] --END-- [ RunTime:0.000000s ]
INFO: [ app_begin ] --START--
INFO: Run Behavior\ReadHtmlCacheBehavior [ RunTime:0.000000s ]
INFO: [ app_begin ] --END-- [ RunTime:0.000000s ]
NOTIC: [8] Undefined variable: appkey D:\phpStudy\WWW\ecservice\Application\CreateOrder\Controller\IndexController.class.php 第 33 行.
SQL: SHOW COLUMNS FROM `ecs_order_info` [ RunTime:0.0110s ]

[ 2017-11-28T09:57:59+08:00 ] 127.0.0.1 /ecservice/createOrder
INFO: [ app_init ] --START--
INFO: Run Behavior\BuildLiteBehavior [ RunTime:0.000000s ]
INFO: [ app_init ] --END-- [ RunTime:0.001000s ]
INFO: [ app_begin ] --START--
INFO: Run Behavior\ReadHtmlCacheBehavior [ RunTime:0.001000s ]
INFO: [ app_begin ] --END-- [ RunTime:0.001000s ]
NOTIC: [8] Undefined variable: appkey D:\phpStudy\WWW\ecservice\Application\CreateOrder\Controller\IndexController.class.php 第 33 行.
SQL: SHOW COLUMNS FROM `ecs_order_info` [ RunTime:0.0120s ]

[ 2017-11-28T09:58:00+08:00 ] 127.0.0.1 /ecservice/createOrder
INFO: [ app_init ] --START--
INFO: Run Behavior\BuildLiteBehavior [ RunTime:0.000000s ]
INFO: [ app_init ] --END-- [ RunTime:0.000000s ]
INFO: [ app_begin ] --START--
INFO: Run Behavior\ReadHtmlCacheBehavior [ RunTime:0.001001s ]
INFO: [ app_begin ] --END-- [ RunTime:0.001001s ]
NOTIC: [8] Undefined variable: appkey D:\phpStudy\WWW\ecservice\Application\CreateOrder\Controller\IndexController.class.php 第 33 行.
SQL: SHOW COLUMNS FROM `ecs_order_info` [ RunTime:0.0110s ]

