[ 2017-11-09T13:58:07+08:00 ] 127.0.0.1 /ecservice/createOrder
INFO: [ app_init ] --START--
INFO: Run Behavior\BuildLiteBehavior [ RunTime:0.000000s ]
INFO: [ app_init ] --END-- [ RunTime:0.001000s ]
INFO: [ app_begin ] --START--
INFO: Run Behavior\ReadHtmlCacheBehavior [ RunTime:0.001000s ]
INFO: [ app_begin ] --END-- [ RunTime:0.001000s ]
NOTIC: [8] Undefined variable: appkey D:\phpStudy\WWW\ecservice\Application\CreateOrder\Controller\IndexController.class.php 第 33 行.
NOTIC: [8] Undefined variable: priceList D:\phpStudy\WWW\ecservice\Application\CreateOrder\Controller\IndexController.class.php 第 43 行.
INFO: [ app_end ] --START--
INFO: Run Behavior\ShowPageTraceBehavior [ RunTime:0.001000s ]
INFO: [ app_end ] --END-- [ RunTime:0.001000s ]

[ 2017-11-09T14:39:46+08:00 ] 127.0.0.1 /ecservice/createOrder
INFO: [ app_init ] --START--
INFO: Run Behavior\BuildLiteBehavior [ RunTime:0.000000s ]
INFO: [ app_init ] --END-- [ RunTime:0.001000s ]
INFO: [ app_begin ] --START--
INFO: Run Behavior\ReadHtmlCacheBehavior [ RunTime:0.001000s ]
INFO: [ app_begin ] --END-- [ RunTime:0.001000s ]
NOTIC: [8] Undefined variable: appkey D:\phpStudy\WWW\ecservice\Application\CreateOrder\Controller\IndexController.class.php 第 33 行.
SQL: SHOW COLUMNS FROM `ecs_delivery_order` [ RunTime:0.0060s ]
SQL: SELECT * FROM `ecs_delivery_order`  [ RunTime:0.0010s ]
NOTIC: [8] Undefined variable: priceList D:\phpStudy\WWW\ecservice\Application\CreateOrder\Controller\IndexController.class.php 第 45 行.
INFO: [ app_end ] --START--
INFO: Run Behavior\ShowPageTraceBehavior [ RunTime:0.001000s ]
INFO: [ app_end ] --END-- [ RunTime:0.001000s ]

[ 2017-11-09T15:36:05+08:00 ] 127.0.0.1 /ecservice/createOrder
INFO: [ app_init ] --START--
INFO: Run Behavior\BuildLiteBehavior [ RunTime:0.000000s ]
INFO: [ app_init ] --END-- [ RunTime:0.000000s ]
INFO: [ app_begin ] --START--
INFO: Run Behavior\ReadHtmlCacheBehavior [ RunTime:0.001000s ]
INFO: [ app_begin ] --END-- [ RunTime:0.001000s ]
NOTIC: [8] Undefined variable: appkey D:\phpStudy\WWW\ecservice\Application\CreateOrder\Controller\IndexController.class.php 第 33 行.
SQL: SHOW COLUMNS FROM `ecs_order_info` [ RunTime:0.0070s ]
SQL: SELECT * FROM `ecs_order_info`  [ RunTime:0.0010s ]
NOTIC: [8] Undefined variable: priceList D:\phpStudy\WWW\ecservice\Application\CreateOrder\Controller\IndexController.class.php 第 45 行.
INFO: [ app_end ] --START--
INFO: Run Behavior\ShowPageTraceBehavior [ RunTime:0.001000s ]
INFO: [ app_end ] --END-- [ RunTime:0.001000s ]

[ 2017-11-09T17:52:58+08:00 ] 127.0.0.1 /ecservice/createOrder
INFO: [ app_init ] --START--
INFO: Run Behavior\BuildLiteBehavior [ RunTime:0.000000s ]
INFO: [ app_init ] --END-- [ RunTime:0.000000s ]
INFO: [ app_begin ] --START--
INFO: Run Behavior\ReadHtmlCacheBehavior [ RunTime:0.001000s ]
INFO: [ app_begin ] --END-- [ RunTime:0.001000s ]
NOTIC: [8] Undefined variable: appkey D:\phpStudy\WWW\ecservice\Application\CreateOrder\Controller\IndexController.class.php 第 33 行.
SQL: SHOW COLUMNS FROM `ecs_order_info` [ RunTime:0.0070s ]
SQL: INSERT INTO `ecs_order_info` (`order_sn`,`consignee`,`province`,`city`,`district`,`xiangcun`,`address`,`tel`,`mobile`,`email`,`goods_amount`) VALUES ('20171109175258','章小华','0','0','0','0','苏州市张家港市杨舍镇沙洲湖创业园8号','0512-52125125','13962212123','test@qq.com','5600.00') [ RunTime:0.0530s ]
INFO: [ app_end ] --START--
INFO: Run Behavior\ShowPageTraceBehavior [ RunTime:0.001000s ]
INFO: [ app_end ] --END-- [ RunTime:0.001000s ]

[ 2017-11-09T18:01:42+08:00 ] 127.0.0.1 /ecservice/createOrder
INFO: [ app_init ] --START--
INFO: Run Behavior\BuildLiteBehavior [ RunTime:0.000000s ]
INFO: [ app_init ] --END-- [ RunTime:0.000000s ]
INFO: [ app_begin ] --START--
INFO: Run Behavior\ReadHtmlCacheBehavior [ RunTime:0.000000s ]
INFO: [ app_begin ] --END-- [ RunTime:0.000000s ]
NOTIC: [8] Undefined variable: appkey D:\phpStudy\WWW\ecservice\Application\CreateOrder\Controller\IndexController.class.php 第 33 行.
SQL: SHOW COLUMNS FROM `ecs_order_info` [ RunTime:0.0060s ]
INFO: [ app_end ] --START--
INFO: Run Behavior\ShowPageTraceBehavior [ RunTime:0.001001s ]
INFO: [ app_end ] --END-- [ RunTime:0.001001s ]

[ 2017-11-09T18:06:32+08:00 ] 127.0.0.1 /ecservice/createOrder
INFO: [ app_init ] --START--
INFO: Run Behavior\BuildLiteBehavior [ RunTime:0.000000s ]
INFO: [ app_init ] --END-- [ RunTime:0.000000s ]
INFO: [ app_begin ] --START--
INFO: Run Behavior\ReadHtmlCacheBehavior [ RunTime:0.001000s ]
INFO: [ app_begin ] --END-- [ RunTime:0.001000s ]
NOTIC: [8] Undefined variable: appkey D:\phpStudy\WWW\ecservice\Application\CreateOrder\Controller\IndexController.class.php 第 33 行.
SQL: SHOW COLUMNS FROM `ecs_order_info` [ RunTime:0.0060s ]

[ 2017-11-09T18:08:14+08:00 ] 127.0.0.1 /ecservice/createOrder
INFO: [ app_init ] --START--
INFO: Run Behavior\BuildLiteBehavior [ RunTime:0.000000s ]
INFO: [ app_init ] --END-- [ RunTime:0.000000s ]
INFO: [ app_begin ] --START--
INFO: Run Behavior\ReadHtmlCacheBehavior [ RunTime:0.001000s ]
INFO: [ app_begin ] --END-- [ RunTime:0.001000s ]
NOTIC: [8] Undefined variable: appkey D:\phpStudy\WWW\ecservice\Application\CreateOrder\Controller\IndexController.class.php 第 33 行.
SQL: SHOW COLUMNS FROM `ecs_order_info` [ RunTime:0.0060s ]

[ 2017-11-09T18:08:15+08:00 ] 127.0.0.1 /ecservice/createOrder
INFO: [ app_init ] --START--
INFO: Run Behavior\BuildLiteBehavior [ RunTime:0.000000s ]
INFO: [ app_init ] --END-- [ RunTime:0.001000s ]
INFO: [ app_begin ] --START--
INFO: Run Behavior\ReadHtmlCacheBehavior [ RunTime:0.001000s ]
INFO: [ app_begin ] --END-- [ RunTime:0.001000s ]
NOTIC: [8] Undefined variable: appkey D:\phpStudy\WWW\ecservice\Application\CreateOrder\Controller\IndexController.class.php 第 33 行.
SQL: SHOW COLUMNS FROM `ecs_order_info` [ RunTime:0.0060s ]

[ 2017-11-09T18:08:16+08:00 ] 127.0.0.1 /ecservice/createOrder
INFO: [ app_init ] --START--
INFO: Run Behavior\BuildLiteBehavior [ RunTime:0.000000s ]
INFO: [ app_init ] --END-- [ RunTime:0.000000s ]
INFO: [ app_begin ] --START--
INFO: Run Behavior\ReadHtmlCacheBehavior [ RunTime:0.000000s ]
INFO: [ app_begin ] --END-- [ RunTime:0.000000s ]
NOTIC: [8] Undefined variable: appkey D:\phpStudy\WWW\ecservice\Application\CreateOrder\Controller\IndexController.class.php 第 33 行.
SQL: SHOW COLUMNS FROM `ecs_order_info` [ RunTime:0.0070s ]

[ 2017-11-09T18:08:16+08:00 ] 127.0.0.1 /ecservice/createOrder
INFO: [ app_init ] --START--
INFO: Run Behavior\BuildLiteBehavior [ RunTime:0.000000s ]
INFO: [ app_init ] --END-- [ RunTime:0.001000s ]
INFO: [ app_begin ] --START--
INFO: Run Behavior\ReadHtmlCacheBehavior [ RunTime:0.001000s ]
INFO: [ app_begin ] --END-- [ RunTime:0.001000s ]
NOTIC: [8] Undefined variable: appkey D:\phpStudy\WWW\ecservice\Application\CreateOrder\Controller\IndexController.class.php 第 33 行.
SQL: SHOW COLUMNS FROM `ecs_order_info` [ RunTime:0.0060s ]

[ 2017-11-09T18:08:17+08:00 ] 127.0.0.1 /ecservice/createOrder
INFO: [ app_init ] --START--
INFO: Run Behavior\BuildLiteBehavior [ RunTime:0.000000s ]
INFO: [ app_init ] --END-- [ RunTime:0.000000s ]
INFO: [ app_begin ] --START--
INFO: Run Behavior\ReadHtmlCacheBehavior [ RunTime:0.001000s ]
INFO: [ app_begin ] --END-- [ RunTime:0.001000s ]
NOTIC: [8] Undefined variable: appkey D:\phpStudy\WWW\ecservice\Application\CreateOrder\Controller\IndexController.class.php 第 33 行.
SQL: SHOW COLUMNS FROM `ecs_order_info` [ RunTime:0.0070s ]

[ 2017-11-09T18:08:18+08:00 ] 127.0.0.1 /ecservice/createOrder
INFO: [ app_init ] --START--
INFO: Run Behavior\BuildLiteBehavior [ RunTime:0.000000s ]
INFO: [ app_init ] --END-- [ RunTime:0.001000s ]
INFO: [ app_begin ] --START--
INFO: Run Behavior\ReadHtmlCacheBehavior [ RunTime:0.001000s ]
INFO: [ app_begin ] --END-- [ RunTime:0.001000s ]
NOTIC: [8] Undefined variable: appkey D:\phpStudy\WWW\ecservice\Application\CreateOrder\Controller\IndexController.class.php 第 33 行.
SQL: SHOW COLUMNS FROM `ecs_order_info` [ RunTime:0.0060s ]

[ 2017-11-09T18:08:19+08:00 ] 127.0.0.1 /ecservice/createOrder
INFO: [ app_init ] --START--
INFO: Run Behavior\BuildLiteBehavior [ RunTime:0.000000s ]
INFO: [ app_init ] --END-- [ RunTime:0.001000s ]
INFO: [ app_begin ] --START--
INFO: Run Behavior\ReadHtmlCacheBehavior [ RunTime:0.001000s ]
INFO: [ app_begin ] --END-- [ RunTime:0.001000s ]
NOTIC: [8] Undefined variable: appkey D:\phpStudy\WWW\ecservice\Application\CreateOrder\Controller\IndexController.class.php 第 33 行.
SQL: SHOW COLUMNS FROM `ecs_order_info` [ RunTime:0.0070s ]

[ 2017-11-09T18:08:19+08:00 ] 127.0.0.1 /ecservice/createOrder
INFO: [ app_init ] --START--
INFO: Run Behavior\BuildLiteBehavior [ RunTime:0.000000s ]
INFO: [ app_init ] --END-- [ RunTime:0.001000s ]
INFO: [ app_begin ] --START--
INFO: Run Behavior\ReadHtmlCacheBehavior [ RunTime:0.001000s ]
INFO: [ app_begin ] --END-- [ RunTime:0.001000s ]
NOTIC: [8] Undefined variable: appkey D:\phpStudy\WWW\ecservice\Application\CreateOrder\Controller\IndexController.class.php 第 33 行.
SQL: SHOW COLUMNS FROM `ecs_order_info` [ RunTime:0.0060s ]

[ 2017-11-09T18:08:20+08:00 ] 127.0.0.1 /ecservice/createOrder
INFO: [ app_init ] --START--
INFO: Run Behavior\BuildLiteBehavior [ RunTime:0.000000s ]
INFO: [ app_init ] --END-- [ RunTime:0.001000s ]
INFO: [ app_begin ] --START--
INFO: Run Behavior\ReadHtmlCacheBehavior [ RunTime:0.001001s ]
INFO: [ app_begin ] --END-- [ RunTime:0.001001s ]
NOTIC: [8] Undefined variable: appkey D:\phpStudy\WWW\ecservice\Application\CreateOrder\Controller\IndexController.class.php 第 33 行.
SQL: SHOW COLUMNS FROM `ecs_order_info` [ RunTime:0.0070s ]

