[ 2017-12-05T15:48:39+08:00 ] 127.0.0.1 /ecservice/getProductOnShelvesInfo
INFO: [ app_init ] --START--
INFO: Run Behavior\BuildLiteBehavior [ RunTime:0.000000s ]
INFO: [ app_init ] --END-- [ RunTime:0.001000s ]
INFO: [ app_begin ] --START--
INFO: Run Behavior\ReadHtmlCacheBehavior [ RunTime:0.001000s ]
INFO: [ app_begin ] --END-- [ RunTime:0.001000s ]
NOTIC: [8] Undefined variable: appkey D:\phpStudy\WWW\ecservice\Application\GetProductOnShelvesInfo\Controller\IndexController.class.php 第 33 行.
SQL: SHOW COLUMNS FROM `ecs_goods` [ RunTime:0.0060s ]
NOTIC: [8] Use of undefined constant EQ - assumed 'EQ' D:\phpStudy\WWW\ecservice\Application\GetProductOnShelvesInfo\Controller\IndexController.class.php 第 45 行.
SQL: SELECT `is_on_sale` FROM `ecs_goods` WHERE `goods_id` = '85'  [ RunTime:0.0010s ]

[ 2017-12-05T15:48:40+08:00 ] 127.0.0.1 /ecservice/getProductOnShelvesInfo
INFO: [ app_init ] --START--
INFO: Run Behavior\BuildLiteBehavior [ RunTime:0.000000s ]
INFO: [ app_init ] --END-- [ RunTime:0.000000s ]
INFO: [ app_begin ] --START--
INFO: Run Behavior\ReadHtmlCacheBehavior [ RunTime:0.001000s ]
INFO: [ app_begin ] --END-- [ RunTime:0.001000s ]
NOTIC: [8] Undefined variable: appkey D:\phpStudy\WWW\ecservice\Application\GetProductOnShelvesInfo\Controller\IndexController.class.php 第 33 行.
SQL: SHOW COLUMNS FROM `ecs_goods` [ RunTime:0.0060s ]
NOTIC: [8] Use of undefined constant EQ - assumed 'EQ' D:\phpStudy\WWW\ecservice\Application\GetProductOnShelvesInfo\Controller\IndexController.class.php 第 45 行.
SQL: SELECT `is_on_sale` FROM `ecs_goods` WHERE `goods_id` = '20439'  [ RunTime:0.0010s ]

[ 2017-12-05T15:48:41+08:00 ] 127.0.0.1 /ecservice/getProductOnShelvesInfo
INFO: [ app_init ] --START--
INFO: Run Behavior\BuildLiteBehavior [ RunTime:0.000000s ]
INFO: [ app_init ] --END-- [ RunTime:0.001000s ]
INFO: [ app_begin ] --START--
INFO: Run Behavior\ReadHtmlCacheBehavior [ RunTime:0.001000s ]
INFO: [ app_begin ] --END-- [ RunTime:0.001000s ]
NOTIC: [8] Undefined variable: appkey D:\phpStudy\WWW\ecservice\Application\GetProductOnShelvesInfo\Controller\IndexController.class.php 第 33 行.
SQL: SHOW COLUMNS FROM `ecs_goods` [ RunTime:0.0060s ]
NOTIC: [8] Use of undefined constant EQ - assumed 'EQ' D:\phpStudy\WWW\ecservice\Application\GetProductOnShelvesInfo\Controller\IndexController.class.php 第 45 行.
SQL: SELECT `is_on_sale` FROM `ecs_goods` WHERE `goods_id` = '20440'  [ RunTime:0.0010s ]

[ 2017-12-05T15:48:42+08:00 ] 127.0.0.1 /ecservice/getProductOnShelvesInfo
INFO: [ app_init ] --START--
INFO: Run Behavior\BuildLiteBehavior [ RunTime:0.000000s ]
INFO: [ app_init ] --END-- [ RunTime:0.001000s ]
INFO: [ app_begin ] --START--
INFO: Run Behavior\ReadHtmlCacheBehavior [ RunTime:0.001000s ]
INFO: [ app_begin ] --END-- [ RunTime:0.001000s ]
NOTIC: [8] Undefined variable: appkey D:\phpStudy\WWW\ecservice\Application\GetProductOnShelvesInfo\Controller\IndexController.class.php 第 33 行.
SQL: SHOW COLUMNS FROM `ecs_goods` [ RunTime:0.0050s ]
NOTIC: [8] Use of undefined constant EQ - assumed 'EQ' D:\phpStudy\WWW\ecservice\Application\GetProductOnShelvesInfo\Controller\IndexController.class.php 第 45 行.
SQL: SELECT `is_on_sale` FROM `ecs_goods` WHERE `goods_id` = '92'  [ RunTime:0.0000s ]

[ 2017-12-05T15:48:43+08:00 ] 127.0.0.1 /ecservice/getProductOnShelvesInfo
INFO: [ app_init ] --START--
INFO: Run Behavior\BuildLiteBehavior [ RunTime:0.000000s ]
INFO: [ app_init ] --END-- [ RunTime:0.000000s ]
INFO: [ app_begin ] --START--
INFO: Run Behavior\ReadHtmlCacheBehavior [ RunTime:0.000000s ]
INFO: [ app_begin ] --END-- [ RunTime:0.000000s ]
NOTIC: [8] Undefined variable: appkey D:\phpStudy\WWW\ecservice\Application\GetProductOnShelvesInfo\Controller\IndexController.class.php 第 33 行.
SQL: SHOW COLUMNS FROM `ecs_goods` [ RunTime:0.0060s ]
NOTIC: [8] Use of undefined constant EQ - assumed 'EQ' D:\phpStudy\WWW\ecservice\Application\GetProductOnShelvesInfo\Controller\IndexController.class.php 第 45 行.
SQL: SELECT `is_on_sale` FROM `ecs_goods` WHERE `goods_id` = '18237'  [ RunTime:0.0000s ]

[ 2017-12-05T15:48:44+08:00 ] 127.0.0.1 /ecservice/getProductOnShelvesInfo
INFO: [ app_init ] --START--
INFO: Run Behavior\BuildLiteBehavior [ RunTime:0.000000s ]
INFO: [ app_init ] --END-- [ RunTime:0.001000s ]
INFO: [ app_begin ] --START--
INFO: Run Behavior\ReadHtmlCacheBehavior [ RunTime:0.001001s ]
INFO: [ app_begin ] --END-- [ RunTime:0.001001s ]
NOTIC: [8] Undefined variable: appkey D:\phpStudy\WWW\ecservice\Application\GetProductOnShelvesInfo\Controller\IndexController.class.php 第 33 行.
SQL: SHOW COLUMNS FROM `ecs_goods` [ RunTime:0.0080s ]
NOTIC: [8] Use of undefined constant EQ - assumed 'EQ' D:\phpStudy\WWW\ecservice\Application\GetProductOnShelvesInfo\Controller\IndexController.class.php 第 45 行.
SQL: SELECT `is_on_sale` FROM `ecs_goods` WHERE `goods_id` = '18238'  [ RunTime:0.0000s ]

[ 2017-12-05T15:48:46+08:00 ] 127.0.0.1 /ecservice/getProductOnShelvesInfo
INFO: [ app_init ] --START--
INFO: Run Behavior\BuildLiteBehavior [ RunTime:0.000000s ]
INFO: [ app_init ] --END-- [ RunTime:0.000000s ]
INFO: [ app_begin ] --START--
INFO: Run Behavior\ReadHtmlCacheBehavior [ RunTime:0.000000s ]
INFO: [ app_begin ] --END-- [ RunTime:0.000000s ]
NOTIC: [8] Undefined variable: appkey D:\phpStudy\WWW\ecservice\Application\GetProductOnShelvesInfo\Controller\IndexController.class.php 第 33 行.
SQL: SHOW COLUMNS FROM `ecs_goods` [ RunTime:0.0060s ]
NOTIC: [8] Use of undefined constant EQ - assumed 'EQ' D:\phpStudy\WWW\ecservice\Application\GetProductOnShelvesInfo\Controller\IndexController.class.php 第 45 行.
SQL: SELECT `is_on_sale` FROM `ecs_goods` WHERE `goods_id` = '96'  [ RunTime:0.0000s ]

[ 2017-12-05T15:48:47+08:00 ] 127.0.0.1 /ecservice/getProductOnShelvesInfo
INFO: [ app_init ] --START--
INFO: Run Behavior\BuildLiteBehavior [ RunTime:0.000000s ]
INFO: [ app_init ] --END-- [ RunTime:0.001000s ]
INFO: [ app_begin ] --START--
INFO: Run Behavior\ReadHtmlCacheBehavior [ RunTime:0.001000s ]
INFO: [ app_begin ] --END-- [ RunTime:0.001000s ]
NOTIC: [8] Undefined variable: appkey D:\phpStudy\WWW\ecservice\Application\GetProductOnShelvesInfo\Controller\IndexController.class.php 第 33 行.
SQL: SHOW COLUMNS FROM `ecs_goods` [ RunTime:0.0060s ]
NOTIC: [8] Use of undefined constant EQ - assumed 'EQ' D:\phpStudy\WWW\ecservice\Application\GetProductOnShelvesInfo\Controller\IndexController.class.php 第 45 行.
SQL: SELECT `is_on_sale` FROM `ecs_goods` WHERE `goods_id` = '20412'  [ RunTime:0.0000s ]

[ 2017-12-05T15:48:48+08:00 ] 127.0.0.1 /ecservice/getProductOnShelvesInfo
INFO: [ app_init ] --START--
INFO: Run Behavior\BuildLiteBehavior [ RunTime:0.000000s ]
INFO: [ app_init ] --END-- [ RunTime:0.000000s ]
INFO: [ app_begin ] --START--
INFO: Run Behavior\ReadHtmlCacheBehavior [ RunTime:0.000000s ]
INFO: [ app_begin ] --END-- [ RunTime:0.000000s ]
NOTIC: [8] Undefined variable: appkey D:\phpStudy\WWW\ecservice\Application\GetProductOnShelvesInfo\Controller\IndexController.class.php 第 33 行.
SQL: SHOW COLUMNS FROM `ecs_goods` [ RunTime:0.0070s ]
NOTIC: [8] Use of undefined constant EQ - assumed 'EQ' D:\phpStudy\WWW\ecservice\Application\GetProductOnShelvesInfo\Controller\IndexController.class.php 第 45 行.
SQL: SELECT `is_on_sale` FROM `ecs_goods` WHERE `goods_id` = '20413'  [ RunTime:0.0010s ]

[ 2017-12-05T17:44:17+08:00 ] 127.0.0.1 /ecservice/getProductOnShelvesInfo
INFO: [ app_init ] --START--
INFO: Run Behavior\BuildLiteBehavior [ RunTime:0.000000s ]
INFO: [ app_init ] --END-- [ RunTime:0.000000s ]
INFO: [ app_begin ] --START--
INFO: Run Behavior\ReadHtmlCacheBehavior [ RunTime:0.001000s ]
INFO: [ app_begin ] --END-- [ RunTime:0.001000s ]
NOTIC: [8] Undefined variable: appkey D:\phpStudy\WWW\ecservice\Application\GetProductOnShelvesInfo\Controller\IndexController.class.php 第 33 行.
SQL: SHOW COLUMNS FROM `ecs_goods` [ RunTime:0.0070s ]
NOTIC: [8] Use of undefined constant EQ - assumed 'EQ' D:\phpStudy\WWW\ecservice\Application\GetProductOnShelvesInfo\Controller\IndexController.class.php 第 45 行.
SQL: SELECT `is_on_sale` FROM `ecs_goods` WHERE `goods_id` = '68'  [ RunTime:0.0010s ]

[ 2017-12-05T17:44:18+08:00 ] 127.0.0.1 /ecservice/getProductOnShelvesInfo
INFO: [ app_init ] --START--
INFO: Run Behavior\BuildLiteBehavior [ RunTime:0.000000s ]
INFO: [ app_init ] --END-- [ RunTime:0.000000s ]
INFO: [ app_begin ] --START--
INFO: Run Behavior\ReadHtmlCacheBehavior [ RunTime:0.001000s ]
INFO: [ app_begin ] --END-- [ RunTime:0.001000s ]
NOTIC: [8] Undefined variable: appkey D:\phpStudy\WWW\ecservice\Application\GetProductOnShelvesInfo\Controller\IndexController.class.php 第 33 行.
SQL: SHOW COLUMNS FROM `ecs_goods` [ RunTime:0.0060s ]
NOTIC: [8] Use of undefined constant EQ - assumed 'EQ' D:\phpStudy\WWW\ecservice\Application\GetProductOnShelvesInfo\Controller\IndexController.class.php 第 45 行.
SQL: SELECT `is_on_sale` FROM `ecs_goods` WHERE `goods_id` = '22228'  [ RunTime:0.0010s ]

[ 2017-12-05T17:44:19+08:00 ] 127.0.0.1 /ecservice/getProductOnShelvesInfo
INFO: [ app_init ] --START--
INFO: Run Behavior\BuildLiteBehavior [ RunTime:0.000000s ]
INFO: [ app_init ] --END-- [ RunTime:0.001000s ]
INFO: [ app_begin ] --START--
INFO: Run Behavior\ReadHtmlCacheBehavior [ RunTime:0.001000s ]
INFO: [ app_begin ] --END-- [ RunTime:0.001000s ]
NOTIC: [8] Undefined variable: appkey D:\phpStudy\WWW\ecservice\Application\GetProductOnShelvesInfo\Controller\IndexController.class.php 第 33 行.
SQL: SHOW COLUMNS FROM `ecs_goods` [ RunTime:0.0070s ]
NOTIC: [8] Use of undefined constant EQ - assumed 'EQ' D:\phpStudy\WWW\ecservice\Application\GetProductOnShelvesInfo\Controller\IndexController.class.php 第 45 行.
SQL: SELECT `is_on_sale` FROM `ecs_goods` WHERE `goods_id` = '22229'  [ RunTime:0.0000s ]

[ 2017-12-05T17:44:21+08:00 ] 127.0.0.1 /ecservice/getProductOnShelvesInfo
INFO: [ app_init ] --START--
INFO: Run Behavior\BuildLiteBehavior [ RunTime:0.000000s ]
INFO: [ app_init ] --END-- [ RunTime:0.000000s ]
INFO: [ app_begin ] --START--
INFO: Run Behavior\ReadHtmlCacheBehavior [ RunTime:0.001000s ]
INFO: [ app_begin ] --END-- [ RunTime:0.001000s ]
NOTIC: [8] Undefined variable: appkey D:\phpStudy\WWW\ecservice\Application\GetProductOnShelvesInfo\Controller\IndexController.class.php 第 33 行.
SQL: SHOW COLUMNS FROM `ecs_goods` [ RunTime:0.0070s ]
NOTIC: [8] Use of undefined constant EQ - assumed 'EQ' D:\phpStudy\WWW\ecservice\Application\GetProductOnShelvesInfo\Controller\IndexController.class.php 第 45 行.
SQL: SELECT `is_on_sale` FROM `ecs_goods` WHERE `goods_id` = '85'  [ RunTime:0.0000s ]

[ 2017-12-05T17:44:22+08:00 ] 127.0.0.1 /ecservice/getProductOnShelvesInfo
INFO: [ app_init ] --START--
INFO: Run Behavior\BuildLiteBehavior [ RunTime:0.000000s ]
INFO: [ app_init ] --END-- [ RunTime:0.001000s ]
INFO: [ app_begin ] --START--
INFO: Run Behavior\ReadHtmlCacheBehavior [ RunTime:0.001000s ]
INFO: [ app_begin ] --END-- [ RunTime:0.001000s ]
NOTIC: [8] Undefined variable: appkey D:\phpStudy\WWW\ecservice\Application\GetProductOnShelvesInfo\Controller\IndexController.class.php 第 33 行.
SQL: SHOW COLUMNS FROM `ecs_goods` [ RunTime:0.0060s ]
NOTIC: [8] Use of undefined constant EQ - assumed 'EQ' D:\phpStudy\WWW\ecservice\Application\GetProductOnShelvesInfo\Controller\IndexController.class.php 第 45 行.
SQL: SELECT `is_on_sale` FROM `ecs_goods` WHERE `goods_id` = '20439'  [ RunTime:0.0000s ]

[ 2017-12-05T17:44:23+08:00 ] 127.0.0.1 /ecservice/getProductOnShelvesInfo
INFO: [ app_init ] --START--
INFO: Run Behavior\BuildLiteBehavior [ RunTime:0.000000s ]
INFO: [ app_init ] --END-- [ RunTime:0.000000s ]
INFO: [ app_begin ] --START--
INFO: Run Behavior\ReadHtmlCacheBehavior [ RunTime:0.001000s ]
INFO: [ app_begin ] --END-- [ RunTime:0.001000s ]
NOTIC: [8] Undefined variable: appkey D:\phpStudy\WWW\ecservice\Application\GetProductOnShelvesInfo\Controller\IndexController.class.php 第 33 行.
SQL: SHOW COLUMNS FROM `ecs_goods` [ RunTime:0.0070s ]
NOTIC: [8] Use of undefined constant EQ - assumed 'EQ' D:\phpStudy\WWW\ecservice\Application\GetProductOnShelvesInfo\Controller\IndexController.class.php 第 45 行.
SQL: SELECT `is_on_sale` FROM `ecs_goods` WHERE `goods_id` = '20440'  [ RunTime:0.0000s ]

[ 2017-12-05T17:44:25+08:00 ] 127.0.0.1 /ecservice/getProductOnShelvesInfo
INFO: [ app_init ] --START--
INFO: Run Behavior\BuildLiteBehavior [ RunTime:0.000000s ]
INFO: [ app_init ] --END-- [ RunTime:0.001000s ]
INFO: [ app_begin ] --START--
INFO: Run Behavior\ReadHtmlCacheBehavior [ RunTime:0.001000s ]
INFO: [ app_begin ] --END-- [ RunTime:0.001000s ]
NOTIC: [8] Undefined variable: appkey D:\phpStudy\WWW\ecservice\Application\GetProductOnShelvesInfo\Controller\IndexController.class.php 第 33 行.
SQL: SHOW COLUMNS FROM `ecs_goods` [ RunTime:0.0060s ]
NOTIC: [8] Use of undefined constant EQ - assumed 'EQ' D:\phpStudy\WWW\ecservice\Application\GetProductOnShelvesInfo\Controller\IndexController.class.php 第 45 行.
SQL: SELECT `is_on_sale` FROM `ecs_goods` WHERE `goods_id` = '92'  [ RunTime:0.0000s ]

[ 2017-12-05T17:44:27+08:00 ] 127.0.0.1 /ecservice/getProductOnShelvesInfo
INFO: [ app_init ] --START--
INFO: Run Behavior\BuildLiteBehavior [ RunTime:0.000000s ]
INFO: [ app_init ] --END-- [ RunTime:0.001000s ]
INFO: [ app_begin ] --START--
INFO: Run Behavior\ReadHtmlCacheBehavior [ RunTime:0.001000s ]
INFO: [ app_begin ] --END-- [ RunTime:0.001000s ]
NOTIC: [8] Undefined variable: appkey D:\phpStudy\WWW\ecservice\Application\GetProductOnShelvesInfo\Controller\IndexController.class.php 第 33 行.
SQL: SHOW COLUMNS FROM `ecs_goods` [ RunTime:0.0060s ]
NOTIC: [8] Use of undefined constant EQ - assumed 'EQ' D:\phpStudy\WWW\ecservice\Application\GetProductOnShelvesInfo\Controller\IndexController.class.php 第 45 行.
SQL: SELECT `is_on_sale` FROM `ecs_goods` WHERE `goods_id` = '18237'  [ RunTime:0.0000s ]

[ 2017-12-05T17:44:28+08:00 ] 127.0.0.1 /ecservice/getProductOnShelvesInfo
INFO: [ app_init ] --START--
INFO: Run Behavior\BuildLiteBehavior [ RunTime:0.000000s ]
INFO: [ app_init ] --END-- [ RunTime:0.001000s ]
INFO: [ app_begin ] --START--
INFO: Run Behavior\ReadHtmlCacheBehavior [ RunTime:0.000000s ]
INFO: [ app_begin ] --END-- [ RunTime:0.000000s ]
NOTIC: [8] Undefined variable: appkey D:\phpStudy\WWW\ecservice\Application\GetProductOnShelvesInfo\Controller\IndexController.class.php 第 33 行.
SQL: SHOW COLUMNS FROM `ecs_goods` [ RunTime:0.0070s ]
NOTIC: [8] Use of undefined constant EQ - assumed 'EQ' D:\phpStudy\WWW\ecservice\Application\GetProductOnShelvesInfo\Controller\IndexController.class.php 第 45 行.
SQL: SELECT `is_on_sale` FROM `ecs_goods` WHERE `goods_id` = '18238'  [ RunTime:0.0010s ]

