[ 2017-12-22T09:21:58+08:00 ] ::1 /ecservice/GetProductOnShelvesInfo
INFO: [ app_init ] --START--
INFO: Run Behavior\BuildLiteBehavior [ RunTime:0.000000s ]
INFO: [ app_init ] --END-- [ RunTime:0.001001s ]
INFO: [ app_begin ] --START--
INFO: Run Behavior\ReadHtmlCacheBehavior [ RunTime:0.001000s ]
INFO: [ app_begin ] --END-- [ RunTime:0.002000s ]

[ 2017-12-22T09:36:42+08:00 ] 127.0.0.1 /ecservice/GetProductOnShelvesInfo
INFO: [ app_init ] --START--
INFO: Run Behavior\BuildLiteBehavior [ RunTime:0.000000s ]
INFO: [ app_init ] --END-- [ RunTime:0.001000s ]
INFO: [ app_begin ] --START--
INFO: Run Behavior\ReadHtmlCacheBehavior [ RunTime:0.001000s ]
INFO: [ app_begin ] --END-- [ RunTime:0.001000s ]
NOTIC: [8] Undefined index: accessToken D:\phpStudy\WWW\ecservice\Application\GetProductOnShelvesInfo\Controller\IndexController.class.php 第 9 行.
NOTIC: [8] Undefined variable: appkey D:\phpStudy\WWW\ecservice\Application\GetProductOnShelvesInfo\Controller\IndexController.class.php 第 33 行.

[ 2017-12-22T09:36:42+08:00 ] 127.0.0.1 /ecservice/GetProductOnShelvesInfo
INFO: [ app_init ] --START--
INFO: Run Behavior\BuildLiteBehavior [ RunTime:0.000000s ]
INFO: [ app_init ] --END-- [ RunTime:0.000000s ]
INFO: [ app_begin ] --START--
INFO: Run Behavior\ReadHtmlCacheBehavior [ RunTime:0.000000s ]
INFO: [ app_begin ] --END-- [ RunTime:0.000000s ]
NOTIC: [8] Undefined index: accessToken D:\phpStudy\WWW\ecservice\Application\GetProductOnShelvesInfo\Controller\IndexController.class.php 第 9 行.
NOTIC: [8] Undefined variable: appkey D:\phpStudy\WWW\ecservice\Application\GetProductOnShelvesInfo\Controller\IndexController.class.php 第 33 行.

[ 2017-12-22T09:40:30+08:00 ] 127.0.0.1 /ecservice/GetProductOnShelvesInfo
INFO: [ app_init ] --START--
INFO: Run Behavior\BuildLiteBehavior [ RunTime:0.000000s ]
INFO: [ app_init ] --END-- [ RunTime:0.001000s ]
INFO: [ app_begin ] --START--
INFO: Run Behavior\ReadHtmlCacheBehavior [ RunTime:0.001000s ]
INFO: [ app_begin ] --END-- [ RunTime:0.001000s ]
NOTIC: [8] Undefined variable: appkey D:\phpStudy\WWW\ecservice\Application\GetProductOnShelvesInfo\Controller\IndexController.class.php 第 33 行.

[ 2017-12-22T09:40:30+08:00 ] 127.0.0.1 /ecservice/GetProductOnShelvesInfo
INFO: [ app_init ] --START--
INFO: Run Behavior\BuildLiteBehavior [ RunTime:0.000000s ]
INFO: [ app_init ] --END-- [ RunTime:0.001000s ]
INFO: [ app_begin ] --START--
INFO: Run Behavior\ReadHtmlCacheBehavior [ RunTime:0.001000s ]
INFO: [ app_begin ] --END-- [ RunTime:0.001000s ]
NOTIC: [8] Undefined variable: appkey D:\phpStudy\WWW\ecservice\Application\GetProductOnShelvesInfo\Controller\IndexController.class.php 第 33 行.

[ 2017-12-22T09:40:45+08:00 ] 127.0.0.1 /ecservice/GetProductOnShelvesInfo
INFO: [ app_init ] --START--
INFO: Run Behavior\BuildLiteBehavior [ RunTime:0.000000s ]
INFO: [ app_init ] --END-- [ RunTime:0.000000s ]
INFO: [ app_begin ] --START--
INFO: Run Behavior\ReadHtmlCacheBehavior [ RunTime:0.000000s ]
INFO: [ app_begin ] --END-- [ RunTime:0.000000s ]
NOTIC: [8] Undefined variable: appkey D:\phpStudy\WWW\ecservice\Application\GetProductOnShelvesInfo\Controller\IndexController.class.php 第 33 行.
SQL: SHOW COLUMNS FROM `ecs_goods` [ RunTime:0.0110s ]
NOTIC: [8] Use of undefined constant EQ - assumed 'EQ' D:\phpStudy\WWW\ecservice\Application\GetProductOnShelvesInfo\Controller\IndexController.class.php 第 45 行.
SQL: SELECT `is_on_sale` FROM `ecs_goods` WHERE `goods_id` = '7325'  [ RunTime:0.0010s ]

[ 2017-12-22T09:40:45+08:00 ] 127.0.0.1 /ecservice/GetProductOnShelvesInfo
INFO: [ app_init ] --START--
INFO: Run Behavior\BuildLiteBehavior [ RunTime:0.000000s ]
INFO: [ app_init ] --END-- [ RunTime:0.001000s ]
INFO: [ app_begin ] --START--
INFO: Run Behavior\ReadHtmlCacheBehavior [ RunTime:0.001000s ]
INFO: [ app_begin ] --END-- [ RunTime:0.001000s ]
NOTIC: [8] Undefined variable: appkey D:\phpStudy\WWW\ecservice\Application\GetProductOnShelvesInfo\Controller\IndexController.class.php 第 33 行.
SQL: SHOW COLUMNS FROM `ecs_goods` [ RunTime:0.0110s ]
NOTIC: [8] Use of undefined constant EQ - assumed 'EQ' D:\phpStudy\WWW\ecservice\Application\GetProductOnShelvesInfo\Controller\IndexController.class.php 第 45 行.
SQL: SELECT `is_on_sale` FROM `ecs_goods` WHERE `goods_id` = '7325'  [ RunTime:0.0000s ]

